[ 2015-09-08T15:27:00+08:00 ] ::1 /myphp/User/model
ERR: Think\Model:find_方法不存在！

[ 2015-09-08T15:37:23+08:00 ] ::1 /myphp/User/_SELF_
ERR: 非法操作:_SELF_

[ 2015-09-08T15:39:06+08:00 ] ::1 /myphp/User/_SELF_
ERR: 非法操作:_SELF_

[ 2015-09-08T15:39:08+08:00 ] ::1 /myphp/User/_SELF_
ERR: 非法操作:_SELF_

[ 2015-09-08T15:39:42+08:00 ] ::1 /myphp/User/_SELF_
ERR: 非法操作:_SELF_

[ 2015-09-08T15:40:01+08:00 ] ::1 /myphp/User/CONTROLLER_NAME/create
ERR: 非法操作:CONTROLLER_NAME

[ 2015-09-08T15:41:14+08:00 ] ::1 /myphp/User/CONTROLLER_NAME/create
ERR: 非法操作:CONTROLLER_NAME

[ 2015-09-08T15:44:33+08:00 ] ::1 /myphp/User/__URL_/create
ERR: 非法操作:__URL_

[ 2015-09-08T15:45:27+08:00 ] ::1 /myphp/User/__URL_/create
ERR: 非法操作:__URL_

[ 2015-09-08T15:45:32+08:00 ] ::1 /myphp/User_/create
ERR: 无法加载控制器:User_

[ 2015-09-08T15:45:52+08:00 ] ::1 /myphp/User/myphp/User/create
ERR: 非法操作:myphp

[ 2015-09-08T15:52:07+08:00 ] ::1 /myphp/User/cteate.html
ERR: 非法操作:cteate

[ 2015-09-08T15:52:34+08:00 ] ::1 /myphp/User/cteate.html
ERR: 非法操作:cteate

[ 2015-09-08T15:52:35+08:00 ] ::1 /myphp/User/cteate.html
ERR: 非法操作:cteate

[ 2015-09-08T15:52:35+08:00 ] ::1 /myphp/User/cteate.html
ERR: 非法操作:cteate

[ 2015-09-08T15:55:15+08:00 ] ::1 /myphp/User/cteate.html
ERR: 非法操作:cteate

[ 2015-09-08T15:55:47+08:00 ] ::1 /myphp/User/cteate.html
ERR: 非法操作:cteate

[ 2015-09-08T15:55:57+08:00 ] ::1 /myphp/User/cteate.html
ERR: 非法操作:cteate

[ 2015-09-08T15:56:31+08:00 ] ::1 /myphp/User/cteate.html
ERR: 非法操作:cteate

[ 2015-09-08T15:56:52+08:00 ] ::1 /myphp/User/cteate.html
ERR: 非法操作:cteate

[ 2015-09-08T15:57:23+08:00 ] ::1 /myphp/User/cteate.html
ERR: 非法操作:cteate

[ 2015-09-08T15:57:27+08:00 ] ::1 /myphp/User/cteate
ERR: 非法操作:cteate

[ 2015-09-08T15:57:30+08:00 ] ::1 /myphp/User/cteate
ERR: 非法操作:cteate

[ 2015-09-08T15:57:52+08:00 ] ::1 /myphp/User/cteate
ERR: 非法操作:cteate

[ 2015-09-08T15:57:52+08:00 ] ::1 /myphp/User/cteate
ERR: 非法操作:cteate

[ 2015-09-08T15:57:53+08:00 ] ::1 /myphp/User/cteate
ERR: 非法操作:cteate

[ 2015-09-08T15:57:53+08:00 ] ::1 /myphp/User/cteate
ERR: 非法操作:cteate

[ 2015-09-08T15:57:53+08:00 ] ::1 /myphp/User/cteate
ERR: 非法操作:cteate

[ 2015-09-08T15:57:53+08:00 ] ::1 /myphp/User/cteate
ERR: 非法操作:cteate

[ 2015-09-08T15:57:53+08:00 ] ::1 /myphp/User/cteate
ERR: 非法操作:cteate

[ 2015-09-08T15:57:54+08:00 ] ::1 /myphp/User/cteate
ERR: 非法操作:cteate

[ 2015-09-08T15:57:54+08:00 ] ::1 /myphp/User/cteate
ERR: 非法操作:cteate

[ 2015-09-08T15:57:54+08:00 ] ::1 /myphp/User/cteate
ERR: 非法操作:cteate

[ 2015-09-08T15:57:54+08:00 ] ::1 /myphp/User/cteate
ERR: 非法操作:cteate

[ 2015-09-08T15:57:54+08:00 ] ::1 /myphp/User/cteate
ERR: 非法操作:cteate

[ 2015-09-08T15:57:55+08:00 ] ::1 /myphp/User/cteate
ERR: 非法操作:cteate

[ 2015-09-08T15:57:55+08:00 ] ::1 /myphp/User/cteate
ERR: 非法操作:cteate

[ 2015-09-08T15:57:55+08:00 ] ::1 /myphp/User/cteate
ERR: 非法操作:cteate

[ 2015-09-08T15:57:55+08:00 ] ::1 /myphp/User/cteate
ERR: 非法操作:cteate

[ 2015-09-08T15:57:55+08:00 ] ::1 /myphp/User/cteate
ERR: 非法操作:cteate

[ 2015-09-08T15:58:01+08:00 ] ::1 /myphp/User/cteate
ERR: 非法操作:cteate

[ 2015-09-08T15:58:58+08:00 ] ::1 /myphp/User/cteate
ERR: 非法操作:cteate

[ 2015-09-08T15:59:51+08:00 ] ::1 /myphp/User/User/create
ERR: 非法操作:User

