[ 2015-09-09T22:07:18+08:00 ] ::1 /myphp/Public/MODULE_NAME/css/index.css
ERR: 无法加载控制器:Public

[ 2015-09-09T22:07:18+08:00 ] ::1 /myphp/Public/MODULE_NAME/js/index.js
ERR: 无法加载控制器:Public

[ 2015-09-09T22:13:15+08:00 ] ::1 /myphp/Public/MODULE_PATH/css/index.css
ERR: 无法加载控制器:Public

[ 2015-09-09T22:13:15+08:00 ] ::1 /myphp/Public/MODULE_NAME/js/index.js
ERR: 无法加载控制器:Public

[ 2015-09-09T22:13:15+08:00 ] ::1 /myphp/Public/MODULE_NAME/js/index.js
ERR: 无法加载控制器:Public

[ 2015-09-09T22:13:16+08:00 ] ::1 /myphp/Public/MODULE_PATH/css/index.css
ERR: 无法加载控制器:Public

[ 2015-09-09T22:13:16+08:00 ] ::1 /myphp/Public/MODULE_NAME/js/index.js
ERR: 无法加载控制器:Public

[ 2015-09-09T22:13:16+08:00 ] ::1 /myphp/Public/MODULE_PATH/css/index.css
ERR: 无法加载控制器:Public

[ 2015-09-09T22:13:16+08:00 ] ::1 /myphp/Public/MODULE_NAME/js/index.js
ERR: 无法加载控制器:Public

[ 2015-09-09T22:13:17+08:00 ] ::1 /myphp/Public/MODULE_PATH/css/index.css
ERR: 无法加载控制器:Public

[ 2015-09-09T22:13:17+08:00 ] ::1 /myphp/Public/MODULE_NAME/js/index.js
ERR: 无法加载控制器:Public

[ 2015-09-09T23:12:35+08:00 ] ::1 /myphp/User/create.html
INFO: [ app_begin ] --START--
INFO: Run Behavior\ReadHtmlCacheBehavior [ RunTime:0.001069s ]
INFO: [ app_begin ] --END-- [ RunTime:0.001244s ]
SQL: DESCRIBE think_user [ RunTime:0.019959s ]
SQL: DESCRIBE think_user [ RunTime:0.015407s ]
SQL: INSERT INTO `think_user` (`user`,`email`,`date`) VALUES ('啊飒飒','333阿萨 ','2015-09-09 23:12:35') [ RunTime:0.091306s ]
INFO: [ view_parse ] --START--
INFO: Run Behavior\ParseTemplateBehavior [ RunTime:0.001922s ]
INFO: [ view_parse ] --END-- [ RunTime:0.002291s ]
INFO: [ view_filter ] --START--
INFO: Run Behavior\WriteHtmlCacheBehavior [ RunTime:0.001839s ]
INFO: [ view_filter ] --END-- [ RunTime:0.002181s ]
INFO: [ app_end ] --START--
INFO: Run Behavior\ShowPageTraceBehavior [ RunTime:0.003037s ]
INFO: [ app_end ] --END-- [ RunTime:0.003394s ]

[ 2015-09-09T23:23:42+08:00 ] ::1 /myphp/User/create.html
INFO: [ app_begin ] --START--
INFO: Run Behavior\ReadHtmlCacheBehavior [ RunTime:0.000898s ]
INFO: [ app_begin ] --END-- [ RunTime:0.001047s ]
SQL: DESCRIBE think_user [ RunTime:0.024110s ]
SQL: DESCRIBE think_user [ RunTime:0.015439s ]
SQL: INSERT INTO `think_user` (`user`,`email`,`date`) VALUES ('风格反对鬼地方','333阿萨 ','2015-09-09 23:23:42') [ RunTime:0.099079s ]
INFO: [ view_parse ] --START--
INFO: Run Behavior\ParseTemplateBehavior [ RunTime:0.000829s ]
INFO: [ view_parse ] --END-- [ RunTime:0.000970s ]
INFO: [ view_filter ] --START--
INFO: Run Behavior\WriteHtmlCacheBehavior [ RunTime:0.000693s ]
INFO: [ view_filter ] --END-- [ RunTime:0.000841s ]
INFO: [ app_end ] --START--
INFO: Run Behavior\ShowPageTraceBehavior [ RunTime:0.000963s ]
INFO: [ app_end ] --END-- [ RunTime:0.001079s ]

[ 2015-09-09T23:23:44+08:00 ] ::1 /myphp/User/create.html
INFO: [ app_begin ] --START--
INFO: Run Behavior\ReadHtmlCacheBehavior [ RunTime:0.000794s ]
INFO: [ app_begin ] --END-- [ RunTime:0.000918s ]
SQL: DESCRIBE think_user [ RunTime:0.037251s ]
SQL: DESCRIBE think_user [ RunTime:0.015285s ]
SQL: INSERT INTO `think_user` (`user`,`email`,`date`) VALUES ('风格反对鬼地方','333阿萨 ','2015-09-09 23:23:44') [ RunTime:0.074274s ]
INFO: [ view_parse ] --START--
INFO: Run Behavior\ParseTemplateBehavior [ RunTime:0.001844s ]
INFO: [ view_parse ] --END-- [ RunTime:0.002196s ]
INFO: [ view_filter ] --START--
INFO: Run Behavior\WriteHtmlCacheBehavior [ RunTime:0.001581s ]
INFO: [ view_filter ] --END-- [ RunTime:0.001912s ]
INFO: [ app_end ] --START--
INFO: Run Behavior\ShowPageTraceBehavior [ RunTime:0.002365s ]
INFO: [ app_end ] --END-- [ RunTime:0.002696s ]

[ 2015-09-09T23:24:13+08:00 ] ::1 /myphp/User/create.html
INFO: [ app_begin ] --START--
INFO: Run Behavior\ReadHtmlCacheBehavior [ RunTime:0.000909s ]
INFO: [ app_begin ] --END-- [ RunTime:0.001035s ]
SQL: DESCRIBE think_user [ RunTime:0.019899s ]
SQL: DESCRIBE think_user [ RunTime:0.015327s ]
SQL: INSERT INTO `think_user` (`user`,`email`,`date`) VALUES ('发的','咳咳咳 ','2015-09-09 23:24:13') [ RunTime:0.079092s ]
INFO: [ view_parse ] --START--
INFO: Run Behavior\ParseTemplateBehavior [ RunTime:0.000763s ]
INFO: [ view_parse ] --END-- [ RunTime:0.000888s ]
INFO: [ view_filter ] --START--
INFO: Run Behavior\WriteHtmlCacheBehavior [ RunTime:0.000647s ]
INFO: [ view_filter ] --END-- [ RunTime:0.000759s ]
INFO: [ app_end ] --START--
INFO: Run Behavior\ShowPageTraceBehavior [ RunTime:0.000942s ]
INFO: [ app_end ] --END-- [ RunTime:0.001059s ]

[ 2015-09-09T23:26:38+08:00 ] ::1 /myphp/User/create.html
INFO: [ app_begin ] --START--
INFO: Run Behavior\ReadHtmlCacheBehavior [ RunTime:0.000987s ]
INFO: [ app_begin ] --END-- [ RunTime:0.001128s ]
SQL: DESCRIBE think_user [ RunTime:0.021074s ]
SQL: INSERT INTO `think_user` (`user`,`email`,`date`) VALUES ('非官方d','的个','2015-09-09 23:26:38') [ RunTime:0.124139s ]
INFO: [ view_parse ] --START--
INFO: Run Behavior\ParseTemplateBehavior [ RunTime:0.006092s ]
INFO: [ view_parse ] --END-- [ RunTime:0.006243s ]
INFO: [ view_filter ] --START--
INFO: Run Behavior\WriteHtmlCacheBehavior [ RunTime:0.000864s ]
INFO: [ view_filter ] --END-- [ RunTime:0.000986s ]
INFO: [ app_end ] --START--
INFO: Run Behavior\ShowPageTraceBehavior [ RunTime:0.000977s ]
INFO: [ app_end ] --END-- [ RunTime:0.001093s ]

[ 2015-09-09T23:28:25+08:00 ] ::1 /myphp/User/create.html
INFO: [ app_begin ] --START--
INFO: Run Behavior\ReadHtmlCacheBehavior [ RunTime:0.001036s ]
INFO: [ app_begin ] --END-- [ RunTime:0.001235s ]
SQL: DESCRIBE think_user [ RunTime:0.021755s ]
SQL: INSERT INTO `think_user` (`user`,`email`,`date`) VALUES ('24324242','24242424','2015-09-09 23:28:25') [ RunTime:0.068405s ]

[ 2015-09-09T23:29:12+08:00 ] ::1 /myphp/User/create.html
INFO: [ app_begin ] --START--
INFO: Run Behavior\ReadHtmlCacheBehavior [ RunTime:0.000979s ]
INFO: [ app_begin ] --END-- [ RunTime:0.001126s ]
SQL: DESCRIBE think_user [ RunTime:0.025022s ]
SQL: INSERT INTO `think_user` (`user`,`email`,`date`) VALUES ('24324242','24242424','2015-09-09 23:29:11') [ RunTime:0.068668s ]

[ 2015-09-09T23:29:23+08:00 ] ::1 /myphp/User/create.html
INFO: [ app_begin ] --START--
INFO: Run Behavior\ReadHtmlCacheBehavior [ RunTime:0.000935s ]
INFO: [ app_begin ] --END-- [ RunTime:0.001093s ]
SQL: DESCRIBE think_user [ RunTime:0.020876s ]
SQL: INSERT INTO `think_user` (`user`,`email`,`date`) VALUES ('速度','s 啊','2015-09-09 23:29:23') [ RunTime:0.091997s ]

[ 2015-09-09T23:30:28+08:00 ] ::1 /myphp/User/create.html
INFO: [ app_begin ] --START--
INFO: Run Behavior\ReadHtmlCacheBehavior [ RunTime:0.000999s ]
INFO: [ app_begin ] --END-- [ RunTime:0.001137s ]
SQL: DESCRIBE think_user [ RunTime:0.019413s ]
SQL: INSERT INTO `think_user` (`user`,`email`,`date`) VALUES ('的山东省 ','的是d','2015-09-09 23:30:28') [ RunTime:0.072555s ]

[ 2015-09-09T23:41:04+08:00 ] ::1 /myphp/User/create.html
INFO: [ app_begin ] --START--
INFO: Run Behavior\ReadHtmlCacheBehavior [ RunTime:0.000749s ]
INFO: [ app_begin ] --END-- [ RunTime:0.000873s ]
SQL: DESCRIBE think_user [ RunTime:0.070158s ]

[ 2015-09-09T23:43:10+08:00 ] ::1 /myphp/User/create.html
INFO: [ app_begin ] --START--
INFO: Run Behavior\ReadHtmlCacheBehavior [ RunTime:0.000799s ]
INFO: [ app_begin ] --END-- [ RunTime:0.000927s ]
SQL: DESCRIBE think_user [ RunTime:0.028869s ]

[ 2015-09-09T23:43:36+08:00 ] ::1 /myphp/User/create.html
INFO: [ app_begin ] --START--
INFO: Run Behavior\ReadHtmlCacheBehavior [ RunTime:0.000796s ]
INFO: [ app_begin ] --END-- [ RunTime:0.000921s ]
SQL: DESCRIBE think_user [ RunTime:0.061040s ]

