[ 2015-09-18T16:09:37+08:00 ] ::1 /myphp/Public/Home/css/User/jianli.css
ERR: 无法加载控制器:Public

[ 2015-09-18T16:09:37+08:00 ] ::1 /myphp/Public/Home/js/User/jianli.js
ERR: 无法加载控制器:Public

[ 2015-09-18T16:12:55+08:00 ] ::1 /myphp/tuijian.html
ERR: 无法加载控制器:Tuijian

[ 2015-09-18T16:16:50+08:00 ] ::1 /myphp/User
ERR: 模板不存在:./Application/Home/View/User/index.html

[ 2015-09-18T17:26:09+08:00 ] ::1 /myphp/User/create.html
INFO: [ app_begin ] --START--
INFO: Run Behavior\ReadHtmlCacheBehavior [ RunTime:0.001142s ]
INFO: [ app_begin ] --END-- [ RunTime:0.001915s ]
SQL: DESCRIBE think_user [ RunTime:0.015292s ]

[ 2015-09-18T17:35:11+08:00 ] ::1 /myphp/User/jianli
ERR: XML标签语法错误

[ 2015-09-18T17:35:12+08:00 ] ::1 /myphp/User/jianli
ERR: XML标签语法错误

[ 2015-09-18T17:35:13+08:00 ] ::1 /myphp/User/jianli
ERR: XML标签语法错误

[ 2015-09-18T17:35:13+08:00 ] ::1 /myphp/User/jianli
ERR: XML标签语法错误

[ 2015-09-18T17:43:53+08:00 ] ::1 /myphp/User/tuijian.html
ERR: 非法操作:tuijian

