[ 2015-08-21T16:19:30+08:00 ] ::1 /myphp/
INFO: [ app_init ] --START--
INFO: Run Behavior\BuildLiteBehavior [ RunTime:0.000043s ]
INFO: [ app_init ] --END-- [ RunTime:0.018562s ]
INFO: [ app_begin ] --START--
INFO: Run Behavior\ReadHtmlCacheBehavior [ RunTime:0.023697s ]
INFO: [ app_begin ] --END-- [ RunTime:0.023982s ]
NOTIC: [8] Undefined variable: User D:\wamp\wamp\www\myphp\Application\Home\Controller\IndexController.class.php 第 9 行.

[ 2015-08-21T16:20:30+08:00 ] ::1 /myphp/
INFO: [ app_init ] --START--
INFO: Run Behavior\BuildLiteBehavior [ RunTime:0.000032s ]
INFO: [ app_init ] --END-- [ RunTime:0.000535s ]
INFO: [ app_begin ] --START--
INFO: Run Behavior\ReadHtmlCacheBehavior [ RunTime:0.000588s ]
INFO: [ app_begin ] --END-- [ RunTime:0.000740s ]
ERR: 没有定义数据库配置

[ 2015-08-21T16:20:30+08:00 ] ::1 /myphp/
INFO: [ app_init ] --START--
INFO: Run Behavior\BuildLiteBehavior [ RunTime:0.000042s ]
INFO: [ app_init ] --END-- [ RunTime:0.000678s ]
INFO: [ app_begin ] --START--
INFO: Run Behavior\ReadHtmlCacheBehavior [ RunTime:0.000886s ]
INFO: [ app_begin ] --END-- [ RunTime:0.001086s ]
ERR: 没有定义数据库配置

[ 2015-08-21T16:20:31+08:00 ] ::1 /myphp/
INFO: [ app_init ] --START--
INFO: Run Behavior\BuildLiteBehavior [ RunTime:0.000075s ]
INFO: [ app_init ] --END-- [ RunTime:0.000979s ]
INFO: [ app_begin ] --START--
INFO: Run Behavior\ReadHtmlCacheBehavior [ RunTime:0.001076s ]
INFO: [ app_begin ] --END-- [ RunTime:0.001452s ]
ERR: 没有定义数据库配置

[ 2015-08-21T16:20:31+08:00 ] ::1 /myphp/
INFO: [ app_init ] --START--
INFO: Run Behavior\BuildLiteBehavior [ RunTime:0.000086s ]
INFO: [ app_init ] --END-- [ RunTime:0.001339s ]
INFO: [ app_begin ] --START--
INFO: Run Behavior\ReadHtmlCacheBehavior [ RunTime:0.001066s ]
INFO: [ app_begin ] --END-- [ RunTime:0.001325s ]
ERR: 没有定义数据库配置

[ 2015-08-21T16:20:31+08:00 ] ::1 /myphp/
INFO: [ app_init ] --START--
INFO: Run Behavior\BuildLiteBehavior [ RunTime:0.000045s ]
INFO: [ app_init ] --END-- [ RunTime:0.000734s ]
INFO: [ app_begin ] --START--
INFO: Run Behavior\ReadHtmlCacheBehavior [ RunTime:0.000845s ]
INFO: [ app_begin ] --END-- [ RunTime:0.001072s ]
ERR: 没有定义数据库配置

[ 2015-08-21T16:20:31+08:00 ] ::1 /myphp/
INFO: [ app_init ] --START--
INFO: Run Behavior\BuildLiteBehavior [ RunTime:0.000045s ]
INFO: [ app_init ] --END-- [ RunTime:0.000722s ]
INFO: [ app_begin ] --START--
INFO: Run Behavior\ReadHtmlCacheBehavior [ RunTime:0.000831s ]
INFO: [ app_begin ] --END-- [ RunTime:0.001047s ]
ERR: 没有定义数据库配置

[ 2015-08-21T16:20:32+08:00 ] ::1 /myphp/
INFO: [ app_init ] --START--
INFO: Run Behavior\BuildLiteBehavior [ RunTime:0.000050s ]
INFO: [ app_init ] --END-- [ RunTime:0.000852s ]
INFO: [ app_begin ] --START--
INFO: Run Behavior\ReadHtmlCacheBehavior [ RunTime:0.000960s ]
INFO: [ app_begin ] --END-- [ RunTime:0.001209s ]
ERR: 没有定义数据库配置

[ 2015-08-21T16:20:32+08:00 ] ::1 /myphp/
INFO: [ app_init ] --START--
INFO: Run Behavior\BuildLiteBehavior [ RunTime:0.000045s ]
INFO: [ app_init ] --END-- [ RunTime:0.001033s ]
INFO: [ app_begin ] --START--
INFO: Run Behavior\ReadHtmlCacheBehavior [ RunTime:0.000773s ]
INFO: [ app_begin ] --END-- [ RunTime:0.000967s ]
ERR: 没有定义数据库配置

[ 2015-08-21T16:20:32+08:00 ] ::1 /myphp/
INFO: [ app_init ] --START--
INFO: Run Behavior\BuildLiteBehavior [ RunTime:0.000032s ]
INFO: [ app_init ] --END-- [ RunTime:0.000540s ]
INFO: [ app_begin ] --START--
INFO: Run Behavior\ReadHtmlCacheBehavior [ RunTime:0.000588s ]
INFO: [ app_begin ] --END-- [ RunTime:0.000737s ]
ERR: 没有定义数据库配置

[ 2015-08-21T16:20:35+08:00 ] ::1 /myphp/
INFO: [ app_init ] --START--
INFO: Run Behavior\BuildLiteBehavior [ RunTime:0.000067s ]
INFO: [ app_init ] --END-- [ RunTime:0.000778s ]
INFO: [ app_begin ] --START--
INFO: Run Behavior\ReadHtmlCacheBehavior [ RunTime:0.000962s ]
INFO: [ app_begin ] --END-- [ RunTime:0.001234s ]
ERR: 没有定义数据库配置

[ 2015-08-21T16:20:35+08:00 ] ::1 /myphp/
INFO: [ app_init ] --START--
INFO: Run Behavior\BuildLiteBehavior [ RunTime:0.000033s ]
INFO: [ app_init ] --END-- [ RunTime:0.000535s ]
INFO: [ app_begin ] --START--
INFO: Run Behavior\ReadHtmlCacheBehavior [ RunTime:0.000656s ]
INFO: [ app_begin ] --END-- [ RunTime:0.000816s ]
ERR: 没有定义数据库配置

[ 2015-08-21T16:20:35+08:00 ] ::1 /myphp/
INFO: [ app_init ] --START--
INFO: Run Behavior\BuildLiteBehavior [ RunTime:0.000051s ]
INFO: [ app_init ] --END-- [ RunTime:0.000861s ]
INFO: [ app_begin ] --START--
INFO: Run Behavior\ReadHtmlCacheBehavior [ RunTime:0.000968s ]
INFO: [ app_begin ] --END-- [ RunTime:0.001274s ]
ERR: 没有定义数据库配置

[ 2015-08-21T16:20:36+08:00 ] ::1 /myphp/
INFO: [ app_init ] --START--
INFO: Run Behavior\BuildLiteBehavior [ RunTime:0.000040s ]
INFO: [ app_init ] --END-- [ RunTime:0.000671s ]
INFO: [ app_begin ] --START--
INFO: Run Behavior\ReadHtmlCacheBehavior [ RunTime:0.000750s ]
INFO: [ app_begin ] --END-- [ RunTime:0.000956s ]
ERR: 没有定义数据库配置

[ 2015-08-21T16:20:36+08:00 ] ::1 /myphp/
INFO: [ app_init ] --START--
INFO: Run Behavior\BuildLiteBehavior [ RunTime:0.000051s ]
INFO: [ app_init ] --END-- [ RunTime:0.000875s ]
INFO: [ app_begin ] --START--
INFO: Run Behavior\ReadHtmlCacheBehavior [ RunTime:0.001060s ]
INFO: [ app_begin ] --END-- [ RunTime:0.001315s ]
ERR: 没有定义数据库配置

[ 2015-08-21T16:20:36+08:00 ] ::1 /myphp/
INFO: [ app_init ] --START--
INFO: Run Behavior\BuildLiteBehavior [ RunTime:0.000051s ]
INFO: [ app_init ] --END-- [ RunTime:0.000847s ]
INFO: [ app_begin ] --START--
INFO: Run Behavior\ReadHtmlCacheBehavior [ RunTime:0.000973s ]
INFO: [ app_begin ] --END-- [ RunTime:0.001219s ]
ERR: 没有定义数据库配置

[ 2015-08-21T16:24:40+08:00 ] ::1 /myphp/
INFO: [ app_init ] --START--
INFO: Run Behavior\BuildLiteBehavior [ RunTime:0.000031s ]
INFO: [ app_init ] --END-- [ RunTime:0.000548s ]
INFO: [ app_begin ] --START--
INFO: Run Behavior\ReadHtmlCacheBehavior [ RunTime:0.000855s ]
INFO: [ app_begin ] --END-- [ RunTime:0.000997s ]
ERR: 没有定义数据库配置

[ 2015-08-21T16:38:29+08:00 ] ::1 /myphp/
INFO: [ app_init ] --START--
INFO: Run Behavior\BuildLiteBehavior [ RunTime:0.000034s ]
INFO: [ app_init ] --END-- [ RunTime:0.000570s ]
INFO: [ app_begin ] --START--
INFO: Run Behavior\ReadHtmlCacheBehavior [ RunTime:0.000938s ]
INFO: [ app_begin ] --END-- [ RunTime:0.001099s ]
SQL: SHOW COLUMNS FROM `think_user` [ RunTime:0.011333s ]
ERR: 1146:Table 'myphp.think_user' doesn't exist
 [ SQL语句 ] : SHOW COLUMNS FROM `think_user`
NOTIC: [2] in_array() expects parameter 2 to be array, boolean given D:\wamp\wamp\www\myphp\ThinkPHP\Library\Think\Model.class.php 第 886 行.
NOTIC: [2] in_array() expects parameter 2 to be array, boolean given D:\wamp\wamp\www\myphp\ThinkPHP\Library\Think\Model.class.php 第 886 行.
INFO: [ app_end ] --START--
INFO: Run Behavior\ShowPageTraceBehavior [ RunTime:0.041902s ]
INFO: [ app_end ] --END-- [ RunTime:0.042227s ]

[ 2015-08-21T16:38:31+08:00 ] ::1 /myphp/
INFO: [ app_init ] --START--
INFO: Run Behavior\BuildLiteBehavior [ RunTime:0.000034s ]
INFO: [ app_init ] --END-- [ RunTime:0.000572s ]
INFO: [ app_begin ] --START--
INFO: Run Behavior\ReadHtmlCacheBehavior [ RunTime:0.000883s ]
INFO: [ app_begin ] --END-- [ RunTime:0.001069s ]
SQL: SHOW COLUMNS FROM `think_user` [ RunTime:0.007201s ]
ERR: 1146:Table 'myphp.think_user' doesn't exist
 [ SQL语句 ] : SHOW COLUMNS FROM `think_user`
NOTIC: [2] in_array() expects parameter 2 to be array, boolean given D:\wamp\wamp\www\myphp\ThinkPHP\Library\Think\Model.class.php 第 886 行.
NOTIC: [2] in_array() expects parameter 2 to be array, boolean given D:\wamp\wamp\www\myphp\ThinkPHP\Library\Think\Model.class.php 第 886 行.
INFO: [ app_end ] --START--
INFO: Run Behavior\ShowPageTraceBehavior [ RunTime:0.001017s ]
INFO: [ app_end ] --END-- [ RunTime:0.001170s ]

[ 2015-08-21T16:38:31+08:00 ] ::1 /myphp/
INFO: [ app_init ] --START--
INFO: Run Behavior\BuildLiteBehavior [ RunTime:0.000055s ]
INFO: [ app_init ] --END-- [ RunTime:0.001003s ]
INFO: [ app_begin ] --START--
INFO: Run Behavior\ReadHtmlCacheBehavior [ RunTime:0.000850s ]
INFO: [ app_begin ] --END-- [ RunTime:0.001018s ]
SQL: SHOW COLUMNS FROM `think_user` [ RunTime:0.004155s ]
ERR: 1146:Table 'myphp.think_user' doesn't exist
 [ SQL语句 ] : SHOW COLUMNS FROM `think_user`
NOTIC: [2] in_array() expects parameter 2 to be array, boolean given D:\wamp\wamp\www\myphp\ThinkPHP\Library\Think\Model.class.php 第 886 行.
NOTIC: [2] in_array() expects parameter 2 to be array, boolean given D:\wamp\wamp\www\myphp\ThinkPHP\Library\Think\Model.class.php 第 886 行.
INFO: [ app_end ] --START--
INFO: Run Behavior\ShowPageTraceBehavior [ RunTime:0.001001s ]
INFO: [ app_end ] --END-- [ RunTime:0.001155s ]

[ 2015-08-21T16:38:32+08:00 ] ::1 /myphp/
INFO: [ app_init ] --START--
INFO: Run Behavior\BuildLiteBehavior [ RunTime:0.000045s ]
INFO: [ app_init ] --END-- [ RunTime:0.000774s ]
INFO: [ app_begin ] --START--
INFO: Run Behavior\ReadHtmlCacheBehavior [ RunTime:0.001360s ]
INFO: [ app_begin ] --END-- [ RunTime:0.001587s ]
SQL: SHOW COLUMNS FROM `think_user` [ RunTime:0.005585s ]
ERR: 1146:Table 'myphp.think_user' doesn't exist
 [ SQL语句 ] : SHOW COLUMNS FROM `think_user`
NOTIC: [2] in_array() expects parameter 2 to be array, boolean given D:\wamp\wamp\www\myphp\ThinkPHP\Library\Think\Model.class.php 第 886 行.
NOTIC: [2] in_array() expects parameter 2 to be array, boolean given D:\wamp\wamp\www\myphp\ThinkPHP\Library\Think\Model.class.php 第 886 行.
INFO: [ app_end ] --START--
INFO: Run Behavior\ShowPageTraceBehavior [ RunTime:0.001092s ]
INFO: [ app_end ] --END-- [ RunTime:0.001254s ]

[ 2015-08-21T16:38:33+08:00 ] ::1 /myphp/
INFO: [ app_init ] --START--
INFO: Run Behavior\BuildLiteBehavior [ RunTime:0.000079s ]
INFO: [ app_init ] --END-- [ RunTime:0.001017s ]
INFO: [ app_begin ] --START--
INFO: Run Behavior\ReadHtmlCacheBehavior [ RunTime:0.001129s ]
INFO: [ app_begin ] --END-- [ RunTime:0.001357s ]
SQL: SHOW COLUMNS FROM `think_user` [ RunTime:0.014403s ]
ERR: 1146:Table 'myphp.think_user' doesn't exist
 [ SQL语句 ] : SHOW COLUMNS FROM `think_user`
NOTIC: [2] in_array() expects parameter 2 to be array, boolean given D:\wamp\wamp\www\myphp\ThinkPHP\Library\Think\Model.class.php 第 886 行.
NOTIC: [2] in_array() expects parameter 2 to be array, boolean given D:\wamp\wamp\www\myphp\ThinkPHP\Library\Think\Model.class.php 第 886 行.
INFO: [ app_end ] --START--
INFO: Run Behavior\ShowPageTraceBehavior [ RunTime:0.001156s ]
INFO: [ app_end ] --END-- [ RunTime:0.001347s ]

[ 2015-08-21T16:38:33+08:00 ] ::1 /myphp/
INFO: [ app_init ] --START--
INFO: Run Behavior\BuildLiteBehavior [ RunTime:0.000052s ]
INFO: [ app_init ] --END-- [ RunTime:0.000894s ]
INFO: [ app_begin ] --START--
INFO: Run Behavior\ReadHtmlCacheBehavior [ RunTime:0.000959s ]
INFO: [ app_begin ] --END-- [ RunTime:0.001181s ]
SQL: SHOW COLUMNS FROM `think_user` [ RunTime:0.003913s ]
ERR: 1146:Table 'myphp.think_user' doesn't exist
 [ SQL语句 ] : SHOW COLUMNS FROM `think_user`
NOTIC: [2] in_array() expects parameter 2 to be array, boolean given D:\wamp\wamp\www\myphp\ThinkPHP\Library\Think\Model.class.php 第 886 行.
NOTIC: [2] in_array() expects parameter 2 to be array, boolean given D:\wamp\wamp\www\myphp\ThinkPHP\Library\Think\Model.class.php 第 886 行.
INFO: [ app_end ] --START--
INFO: Run Behavior\ShowPageTraceBehavior [ RunTime:0.001024s ]
INFO: [ app_end ] --END-- [ RunTime:0.001174s ]

[ 2015-08-21T16:43:20+08:00 ] ::1 /myphp/
INFO: [ app_init ] --START--
INFO: Run Behavior\BuildLiteBehavior [ RunTime:0.000055s ]
INFO: [ app_init ] --END-- [ RunTime:0.000931s ]
INFO: [ app_begin ] --START--
INFO: Run Behavior\ReadHtmlCacheBehavior [ RunTime:0.001721s ]
INFO: [ app_begin ] --END-- [ RunTime:0.002005s ]
SQL: SHOW COLUMNS FROM `think_user` [ RunTime:0.006182s ]
ERR: 1146:Table 'myphp.think_user' doesn't exist
 [ SQL语句 ] : SHOW COLUMNS FROM `think_user`
NOTIC: [2] in_array() expects parameter 2 to be array, boolean given D:\wamp\wamp\www\myphp\ThinkPHP\Library\Think\Model.class.php 第 886 行.
NOTIC: [2] in_array() expects parameter 2 to be array, boolean given D:\wamp\wamp\www\myphp\ThinkPHP\Library\Think\Model.class.php 第 886 行.
INFO: [ app_end ] --START--
INFO: Run Behavior\ShowPageTraceBehavior [ RunTime:0.001127s ]
INFO: [ app_end ] --END-- [ RunTime:0.001278s ]

[ 2015-08-21T16:43:21+08:00 ] ::1 /myphp/
INFO: [ app_init ] --START--
INFO: Run Behavior\BuildLiteBehavior [ RunTime:0.000034s ]
INFO: [ app_init ] --END-- [ RunTime:0.000553s ]
INFO: [ app_begin ] --START--
INFO: Run Behavior\ReadHtmlCacheBehavior [ RunTime:0.000808s ]
INFO: [ app_begin ] --END-- [ RunTime:0.000967s ]
SQL: SHOW COLUMNS FROM `think_user` [ RunTime:0.005607s ]
ERR: 1146:Table 'myphp.think_user' doesn't exist
 [ SQL语句 ] : SHOW COLUMNS FROM `think_user`
NOTIC: [2] in_array() expects parameter 2 to be array, boolean given D:\wamp\wamp\www\myphp\ThinkPHP\Library\Think\Model.class.php 第 886 行.
NOTIC: [2] in_array() expects parameter 2 to be array, boolean given D:\wamp\wamp\www\myphp\ThinkPHP\Library\Think\Model.class.php 第 886 行.
INFO: [ app_end ] --START--
INFO: Run Behavior\ShowPageTraceBehavior [ RunTime:0.001394s ]
INFO: [ app_end ] --END-- [ RunTime:0.001566s ]

[ 2015-08-21T16:43:21+08:00 ] ::1 /myphp/
INFO: [ app_init ] --START--
INFO: Run Behavior\BuildLiteBehavior [ RunTime:0.000049s ]
INFO: [ app_init ] --END-- [ RunTime:0.000813s ]
INFO: [ app_begin ] --START--
INFO: Run Behavior\ReadHtmlCacheBehavior [ RunTime:0.001185s ]
INFO: [ app_begin ] --END-- [ RunTime:0.001424s ]
SQL: SHOW COLUMNS FROM `think_user` [ RunTime:0.003366s ]
ERR: 1146:Table 'myphp.think_user' doesn't exist
 [ SQL语句 ] : SHOW COLUMNS FROM `think_user`
NOTIC: [2] in_array() expects parameter 2 to be array, boolean given D:\wamp\wamp\www\myphp\ThinkPHP\Library\Think\Model.class.php 第 886 行.
NOTIC: [2] in_array() expects parameter 2 to be array, boolean given D:\wamp\wamp\www\myphp\ThinkPHP\Library\Think\Model.class.php 第 886 行.
INFO: [ app_end ] --START--
INFO: Run Behavior\ShowPageTraceBehavior [ RunTime:0.001137s ]
INFO: [ app_end ] --END-- [ RunTime:0.001332s ]

[ 2015-08-21T16:43:22+08:00 ] ::1 /myphp/
INFO: [ app_init ] --START--
INFO: Run Behavior\BuildLiteBehavior [ RunTime:0.000037s ]
INFO: [ app_init ] --END-- [ RunTime:0.000698s ]
INFO: [ app_begin ] --START--
INFO: Run Behavior\ReadHtmlCacheBehavior [ RunTime:0.001053s ]
INFO: [ app_begin ] --END-- [ RunTime:0.001286s ]
SQL: SHOW COLUMNS FROM `think_user` [ RunTime:0.005720s ]
ERR: 1146:Table 'myphp.think_user' doesn't exist
 [ SQL语句 ] : SHOW COLUMNS FROM `think_user`
NOTIC: [2] in_array() expects parameter 2 to be array, boolean given D:\wamp\wamp\www\myphp\ThinkPHP\Library\Think\Model.class.php 第 886 行.
NOTIC: [2] in_array() expects parameter 2 to be array, boolean given D:\wamp\wamp\www\myphp\ThinkPHP\Library\Think\Model.class.php 第 886 行.
INFO: [ app_end ] --START--
INFO: Run Behavior\ShowPageTraceBehavior [ RunTime:0.001084s ]
INFO: [ app_end ] --END-- [ RunTime:0.001249s ]

[ 2015-08-21T16:43:22+08:00 ] ::1 /myphp/
INFO: [ app_init ] --START--
INFO: Run Behavior\BuildLiteBehavior [ RunTime:0.000035s ]
INFO: [ app_init ] --END-- [ RunTime:0.000562s ]
INFO: [ app_begin ] --START--
INFO: Run Behavior\ReadHtmlCacheBehavior [ RunTime:0.000800s ]
INFO: [ app_begin ] --END-- [ RunTime:0.000961s ]
SQL: SHOW COLUMNS FROM `think_user` [ RunTime:0.003650s ]
ERR: 1146:Table 'myphp.think_user' doesn't exist
 [ SQL语句 ] : SHOW COLUMNS FROM `think_user`
NOTIC: [2] in_array() expects parameter 2 to be array, boolean given D:\wamp\wamp\www\myphp\ThinkPHP\Library\Think\Model.class.php 第 886 行.
NOTIC: [2] in_array() expects parameter 2 to be array, boolean given D:\wamp\wamp\www\myphp\ThinkPHP\Library\Think\Model.class.php 第 886 行.
INFO: [ app_end ] --START--
INFO: Run Behavior\ShowPageTraceBehavior [ RunTime:0.001059s ]
INFO: [ app_end ] --END-- [ RunTime:0.001216s ]

[ 2015-08-21T16:43:23+08:00 ] ::1 /myphp/
INFO: [ app_init ] --START--
INFO: Run Behavior\BuildLiteBehavior [ RunTime:0.000047s ]
INFO: [ app_init ] --END-- [ RunTime:0.000806s ]
INFO: [ app_begin ] --START--
INFO: Run Behavior\ReadHtmlCacheBehavior [ RunTime:0.001032s ]
INFO: [ app_begin ] --END-- [ RunTime:0.001236s ]
SQL: SHOW COLUMNS FROM `think_user` [ RunTime:0.007834s ]
ERR: 1146:Table 'myphp.think_user' doesn't exist
 [ SQL语句 ] : SHOW COLUMNS FROM `think_user`
NOTIC: [2] in_array() expects parameter 2 to be array, boolean given D:\wamp\wamp\www\myphp\ThinkPHP\Library\Think\Model.class.php 第 886 行.
NOTIC: [2] in_array() expects parameter 2 to be array, boolean given D:\wamp\wamp\www\myphp\ThinkPHP\Library\Think\Model.class.php 第 886 行.
INFO: [ app_end ] --START--
INFO: Run Behavior\ShowPageTraceBehavior [ RunTime:0.001880s ]
INFO: [ app_end ] --END-- [ RunTime:0.002226s ]

[ 2015-08-21T16:43:23+08:00 ] ::1 /myphp/
INFO: [ app_init ] --START--
INFO: Run Behavior\BuildLiteBehavior [ RunTime:0.000049s ]
INFO: [ app_init ] --END-- [ RunTime:0.000811s ]
INFO: [ app_begin ] --START--
INFO: Run Behavior\ReadHtmlCacheBehavior [ RunTime:0.001167s ]
INFO: [ app_begin ] --END-- [ RunTime:0.001397s ]
SQL: SHOW COLUMNS FROM `think_user` [ RunTime:0.003442s ]
ERR: 1146:Table 'myphp.think_user' doesn't exist
 [ SQL语句 ] : SHOW COLUMNS FROM `think_user`
NOTIC: [2] in_array() expects parameter 2 to be array, boolean given D:\wamp\wamp\www\myphp\ThinkPHP\Library\Think\Model.class.php 第 886 行.
NOTIC: [2] in_array() expects parameter 2 to be array, boolean given D:\wamp\wamp\www\myphp\ThinkPHP\Library\Think\Model.class.php 第 886 行.
INFO: [ app_end ] --START--
INFO: Run Behavior\ShowPageTraceBehavior [ RunTime:0.001114s ]
INFO: [ app_end ] --END-- [ RunTime:0.001270s ]

[ 2015-08-21T16:43:24+08:00 ] ::1 /myphp/
INFO: [ app_init ] --START--
INFO: Run Behavior\BuildLiteBehavior [ RunTime:0.000034s ]
INFO: [ app_init ] --END-- [ RunTime:0.000587s ]
INFO: [ app_begin ] --START--
INFO: Run Behavior\ReadHtmlCacheBehavior [ RunTime:0.000821s ]
INFO: [ app_begin ] --END-- [ RunTime:0.000983s ]
SQL: SHOW COLUMNS FROM `think_user` [ RunTime:0.005681s ]
ERR: 1146:Table 'myphp.think_user' doesn't exist
 [ SQL语句 ] : SHOW COLUMNS FROM `think_user`
NOTIC: [2] in_array() expects parameter 2 to be array, boolean given D:\wamp\wamp\www\myphp\ThinkPHP\Library\Think\Model.class.php 第 886 行.
NOTIC: [2] in_array() expects parameter 2 to be array, boolean given D:\wamp\wamp\www\myphp\ThinkPHP\Library\Think\Model.class.php 第 886 行.
INFO: [ app_end ] --START--
INFO: Run Behavior\ShowPageTraceBehavior [ RunTime:0.001016s ]
INFO: [ app_end ] --END-- [ RunTime:0.001169s ]

[ 2015-08-21T16:43:24+08:00 ] ::1 /myphp/
INFO: [ app_init ] --START--
INFO: Run Behavior\BuildLiteBehavior [ RunTime:0.000048s ]
INFO: [ app_init ] --END-- [ RunTime:0.001124s ]
INFO: [ app_begin ] --START--
INFO: Run Behavior\ReadHtmlCacheBehavior [ RunTime:0.001085s ]
INFO: [ app_begin ] --END-- [ RunTime:0.001301s ]
SQL: SHOW COLUMNS FROM `think_user` [ RunTime:0.003504s ]
ERR: 1146:Table 'myphp.think_user' doesn't exist
 [ SQL语句 ] : SHOW COLUMNS FROM `think_user`
NOTIC: [2] in_array() expects parameter 2 to be array, boolean given D:\wamp\wamp\www\myphp\ThinkPHP\Library\Think\Model.class.php 第 886 行.
NOTIC: [2] in_array() expects parameter 2 to be array, boolean given D:\wamp\wamp\www\myphp\ThinkPHP\Library\Think\Model.class.php 第 886 行.
INFO: [ app_end ] --START--
INFO: Run Behavior\ShowPageTraceBehavior [ RunTime:0.001048s ]
INFO: [ app_end ] --END-- [ RunTime:0.001202s ]

[ 2015-08-21T16:43:24+08:00 ] ::1 /myphp/
INFO: [ app_init ] --START--
INFO: Run Behavior\BuildLiteBehavior [ RunTime:0.000044s ]
INFO: [ app_init ] --END-- [ RunTime:0.000733s ]
INFO: [ app_begin ] --START--
INFO: Run Behavior\ReadHtmlCacheBehavior [ RunTime:0.001298s ]
INFO: [ app_begin ] --END-- [ RunTime:0.001556s ]
SQL: SHOW COLUMNS FROM `think_user` [ RunTime:0.004599s ]
ERR: 1146:Table 'myphp.think_user' doesn't exist
 [ SQL语句 ] : SHOW COLUMNS FROM `think_user`
NOTIC: [2] in_array() expects parameter 2 to be array, boolean given D:\wamp\wamp\www\myphp\ThinkPHP\Library\Think\Model.class.php 第 886 行.
NOTIC: [2] in_array() expects parameter 2 to be array, boolean given D:\wamp\wamp\www\myphp\ThinkPHP\Library\Think\Model.class.php 第 886 行.
INFO: [ app_end ] --START--
INFO: Run Behavior\ShowPageTraceBehavior [ RunTime:0.001303s ]
INFO: [ app_end ] --END-- [ RunTime:0.001502s ]

[ 2015-08-21T16:43:24+08:00 ] ::1 /myphp/
INFO: [ app_init ] --START--
INFO: Run Behavior\BuildLiteBehavior [ RunTime:0.000050s ]
INFO: [ app_init ] --END-- [ RunTime:0.000808s ]
INFO: [ app_begin ] --START--
INFO: Run Behavior\ReadHtmlCacheBehavior [ RunTime:0.001198s ]
INFO: [ app_begin ] --END-- [ RunTime:0.001604s ]
SQL: SHOW COLUMNS FROM `think_user` [ RunTime:0.003963s ]
ERR: 1146:Table 'myphp.think_user' doesn't exist
 [ SQL语句 ] : SHOW COLUMNS FROM `think_user`
NOTIC: [2] in_array() expects parameter 2 to be array, boolean given D:\wamp\wamp\www\myphp\ThinkPHP\Library\Think\Model.class.php 第 886 行.
NOTIC: [2] in_array() expects parameter 2 to be array, boolean given D:\wamp\wamp\www\myphp\ThinkPHP\Library\Think\Model.class.php 第 886 行.
INFO: [ app_end ] --START--
INFO: Run Behavior\ShowPageTraceBehavior [ RunTime:0.001064s ]
INFO: [ app_end ] --END-- [ RunTime:0.001250s ]

[ 2015-08-21T16:43:25+08:00 ] ::1 /myphp/
INFO: [ app_init ] --START--
INFO: Run Behavior\BuildLiteBehavior [ RunTime:0.000035s ]
INFO: [ app_init ] --END-- [ RunTime:0.000548s ]
INFO: [ app_begin ] --START--
INFO: Run Behavior\ReadHtmlCacheBehavior [ RunTime:0.000804s ]
INFO: [ app_begin ] --END-- [ RunTime:0.001043s ]
SQL: SHOW COLUMNS FROM `think_user` [ RunTime:0.006597s ]
ERR: 1146:Table 'myphp.think_user' doesn't exist
 [ SQL语句 ] : SHOW COLUMNS FROM `think_user`
NOTIC: [2] in_array() expects parameter 2 to be array, boolean given D:\wamp\wamp\www\myphp\ThinkPHP\Library\Think\Model.class.php 第 886 行.
NOTIC: [2] in_array() expects parameter 2 to be array, boolean given D:\wamp\wamp\www\myphp\ThinkPHP\Library\Think\Model.class.php 第 886 行.
INFO: [ app_end ] --START--
INFO: Run Behavior\ShowPageTraceBehavior [ RunTime:0.001099s ]
INFO: [ app_end ] --END-- [ RunTime:0.001255s ]

[ 2015-08-21T16:43:25+08:00 ] ::1 /myphp/
INFO: [ app_init ] --START--
INFO: Run Behavior\BuildLiteBehavior [ RunTime:0.000037s ]
INFO: [ app_init ] --END-- [ RunTime:0.000619s ]
INFO: [ app_begin ] --START--
INFO: Run Behavior\ReadHtmlCacheBehavior [ RunTime:0.000834s ]
INFO: [ app_begin ] --END-- [ RunTime:0.000997s ]
SQL: SHOW COLUMNS FROM `think_user` [ RunTime:0.003496s ]
ERR: 1146:Table 'myphp.think_user' doesn't exist
 [ SQL语句 ] : SHOW COLUMNS FROM `think_user`
NOTIC: [2] in_array() expects parameter 2 to be array, boolean given D:\wamp\wamp\www\myphp\ThinkPHP\Library\Think\Model.class.php 第 886 行.
NOTIC: [2] in_array() expects parameter 2 to be array, boolean given D:\wamp\wamp\www\myphp\ThinkPHP\Library\Think\Model.class.php 第 886 行.
INFO: [ app_end ] --START--
INFO: Run Behavior\ShowPageTraceBehavior [ RunTime:0.001017s ]
INFO: [ app_end ] --END-- [ RunTime:0.001168s ]

[ 2015-08-21T16:44:47+08:00 ] ::1 /myphp/index.php
INFO: [ app_init ] --START--
INFO: Run Behavior\BuildLiteBehavior [ RunTime:0.000052s ]
INFO: [ app_init ] --END-- [ RunTime:0.000803s ]
INFO: [ app_begin ] --START--
INFO: Run Behavior\ReadHtmlCacheBehavior [ RunTime:0.000876s ]
INFO: [ app_begin ] --END-- [ RunTime:0.001045s ]
SQL: SHOW COLUMNS FROM `think_user` [ RunTime:0.008140s ]
ERR: 1146:Table 'myphp.think_user' doesn't exist
 [ SQL语句 ] : SHOW COLUMNS FROM `think_user`
NOTIC: [2] in_array() expects parameter 2 to be array, boolean given D:\wamp\wamp\www\myphp\ThinkPHP\Library\Think\Model.class.php 第 886 行.
NOTIC: [2] in_array() expects parameter 2 to be array, boolean given D:\wamp\wamp\www\myphp\ThinkPHP\Library\Think\Model.class.php 第 886 行.
INFO: [ app_end ] --START--
INFO: Run Behavior\ShowPageTraceBehavior [ RunTime:0.001147s ]
INFO: [ app_end ] --END-- [ RunTime:0.001360s ]

[ 2015-08-21T16:45:34+08:00 ] ::1 /myphp/index.php
INFO: [ app_init ] --START--
INFO: Run Behavior\BuildLiteBehavior [ RunTime:0.000034s ]
INFO: [ app_init ] --END-- [ RunTime:0.000559s ]
INFO: [ app_begin ] --START--
INFO: Run Behavior\ReadHtmlCacheBehavior [ RunTime:0.000847s ]
INFO: [ app_begin ] --END-- [ RunTime:0.001015s ]
INFO: [ app_end ] --START--
INFO: Run Behavior\ShowPageTraceBehavior [ RunTime:0.001430s ]
INFO: [ app_end ] --END-- [ RunTime:0.001691s ]

[ 2015-08-21T16:45:35+08:00 ] ::1 /myphp/index.php
INFO: [ app_init ] --START--
INFO: Run Behavior\BuildLiteBehavior [ RunTime:0.000043s ]
INFO: [ app_init ] --END-- [ RunTime:0.000728s ]
INFO: [ app_begin ] --START--
INFO: Run Behavior\ReadHtmlCacheBehavior [ RunTime:0.001035s ]
INFO: [ app_begin ] --END-- [ RunTime:0.001240s ]
INFO: [ app_end ] --START--
INFO: Run Behavior\ShowPageTraceBehavior [ RunTime:0.001093s ]
INFO: [ app_end ] --END-- [ RunTime:0.001299s ]

[ 2015-08-21T16:46:18+08:00 ] ::1 /myphp/index.php/Home/Index/index
INFO: [ app_init ] --START--
INFO: Run Behavior\BuildLiteBehavior [ RunTime:0.000037s ]
INFO: [ app_init ] --END-- [ RunTime:0.000569s ]
INFO: [ app_begin ] --START--
INFO: Run Behavior\ReadHtmlCacheBehavior [ RunTime:0.001270s ]
INFO: [ app_begin ] --END-- [ RunTime:0.001493s ]
INFO: [ app_end ] --START--
INFO: Run Behavior\ShowPageTraceBehavior [ RunTime:0.001227s ]
INFO: [ app_end ] --END-- [ RunTime:0.001479s ]

[ 2015-08-21T16:46:48+08:00 ] ::1 /myphp/index.php/Home/Index/index
INFO: [ app_init ] --START--
INFO: Run Behavior\BuildLiteBehavior [ RunTime:0.000054s ]
INFO: [ app_init ] --END-- [ RunTime:0.000902s ]
INFO: [ app_begin ] --START--
INFO: Run Behavior\ReadHtmlCacheBehavior [ RunTime:0.000853s ]
INFO: [ app_begin ] --END-- [ RunTime:0.001023s ]
SQL: SHOW COLUMNS FROM `think_user` [ RunTime:0.006069s ]
ERR: 1146:Table 'myphp.think_user' doesn't exist
 [ SQL语句 ] : SHOW COLUMNS FROM `think_user`
NOTIC: [2] in_array() expects parameter 2 to be array, boolean given D:\wamp\wamp\www\myphp\ThinkPHP\Library\Think\Model.class.php 第 886 行.
NOTIC: [2] in_array() expects parameter 2 to be array, boolean given D:\wamp\wamp\www\myphp\ThinkPHP\Library\Think\Model.class.php 第 886 行.
INFO: [ app_end ] --START--
INFO: Run Behavior\ShowPageTraceBehavior [ RunTime:0.001112s ]
INFO: [ app_end ] --END-- [ RunTime:0.001269s ]

[ 2015-08-21T16:46:49+08:00 ] ::1 /myphp/index.php/Home/Index/index
INFO: [ app_init ] --START--
INFO: Run Behavior\BuildLiteBehavior [ RunTime:0.000063s ]
INFO: [ app_init ] --END-- [ RunTime:0.001225s ]
INFO: [ app_begin ] --START--
INFO: Run Behavior\ReadHtmlCacheBehavior [ RunTime:0.002139s ]
INFO: [ app_begin ] --END-- [ RunTime:0.002424s ]
SQL: SHOW COLUMNS FROM `think_user` [ RunTime:0.008009s ]
ERR: 1146:Table 'myphp.think_user' doesn't exist
 [ SQL语句 ] : SHOW COLUMNS FROM `think_user`
NOTIC: [2] in_array() expects parameter 2 to be array, boolean given D:\wamp\wamp\www\myphp\ThinkPHP\Library\Think\Model.class.php 第 886 行.
NOTIC: [2] in_array() expects parameter 2 to be array, boolean given D:\wamp\wamp\www\myphp\ThinkPHP\Library\Think\Model.class.php 第 886 行.
INFO: [ app_end ] --START--
INFO: Run Behavior\ShowPageTraceBehavior [ RunTime:0.001452s ]
INFO: [ app_end ] --END-- [ RunTime:0.001672s ]

[ 2015-08-21T16:46:49+08:00 ] ::1 /myphp/index.php/Home/Index/index
INFO: [ app_init ] --START--
INFO: Run Behavior\BuildLiteBehavior [ RunTime:0.000050s ]
INFO: [ app_init ] --END-- [ RunTime:0.000812s ]
INFO: [ app_begin ] --START--
INFO: Run Behavior\ReadHtmlCacheBehavior [ RunTime:0.001393s ]
INFO: [ app_begin ] --END-- [ RunTime:0.001648s ]
SQL: SHOW COLUMNS FROM `think_user` [ RunTime:0.003491s ]
ERR: 1146:Table 'myphp.think_user' doesn't exist
 [ SQL语句 ] : SHOW COLUMNS FROM `think_user`
NOTIC: [2] in_array() expects parameter 2 to be array, boolean given D:\wamp\wamp\www\myphp\ThinkPHP\Library\Think\Model.class.php 第 886 行.
NOTIC: [2] in_array() expects parameter 2 to be array, boolean given D:\wamp\wamp\www\myphp\ThinkPHP\Library\Think\Model.class.php 第 886 行.
INFO: [ app_end ] --START--
INFO: Run Behavior\ShowPageTraceBehavior [ RunTime:0.001012s ]
INFO: [ app_end ] --END-- [ RunTime:0.001166s ]

[ 2015-08-21T16:46:50+08:00 ] ::1 /myphp/index.php/Home/Index/index
INFO: [ app_init ] --START--
INFO: Run Behavior\BuildLiteBehavior [ RunTime:0.000049s ]
INFO: [ app_init ] --END-- [ RunTime:0.000801s ]
INFO: [ app_begin ] --START--
INFO: Run Behavior\ReadHtmlCacheBehavior [ RunTime:0.001145s ]
INFO: [ app_begin ] --END-- [ RunTime:0.001375s ]
SQL: SHOW COLUMNS FROM `think_user` [ RunTime:0.005906s ]
ERR: 1146:Table 'myphp.think_user' doesn't exist
 [ SQL语句 ] : SHOW COLUMNS FROM `think_user`
NOTIC: [2] in_array() expects parameter 2 to be array, boolean given D:\wamp\wamp\www\myphp\ThinkPHP\Library\Think\Model.class.php 第 886 行.
NOTIC: [2] in_array() expects parameter 2 to be array, boolean given D:\wamp\wamp\www\myphp\ThinkPHP\Library\Think\Model.class.php 第 886 行.
INFO: [ app_end ] --START--
INFO: Run Behavior\ShowPageTraceBehavior [ RunTime:0.001071s ]
INFO: [ app_end ] --END-- [ RunTime:0.001236s ]

[ 2015-08-21T16:46:50+08:00 ] ::1 /myphp/index.php/Home/Index/index
INFO: [ app_init ] --START--
INFO: Run Behavior\BuildLiteBehavior [ RunTime:0.000050s ]
INFO: [ app_init ] --END-- [ RunTime:0.000813s ]
INFO: [ app_begin ] --START--
INFO: Run Behavior\ReadHtmlCacheBehavior [ RunTime:0.001210s ]
INFO: [ app_begin ] --END-- [ RunTime:0.001450s ]
SQL: SHOW COLUMNS FROM `think_user` [ RunTime:0.003440s ]
ERR: 1146:Table 'myphp.think_user' doesn't exist
 [ SQL语句 ] : SHOW COLUMNS FROM `think_user`
NOTIC: [2] in_array() expects parameter 2 to be array, boolean given D:\wamp\wamp\www\myphp\ThinkPHP\Library\Think\Model.class.php 第 886 行.
NOTIC: [2] in_array() expects parameter 2 to be array, boolean given D:\wamp\wamp\www\myphp\ThinkPHP\Library\Think\Model.class.php 第 886 行.
INFO: [ app_end ] --START--
INFO: Run Behavior\ShowPageTraceBehavior [ RunTime:0.001037s ]
INFO: [ app_end ] --END-- [ RunTime:0.001189s ]

[ 2015-08-21T16:46:51+08:00 ] ::1 /myphp/index.php/Home/Index/index
INFO: [ app_init ] --START--
INFO: Run Behavior\BuildLiteBehavior [ RunTime:0.000035s ]
INFO: [ app_init ] --END-- [ RunTime:0.000567s ]
INFO: [ app_begin ] --START--
INFO: Run Behavior\ReadHtmlCacheBehavior [ RunTime:0.000805s ]
INFO: [ app_begin ] --END-- [ RunTime:0.000967s ]
SQL: SHOW COLUMNS FROM `think_user` [ RunTime:0.005582s ]
ERR: 1146:Table 'myphp.think_user' doesn't exist
 [ SQL语句 ] : SHOW COLUMNS FROM `think_user`
NOTIC: [2] in_array() expects parameter 2 to be array, boolean given D:\wamp\wamp\www\myphp\ThinkPHP\Library\Think\Model.class.php 第 886 行.
NOTIC: [2] in_array() expects parameter 2 to be array, boolean given D:\wamp\wamp\www\myphp\ThinkPHP\Library\Think\Model.class.php 第 886 行.
INFO: [ app_end ] --START--
INFO: Run Behavior\ShowPageTraceBehavior [ RunTime:0.001072s ]
INFO: [ app_end ] --END-- [ RunTime:0.001232s ]

[ 2015-08-21T16:46:51+08:00 ] ::1 /myphp/index.php/Home/Index/index
INFO: [ app_init ] --START--
INFO: Run Behavior\BuildLiteBehavior [ RunTime:0.000049s ]
INFO: [ app_init ] --END-- [ RunTime:0.000759s ]
INFO: [ app_begin ] --START--
INFO: Run Behavior\ReadHtmlCacheBehavior [ RunTime:0.001972s ]
INFO: [ app_begin ] --END-- [ RunTime:0.002356s ]
SQL: SHOW COLUMNS FROM `think_user` [ RunTime:0.004054s ]
ERR: 1146:Table 'myphp.think_user' doesn't exist
 [ SQL语句 ] : SHOW COLUMNS FROM `think_user`
NOTIC: [2] in_array() expects parameter 2 to be array, boolean given D:\wamp\wamp\www\myphp\ThinkPHP\Library\Think\Model.class.php 第 886 行.
NOTIC: [2] in_array() expects parameter 2 to be array, boolean given D:\wamp\wamp\www\myphp\ThinkPHP\Library\Think\Model.class.php 第 886 行.
INFO: [ app_end ] --START--
INFO: Run Behavior\ShowPageTraceBehavior [ RunTime:0.001133s ]
INFO: [ app_end ] --END-- [ RunTime:0.001286s ]

[ 2015-08-21T16:46:51+08:00 ] ::1 /myphp/index.php/Home/Index/index
INFO: [ app_init ] --START--
INFO: Run Behavior\BuildLiteBehavior [ RunTime:0.000115s ]
INFO: [ app_init ] --END-- [ RunTime:0.002169s ]
INFO: [ app_begin ] --START--
INFO: Run Behavior\ReadHtmlCacheBehavior [ RunTime:0.000865s ]
INFO: [ app_begin ] --END-- [ RunTime:0.001029s ]
SQL: SHOW COLUMNS FROM `think_user` [ RunTime:0.004995s ]
ERR: 1146:Table 'myphp.think_user' doesn't exist
 [ SQL语句 ] : SHOW COLUMNS FROM `think_user`
NOTIC: [2] in_array() expects parameter 2 to be array, boolean given D:\wamp\wamp\www\myphp\ThinkPHP\Library\Think\Model.class.php 第 886 行.
NOTIC: [2] in_array() expects parameter 2 to be array, boolean given D:\wamp\wamp\www\myphp\ThinkPHP\Library\Think\Model.class.php 第 886 行.
INFO: [ app_end ] --START--
INFO: Run Behavior\ShowPageTraceBehavior [ RunTime:0.001079s ]
INFO: [ app_end ] --END-- [ RunTime:0.001237s ]

[ 2015-08-21T16:46:51+08:00 ] ::1 /myphp/index.php/Home/Index/index
INFO: [ app_init ] --START--
INFO: Run Behavior\BuildLiteBehavior [ RunTime:0.000075s ]
INFO: [ app_init ] --END-- [ RunTime:0.001021s ]
INFO: [ app_begin ] --START--
INFO: Run Behavior\ReadHtmlCacheBehavior [ RunTime:0.001267s ]
INFO: [ app_begin ] --END-- [ RunTime:0.001489s ]
SQL: SHOW COLUMNS FROM `think_user` [ RunTime:0.004136s ]
ERR: 1146:Table 'myphp.think_user' doesn't exist
 [ SQL语句 ] : SHOW COLUMNS FROM `think_user`
NOTIC: [2] in_array() expects parameter 2 to be array, boolean given D:\wamp\wamp\www\myphp\ThinkPHP\Library\Think\Model.class.php 第 886 行.
NOTIC: [2] in_array() expects parameter 2 to be array, boolean given D:\wamp\wamp\www\myphp\ThinkPHP\Library\Think\Model.class.php 第 886 行.
INFO: [ app_end ] --START--
INFO: Run Behavior\ShowPageTraceBehavior [ RunTime:0.001003s ]
INFO: [ app_end ] --END-- [ RunTime:0.001156s ]

[ 2015-08-21T16:46:51+08:00 ] ::1 /myphp/index.php/Home/Index/index
INFO: [ app_init ] --START--
INFO: Run Behavior\BuildLiteBehavior [ RunTime:0.000077s ]
INFO: [ app_init ] --END-- [ RunTime:0.001669s ]
INFO: [ app_begin ] --START--
INFO: Run Behavior\ReadHtmlCacheBehavior [ RunTime:0.000900s ]
INFO: [ app_begin ] --END-- [ RunTime:0.001085s ]
SQL: SHOW COLUMNS FROM `think_user` [ RunTime:0.004286s ]
ERR: 1146:Table 'myphp.think_user' doesn't exist
 [ SQL语句 ] : SHOW COLUMNS FROM `think_user`
NOTIC: [2] in_array() expects parameter 2 to be array, boolean given D:\wamp\wamp\www\myphp\ThinkPHP\Library\Think\Model.class.php 第 886 行.
NOTIC: [2] in_array() expects parameter 2 to be array, boolean given D:\wamp\wamp\www\myphp\ThinkPHP\Library\Think\Model.class.php 第 886 行.
INFO: [ app_end ] --START--
INFO: Run Behavior\ShowPageTraceBehavior [ RunTime:0.001072s ]
INFO: [ app_end ] --END-- [ RunTime:0.001237s ]

[ 2015-08-21T16:46:52+08:00 ] ::1 /myphp/index.php/Home/Index/index
INFO: [ app_init ] --START--
INFO: Run Behavior\BuildLiteBehavior [ RunTime:0.000046s ]
INFO: [ app_init ] --END-- [ RunTime:0.000765s ]
INFO: [ app_begin ] --START--
INFO: Run Behavior\ReadHtmlCacheBehavior [ RunTime:0.001031s ]
INFO: [ app_begin ] --END-- [ RunTime:0.001237s ]
SQL: SHOW COLUMNS FROM `think_user` [ RunTime:0.005651s ]
ERR: 1146:Table 'myphp.think_user' doesn't exist
 [ SQL语句 ] : SHOW COLUMNS FROM `think_user`
NOTIC: [2] in_array() expects parameter 2 to be array, boolean given D:\wamp\wamp\www\myphp\ThinkPHP\Library\Think\Model.class.php 第 886 行.
NOTIC: [2] in_array() expects parameter 2 to be array, boolean given D:\wamp\wamp\www\myphp\ThinkPHP\Library\Think\Model.class.php 第 886 行.
INFO: [ app_end ] --START--
INFO: Run Behavior\ShowPageTraceBehavior [ RunTime:0.001042s ]
INFO: [ app_end ] --END-- [ RunTime:0.001194s ]

[ 2015-08-21T16:46:52+08:00 ] ::1 /myphp/index.php/Home/Index/index
INFO: [ app_init ] --START--
INFO: Run Behavior\BuildLiteBehavior [ RunTime:0.000035s ]
INFO: [ app_init ] --END-- [ RunTime:0.000550s ]
INFO: [ app_begin ] --START--
INFO: Run Behavior\ReadHtmlCacheBehavior [ RunTime:0.000842s ]
INFO: [ app_begin ] --END-- [ RunTime:0.001010s ]
SQL: SHOW COLUMNS FROM `think_user` [ RunTime:0.003817s ]
ERR: 1146:Table 'myphp.think_user' doesn't exist
 [ SQL语句 ] : SHOW COLUMNS FROM `think_user`
NOTIC: [2] in_array() expects parameter 2 to be array, boolean given D:\wamp\wamp\www\myphp\ThinkPHP\Library\Think\Model.class.php 第 886 行.
NOTIC: [2] in_array() expects parameter 2 to be array, boolean given D:\wamp\wamp\www\myphp\ThinkPHP\Library\Think\Model.class.php 第 886 行.
INFO: [ app_end ] --START--
INFO: Run Behavior\ShowPageTraceBehavior [ RunTime:0.001039s ]
INFO: [ app_end ] --END-- [ RunTime:0.001190s ]

[ 2015-08-21T16:55:54+08:00 ] ::1 /myphp/index.php/Home/Index/index
INFO: [ app_init ] --START--
INFO: Run Behavior\BuildLiteBehavior [ RunTime:0.000034s ]
INFO: [ app_init ] --END-- [ RunTime:0.000570s ]
INFO: [ app_begin ] --START--
INFO: Run Behavior\ReadHtmlCacheBehavior [ RunTime:0.000815s ]
INFO: [ app_begin ] --END-- [ RunTime:0.000979s ]
SQL: SHOW COLUMNS FROM `think_user` [ RunTime:0.005722s ]
ERR: 1146:Table 'myphp.think_user' doesn't exist
 [ SQL语句 ] : SHOW COLUMNS FROM `think_user`
NOTIC: [2] in_array() expects parameter 2 to be array, boolean given D:\wamp\wamp\www\myphp\ThinkPHP\Library\Think\Model.class.php 第 886 行.
NOTIC: [2] in_array() expects parameter 2 to be array, boolean given D:\wamp\wamp\www\myphp\ThinkPHP\Library\Think\Model.class.php 第 886 行.
NOTIC: [2] in_array() expects parameter 2 to be array, boolean given D:\wamp\wamp\www\myphp\ThinkPHP\Library\Think\Model.class.php 第 886 行.
INFO: [ app_end ] --START--
INFO: Run Behavior\ShowPageTraceBehavior [ RunTime:0.001221s ]
INFO: [ app_end ] --END-- [ RunTime:0.001424s ]

[ 2015-08-21T16:55:54+08:00 ] ::1 /myphp/index.php/Home/Index/index
INFO: [ app_init ] --START--
INFO: Run Behavior\BuildLiteBehavior [ RunTime:0.000098s ]
INFO: [ app_init ] --END-- [ RunTime:0.001095s ]
INFO: [ app_begin ] --START--
INFO: Run Behavior\ReadHtmlCacheBehavior [ RunTime:0.001265s ]
INFO: [ app_begin ] --END-- [ RunTime:0.001578s ]
SQL: SHOW COLUMNS FROM `think_user` [ RunTime:0.003524s ]
ERR: 1146:Table 'myphp.think_user' doesn't exist
 [ SQL语句 ] : SHOW COLUMNS FROM `think_user`
NOTIC: [2] in_array() expects parameter 2 to be array, boolean given D:\wamp\wamp\www\myphp\ThinkPHP\Library\Think\Model.class.php 第 886 行.
NOTIC: [2] in_array() expects parameter 2 to be array, boolean given D:\wamp\wamp\www\myphp\ThinkPHP\Library\Think\Model.class.php 第 886 行.
NOTIC: [2] in_array() expects parameter 2 to be array, boolean given D:\wamp\wamp\www\myphp\ThinkPHP\Library\Think\Model.class.php 第 886 行.
INFO: [ app_end ] --START--
INFO: Run Behavior\ShowPageTraceBehavior [ RunTime:0.001116s ]
INFO: [ app_end ] --END-- [ RunTime:0.001271s ]

[ 2015-08-21T16:55:55+08:00 ] ::1 /myphp/index.php/Home/Index/index
INFO: [ app_init ] --START--
INFO: Run Behavior\BuildLiteBehavior [ RunTime:0.000056s ]
INFO: [ app_init ] --END-- [ RunTime:0.000917s ]
INFO: [ app_begin ] --START--
INFO: Run Behavior\ReadHtmlCacheBehavior [ RunTime:0.001307s ]
INFO: [ app_begin ] --END-- [ RunTime:0.001571s ]
SQL: SHOW COLUMNS FROM `think_user` [ RunTime:0.005440s ]
ERR: 1146:Table 'myphp.think_user' doesn't exist
 [ SQL语句 ] : SHOW COLUMNS FROM `think_user`
NOTIC: [2] in_array() expects parameter 2 to be array, boolean given D:\wamp\wamp\www\myphp\ThinkPHP\Library\Think\Model.class.php 第 886 行.
NOTIC: [2] in_array() expects parameter 2 to be array, boolean given D:\wamp\wamp\www\myphp\ThinkPHP\Library\Think\Model.class.php 第 886 行.
NOTIC: [2] in_array() expects parameter 2 to be array, boolean given D:\wamp\wamp\www\myphp\ThinkPHP\Library\Think\Model.class.php 第 886 行.
INFO: [ app_end ] --START--
INFO: Run Behavior\ShowPageTraceBehavior [ RunTime:0.001006s ]
INFO: [ app_end ] --END-- [ RunTime:0.001228s ]

[ 2015-08-21T16:55:55+08:00 ] ::1 /myphp/index.php/Home/Index/index
INFO: [ app_init ] --START--
INFO: Run Behavior\BuildLiteBehavior [ RunTime:0.000216s ]
INFO: [ app_init ] --END-- [ RunTime:0.001468s ]
INFO: [ app_begin ] --START--
INFO: Run Behavior\ReadHtmlCacheBehavior [ RunTime:0.001291s ]
INFO: [ app_begin ] --END-- [ RunTime:0.001547s ]
SQL: SHOW COLUMNS FROM `think_user` [ RunTime:0.003566s ]
ERR: 1146:Table 'myphp.think_user' doesn't exist
 [ SQL语句 ] : SHOW COLUMNS FROM `think_user`
NOTIC: [2] in_array() expects parameter 2 to be array, boolean given D:\wamp\wamp\www\myphp\ThinkPHP\Library\Think\Model.class.php 第 886 行.
NOTIC: [2] in_array() expects parameter 2 to be array, boolean given D:\wamp\wamp\www\myphp\ThinkPHP\Library\Think\Model.class.php 第 886 行.
NOTIC: [2] in_array() expects parameter 2 to be array, boolean given D:\wamp\wamp\www\myphp\ThinkPHP\Library\Think\Model.class.php 第 886 行.
INFO: [ app_end ] --START--
INFO: Run Behavior\ShowPageTraceBehavior [ RunTime:0.001029s ]
INFO: [ app_end ] --END-- [ RunTime:0.001181s ]

[ 2015-08-21T16:55:55+08:00 ] ::1 /myphp/index.php/Home/Index/index
INFO: [ app_init ] --START--
INFO: Run Behavior\BuildLiteBehavior [ RunTime:0.000049s ]
INFO: [ app_init ] --END-- [ RunTime:0.000802s ]
INFO: [ app_begin ] --START--
INFO: Run Behavior\ReadHtmlCacheBehavior [ RunTime:0.001149s ]
INFO: [ app_begin ] --END-- [ RunTime:0.001381s ]
SQL: SHOW COLUMNS FROM `think_user` [ RunTime:0.003561s ]
ERR: 1146:Table 'myphp.think_user' doesn't exist
 [ SQL语句 ] : SHOW COLUMNS FROM `think_user`
NOTIC: [2] in_array() expects parameter 2 to be array, boolean given D:\wamp\wamp\www\myphp\ThinkPHP\Library\Think\Model.class.php 第 886 行.
NOTIC: [2] in_array() expects parameter 2 to be array, boolean given D:\wamp\wamp\www\myphp\ThinkPHP\Library\Think\Model.class.php 第 886 行.
NOTIC: [2] in_array() expects parameter 2 to be array, boolean given D:\wamp\wamp\www\myphp\ThinkPHP\Library\Think\Model.class.php 第 886 行.
INFO: [ app_end ] --START--
INFO: Run Behavior\ShowPageTraceBehavior [ RunTime:0.001006s ]
INFO: [ app_end ] --END-- [ RunTime:0.001162s ]

[ 2015-08-21T16:58:24+08:00 ] ::1 /myphp/index.php/Home/Index/index
INFO: [ app_init ] --START--
INFO: Run Behavior\BuildLiteBehavior [ RunTime:0.000050s ]
INFO: [ app_init ] --END-- [ RunTime:0.000802s ]
INFO: [ app_begin ] --START--
INFO: Run Behavior\ReadHtmlCacheBehavior [ RunTime:0.001151s ]
INFO: [ app_begin ] --END-- [ RunTime:0.001384s ]
INFO: [ app_end ] --START--
INFO: Run Behavior\ShowPageTraceBehavior [ RunTime:0.001068s ]
INFO: [ app_end ] --END-- [ RunTime:0.001250s ]

[ 2015-08-21T16:58:24+08:00 ] ::1 /myphp/index.php/Home/Index/index
INFO: [ app_init ] --START--
INFO: Run Behavior\BuildLiteBehavior [ RunTime:0.000036s ]
INFO: [ app_init ] --END-- [ RunTime:0.000587s ]
INFO: [ app_begin ] --START--
INFO: Run Behavior\ReadHtmlCacheBehavior [ RunTime:0.000888s ]
INFO: [ app_begin ] --END-- [ RunTime:0.001064s ]
INFO: [ app_end ] --START--
INFO: Run Behavior\ShowPageTraceBehavior [ RunTime:0.001271s ]
INFO: [ app_end ] --END-- [ RunTime:0.001534s ]

[ 2015-08-21T16:58:38+08:00 ] ::1 /myphp/index.php/Home/Index/index
INFO: [ app_init ] --START--
INFO: Run Behavior\BuildLiteBehavior [ RunTime:0.000036s ]
INFO: [ app_init ] --END-- [ RunTime:0.000626s ]
INFO: [ app_begin ] --START--
INFO: Run Behavior\ReadHtmlCacheBehavior [ RunTime:0.000938s ]
INFO: [ app_begin ] --END-- [ RunTime:0.001120s ]
SQL: SHOW COLUMNS FROM `think_user` [ RunTime:0.007124s ]
ERR: 1146:Table 'myphp.think_user' doesn't exist
 [ SQL语句 ] : SHOW COLUMNS FROM `think_user`
NOTIC: [2] in_array() expects parameter 2 to be array, boolean given D:\wamp\wamp\www\myphp\ThinkPHP\Library\Think\Model.class.php 第 886 行.
NOTIC: [2] in_array() expects parameter 2 to be array, boolean given D:\wamp\wamp\www\myphp\ThinkPHP\Library\Think\Model.class.php 第 886 行.
NOTIC: [2] in_array() expects parameter 2 to be array, boolean given D:\wamp\wamp\www\myphp\ThinkPHP\Library\Think\Model.class.php 第 886 行.
INFO: [ app_end ] --START--
INFO: Run Behavior\ShowPageTraceBehavior [ RunTime:0.001062s ]
INFO: [ app_end ] --END-- [ RunTime:0.001215s ]

[ 2015-08-21T16:58:38+08:00 ] ::1 /myphp/index.php/Home/Index/index
INFO: [ app_init ] --START--
INFO: Run Behavior\BuildLiteBehavior [ RunTime:0.000042s ]
INFO: [ app_init ] --END-- [ RunTime:0.000690s ]
INFO: [ app_begin ] --START--
INFO: Run Behavior\ReadHtmlCacheBehavior [ RunTime:0.001076s ]
INFO: [ app_begin ] --END-- [ RunTime:0.001305s ]
SQL: SHOW COLUMNS FROM `think_user` [ RunTime:0.003686s ]
ERR: 1146:Table 'myphp.think_user' doesn't exist
 [ SQL语句 ] : SHOW COLUMNS FROM `think_user`
NOTIC: [2] in_array() expects parameter 2 to be array, boolean given D:\wamp\wamp\www\myphp\ThinkPHP\Library\Think\Model.class.php 第 886 行.
NOTIC: [2] in_array() expects parameter 2 to be array, boolean given D:\wamp\wamp\www\myphp\ThinkPHP\Library\Think\Model.class.php 第 886 行.
NOTIC: [2] in_array() expects parameter 2 to be array, boolean given D:\wamp\wamp\www\myphp\ThinkPHP\Library\Think\Model.class.php 第 886 行.
INFO: [ app_end ] --START--
INFO: Run Behavior\ShowPageTraceBehavior [ RunTime:0.001154s ]
INFO: [ app_end ] --END-- [ RunTime:0.001308s ]

[ 2015-08-21T16:58:39+08:00 ] ::1 /myphp/index.php/Home/Index/index
INFO: [ app_init ] --START--
INFO: Run Behavior\BuildLiteBehavior [ RunTime:0.000035s ]
INFO: [ app_init ] --END-- [ RunTime:0.000571s ]
INFO: [ app_begin ] --START--
INFO: Run Behavior\ReadHtmlCacheBehavior [ RunTime:0.000800s ]
INFO: [ app_begin ] --END-- [ RunTime:0.000960s ]
SQL: SHOW COLUMNS FROM `think_user` [ RunTime:0.005706s ]
ERR: 1146:Table 'myphp.think_user' doesn't exist
 [ SQL语句 ] : SHOW COLUMNS FROM `think_user`
NOTIC: [2] in_array() expects parameter 2 to be array, boolean given D:\wamp\wamp\www\myphp\ThinkPHP\Library\Think\Model.class.php 第 886 行.
NOTIC: [2] in_array() expects parameter 2 to be array, boolean given D:\wamp\wamp\www\myphp\ThinkPHP\Library\Think\Model.class.php 第 886 行.
NOTIC: [2] in_array() expects parameter 2 to be array, boolean given D:\wamp\wamp\www\myphp\ThinkPHP\Library\Think\Model.class.php 第 886 行.
INFO: [ app_end ] --START--
INFO: Run Behavior\ShowPageTraceBehavior [ RunTime:0.001041s ]
INFO: [ app_end ] --END-- [ RunTime:0.001205s ]

[ 2015-08-21T16:58:39+08:00 ] ::1 /myphp/index.php/Home/Index/index
INFO: [ app_init ] --START--
INFO: Run Behavior\BuildLiteBehavior [ RunTime:0.000034s ]
INFO: [ app_init ] --END-- [ RunTime:0.000545s ]
INFO: [ app_begin ] --START--
INFO: Run Behavior\ReadHtmlCacheBehavior [ RunTime:0.000825s ]
INFO: [ app_begin ] --END-- [ RunTime:0.000993s ]
SQL: SHOW COLUMNS FROM `think_user` [ RunTime:0.003367s ]
ERR: 1146:Table 'myphp.think_user' doesn't exist
 [ SQL语句 ] : SHOW COLUMNS FROM `think_user`
NOTIC: [2] in_array() expects parameter 2 to be array, boolean given D:\wamp\wamp\www\myphp\ThinkPHP\Library\Think\Model.class.php 第 886 行.
NOTIC: [2] in_array() expects parameter 2 to be array, boolean given D:\wamp\wamp\www\myphp\ThinkPHP\Library\Think\Model.class.php 第 886 行.
NOTIC: [2] in_array() expects parameter 2 to be array, boolean given D:\wamp\wamp\www\myphp\ThinkPHP\Library\Think\Model.class.php 第 886 行.
INFO: [ app_end ] --START--
INFO: Run Behavior\ShowPageTraceBehavior [ RunTime:0.001005s ]
INFO: [ app_end ] --END-- [ RunTime:0.001159s ]

[ 2015-08-21T17:10:30+08:00 ] ::1 /myphp/index.php/Home/Index/index
INFO: [ app_init ] --START--
INFO: Run Behavior\BuildLiteBehavior [ RunTime:0.000035s ]
INFO: [ app_init ] --END-- [ RunTime:0.000555s ]
INFO: [ app_begin ] --START--
INFO: Run Behavior\ReadHtmlCacheBehavior [ RunTime:0.000842s ]
INFO: [ app_begin ] --END-- [ RunTime:0.001011s ]
SQL: SHOW COLUMNS FROM `think_user` [ RunTime:0.006573s ]
ERR: 1146:Table 'myphp.think_user' doesn't exist
 [ SQL语句 ] : SHOW COLUMNS FROM `think_user`
NOTIC: [2] in_array() expects parameter 2 to be array, boolean given D:\wamp\wamp\www\myphp\ThinkPHP\Library\Think\Model.class.php 第 886 行.
NOTIC: [2] in_array() expects parameter 2 to be array, boolean given D:\wamp\wamp\www\myphp\ThinkPHP\Library\Think\Model.class.php 第 886 行.
NOTIC: [2] in_array() expects parameter 2 to be array, boolean given D:\wamp\wamp\www\myphp\ThinkPHP\Library\Think\Model.class.php 第 886 行.
INFO: [ app_end ] --START--
INFO: Run Behavior\ShowPageTraceBehavior [ RunTime:0.001122s ]
INFO: [ app_end ] --END-- [ RunTime:0.001282s ]

[ 2015-08-21T17:10:30+08:00 ] ::1 /myphp/index.php/Home/Index/index
INFO: [ app_init ] --START--
INFO: Run Behavior\BuildLiteBehavior [ RunTime:0.000053s ]
INFO: [ app_init ] --END-- [ RunTime:0.000905s ]
INFO: [ app_begin ] --START--
INFO: Run Behavior\ReadHtmlCacheBehavior [ RunTime:0.001872s ]
INFO: [ app_begin ] --END-- [ RunTime:0.002101s ]
SQL: SHOW COLUMNS FROM `think_user` [ RunTime:0.003736s ]
ERR: 1146:Table 'myphp.think_user' doesn't exist
 [ SQL语句 ] : SHOW COLUMNS FROM `think_user`
NOTIC: [2] in_array() expects parameter 2 to be array, boolean given D:\wamp\wamp\www\myphp\ThinkPHP\Library\Think\Model.class.php 第 886 行.
NOTIC: [2] in_array() expects parameter 2 to be array, boolean given D:\wamp\wamp\www\myphp\ThinkPHP\Library\Think\Model.class.php 第 886 行.
NOTIC: [2] in_array() expects parameter 2 to be array, boolean given D:\wamp\wamp\www\myphp\ThinkPHP\Library\Think\Model.class.php 第 886 行.
INFO: [ app_end ] --START--
INFO: Run Behavior\ShowPageTraceBehavior [ RunTime:0.001105s ]
INFO: [ app_end ] --END-- [ RunTime:0.001282s ]

[ 2015-08-21T17:10:31+08:00 ] ::1 /myphp/index.php/Home/Index/index
INFO: [ app_init ] --START--
INFO: Run Behavior\BuildLiteBehavior [ RunTime:0.000037s ]
INFO: [ app_init ] --END-- [ RunTime:0.000810s ]
INFO: [ app_begin ] --START--
INFO: Run Behavior\ReadHtmlCacheBehavior [ RunTime:0.000868s ]
INFO: [ app_begin ] --END-- [ RunTime:0.001034s ]
SQL: SHOW COLUMNS FROM `think_user` [ RunTime:0.006167s ]
ERR: 1146:Table 'myphp.think_user' doesn't exist
 [ SQL语句 ] : SHOW COLUMNS FROM `think_user`
NOTIC: [2] in_array() expects parameter 2 to be array, boolean given D:\wamp\wamp\www\myphp\ThinkPHP\Library\Think\Model.class.php 第 886 行.
NOTIC: [2] in_array() expects parameter 2 to be array, boolean given D:\wamp\wamp\www\myphp\ThinkPHP\Library\Think\Model.class.php 第 886 行.
NOTIC: [2] in_array() expects parameter 2 to be array, boolean given D:\wamp\wamp\www\myphp\ThinkPHP\Library\Think\Model.class.php 第 886 行.
INFO: [ app_end ] --START--
INFO: Run Behavior\ShowPageTraceBehavior [ RunTime:0.001054s ]
INFO: [ app_end ] --END-- [ RunTime:0.001206s ]

[ 2015-08-21T17:10:31+08:00 ] ::1 /myphp/index.php/Home/Index/index
INFO: [ app_init ] --START--
INFO: Run Behavior\BuildLiteBehavior [ RunTime:0.000036s ]
INFO: [ app_init ] --END-- [ RunTime:0.000598s ]
INFO: [ app_begin ] --START--
INFO: Run Behavior\ReadHtmlCacheBehavior [ RunTime:0.000956s ]
INFO: [ app_begin ] --END-- [ RunTime:0.001144s ]
SQL: SHOW COLUMNS FROM `think_user` [ RunTime:0.003475s ]
ERR: 1146:Table 'myphp.think_user' doesn't exist
 [ SQL语句 ] : SHOW COLUMNS FROM `think_user`
NOTIC: [2] in_array() expects parameter 2 to be array, boolean given D:\wamp\wamp\www\myphp\ThinkPHP\Library\Think\Model.class.php 第 886 行.
NOTIC: [2] in_array() expects parameter 2 to be array, boolean given D:\wamp\wamp\www\myphp\ThinkPHP\Library\Think\Model.class.php 第 886 行.
NOTIC: [2] in_array() expects parameter 2 to be array, boolean given D:\wamp\wamp\www\myphp\ThinkPHP\Library\Think\Model.class.php 第 886 行.
INFO: [ app_end ] --START--
INFO: Run Behavior\ShowPageTraceBehavior [ RunTime:0.001020s ]
INFO: [ app_end ] --END-- [ RunTime:0.001195s ]

[ 2015-08-21T17:10:31+08:00 ] ::1 /myphp/index.php/Home/Index/index
INFO: [ app_init ] --START--
INFO: Run Behavior\BuildLiteBehavior [ RunTime:0.000058s ]
INFO: [ app_init ] --END-- [ RunTime:0.000897s ]
INFO: [ app_begin ] --START--
INFO: Run Behavior\ReadHtmlCacheBehavior [ RunTime:0.000893s ]
INFO: [ app_begin ] --END-- [ RunTime:0.001077s ]
SQL: SHOW COLUMNS FROM `think_user` [ RunTime:0.003781s ]
ERR: 1146:Table 'myphp.think_user' doesn't exist
 [ SQL语句 ] : SHOW COLUMNS FROM `think_user`
NOTIC: [2] in_array() expects parameter 2 to be array, boolean given D:\wamp\wamp\www\myphp\ThinkPHP\Library\Think\Model.class.php 第 886 行.
NOTIC: [2] in_array() expects parameter 2 to be array, boolean given D:\wamp\wamp\www\myphp\ThinkPHP\Library\Think\Model.class.php 第 886 行.
NOTIC: [2] in_array() expects parameter 2 to be array, boolean given D:\wamp\wamp\www\myphp\ThinkPHP\Library\Think\Model.class.php 第 886 行.
INFO: [ app_end ] --START--
INFO: Run Behavior\ShowPageTraceBehavior [ RunTime:0.001115s ]
INFO: [ app_end ] --END-- [ RunTime:0.001282s ]

[ 2015-08-21T17:16:55+08:00 ] ::1 /myphp/index.php/Home/Index/index
INFO: [ app_init ] --START--
INFO: Run Behavior\BuildLiteBehavior [ RunTime:0.000036s ]
INFO: [ app_init ] --END-- [ RunTime:0.000569s ]
INFO: [ app_begin ] --START--
INFO: Run Behavior\ReadHtmlCacheBehavior [ RunTime:0.000807s ]
INFO: [ app_begin ] --END-- [ RunTime:0.000969s ]
SQL: SHOW COLUMNS FROM `think_user` [ RunTime:0.005840s ]
ERR: 1146:Table 'myphp.think_user' doesn't exist
 [ SQL语句 ] : SHOW COLUMNS FROM `think_user`
SQL: INSERT INTO `think_user` (`name`,`email`,`status`) VALUES ('thinkphp','thinkphp@gmail.com',1) [ RunTime:0.035832s ]
ERR: 1146:Table 'myphp.think_user' doesn't exist
 [ SQL语句 ] : INSERT INTO `think_user` (`name`,`email`,`status`) VALUES ('thinkphp','thinkphp@gmail.com',1)
INFO: [ app_end ] --START--
INFO: Run Behavior\ShowPageTraceBehavior [ RunTime:0.002551s ]
INFO: [ app_end ] --END-- [ RunTime:0.002844s ]

[ 2015-08-21T17:16:56+08:00 ] ::1 /myphp/index.php/Home/Index/index
INFO: [ app_init ] --START--
INFO: Run Behavior\BuildLiteBehavior [ RunTime:0.000065s ]
INFO: [ app_init ] --END-- [ RunTime:0.001130s ]
INFO: [ app_begin ] --START--
INFO: Run Behavior\ReadHtmlCacheBehavior [ RunTime:0.000903s ]
INFO: [ app_begin ] --END-- [ RunTime:0.001090s ]
SQL: SHOW COLUMNS FROM `think_user` [ RunTime:0.007021s ]
ERR: 1146:Table 'myphp.think_user' doesn't exist
 [ SQL语句 ] : SHOW COLUMNS FROM `think_user`
SQL: INSERT INTO `think_user` (`name`,`email`,`status`) VALUES ('thinkphp','thinkphp@gmail.com',1) [ RunTime:0.000450s ]
ERR: 1146:Table 'myphp.think_user' doesn't exist
 [ SQL语句 ] : INSERT INTO `think_user` (`name`,`email`,`status`) VALUES ('thinkphp','thinkphp@gmail.com',1)
INFO: [ app_end ] --START--
INFO: Run Behavior\ShowPageTraceBehavior [ RunTime:0.001043s ]
INFO: [ app_end ] --END-- [ RunTime:0.001196s ]

[ 2015-08-21T17:16:56+08:00 ] ::1 /myphp/index.php/Home/Index/index
INFO: [ app_init ] --START--
INFO: Run Behavior\BuildLiteBehavior [ RunTime:0.000078s ]
INFO: [ app_init ] --END-- [ RunTime:0.001206s ]
INFO: [ app_begin ] --START--
INFO: Run Behavior\ReadHtmlCacheBehavior [ RunTime:0.001269s ]
INFO: [ app_begin ] --END-- [ RunTime:0.001525s ]
SQL: SHOW COLUMNS FROM `think_user` [ RunTime:0.004347s ]
ERR: 1146:Table 'myphp.think_user' doesn't exist
 [ SQL语句 ] : SHOW COLUMNS FROM `think_user`
SQL: INSERT INTO `think_user` (`name`,`email`,`status`) VALUES ('thinkphp','thinkphp@gmail.com',1) [ RunTime:0.000414s ]
ERR: 1146:Table 'myphp.think_user' doesn't exist
 [ SQL语句 ] : INSERT INTO `think_user` (`name`,`email`,`status`) VALUES ('thinkphp','thinkphp@gmail.com',1)
INFO: [ app_end ] --START--
INFO: Run Behavior\ShowPageTraceBehavior [ RunTime:0.001049s ]
INFO: [ app_end ] --END-- [ RunTime:0.001204s ]

[ 2015-08-21T17:16:57+08:00 ] ::1 /myphp/index.php/Home/Index/index
INFO: [ app_init ] --START--
INFO: Run Behavior\BuildLiteBehavior [ RunTime:0.000093s ]
INFO: [ app_init ] --END-- [ RunTime:0.001214s ]
INFO: [ app_begin ] --START--
INFO: Run Behavior\ReadHtmlCacheBehavior [ RunTime:0.000912s ]
INFO: [ app_begin ] --END-- [ RunTime:0.001099s ]
SQL: SHOW COLUMNS FROM `think_user` [ RunTime:0.006567s ]
ERR: 1146:Table 'myphp.think_user' doesn't exist
 [ SQL语句 ] : SHOW COLUMNS FROM `think_user`
SQL: INSERT INTO `think_user` (`name`,`email`,`status`) VALUES ('thinkphp','thinkphp@gmail.com',1) [ RunTime:0.000412s ]
ERR: 1146:Table 'myphp.think_user' doesn't exist
 [ SQL语句 ] : INSERT INTO `think_user` (`name`,`email`,`status`) VALUES ('thinkphp','thinkphp@gmail.com',1)
INFO: [ app_end ] --START--
INFO: Run Behavior\ShowPageTraceBehavior [ RunTime:0.001119s ]
INFO: [ app_end ] --END-- [ RunTime:0.001272s ]

[ 2015-08-21T17:16:57+08:00 ] ::1 /myphp/index.php/Home/Index/index
INFO: [ app_init ] --START--
INFO: Run Behavior\BuildLiteBehavior [ RunTime:0.000063s ]
INFO: [ app_init ] --END-- [ RunTime:0.001298s ]
INFO: [ app_begin ] --START--
INFO: Run Behavior\ReadHtmlCacheBehavior [ RunTime:0.001044s ]
INFO: [ app_begin ] --END-- [ RunTime:0.001283s ]
SQL: SHOW COLUMNS FROM `think_user` [ RunTime:0.005255s ]
ERR: 1146:Table 'myphp.think_user' doesn't exist
 [ SQL语句 ] : SHOW COLUMNS FROM `think_user`
SQL: INSERT INTO `think_user` (`name`,`email`,`status`) VALUES ('thinkphp','thinkphp@gmail.com',1) [ RunTime:0.000434s ]
ERR: 1146:Table 'myphp.think_user' doesn't exist
 [ SQL语句 ] : INSERT INTO `think_user` (`name`,`email`,`status`) VALUES ('thinkphp','thinkphp@gmail.com',1)
INFO: [ app_end ] --START--
INFO: Run Behavior\ShowPageTraceBehavior [ RunTime:0.001045s ]
INFO: [ app_end ] --END-- [ RunTime:0.001198s ]

[ 2015-08-21T17:16:57+08:00 ] ::1 /myphp/index.php/Home/Index/index
INFO: [ app_init ] --START--
INFO: Run Behavior\BuildLiteBehavior [ RunTime:0.000036s ]
INFO: [ app_init ] --END-- [ RunTime:0.000593s ]
INFO: [ app_begin ] --START--
INFO: Run Behavior\ReadHtmlCacheBehavior [ RunTime:0.000803s ]
INFO: [ app_begin ] --END-- [ RunTime:0.000964s ]
SQL: SHOW COLUMNS FROM `think_user` [ RunTime:0.003593s ]
ERR: 1146:Table 'myphp.think_user' doesn't exist
 [ SQL语句 ] : SHOW COLUMNS FROM `think_user`
SQL: INSERT INTO `think_user` (`name`,`email`,`status`) VALUES ('thinkphp','thinkphp@gmail.com',1) [ RunTime:0.000426s ]
ERR: 1146:Table 'myphp.think_user' doesn't exist
 [ SQL语句 ] : INSERT INTO `think_user` (`name`,`email`,`status`) VALUES ('thinkphp','thinkphp@gmail.com',1)
INFO: [ app_end ] --START--
INFO: Run Behavior\ShowPageTraceBehavior [ RunTime:0.001068s ]
INFO: [ app_end ] --END-- [ RunTime:0.001225s ]

[ 2015-08-21T17:16:59+08:00 ] ::1 /myphp/index.php/Home/Index/index
INFO: [ app_init ] --START--
INFO: Run Behavior\BuildLiteBehavior [ RunTime:0.000035s ]
INFO: [ app_init ] --END-- [ RunTime:0.000553s ]
INFO: [ app_begin ] --START--
INFO: Run Behavior\ReadHtmlCacheBehavior [ RunTime:0.000798s ]
INFO: [ app_begin ] --END-- [ RunTime:0.000960s ]
SQL: SHOW COLUMNS FROM `think_user` [ RunTime:0.006151s ]
ERR: 1146:Table 'myphp.think_user' doesn't exist
 [ SQL语句 ] : SHOW COLUMNS FROM `think_user`
SQL: INSERT INTO `think_user` (`name`,`email`,`status`) VALUES ('thinkphp','thinkphp@gmail.com',1) [ RunTime:0.000413s ]
ERR: 1146:Table 'myphp.think_user' doesn't exist
 [ SQL语句 ] : INSERT INTO `think_user` (`name`,`email`,`status`) VALUES ('thinkphp','thinkphp@gmail.com',1)
INFO: [ app_end ] --START--
INFO: Run Behavior\ShowPageTraceBehavior [ RunTime:0.001064s ]
INFO: [ app_end ] --END-- [ RunTime:0.001221s ]

[ 2015-08-21T17:16:59+08:00 ] ::1 /myphp/index.php/Home/Index/index
INFO: [ app_init ] --START--
INFO: Run Behavior\BuildLiteBehavior [ RunTime:0.000036s ]
INFO: [ app_init ] --END-- [ RunTime:0.000715s ]
INFO: [ app_begin ] --START--
INFO: Run Behavior\ReadHtmlCacheBehavior [ RunTime:0.000913s ]
INFO: [ app_begin ] --END-- [ RunTime:0.001083s ]
SQL: SHOW COLUMNS FROM `think_user` [ RunTime:0.003500s ]
ERR: 1146:Table 'myphp.think_user' doesn't exist
 [ SQL语句 ] : SHOW COLUMNS FROM `think_user`
SQL: INSERT INTO `think_user` (`name`,`email`,`status`) VALUES ('thinkphp','thinkphp@gmail.com',1) [ RunTime:0.000406s ]
ERR: 1146:Table 'myphp.think_user' doesn't exist
 [ SQL语句 ] : INSERT INTO `think_user` (`name`,`email`,`status`) VALUES ('thinkphp','thinkphp@gmail.com',1)
INFO: [ app_end ] --START--
INFO: Run Behavior\ShowPageTraceBehavior [ RunTime:0.001177s ]
INFO: [ app_end ] --END-- [ RunTime:0.001335s ]

[ 2015-08-21T23:17:41+08:00 ] ::1 /myphp/
ERR: 模板不存在:./Application/Home/View/Index/index.html

[ 2015-08-21T23:18:29+08:00 ] ::1 /myphp/
ERR: 模板不存在:./Application/Home/View/Index/index.html

[ 2015-08-21T23:18:51+08:00 ] ::1 /myphp/
ERR: 模板不存在:./Application/Home/View/Index/index.html

[ 2015-08-21T23:18:51+08:00 ] ::1 /myphp/
ERR: 模板不存在:./Application/Home/View/Index/index.html

[ 2015-08-21T23:18:52+08:00 ] ::1 /myphp/
ERR: 模板不存在:./Application/Home/View/Index/index.html

[ 2015-08-21T23:18:52+08:00 ] ::1 /myphp/
ERR: 模板不存在:./Application/Home/View/Index/index.html

[ 2015-08-21T23:18:52+08:00 ] ::1 /myphp/
ERR: 模板不存在:./Application/Home/View/Index/index.html

[ 2015-08-21T23:19:58+08:00 ] ::1 /myphp/
INFO: [ app_init ] --START--
INFO: Run Behavior\BuildLiteBehavior [ RunTime:0.000032s ]
INFO: [ app_init ] --END-- [ RunTime:0.000542s ]
INFO: [ app_begin ] --START--
INFO: Run Behavior\ReadHtmlCacheBehavior [ RunTime:0.001141s ]
INFO: [ app_begin ] --END-- [ RunTime:0.001347s ]
ERR: 模板不存在:./Application/Home/View/Index/index.html

[ 2015-08-21T23:20:29+08:00 ] ::1 /myphp/index.php/Home/Index/index
INFO: [ app_init ] --START--
INFO: Run Behavior\BuildLiteBehavior [ RunTime:0.000035s ]
INFO: [ app_init ] --END-- [ RunTime:0.000549s ]
INFO: [ app_begin ] --START--
INFO: Run Behavior\ReadHtmlCacheBehavior [ RunTime:0.001171s ]
INFO: [ app_begin ] --END-- [ RunTime:0.001378s ]
ERR: 模板不存在:./Application/Home/View/Index/index.html

[ 2015-08-21T23:22:07+08:00 ] ::1 /myphp/index.php/Home/Index/index
ERR: 模板不存在:./Application/Home/View/Index/index.html

[ 2015-08-21T23:22:08+08:00 ] ::1 /myphp/index.php/Home/Index/index
ERR: 模板不存在:./Application/Home/View/Index/index.html

[ 2015-08-21T23:22:08+08:00 ] ::1 /myphp/index.php/Home/Index/index
ERR: 模板不存在:./Application/Home/View/Index/index.html

[ 2015-08-21T23:22:08+08:00 ] ::1 /myphp/index.php/Home/Index/index
ERR: 模板不存在:./Application/Home/View/Index/index.html

[ 2015-08-21T23:22:08+08:00 ] ::1 /myphp/index.php/Home/Index/index
ERR: 模板不存在:./Application/Home/View/Index/index.html

[ 2015-08-21T23:22:09+08:00 ] ::1 /myphp/index.php/Home/Index/index
ERR: 模板不存在:./Application/Home/View/Index/index.html

[ 2015-08-21T23:22:09+08:00 ] ::1 /myphp/index.php/Home/Index/index
ERR: 模板不存在:./Application/Home/View/Index/index.html

[ 2015-08-21T23:22:09+08:00 ] ::1 /myphp/index.php/Home/Index/index
ERR: 模板不存在:./Application/Home/View/Index/index.html

[ 2015-08-21T23:22:09+08:00 ] ::1 /myphp/index.php/Home/Index/index
ERR: 模板不存在:./Application/Home/View/Index/index.html

[ 2015-08-21T23:22:09+08:00 ] ::1 /myphp/index.php/Home/Index/index
ERR: 模板不存在:./Application/Home/View/Index/index.html

[ 2015-08-21T23:28:09+08:00 ] ::1 /myphp/
ERR: 模板不存在:./Application/Home/View/Index/index.html

[ 2015-08-21T23:34:25+08:00 ] ::1 /myphp/
ERR: 模板不存在:./Application/Home/View/Index/index.html

