[ 2015-09-17T13:05:40+08:00 ] ::1 /myphp/User/create.html
INFO: [ app_begin ] --START--
INFO: Run Behavior\ReadHtmlCacheBehavior [ RunTime:0.001247s ]
INFO: [ app_begin ] --END-- [ RunTime:0.002017s ]
SQL: DESCRIBE think_user [ RunTime:0.024683s ]
NOTIC: [8] Undefined variable: data D:\wamp\wamp\www\myphp\Application\Home\Controller\UserController.class.php 第 40 行.
SQL: DESCRIBE think_user [ RunTime:0.017687s ]

[ 2015-09-17T13:05:48+08:00 ] ::1 /myphp/User/create.html
INFO: [ app_begin ] --START--
INFO: Run Behavior\ReadHtmlCacheBehavior [ RunTime:0.001099s ]
INFO: [ app_begin ] --END-- [ RunTime:0.001768s ]
SQL: DESCRIBE think_user [ RunTime:0.022385s ]
NOTIC: [8] Undefined variable: data D:\wamp\wamp\www\myphp\Application\Home\Controller\UserController.class.php 第 40 行.
SQL: DESCRIBE think_user [ RunTime:0.017929s ]
SQL: INSERT INTO `think_user` (`user`,`email`,`date`) VALUES ('小猪猪','ff ','2015-09-17 13:05:48') [ RunTime:0.122041s ]

[ 2015-09-17T13:05:49+08:00 ] ::1 /myphp/User/create.html
INFO: [ app_begin ] --START--
INFO: Run Behavior\ReadHtmlCacheBehavior [ RunTime:0.001083s ]
INFO: [ app_begin ] --END-- [ RunTime:0.001813s ]
SQL: DESCRIBE think_user [ RunTime:0.022669s ]
NOTIC: [8] Undefined variable: data D:\wamp\wamp\www\myphp\Application\Home\Controller\UserController.class.php 第 40 行.
SQL: DESCRIBE think_user [ RunTime:0.017832s ]
SQL: INSERT INTO `think_user` (`user`,`email`,`date`) VALUES ('小猪猪','ff ','2015-09-17 13:05:49') [ RunTime:0.100880s ]

[ 2015-09-17T13:19:46+08:00 ] ::1 /myphp/User/create.html
INFO: [ app_begin ] --START--
INFO: Run Behavior\ReadHtmlCacheBehavior [ RunTime:0.000745s ]
INFO: [ app_begin ] --END-- [ RunTime:0.001388s ]
SQL: DESCRIBE think_user [ RunTime:0.079311s ]
NOTIC: [8] Undefined variable: data D:\wamp\wamp\www\myphp\Application\Home\Controller\UserController.class.php 第 40 行.
SQL: DESCRIBE think_user [ RunTime:0.018091s ]

[ 2015-09-17T13:19:48+08:00 ] ::1 /myphp/User/create.html
INFO: [ app_begin ] --START--
INFO: Run Behavior\ReadHtmlCacheBehavior [ RunTime:0.000772s ]
INFO: [ app_begin ] --END-- [ RunTime:0.001406s ]
SQL: DESCRIBE think_user [ RunTime:0.022384s ]
NOTIC: [8] Undefined variable: data D:\wamp\wamp\www\myphp\Application\Home\Controller\UserController.class.php 第 40 行.
SQL: DESCRIBE think_user [ RunTime:0.019241s ]

[ 2015-09-17T13:20:30+08:00 ] ::1 /myphp/User/create.html
INFO: [ app_begin ] --START--
INFO: Run Behavior\ReadHtmlCacheBehavior [ RunTime:0.000717s ]
INFO: [ app_begin ] --END-- [ RunTime:0.001346s ]
SQL: DESCRIBE think_user [ RunTime:0.051799s ]
NOTIC: [8] Undefined variable: data D:\wamp\wamp\www\myphp\Application\Home\Controller\UserController.class.php 第 40 行.
SQL: DESCRIBE think_user [ RunTime:0.025935s ]
SQL: SELECT * FROM `think_user` WHERE ( user="ss" ) LIMIT 1   [ RunTime:0.014465s ]

[ 2015-09-17T13:25:54+08:00 ] ::1 /myphp/User/create.html
INFO: [ app_begin ] --START--
INFO: Run Behavior\ReadHtmlCacheBehavior [ RunTime:0.001165s ]
INFO: [ app_begin ] --END-- [ RunTime:0.001979s ]
SQL: DESCRIBE think_user [ RunTime:0.024961s ]
NOTIC: [8] Undefined variable: data D:\wamp\wamp\www\myphp\Application\Home\Controller\UserController.class.php 第 40 行.
SQL: DESCRIBE think_user [ RunTime:0.023209s ]
SQL: SELECT * FROM `think_user` WHERE ( user="ss" ) LIMIT 1   [ RunTime:0.000485s ]

[ 2015-09-17T13:25:55+08:00 ] ::1 /myphp/User/create.html
INFO: [ app_begin ] --START--
INFO: Run Behavior\ReadHtmlCacheBehavior [ RunTime:0.001182s ]
INFO: [ app_begin ] --END-- [ RunTime:0.001917s ]
SQL: DESCRIBE think_user [ RunTime:0.022861s ]
NOTIC: [8] Undefined variable: data D:\wamp\wamp\www\myphp\Application\Home\Controller\UserController.class.php 第 40 行.
SQL: DESCRIBE think_user [ RunTime:0.017820s ]
SQL: SELECT * FROM `think_user` WHERE ( user="ss" ) LIMIT 1   [ RunTime:0.000427s ]

[ 2015-09-17T13:26:03+08:00 ] ::1 /myphp/User/create.html
INFO: [ app_begin ] --START--
INFO: Run Behavior\ReadHtmlCacheBehavior [ RunTime:0.001103s ]
INFO: [ app_begin ] --END-- [ RunTime:0.001803s ]
SQL: DESCRIBE think_user [ RunTime:0.025031s ]
NOTIC: [8] Undefined variable: data D:\wamp\wamp\www\myphp\Application\Home\Controller\UserController.class.php 第 40 行.
SQL: DESCRIBE think_user [ RunTime:0.017937s ]
SQL: SELECT * FROM `think_user` WHERE ( user="ssd'd'd" ) LIMIT 1   [ RunTime:0.000415s ]
SQL: INSERT INTO `think_user` (`user`,`email`,`date`) VALUES ('ssd\'d\'d','ss','2015-09-17 13:26:03') [ RunTime:0.077607s ]

[ 2015-09-17T13:28:26+08:00 ] ::1 /myphp/User/create.html
INFO: [ app_begin ] --START--
INFO: Run Behavior\ReadHtmlCacheBehavior [ RunTime:0.000915s ]
INFO: [ app_begin ] --END-- [ RunTime:0.001622s ]
SQL: DESCRIBE think_user [ RunTime:0.022990s ]
NOTIC: [8] Undefined variable: data D:\wamp\wamp\www\myphp\Application\Home\Controller\UserController.class.php 第 40 行.
SQL: DESCRIBE think_user [ RunTime:0.017633s ]
SQL: SELECT * FROM `think_user` WHERE ( user="ssd'd'd" ) LIMIT 1   [ RunTime:0.000476s ]

[ 2015-09-17T13:28:27+08:00 ] ::1 /myphp/User/create.html
INFO: [ app_begin ] --START--
INFO: Run Behavior\ReadHtmlCacheBehavior [ RunTime:0.001027s ]
INFO: [ app_begin ] --END-- [ RunTime:0.001968s ]
SQL: DESCRIBE think_user [ RunTime:0.022820s ]
NOTIC: [8] Undefined variable: data D:\wamp\wamp\www\myphp\Application\Home\Controller\UserController.class.php 第 40 行.
SQL: DESCRIBE think_user [ RunTime:0.017841s ]
SQL: SELECT * FROM `think_user` WHERE ( user="ssd'd'd" ) LIMIT 1   [ RunTime:0.000426s ]

[ 2015-09-17T13:34:36+08:00 ] ::1 /myphp/User/create.html
INFO: [ app_begin ] --START--
INFO: Run Behavior\ReadHtmlCacheBehavior [ RunTime:0.001094s ]
INFO: [ app_begin ] --END-- [ RunTime:0.002081s ]
SQL: DESCRIBE think_user [ RunTime:0.026085s ]
SQL: DESCRIBE think_user [ RunTime:0.020354s ]
SQL: SELECT * FROM `think_user` WHERE ( user="s's" ) LIMIT 1   [ RunTime:0.000578s ]
SQL: INSERT INTO `think_user` (`user`,`email`,`date`) VALUES ('s\'s','s\'s','2015-09-17 13:34:36') [ RunTime:0.095020s ]

[ 2015-09-17T13:34:43+08:00 ] ::1 /myphp/User/create.html
INFO: [ app_begin ] --START--
INFO: Run Behavior\ReadHtmlCacheBehavior [ RunTime:0.001169s ]
INFO: [ app_begin ] --END-- [ RunTime:0.001970s ]
SQL: DESCRIBE think_user [ RunTime:0.022920s ]
SQL: DESCRIBE think_user [ RunTime:0.017895s ]
SQL: SELECT * FROM `think_user` WHERE ( user="ss" ) LIMIT 1   [ RunTime:0.000487s ]

[ 2015-09-17T13:34:43+08:00 ] ::1 /myphp/User/create.html
INFO: [ app_begin ] --START--
INFO: Run Behavior\ReadHtmlCacheBehavior [ RunTime:0.001090s ]
INFO: [ app_begin ] --END-- [ RunTime:0.001880s ]
SQL: DESCRIBE think_user [ RunTime:0.018083s ]
SQL: DESCRIBE think_user [ RunTime:0.018422s ]
SQL: SELECT * FROM `think_user` WHERE ( user="ss" ) LIMIT 1   [ RunTime:0.000436s ]

[ 2015-09-17T13:35:06+08:00 ] ::1 /myphp/User/create.html
INFO: [ app_begin ] --START--
INFO: Run Behavior\ReadHtmlCacheBehavior [ RunTime:0.001042s ]
INFO: [ app_begin ] --END-- [ RunTime:0.001743s ]
SQL: DESCRIBE think_user [ RunTime:0.023504s ]
SQL: SELECT * FROM `think_user` WHERE ( user="ss" ) LIMIT 1   [ RunTime:0.000412s ]

[ 2015-09-17T13:36:50+08:00 ] ::1 /myphp/User/create.html
INFO: [ app_begin ] --START--
INFO: Run Behavior\ReadHtmlCacheBehavior [ RunTime:0.001025s ]
INFO: [ app_begin ] --END-- [ RunTime:0.001773s ]
SQL: DESCRIBE think_user [ RunTime:0.061434s ]
SQL: SELECT * FROM `think_user` WHERE ( user="ss" ) LIMIT 1   [ RunTime:0.000494s ]

[ 2015-09-17T13:36:51+08:00 ] ::1 /myphp/User/create.html
INFO: [ app_begin ] --START--
INFO: Run Behavior\ReadHtmlCacheBehavior [ RunTime:0.001092s ]
INFO: [ app_begin ] --END-- [ RunTime:0.001880s ]
SQL: DESCRIBE think_user [ RunTime:0.023300s ]
SQL: SELECT * FROM `think_user` WHERE ( user="ss" ) LIMIT 1   [ RunTime:0.000420s ]

[ 2015-09-17T13:36:54+08:00 ] ::1 /myphp/User/create.html
INFO: [ app_begin ] --START--
INFO: Run Behavior\ReadHtmlCacheBehavior [ RunTime:0.001005s ]
INFO: [ app_begin ] --END-- [ RunTime:0.001760s ]
SQL: DESCRIBE think_user [ RunTime:0.022847s ]

[ 2015-09-17T13:36:56+08:00 ] ::1 /myphp/User/create.html
INFO: [ app_begin ] --START--
INFO: Run Behavior\ReadHtmlCacheBehavior [ RunTime:0.001014s ]
INFO: [ app_begin ] --END-- [ RunTime:0.001888s ]
SQL: DESCRIBE think_user [ RunTime:0.023030s ]

[ 2015-09-17T13:36:57+08:00 ] ::1 /myphp/User/create.html
INFO: [ app_begin ] --START--
INFO: Run Behavior\ReadHtmlCacheBehavior [ RunTime:0.001097s ]
INFO: [ app_begin ] --END-- [ RunTime:0.001895s ]
SQL: DESCRIBE think_user [ RunTime:0.022368s ]

[ 2015-09-17T13:36:57+08:00 ] ::1 /myphp/User/create.html
INFO: [ app_begin ] --START--
INFO: Run Behavior\ReadHtmlCacheBehavior [ RunTime:0.000952s ]
INFO: [ app_begin ] --END-- [ RunTime:0.001672s ]
SQL: DESCRIBE think_user [ RunTime:0.019108s ]

[ 2015-09-17T13:42:32+08:00 ] ::1 /myphp/User/create.html
INFO: [ app_begin ] --START--
INFO: Run Behavior\ReadHtmlCacheBehavior [ RunTime:0.001059s ]
INFO: [ app_begin ] --END-- [ RunTime:0.001814s ]
SQL: DESCRIBE think_user [ RunTime:0.060340s ]

[ 2015-09-17T13:42:37+08:00 ] ::1 /myphp/User/create.html
INFO: [ app_begin ] --START--
INFO: Run Behavior\ReadHtmlCacheBehavior [ RunTime:0.001068s ]
INFO: [ app_begin ] --END-- [ RunTime:0.001845s ]
SQL: DESCRIBE think_user [ RunTime:0.023864s ]
SQL: SELECT * FROM `think_user` WHERE ( user="但是" ) LIMIT 1   [ RunTime:0.000527s ]
SQL: INSERT INTO `think_user` (`user`,`email`,`date_zhuce`) VALUES ('但是','是 是 ','2015-09-17 13:42:37') [ RunTime:0.094474s ]

[ 2015-09-17T13:43:24+08:00 ] ::1 /myphp/User/create.html
INFO: [ app_begin ] --START--
INFO: Run Behavior\ReadHtmlCacheBehavior [ RunTime:0.001255s ]
INFO: [ app_begin ] --END-- [ RunTime:0.002028s ]
SQL: DESCRIBE think_user [ RunTime:0.023682s ]
SQL: SELECT * FROM `think_user` WHERE ( user="但是额" ) LIMIT 1   [ RunTime:0.000473s ]
SQL: INSERT INTO `think_user` (`user`,`email`,`date_zhuce`) VALUES ('但是额','是 是 ','2015-09-17 13:43:24') [ RunTime:0.089554s ]

[ 2015-09-17T13:43:28+08:00 ] ::1 /myphp/User/create.html
INFO: [ app_begin ] --START--
INFO: Run Behavior\ReadHtmlCacheBehavior [ RunTime:0.001257s ]
INFO: [ app_begin ] --END-- [ RunTime:0.002024s ]
SQL: DESCRIBE think_user [ RunTime:0.023625s ]
SQL: SELECT * FROM `think_user` WHERE ( user="但是额" ) LIMIT 1   [ RunTime:0.000500s ]

[ 2015-09-17T13:45:27+08:00 ] ::1 /myphp/User/create.html
INFO: [ app_begin ] --START--
INFO: Run Behavior\ReadHtmlCacheBehavior [ RunTime:0.001102s ]
INFO: [ app_begin ] --END-- [ RunTime:0.001814s ]
SQL: DESCRIBE think_user [ RunTime:0.058550s ]

[ 2015-09-17T13:45:30+08:00 ] ::1 /myphp/User/create.html
INFO: [ app_begin ] --START--
INFO: Run Behavior\ReadHtmlCacheBehavior [ RunTime:0.001092s ]
INFO: [ app_begin ] --END-- [ RunTime:0.001768s ]
SQL: DESCRIBE think_user [ RunTime:0.023154s ]

[ 2015-09-17T13:45:31+08:00 ] ::1 /myphp/User/create.html
INFO: [ app_begin ] --START--
INFO: Run Behavior\ReadHtmlCacheBehavior [ RunTime:0.001234s ]
INFO: [ app_begin ] --END-- [ RunTime:0.002003s ]
SQL: DESCRIBE think_user [ RunTime:0.023442s ]

[ 2015-09-17T13:45:33+08:00 ] ::1 /myphp/User/create.html
INFO: [ app_begin ] --START--
INFO: Run Behavior\ReadHtmlCacheBehavior [ RunTime:0.001259s ]
INFO: [ app_begin ] --END-- [ RunTime:0.002066s ]
SQL: DESCRIBE think_user [ RunTime:0.023332s ]
SQL: SELECT * FROM `think_user` WHERE ( user="是" ) LIMIT 1   [ RunTime:0.000506s ]
SQL: INSERT INTO `think_user` (`user`,`email`,`date_zhuce`) VALUES ('是','是','2015-09-17 13:45:33') [ RunTime:0.092626s ]

[ 2015-09-17T13:47:36+08:00 ] ::1 /myphp/User/create.html
INFO: [ app_begin ] --START--
INFO: Run Behavior\ReadHtmlCacheBehavior [ RunTime:0.001013s ]
INFO: [ app_begin ] --END-- [ RunTime:0.001727s ]
SQL: DESCRIBE think_user [ RunTime:0.023399s ]
SQL: SELECT * FROM `think_user` WHERE ( user="但是额" ) LIMIT 1   [ RunTime:0.000510s ]

[ 2015-09-17T13:47:39+08:00 ] ::1 /myphp/User/create.html
INFO: [ app_begin ] --START--
INFO: Run Behavior\ReadHtmlCacheBehavior [ RunTime:0.001129s ]
INFO: [ app_begin ] --END-- [ RunTime:0.001941s ]
SQL: DESCRIBE think_user [ RunTime:0.023374s ]
SQL: SELECT * FROM `think_user` WHERE ( user="但是额" ) LIMIT 1   [ RunTime:0.000448s ]

[ 2015-09-17T13:47:43+08:00 ] ::1 /myphp/User/create.html
INFO: [ app_begin ] --START--
INFO: Run Behavior\ReadHtmlCacheBehavior [ RunTime:0.001194s ]
INFO: [ app_begin ] --END-- [ RunTime:0.002012s ]
SQL: DESCRIBE think_user [ RunTime:0.023537s ]
SQL: SELECT * FROM `think_user` WHERE ( user="但" ) LIMIT 1   [ RunTime:0.000437s ]
SQL: INSERT INTO `think_user` (`user`,`email`,`date_zhuce`) VALUES ('但','是 是 ','2015-09-17 13:47:43') [ RunTime:0.091939s ]

[ 2015-09-17T13:48:28+08:00 ] ::1 /myphp/User/login.html
INFO: [ app_begin ] --START--
INFO: Run Behavior\ReadHtmlCacheBehavior [ RunTime:0.001233s ]
INFO: [ app_begin ] --END-- [ RunTime:0.002076s ]
SQL: DESCRIBE think_user [ RunTime:0.022738s ]

[ 2015-09-17T13:48:31+08:00 ] ::1 /myphp/User/login.html
INFO: [ app_begin ] --START--
INFO: Run Behavior\ReadHtmlCacheBehavior [ RunTime:0.001223s ]
INFO: [ app_begin ] --END-- [ RunTime:0.002034s ]
SQL: DESCRIBE think_user [ RunTime:0.022908s ]
SQL: SELECT * FROM `think_user` WHERE ( user="是" ) LIMIT 1   [ RunTime:0.000497s ]
ERR: Think\Controller:ajaxaReturn方法不存在！

[ 2015-09-17T13:48:31+08:00 ] ::1 /myphp/User/login.html
INFO: [ app_begin ] --START--
INFO: Run Behavior\ReadHtmlCacheBehavior [ RunTime:0.001085s ]
INFO: [ app_begin ] --END-- [ RunTime:0.001798s ]
SQL: DESCRIBE think_user [ RunTime:0.019098s ]
SQL: SELECT * FROM `think_user` WHERE ( user="是" ) LIMIT 1   [ RunTime:0.000495s ]
ERR: Think\Controller:ajaxaReturn方法不存在！

[ 2015-09-17T13:48:32+08:00 ] ::1 /myphp/User/login.html
INFO: [ app_begin ] --START--
INFO: Run Behavior\ReadHtmlCacheBehavior [ RunTime:0.001237s ]
INFO: [ app_begin ] --END-- [ RunTime:0.002003s ]
SQL: DESCRIBE think_user [ RunTime:0.023412s ]
SQL: SELECT * FROM `think_user` WHERE ( user="是" ) LIMIT 1   [ RunTime:0.000498s ]
ERR: Think\Controller:ajaxaReturn方法不存在！

[ 2015-09-17T13:48:32+08:00 ] ::1 /myphp/User/login.html
INFO: [ app_begin ] --START--
INFO: Run Behavior\ReadHtmlCacheBehavior [ RunTime:0.001222s ]
INFO: [ app_begin ] --END-- [ RunTime:0.002059s ]
SQL: DESCRIBE think_user [ RunTime:0.018705s ]
SQL: SELECT * FROM `think_user` WHERE ( user="是" ) LIMIT 1   [ RunTime:0.000503s ]
ERR: Think\Controller:ajaxaReturn方法不存在！

[ 2015-09-17T13:48:33+08:00 ] ::1 /myphp/User/login.html
INFO: [ app_begin ] --START--
INFO: Run Behavior\ReadHtmlCacheBehavior [ RunTime:0.001299s ]
INFO: [ app_begin ] --END-- [ RunTime:0.002091s ]
SQL: DESCRIBE think_user [ RunTime:0.023298s ]
SQL: SELECT * FROM `think_user` WHERE ( user="是" ) LIMIT 1   [ RunTime:0.000594s ]
ERR: Think\Controller:ajaxaReturn方法不存在！

[ 2015-09-17T13:48:33+08:00 ] ::1 /myphp/User/login.html
INFO: [ app_begin ] --START--
INFO: Run Behavior\ReadHtmlCacheBehavior [ RunTime:0.001170s ]
INFO: [ app_begin ] --END-- [ RunTime:0.001981s ]
SQL: DESCRIBE think_user [ RunTime:0.018237s ]
SQL: SELECT * FROM `think_user` WHERE ( user="是" ) LIMIT 1   [ RunTime:0.000502s ]
ERR: Think\Controller:ajaxaReturn方法不存在！

[ 2015-09-17T13:48:34+08:00 ] ::1 /myphp/User/login.html
INFO: [ app_begin ] --START--
INFO: Run Behavior\ReadHtmlCacheBehavior [ RunTime:0.001686s ]
INFO: [ app_begin ] --END-- [ RunTime:0.002518s ]
SQL: DESCRIBE think_user [ RunTime:0.023471s ]
SQL: SELECT * FROM `think_user` WHERE ( user="是" ) LIMIT 1   [ RunTime:0.000506s ]
ERR: Think\Controller:ajaxaReturn方法不存在！

[ 2015-09-17T13:48:35+08:00 ] ::1 /myphp/User/login.html
INFO: [ app_begin ] --START--
INFO: Run Behavior\ReadHtmlCacheBehavior [ RunTime:0.001166s ]
INFO: [ app_begin ] --END-- [ RunTime:0.001971s ]
SQL: DESCRIBE think_user [ RunTime:0.023093s ]
SQL: SELECT * FROM `think_user` WHERE ( user="是" ) LIMIT 1   [ RunTime:0.000476s ]
ERR: Think\Controller:ajaxaReturn方法不存在！

[ 2015-09-17T13:48:36+08:00 ] ::1 /myphp/User/login.html
INFO: [ app_begin ] --START--
INFO: Run Behavior\ReadHtmlCacheBehavior [ RunTime:0.001229s ]
INFO: [ app_begin ] --END-- [ RunTime:0.002044s ]
SQL: DESCRIBE think_user [ RunTime:0.024357s ]
SQL: SELECT * FROM `think_user` WHERE ( user="是" ) LIMIT 1   [ RunTime:0.000504s ]
ERR: Think\Controller:ajaxaReturn方法不存在！

[ 2015-09-17T13:48:36+08:00 ] ::1 /myphp/User/login.html
INFO: [ app_begin ] --START--
INFO: Run Behavior\ReadHtmlCacheBehavior [ RunTime:0.001227s ]
INFO: [ app_begin ] --END-- [ RunTime:0.002040s ]
SQL: DESCRIBE think_user [ RunTime:0.018925s ]
SQL: SELECT * FROM `think_user` WHERE ( user="是" ) LIMIT 1   [ RunTime:0.000511s ]
ERR: Think\Controller:ajaxaReturn方法不存在！

[ 2015-09-17T13:48:56+08:00 ] ::1 /myphp/User/login.html
INFO: [ app_begin ] --START--
INFO: Run Behavior\ReadHtmlCacheBehavior [ RunTime:0.001161s ]
INFO: [ app_begin ] --END-- [ RunTime:0.001915s ]
SQL: DESCRIBE think_user [ RunTime:0.023220s ]
SQL: SELECT * FROM `think_user` WHERE ( user="是" ) LIMIT 1   [ RunTime:0.000492s ]
ERR: Think\Controller:ajaxaReturn方法不存在！

[ 2015-09-17T13:48:56+08:00 ] ::1 /myphp/User/login.html
INFO: [ app_begin ] --START--
INFO: Run Behavior\ReadHtmlCacheBehavior [ RunTime:0.001229s ]
INFO: [ app_begin ] --END-- [ RunTime:0.002047s ]
SQL: DESCRIBE think_user [ RunTime:0.018830s ]
SQL: SELECT * FROM `think_user` WHERE ( user="是" ) LIMIT 1   [ RunTime:0.000502s ]
ERR: Think\Controller:ajaxaReturn方法不存在！

[ 2015-09-17T13:48:56+08:00 ] ::1 /myphp/User/login.html
INFO: [ app_begin ] --START--
INFO: Run Behavior\ReadHtmlCacheBehavior [ RunTime:0.001232s ]
INFO: [ app_begin ] --END-- [ RunTime:0.002067s ]
SQL: DESCRIBE think_user [ RunTime:0.018581s ]
SQL: SELECT * FROM `think_user` WHERE ( user="是" ) LIMIT 1   [ RunTime:0.000473s ]
ERR: Think\Controller:ajaxaReturn方法不存在！

[ 2015-09-17T13:48:56+08:00 ] ::1 /myphp/User/login.html
INFO: [ app_begin ] --START--
INFO: Run Behavior\ReadHtmlCacheBehavior [ RunTime:0.001237s ]
INFO: [ app_begin ] --END-- [ RunTime:0.002112s ]
SQL: DESCRIBE think_user [ RunTime:0.018521s ]
SQL: SELECT * FROM `think_user` WHERE ( user="是" ) LIMIT 1   [ RunTime:0.000475s ]
ERR: Think\Controller:ajaxaReturn方法不存在！

[ 2015-09-17T13:48:57+08:00 ] ::1 /myphp/User/login.html
INFO: [ app_begin ] --START--
INFO: Run Behavior\ReadHtmlCacheBehavior [ RunTime:0.001087s ]
INFO: [ app_begin ] --END-- [ RunTime:0.001801s ]
SQL: DESCRIBE think_user [ RunTime:0.023134s ]
SQL: SELECT * FROM `think_user` WHERE ( user="是" ) LIMIT 1   [ RunTime:0.000474s ]
ERR: Think\Controller:ajaxaReturn方法不存在！

[ 2015-09-17T13:48:57+08:00 ] ::1 /myphp/User/login.html
INFO: [ app_begin ] --START--
INFO: Run Behavior\ReadHtmlCacheBehavior [ RunTime:0.001083s ]
INFO: [ app_begin ] --END-- [ RunTime:0.001823s ]
SQL: DESCRIBE think_user [ RunTime:0.018087s ]
SQL: SELECT * FROM `think_user` WHERE ( user="是" ) LIMIT 1   [ RunTime:0.000495s ]
ERR: Think\Controller:ajaxaReturn方法不存在！

[ 2015-09-17T13:48:57+08:00 ] ::1 /myphp/User/login.html
INFO: [ app_begin ] --START--
INFO: Run Behavior\ReadHtmlCacheBehavior [ RunTime:0.001220s ]
INFO: [ app_begin ] --END-- [ RunTime:0.002007s ]
SQL: DESCRIBE think_user [ RunTime:0.019980s ]
SQL: SELECT * FROM `think_user` WHERE ( user="是" ) LIMIT 1   [ RunTime:0.000512s ]
ERR: Think\Controller:ajaxaReturn方法不存在！

[ 2015-09-17T13:49:00+08:00 ] ::1 /myphp/User/login.html
INFO: [ app_begin ] --START--
INFO: Run Behavior\ReadHtmlCacheBehavior [ RunTime:0.001119s ]
INFO: [ app_begin ] --END-- [ RunTime:0.001898s ]
SQL: DESCRIBE think_user [ RunTime:0.025853s ]

[ 2015-09-17T13:49:03+08:00 ] ::1 /myphp/User/login.html
INFO: [ app_begin ] --START--
INFO: Run Behavior\ReadHtmlCacheBehavior [ RunTime:0.001241s ]
INFO: [ app_begin ] --END-- [ RunTime:0.002022s ]
SQL: DESCRIBE think_user [ RunTime:0.023434s ]
SQL: SELECT * FROM `think_user` WHERE ( user="是" ) LIMIT 1   [ RunTime:0.000474s ]
ERR: Think\Controller:ajaxaReturn方法不存在！

[ 2015-09-17T13:49:04+08:00 ] ::1 /myphp/User/login.html
INFO: [ app_begin ] --START--
INFO: Run Behavior\ReadHtmlCacheBehavior [ RunTime:0.001224s ]
INFO: [ app_begin ] --END-- [ RunTime:0.002049s ]
SQL: DESCRIBE think_user [ RunTime:0.023734s ]
SQL: SELECT * FROM `think_user` WHERE ( user="是" ) LIMIT 1   [ RunTime:0.000496s ]
ERR: Think\Controller:ajaxaReturn方法不存在！

[ 2015-09-17T13:49:04+08:00 ] ::1 /myphp/User/login.html
INFO: [ app_begin ] --START--
INFO: Run Behavior\ReadHtmlCacheBehavior [ RunTime:0.001230s ]
INFO: [ app_begin ] --END-- [ RunTime:0.002098s ]
SQL: DESCRIBE think_user [ RunTime:0.018601s ]
SQL: SELECT * FROM `think_user` WHERE ( user="是" ) LIMIT 1   [ RunTime:0.000502s ]
ERR: Think\Controller:ajaxaReturn方法不存在！

[ 2015-09-17T13:49:04+08:00 ] ::1 /myphp/User/login.html
INFO: [ app_begin ] --START--
INFO: Run Behavior\ReadHtmlCacheBehavior [ RunTime:0.001206s ]
INFO: [ app_begin ] --END-- [ RunTime:0.002028s ]
SQL: DESCRIBE think_user [ RunTime:0.018671s ]
SQL: SELECT * FROM `think_user` WHERE ( user="是" ) LIMIT 1   [ RunTime:0.000506s ]
ERR: Think\Controller:ajaxaReturn方法不存在！

[ 2015-09-17T13:49:05+08:00 ] ::1 /myphp/User/login.html
INFO: [ app_begin ] --START--
INFO: Run Behavior\ReadHtmlCacheBehavior [ RunTime:0.001359s ]
INFO: [ app_begin ] --END-- [ RunTime:0.002201s ]
SQL: DESCRIBE think_user [ RunTime:0.024837s ]
SQL: SELECT * FROM `think_user` WHERE ( user="是" ) LIMIT 1   [ RunTime:0.000505s ]
ERR: Think\Controller:ajaxaReturn方法不存在！

[ 2015-09-17T13:50:44+08:00 ] ::1 /myphp/User/login.html
INFO: [ app_begin ] --START--
INFO: Run Behavior\ReadHtmlCacheBehavior [ RunTime:0.001231s ]
INFO: [ app_begin ] --END-- [ RunTime:0.002039s ]

[ 2015-09-17T13:51:48+08:00 ] ::1 /myphp/User/login.html
INFO: [ app_begin ] --START--
INFO: Run Behavior\ReadHtmlCacheBehavior [ RunTime:0.001380s ]
INFO: [ app_begin ] --END-- [ RunTime:0.002295s ]
SQL: DESCRIBE think_user [ RunTime:0.024891s ]
SQL: SELECT * FROM `think_user` WHERE ( user="是" ) LIMIT 1   [ RunTime:0.000504s ]
ERR: Think\Controller:ajaxaReturn方法不存在！

[ 2015-09-17T13:51:48+08:00 ] ::1 /myphp/User/login.html
INFO: [ app_begin ] --START--
INFO: Run Behavior\ReadHtmlCacheBehavior [ RunTime:0.001233s ]
INFO: [ app_begin ] --END-- [ RunTime:0.002053s ]
SQL: DESCRIBE think_user [ RunTime:0.017901s ]
SQL: SELECT * FROM `think_user` WHERE ( user="是" ) LIMIT 1   [ RunTime:0.000470s ]
ERR: Think\Controller:ajaxaReturn方法不存在！

[ 2015-09-17T13:51:49+08:00 ] ::1 /myphp/User/login.html
INFO: [ app_begin ] --START--
INFO: Run Behavior\ReadHtmlCacheBehavior [ RunTime:0.001166s ]
INFO: [ app_begin ] --END-- [ RunTime:0.001945s ]
SQL: DESCRIBE think_user [ RunTime:0.019214s ]
SQL: SELECT * FROM `think_user` WHERE ( user="是" ) LIMIT 1   [ RunTime:0.000494s ]
ERR: Think\Controller:ajaxaReturn方法不存在！

[ 2015-09-17T13:51:49+08:00 ] ::1 /myphp/User/login.html
INFO: [ app_begin ] --START--
INFO: Run Behavior\ReadHtmlCacheBehavior [ RunTime:0.001169s ]
INFO: [ app_begin ] --END-- [ RunTime:0.001963s ]
SQL: DESCRIBE think_user [ RunTime:0.023375s ]
SQL: SELECT * FROM `think_user` WHERE ( user="是" ) LIMIT 1   [ RunTime:0.000496s ]
ERR: Think\Controller:ajaxaReturn方法不存在！

[ 2015-09-17T13:51:49+08:00 ] ::1 /myphp/User/login.html
INFO: [ app_begin ] --START--
INFO: Run Behavior\ReadHtmlCacheBehavior [ RunTime:0.001261s ]
INFO: [ app_begin ] --END-- [ RunTime:0.002158s ]
SQL: DESCRIBE think_user [ RunTime:0.018810s ]
SQL: SELECT * FROM `think_user` WHERE ( user="是" ) LIMIT 1   [ RunTime:0.000468s ]
ERR: Think\Controller:ajaxaReturn方法不存在！

[ 2015-09-17T13:51:50+08:00 ] ::1 /myphp/User/login.html
INFO: [ app_begin ] --START--
INFO: Run Behavior\ReadHtmlCacheBehavior [ RunTime:0.001227s ]
INFO: [ app_begin ] --END-- [ RunTime:0.002049s ]
SQL: DESCRIBE think_user [ RunTime:0.023286s ]
SQL: SELECT * FROM `think_user` WHERE ( user="是" ) LIMIT 1   [ RunTime:0.000478s ]
ERR: Think\Controller:ajaxaReturn方法不存在！

[ 2015-09-17T13:51:50+08:00 ] ::1 /myphp/User/login.html
INFO: [ app_begin ] --START--
INFO: Run Behavior\ReadHtmlCacheBehavior [ RunTime:0.001225s ]
INFO: [ app_begin ] --END-- [ RunTime:0.002045s ]
SQL: DESCRIBE think_user [ RunTime:0.018506s ]
SQL: SELECT * FROM `think_user` WHERE ( user="是" ) LIMIT 1   [ RunTime:0.000504s ]
ERR: Think\Controller:ajaxaReturn方法不存在！

[ 2015-09-17T13:51:50+08:00 ] ::1 /myphp/User/login.html
INFO: [ app_begin ] --START--
INFO: Run Behavior\ReadHtmlCacheBehavior [ RunTime:0.001171s ]
INFO: [ app_begin ] --END-- [ RunTime:0.001890s ]
SQL: DESCRIBE think_user [ RunTime:0.020188s ]
SQL: SELECT * FROM `think_user` WHERE ( user="是" ) LIMIT 1   [ RunTime:0.000463s ]
ERR: Think\Controller:ajaxaReturn方法不存在！

[ 2015-09-17T13:51:51+08:00 ] ::1 /myphp/User/login.html
INFO: [ app_begin ] --START--
INFO: Run Behavior\ReadHtmlCacheBehavior [ RunTime:0.001251s ]
INFO: [ app_begin ] --END-- [ RunTime:0.002110s ]
SQL: DESCRIBE think_user [ RunTime:0.023218s ]
SQL: SELECT * FROM `think_user` WHERE ( user="是" ) LIMIT 1   [ RunTime:0.000484s ]
ERR: Think\Controller:ajaxaReturn方法不存在！

[ 2015-09-17T13:51:51+08:00 ] ::1 /myphp/User/login.html
INFO: [ app_begin ] --START--
INFO: Run Behavior\ReadHtmlCacheBehavior [ RunTime:0.001223s ]
INFO: [ app_begin ] --END-- [ RunTime:0.002043s ]
SQL: DESCRIBE think_user [ RunTime:0.019053s ]
SQL: SELECT * FROM `think_user` WHERE ( user="是" ) LIMIT 1   [ RunTime:0.000474s ]
ERR: Think\Controller:ajaxaReturn方法不存在！

[ 2015-09-17T13:51:51+08:00 ] ::1 /myphp/User/login.html
INFO: [ app_begin ] --START--
INFO: Run Behavior\ReadHtmlCacheBehavior [ RunTime:0.001231s ]
INFO: [ app_begin ] --END-- [ RunTime:0.002020s ]
SQL: DESCRIBE think_user [ RunTime:0.018966s ]
SQL: SELECT * FROM `think_user` WHERE ( user="是" ) LIMIT 1   [ RunTime:0.000545s ]
ERR: Think\Controller:ajaxaReturn方法不存在！

[ 2015-09-17T13:51:51+08:00 ] ::1 /myphp/User/login.html
INFO: [ app_begin ] --START--
INFO: Run Behavior\ReadHtmlCacheBehavior [ RunTime:0.001215s ]
INFO: [ app_begin ] --END-- [ RunTime:0.002056s ]
SQL: DESCRIBE think_user [ RunTime:0.018673s ]
SQL: SELECT * FROM `think_user` WHERE ( user="是" ) LIMIT 1   [ RunTime:0.000470s ]
ERR: Think\Controller:ajaxaReturn方法不存在！

[ 2015-09-17T13:52:21+08:00 ] ::1 /myphp/User/login.html
INFO: [ app_begin ] --START--
INFO: Run Behavior\ReadHtmlCacheBehavior [ RunTime:0.001183s ]
INFO: [ app_begin ] --END-- [ RunTime:0.001951s ]
SQL: DESCRIBE think_user [ RunTime:0.022177s ]

[ 2015-09-17T13:52:23+08:00 ] ::1 /myphp/User/login.html
INFO: [ app_begin ] --START--
INFO: Run Behavior\ReadHtmlCacheBehavior [ RunTime:0.001248s ]
INFO: [ app_begin ] --END-- [ RunTime:0.002045s ]
SQL: DESCRIBE think_user [ RunTime:0.022658s ]
SQL: SELECT * FROM `think_user` WHERE ( user="杀杀杀是 " ) LIMIT 1   [ RunTime:0.000489s ]
SQL: INSERT INTO `think_user` (`user`,`email`) VALUES ('杀杀杀是 ','的的') [ RunTime:0.073821s ]
ERR: Think\Controller:ajaxaReturn方法不存在！

[ 2015-09-17T13:52:23+08:00 ] ::1 /myphp/User/login.html
INFO: [ app_begin ] --START--
INFO: Run Behavior\ReadHtmlCacheBehavior [ RunTime:0.001117s ]
INFO: [ app_begin ] --END-- [ RunTime:0.001791s ]
SQL: DESCRIBE think_user [ RunTime:0.018271s ]
SQL: SELECT * FROM `think_user` WHERE ( user="杀杀杀是 " ) LIMIT 1   [ RunTime:0.000467s ]
ERR: Think\Controller:ajaxaReturn方法不存在！

[ 2015-09-17T13:52:24+08:00 ] ::1 /myphp/User/login.html
INFO: [ app_begin ] --START--
INFO: Run Behavior\ReadHtmlCacheBehavior [ RunTime:0.001122s ]
INFO: [ app_begin ] --END-- [ RunTime:0.001791s ]
SQL: DESCRIBE think_user [ RunTime:0.022684s ]
SQL: SELECT * FROM `think_user` WHERE ( user="杀杀杀是 " ) LIMIT 1   [ RunTime:0.000497s ]
ERR: Think\Controller:ajaxaReturn方法不存在！

[ 2015-09-17T13:52:24+08:00 ] ::1 /myphp/User/login.html
INFO: [ app_begin ] --START--
INFO: Run Behavior\ReadHtmlCacheBehavior [ RunTime:0.001114s ]
INFO: [ app_begin ] --END-- [ RunTime:0.001832s ]
SQL: DESCRIBE think_user [ RunTime:0.018378s ]
SQL: SELECT * FROM `think_user` WHERE ( user="杀杀杀是 " ) LIMIT 1   [ RunTime:0.000524s ]
ERR: Think\Controller:ajaxaReturn方法不存在！

[ 2015-09-17T13:52:24+08:00 ] ::1 /myphp/User/login.html
INFO: [ app_begin ] --START--
INFO: Run Behavior\ReadHtmlCacheBehavior [ RunTime:0.001139s ]
INFO: [ app_begin ] --END-- [ RunTime:0.001868s ]
SQL: DESCRIBE think_user [ RunTime:0.018145s ]
SQL: SELECT * FROM `think_user` WHERE ( user="杀杀杀是 " ) LIMIT 1   [ RunTime:0.000496s ]
ERR: Think\Controller:ajaxaReturn方法不存在！

[ 2015-09-17T13:52:25+08:00 ] ::1 /myphp/User/login.html
INFO: [ app_begin ] --START--
INFO: Run Behavior\ReadHtmlCacheBehavior [ RunTime:0.001182s ]
INFO: [ app_begin ] --END-- [ RunTime:0.002004s ]
SQL: DESCRIBE think_user [ RunTime:0.022695s ]
SQL: SELECT * FROM `think_user` WHERE ( user="杀杀杀是 " ) LIMIT 1   [ RunTime:0.000467s ]
ERR: Think\Controller:ajaxaReturn方法不存在！

[ 2015-09-17T13:52:25+08:00 ] ::1 /myphp/User/login.html
INFO: [ app_begin ] --START--
INFO: Run Behavior\ReadHtmlCacheBehavior [ RunTime:0.001127s ]
INFO: [ app_begin ] --END-- [ RunTime:0.001854s ]
SQL: DESCRIBE think_user [ RunTime:0.018425s ]
SQL: SELECT * FROM `think_user` WHERE ( user="杀杀杀是 " ) LIMIT 1   [ RunTime:0.000464s ]
ERR: Think\Controller:ajaxaReturn方法不存在！

[ 2015-09-17T13:52:25+08:00 ] ::1 /myphp/User/login.html
INFO: [ app_begin ] --START--
INFO: Run Behavior\ReadHtmlCacheBehavior [ RunTime:0.001107s ]
INFO: [ app_begin ] --END-- [ RunTime:0.001824s ]
SQL: DESCRIBE think_user [ RunTime:0.018184s ]
SQL: SELECT * FROM `think_user` WHERE ( user="杀杀杀是 " ) LIMIT 1   [ RunTime:0.000465s ]
ERR: Think\Controller:ajaxaReturn方法不存在！

[ 2015-09-17T13:52:25+08:00 ] ::1 /myphp/User/login.html
INFO: [ app_begin ] --START--
INFO: Run Behavior\ReadHtmlCacheBehavior [ RunTime:0.001184s ]
INFO: [ app_begin ] --END-- [ RunTime:0.001918s ]
SQL: DESCRIBE think_user [ RunTime:0.018257s ]
SQL: SELECT * FROM `think_user` WHERE ( user="杀杀杀是 " ) LIMIT 1   [ RunTime:0.000453s ]
ERR: Think\Controller:ajaxaReturn方法不存在！

[ 2015-09-17T13:52:25+08:00 ] ::1 /myphp/User/login.html
INFO: [ app_begin ] --START--
INFO: Run Behavior\ReadHtmlCacheBehavior [ RunTime:0.001149s ]
INFO: [ app_begin ] --END-- [ RunTime:0.001919s ]
SQL: DESCRIBE think_user [ RunTime:0.018135s ]
SQL: SELECT * FROM `think_user` WHERE ( user="杀杀杀是 " ) LIMIT 1   [ RunTime:0.000559s ]
ERR: Think\Controller:ajaxaReturn方法不存在！

[ 2015-09-17T13:52:26+08:00 ] ::1 /myphp/User/login.html
INFO: [ app_begin ] --START--
INFO: Run Behavior\ReadHtmlCacheBehavior [ RunTime:0.001121s ]
INFO: [ app_begin ] --END-- [ RunTime:0.001798s ]
SQL: DESCRIBE think_user [ RunTime:0.022927s ]
SQL: SELECT * FROM `think_user` WHERE ( user="杀杀杀是 " ) LIMIT 1   [ RunTime:0.000468s ]
ERR: Think\Controller:ajaxaReturn方法不存在！

[ 2015-09-17T13:52:26+08:00 ] ::1 /myphp/User/login.html
INFO: [ app_begin ] --START--
INFO: Run Behavior\ReadHtmlCacheBehavior [ RunTime:0.001154s ]
INFO: [ app_begin ] --END-- [ RunTime:0.001892s ]
SQL: DESCRIBE think_user [ RunTime:0.018346s ]
SQL: SELECT * FROM `think_user` WHERE ( user="杀杀杀是 " ) LIMIT 1   [ RunTime:0.000467s ]
ERR: Think\Controller:ajaxaReturn方法不存在！

[ 2015-09-17T13:52:27+08:00 ] ::1 /myphp/User/login.html
INFO: [ app_begin ] --START--
INFO: Run Behavior\ReadHtmlCacheBehavior [ RunTime:0.001255s ]
INFO: [ app_begin ] --END-- [ RunTime:0.002023s ]
SQL: DESCRIBE think_user [ RunTime:0.018231s ]
SQL: SELECT * FROM `think_user` WHERE ( user="杀杀杀是 " ) LIMIT 1   [ RunTime:0.000478s ]
ERR: Think\Controller:ajaxaReturn方法不存在！

[ 2015-09-17T13:52:27+08:00 ] ::1 /myphp/User/login.html
INFO: [ app_begin ] --START--
INFO: Run Behavior\ReadHtmlCacheBehavior [ RunTime:0.001191s ]
INFO: [ app_begin ] --END-- [ RunTime:0.001985s ]
SQL: DESCRIBE think_user [ RunTime:0.022847s ]
SQL: SELECT * FROM `think_user` WHERE ( user="杀杀杀是 " ) LIMIT 1   [ RunTime:0.000501s ]
ERR: Think\Controller:ajaxaReturn方法不存在！

[ 2015-09-17T13:52:27+08:00 ] ::1 /myphp/User/login.html
INFO: [ app_begin ] --START--
INFO: Run Behavior\ReadHtmlCacheBehavior [ RunTime:0.001121s ]
INFO: [ app_begin ] --END-- [ RunTime:0.001857s ]
SQL: DESCRIBE think_user [ RunTime:0.018332s ]
SQL: SELECT * FROM `think_user` WHERE ( user="杀杀杀是 " ) LIMIT 1   [ RunTime:0.000508s ]
ERR: Think\Controller:ajaxaReturn方法不存在！

[ 2015-09-17T13:52:28+08:00 ] ::1 /myphp/User/login.html
INFO: [ app_begin ] --START--
INFO: Run Behavior\ReadHtmlCacheBehavior [ RunTime:0.001294s ]
INFO: [ app_begin ] --END-- [ RunTime:0.002085s ]
SQL: DESCRIBE think_user [ RunTime:0.023693s ]
SQL: SELECT * FROM `think_user` WHERE ( user="杀杀杀是 " ) LIMIT 1   [ RunTime:0.000483s ]
ERR: Think\Controller:ajaxaReturn方法不存在！

[ 2015-09-17T13:52:28+08:00 ] ::1 /myphp/User/login.html
INFO: [ app_begin ] --START--
INFO: Run Behavior\ReadHtmlCacheBehavior [ RunTime:0.001258s ]
INFO: [ app_begin ] --END-- [ RunTime:0.002061s ]
SQL: DESCRIBE think_user [ RunTime:0.018466s ]
SQL: SELECT * FROM `think_user` WHERE ( user="杀杀杀是 " ) LIMIT 1   [ RunTime:0.000502s ]
ERR: Think\Controller:ajaxaReturn方法不存在！

[ 2015-09-17T13:52:29+08:00 ] ::1 /myphp/User/login.html
INFO: [ app_begin ] --START--
INFO: Run Behavior\ReadHtmlCacheBehavior [ RunTime:0.001114s ]
INFO: [ app_begin ] --END-- [ RunTime:0.001787s ]
SQL: DESCRIBE think_user [ RunTime:0.022625s ]
SQL: SELECT * FROM `think_user` WHERE ( user="杀杀杀是 " ) LIMIT 1   [ RunTime:0.000465s ]
ERR: Think\Controller:ajaxaReturn方法不存在！

[ 2015-09-17T13:52:29+08:00 ] ::1 /myphp/User/login.html
INFO: [ app_begin ] --START--
INFO: Run Behavior\ReadHtmlCacheBehavior [ RunTime:0.001121s ]
INFO: [ app_begin ] --END-- [ RunTime:0.001837s ]
SQL: DESCRIBE think_user [ RunTime:0.018277s ]
SQL: SELECT * FROM `think_user` WHERE ( user="杀杀杀是 " ) LIMIT 1   [ RunTime:0.000478s ]
ERR: Think\Controller:ajaxaReturn方法不存在！

[ 2015-09-17T13:52:29+08:00 ] ::1 /myphp/User/login.html
INFO: [ app_begin ] --START--
INFO: Run Behavior\ReadHtmlCacheBehavior [ RunTime:0.001115s ]
INFO: [ app_begin ] --END-- [ RunTime:0.001807s ]
SQL: DESCRIBE think_user [ RunTime:0.018328s ]
SQL: SELECT * FROM `think_user` WHERE ( user="杀杀杀是 " ) LIMIT 1   [ RunTime:0.000496s ]
ERR: Think\Controller:ajaxaReturn方法不存在！

[ 2015-09-17T13:52:29+08:00 ] ::1 /myphp/User/login.html
INFO: [ app_begin ] --START--
INFO: Run Behavior\ReadHtmlCacheBehavior [ RunTime:0.001193s ]
INFO: [ app_begin ] --END-- [ RunTime:0.001955s ]
SQL: DESCRIBE think_user [ RunTime:0.018454s ]
SQL: SELECT * FROM `think_user` WHERE ( user="杀杀杀是 " ) LIMIT 1   [ RunTime:0.000537s ]
ERR: Think\Controller:ajaxaReturn方法不存在！

[ 2015-09-17T13:52:30+08:00 ] ::1 /myphp/User/login.html
INFO: [ app_begin ] --START--
INFO: Run Behavior\ReadHtmlCacheBehavior [ RunTime:0.001433s ]
INFO: [ app_begin ] --END-- [ RunTime:0.002440s ]
SQL: DESCRIBE think_user [ RunTime:0.022593s ]
SQL: SELECT * FROM `think_user` WHERE ( user="杀杀杀是 " ) LIMIT 1   [ RunTime:0.000497s ]
ERR: Think\Controller:ajaxaReturn方法不存在！

[ 2015-09-17T13:52:30+08:00 ] ::1 /myphp/User/login.html
INFO: [ app_begin ] --START--
INFO: Run Behavior\ReadHtmlCacheBehavior [ RunTime:0.001255s ]
INFO: [ app_begin ] --END-- [ RunTime:0.002049s ]
SQL: DESCRIBE think_user [ RunTime:0.019382s ]
SQL: SELECT * FROM `think_user` WHERE ( user="杀杀杀是 " ) LIMIT 1   [ RunTime:0.000462s ]
ERR: Think\Controller:ajaxaReturn方法不存在！

[ 2015-09-17T13:55:20+08:00 ] ::1 /myphp/User/login.html
INFO: [ app_begin ] --START--
INFO: Run Behavior\ReadHtmlCacheBehavior [ RunTime:0.001105s ]
INFO: [ app_begin ] --END-- [ RunTime:0.001787s ]
SQL: DESCRIBE think_user [ RunTime:0.060403s ]

[ 2015-09-17T13:55:24+08:00 ] ::1 /myphp/User/login.html
INFO: [ app_begin ] --START--
INFO: Run Behavior\ReadHtmlCacheBehavior [ RunTime:0.001178s ]
INFO: [ app_begin ] --END-- [ RunTime:0.001924s ]
SQL: DESCRIBE think_user [ RunTime:0.024591s ]
SQL: SELECT * FROM `think_user` WHERE ( user="个" ) LIMIT 1   [ RunTime:0.000505s ]
SQL: INSERT INTO `think_user` (`user`,`email`) VALUES ('个','g') [ RunTime:0.071200s ]
ERR: Think\Controller:ajaxaReturn方法不存在！

[ 2015-09-17T13:55:24+08:00 ] ::1 /myphp/User/login.html
INFO: [ app_begin ] --START--
INFO: Run Behavior\ReadHtmlCacheBehavior [ RunTime:0.001219s ]
INFO: [ app_begin ] --END-- [ RunTime:0.001945s ]
SQL: DESCRIBE think_user [ RunTime:0.018583s ]
SQL: SELECT * FROM `think_user` WHERE ( user="个" ) LIMIT 1   [ RunTime:0.000502s ]
ERR: Think\Controller:ajaxaReturn方法不存在！

[ 2015-09-17T13:55:24+08:00 ] ::1 /myphp/User/login.html
INFO: [ app_begin ] --START--
INFO: Run Behavior\ReadHtmlCacheBehavior [ RunTime:0.001114s ]
INFO: [ app_begin ] --END-- [ RunTime:0.001808s ]
SQL: DESCRIBE think_user [ RunTime:0.018245s ]
SQL: SELECT * FROM `think_user` WHERE ( user="个" ) LIMIT 1   [ RunTime:0.000468s ]
ERR: Think\Controller:ajaxaReturn方法不存在！

[ 2015-09-17T13:55:25+08:00 ] ::1 /myphp/User/login.html
INFO: [ app_begin ] --START--
INFO: Run Behavior\ReadHtmlCacheBehavior [ RunTime:0.001109s ]
INFO: [ app_begin ] --END-- [ RunTime:0.001791s ]
SQL: DESCRIBE think_user [ RunTime:0.024802s ]
SQL: SELECT * FROM `think_user` WHERE ( user="个" ) LIMIT 1   [ RunTime:0.000451s ]
ERR: Think\Controller:ajaxaReturn方法不存在！

[ 2015-09-17T13:55:25+08:00 ] ::1 /myphp/User/login.html
INFO: [ app_begin ] --START--
INFO: Run Behavior\ReadHtmlCacheBehavior [ RunTime:0.001104s ]
INFO: [ app_begin ] --END-- [ RunTime:0.001792s ]
SQL: DESCRIBE think_user [ RunTime:0.018185s ]
SQL: SELECT * FROM `think_user` WHERE ( user="个" ) LIMIT 1   [ RunTime:0.000467s ]
ERR: Think\Controller:ajaxaReturn方法不存在！

[ 2015-09-17T13:55:25+08:00 ] ::1 /myphp/User/login.html
INFO: [ app_begin ] --START--
INFO: Run Behavior\ReadHtmlCacheBehavior [ RunTime:0.001194s ]
INFO: [ app_begin ] --END-- [ RunTime:0.001940s ]
SQL: DESCRIBE think_user [ RunTime:0.018370s ]
SQL: SELECT * FROM `think_user` WHERE ( user="个" ) LIMIT 1   [ RunTime:0.000428s ]
ERR: Think\Controller:ajaxaReturn方法不存在！

[ 2015-09-17T13:55:26+08:00 ] ::1 /myphp/User/login.html
INFO: [ app_begin ] --START--
INFO: Run Behavior\ReadHtmlCacheBehavior [ RunTime:0.001102s ]
INFO: [ app_begin ] --END-- [ RunTime:0.001748s ]
SQL: DESCRIBE think_user [ RunTime:0.023015s ]
SQL: SELECT * FROM `think_user` WHERE ( user="个" ) LIMIT 1   [ RunTime:0.000522s ]
ERR: Think\Controller:ajaxaReturn方法不存在！

[ 2015-09-17T13:55:26+08:00 ] ::1 /myphp/User/login.html
INFO: [ app_begin ] --START--
INFO: Run Behavior\ReadHtmlCacheBehavior [ RunTime:0.001114s ]
INFO: [ app_begin ] --END-- [ RunTime:0.001872s ]
SQL: DESCRIBE think_user [ RunTime:0.017923s ]
SQL: SELECT * FROM `think_user` WHERE ( user="个" ) LIMIT 1   [ RunTime:0.000464s ]
ERR: Think\Controller:ajaxaReturn方法不存在！

[ 2015-09-17T13:55:27+08:00 ] ::1 /myphp/User/login.html
INFO: [ app_begin ] --START--
INFO: Run Behavior\ReadHtmlCacheBehavior [ RunTime:0.001259s ]
INFO: [ app_begin ] --END-- [ RunTime:0.002054s ]
SQL: DESCRIBE think_user [ RunTime:0.018563s ]
SQL: SELECT * FROM `think_user` WHERE ( user="个" ) LIMIT 1   [ RunTime:0.000467s ]
ERR: Think\Controller:ajaxaReturn方法不存在！

[ 2015-09-17T13:55:27+08:00 ] ::1 /myphp/User/login.html
INFO: [ app_begin ] --START--
INFO: Run Behavior\ReadHtmlCacheBehavior [ RunTime:0.001113s ]
INFO: [ app_begin ] --END-- [ RunTime:0.001874s ]
SQL: DESCRIBE think_user [ RunTime:0.022861s ]
SQL: SELECT * FROM `think_user` WHERE ( user="个" ) LIMIT 1   [ RunTime:0.000498s ]
ERR: Think\Controller:ajaxaReturn方法不存在！

[ 2015-09-17T13:55:27+08:00 ] ::1 /myphp/User/login.html
INFO: [ app_begin ] --START--
INFO: Run Behavior\ReadHtmlCacheBehavior [ RunTime:0.001093s ]
INFO: [ app_begin ] --END-- [ RunTime:0.001778s ]
SQL: DESCRIBE think_user [ RunTime:0.018743s ]
SQL: SELECT * FROM `think_user` WHERE ( user="个" ) LIMIT 1   [ RunTime:0.000479s ]
ERR: Think\Controller:ajaxaReturn方法不存在！

[ 2015-09-17T13:55:27+08:00 ] ::1 /myphp/User/login.html
INFO: [ app_begin ] --START--
INFO: Run Behavior\ReadHtmlCacheBehavior [ RunTime:0.001306s ]
INFO: [ app_begin ] --END-- [ RunTime:0.002280s ]
SQL: DESCRIBE think_user [ RunTime:0.018476s ]
SQL: SELECT * FROM `think_user` WHERE ( user="个" ) LIMIT 1   [ RunTime:0.000468s ]
ERR: Think\Controller:ajaxaReturn方法不存在！

[ 2015-09-17T13:55:27+08:00 ] ::1 /myphp/User/login.html
INFO: [ app_begin ] --START--
INFO: Run Behavior\ReadHtmlCacheBehavior [ RunTime:0.001208s ]
INFO: [ app_begin ] --END-- [ RunTime:0.001905s ]
SQL: DESCRIBE think_user [ RunTime:0.019709s ]
SQL: SELECT * FROM `think_user` WHERE ( user="个" ) LIMIT 1   [ RunTime:0.000461s ]
ERR: Think\Controller:ajaxaReturn方法不存在！

[ 2015-09-17T13:55:28+08:00 ] ::1 /myphp/User/login.html
INFO: [ app_begin ] --START--
INFO: Run Behavior\ReadHtmlCacheBehavior [ RunTime:0.001092s ]
INFO: [ app_begin ] --END-- [ RunTime:0.001830s ]
SQL: DESCRIBE think_user [ RunTime:0.022996s ]
SQL: SELECT * FROM `think_user` WHERE ( user="个" ) LIMIT 1   [ RunTime:0.000471s ]
ERR: Think\Controller:ajaxaReturn方法不存在！

[ 2015-09-17T13:55:28+08:00 ] ::1 /myphp/User/login.html
INFO: [ app_begin ] --START--
INFO: Run Behavior\ReadHtmlCacheBehavior [ RunTime:0.001129s ]
INFO: [ app_begin ] --END-- [ RunTime:0.001880s ]
SQL: DESCRIBE think_user [ RunTime:0.018508s ]
SQL: SELECT * FROM `think_user` WHERE ( user="个" ) LIMIT 1   [ RunTime:0.000680s ]
ERR: Think\Controller:ajaxaReturn方法不存在！

[ 2015-09-17T13:55:28+08:00 ] ::1 /myphp/User/login.html
INFO: [ app_begin ] --START--
INFO: Run Behavior\ReadHtmlCacheBehavior [ RunTime:0.001200s ]
INFO: [ app_begin ] --END-- [ RunTime:0.001959s ]
SQL: DESCRIBE think_user [ RunTime:0.018119s ]
SQL: SELECT * FROM `think_user` WHERE ( user="个" ) LIMIT 1   [ RunTime:0.000468s ]
ERR: Think\Controller:ajaxaReturn方法不存在！

[ 2015-09-17T13:55:28+08:00 ] ::1 /myphp/User/login.html
INFO: [ app_begin ] --START--
INFO: Run Behavior\ReadHtmlCacheBehavior [ RunTime:0.001148s ]
INFO: [ app_begin ] --END-- [ RunTime:0.001861s ]
SQL: DESCRIBE think_user [ RunTime:0.018884s ]
SQL: SELECT * FROM `think_user` WHERE ( user="个" ) LIMIT 1   [ RunTime:0.000494s ]
ERR: Think\Controller:ajaxaReturn方法不存在！

[ 2015-09-17T13:55:29+08:00 ] ::1 /myphp/User/login.html
INFO: [ app_begin ] --START--
INFO: Run Behavior\ReadHtmlCacheBehavior [ RunTime:0.001191s ]
INFO: [ app_begin ] --END-- [ RunTime:0.001919s ]
SQL: DESCRIBE think_user [ RunTime:0.023349s ]
SQL: SELECT * FROM `think_user` WHERE ( user="个" ) LIMIT 1   [ RunTime:0.000511s ]
ERR: Think\Controller:ajaxaReturn方法不存在！

[ 2015-09-17T13:55:29+08:00 ] ::1 /myphp/User/login.html
INFO: [ app_begin ] --START--
INFO: Run Behavior\ReadHtmlCacheBehavior [ RunTime:0.001124s ]
INFO: [ app_begin ] --END-- [ RunTime:0.001811s ]
SQL: DESCRIBE think_user [ RunTime:0.018385s ]
SQL: SELECT * FROM `think_user` WHERE ( user="个" ) LIMIT 1   [ RunTime:0.000504s ]
ERR: Think\Controller:ajaxaReturn方法不存在！

[ 2015-09-17T13:55:29+08:00 ] ::1 /myphp/User/login.html
INFO: [ app_begin ] --START--
INFO: Run Behavior\ReadHtmlCacheBehavior [ RunTime:0.001143s ]
INFO: [ app_begin ] --END-- [ RunTime:0.001912s ]
SQL: DESCRIBE think_user [ RunTime:0.018148s ]
SQL: SELECT * FROM `think_user` WHERE ( user="个" ) LIMIT 1   [ RunTime:0.000500s ]
ERR: Think\Controller:ajaxaReturn方法不存在！

[ 2015-09-17T13:55:29+08:00 ] ::1 /myphp/User/login.html
INFO: [ app_begin ] --START--
INFO: Run Behavior\ReadHtmlCacheBehavior [ RunTime:0.001151s ]
INFO: [ app_begin ] --END-- [ RunTime:0.001877s ]
SQL: DESCRIBE think_user [ RunTime:0.018405s ]
SQL: SELECT * FROM `think_user` WHERE ( user="个" ) LIMIT 1   [ RunTime:0.000498s ]
ERR: Think\Controller:ajaxaReturn方法不存在！

[ 2015-09-17T13:55:30+08:00 ] ::1 /myphp/User/login.html
INFO: [ app_begin ] --START--
INFO: Run Behavior\ReadHtmlCacheBehavior [ RunTime:0.001125s ]
INFO: [ app_begin ] --END-- [ RunTime:0.001819s ]
SQL: DESCRIBE think_user [ RunTime:0.023311s ]
SQL: SELECT * FROM `think_user` WHERE ( user="个" ) LIMIT 1   [ RunTime:0.000585s ]
ERR: Think\Controller:ajaxaReturn方法不存在！

[ 2015-09-17T13:55:30+08:00 ] ::1 /myphp/User/login.html
INFO: [ app_begin ] --START--
INFO: Run Behavior\ReadHtmlCacheBehavior [ RunTime:0.001208s ]
INFO: [ app_begin ] --END-- [ RunTime:0.002014s ]
SQL: DESCRIBE think_user [ RunTime:0.018755s ]
SQL: SELECT * FROM `think_user` WHERE ( user="个" ) LIMIT 1   [ RunTime:0.000472s ]
ERR: Think\Controller:ajaxaReturn方法不存在！

[ 2015-09-17T13:55:39+08:00 ] ::1 /myphp/User/create.html
INFO: [ app_begin ] --START--
INFO: Run Behavior\ReadHtmlCacheBehavior [ RunTime:0.001096s ]
INFO: [ app_begin ] --END-- [ RunTime:0.001759s ]
SQL: DESCRIBE think_user [ RunTime:0.040011s ]

[ 2015-09-17T13:55:42+08:00 ] ::1 /myphp/User/create.html
INFO: [ app_begin ] --START--
INFO: Run Behavior\ReadHtmlCacheBehavior [ RunTime:0.001594s ]
INFO: [ app_begin ] --END-- [ RunTime:0.002481s ]
SQL: DESCRIBE think_user [ RunTime:0.040150s ]
SQL: SELECT * FROM `think_user` WHERE ( user="是" ) LIMIT 1   [ RunTime:0.000512s ]

[ 2015-09-17T13:55:58+08:00 ] ::1 /myphp/User/create.html
INFO: [ app_begin ] --START--
INFO: Run Behavior\ReadHtmlCacheBehavior [ RunTime:0.001153s ]
INFO: [ app_begin ] --END-- [ RunTime:0.001866s ]
SQL: DESCRIBE think_user [ RunTime:0.022570s ]
SQL: SELECT * FROM `think_user` WHERE ( user="是" ) LIMIT 1   [ RunTime:0.000534s ]

[ 2015-09-17T13:56:19+08:00 ] ::1 /myphp/User/create.html
INFO: [ app_begin ] --START--
INFO: Run Behavior\ReadHtmlCacheBehavior [ RunTime:0.001294s ]
INFO: [ app_begin ] --END-- [ RunTime:0.001977s ]
SQL: DESCRIBE think_user [ RunTime:0.024969s ]

[ 2015-09-17T13:56:28+08:00 ] ::1 /myphp/User/create.html
INFO: [ app_begin ] --START--
INFO: Run Behavior\ReadHtmlCacheBehavior [ RunTime:0.001178s ]
INFO: [ app_begin ] --END-- [ RunTime:0.001895s ]
SQL: DESCRIBE think_user [ RunTime:0.024747s ]

[ 2015-09-17T13:56:41+08:00 ] ::1 /myphp/User/create.html
INFO: [ app_begin ] --START--
INFO: Run Behavior\ReadHtmlCacheBehavior [ RunTime:0.001181s ]
INFO: [ app_begin ] --END-- [ RunTime:0.002088s ]
SQL: DESCRIBE think_user [ RunTime:0.036001s ]

[ 2015-09-17T13:56:49+08:00 ] ::1 /myphp/User/create.html
INFO: [ app_begin ] --START--
INFO: Run Behavior\ReadHtmlCacheBehavior [ RunTime:0.001120s ]
INFO: [ app_begin ] --END-- [ RunTime:0.001831s ]
SQL: DESCRIBE think_user [ RunTime:0.022912s ]

[ 2015-09-17T13:56:55+08:00 ] ::1 /myphp/User/create.html
INFO: [ app_begin ] --START--
INFO: Run Behavior\ReadHtmlCacheBehavior [ RunTime:0.001123s ]
INFO: [ app_begin ] --END-- [ RunTime:0.001833s ]
SQL: DESCRIBE think_user [ RunTime:0.023072s ]
SQL: SELECT * FROM `think_user` WHERE ( user="刚刚" ) LIMIT 1   [ RunTime:0.000492s ]
SQL: INSERT INTO `think_user` (`user`,`email`,`date_zhuce`) VALUES ('刚刚','个','2015-09-17 13:56:55') [ RunTime:0.097344s ]

[ 2015-09-17T13:59:37+08:00 ] ::1 /myphp/User/login.html
INFO: [ app_begin ] --START--
INFO: Run Behavior\ReadHtmlCacheBehavior [ RunTime:0.001257s ]
INFO: [ app_begin ] --END-- [ RunTime:0.002096s ]
SQL: DESCRIBE think_user [ RunTime:0.024110s ]

[ 2015-09-17T13:59:46+08:00 ] ::1 /myphp/User/login.html
INFO: [ app_begin ] --START--
INFO: Run Behavior\ReadHtmlCacheBehavior [ RunTime:0.001257s ]
INFO: [ app_begin ] --END-- [ RunTime:0.002054s ]
SQL: DESCRIBE think_user [ RunTime:0.023480s ]

[ 2015-09-17T13:59:53+08:00 ] ::1 /myphp/User/login.html
INFO: [ app_begin ] --START--
INFO: Run Behavior\ReadHtmlCacheBehavior [ RunTime:0.001264s ]
INFO: [ app_begin ] --END-- [ RunTime:0.002067s ]
SQL: DESCRIBE think_user [ RunTime:0.095396s ]
SQL: SELECT * FROM `think_user` WHERE ( user="方法" ) LIMIT 1   [ RunTime:0.000628s ]
SQL: INSERT INTO `think_user` (`user`,`email`) VALUES ('方法','得到') [ RunTime:0.074594s ]
ERR: Think\Controller:ajaxaReturn方法不存在！

[ 2015-09-17T14:01:03+08:00 ] ::1 /myphp/User/login.html
INFO: [ app_begin ] --START--
INFO: Run Behavior\ReadHtmlCacheBehavior [ RunTime:0.001214s ]
INFO: [ app_begin ] --END-- [ RunTime:0.001939s ]
SQL: DESCRIBE think_user [ RunTime:0.023104s ]
SQL: SELECT * FROM `think_user` WHERE ( user="方法" ) LIMIT 1   [ RunTime:0.000487s ]
ERR: Think\Controller:ajaxaReturn方法不存在！

[ 2015-09-17T14:01:44+08:00 ] ::1 /myphp/User/login.html
INFO: [ app_begin ] --START--
INFO: Run Behavior\ReadHtmlCacheBehavior [ RunTime:0.001209s ]
INFO: [ app_begin ] --END-- [ RunTime:0.001985s ]
SQL: DESCRIBE think_user [ RunTime:0.023522s ]

[ 2015-09-17T14:01:47+08:00 ] ::1 /myphp/User/login.html
INFO: [ app_begin ] --START--
INFO: Run Behavior\ReadHtmlCacheBehavior [ RunTime:0.001139s ]
INFO: [ app_begin ] --END-- [ RunTime:0.001829s ]
SQL: DESCRIBE think_user [ RunTime:0.022905s ]

[ 2015-09-17T14:01:49+08:00 ] ::1 /myphp/User/login.html
INFO: [ app_begin ] --START--
INFO: Run Behavior\ReadHtmlCacheBehavior [ RunTime:0.001256s ]
INFO: [ app_begin ] --END-- [ RunTime:0.002024s ]
SQL: DESCRIBE think_user [ RunTime:0.023009s ]
SQL: SELECT * FROM `think_user` WHERE ( user="的" ) LIMIT 1   [ RunTime:0.000491s ]
SQL: INSERT INTO `think_user` (`user`,`email`) VALUES ('的','的') [ RunTime:0.070278s ]

[ 2015-09-17T14:07:20+08:00 ] ::1 /myphp/User/login.html
INFO: [ app_begin ] --START--
INFO: Run Behavior\ReadHtmlCacheBehavior [ RunTime:0.001199s ]
INFO: [ app_begin ] --END-- [ RunTime:0.001942s ]
NOTIC: [2048] Declaration of Home\Model\UserModel::check() should be compatible with that of Think\Model::check() D:\wamp\wamp\www\myphp\Application\Home\Model\UserModel.class.php 第 5 行.
SQL: DESCRIBE think_user [ RunTime:0.025925s ]
NOTIC: [8] Undefined variable: data D:\wamp\wamp\www\myphp\Application\Home\Model\UserModel.class.php 第 56 行.
SQL: SELECT * FROM `think_user` WHERE ( user="" ) LIMIT 1   [ RunTime:0.000466s ]
NOTIC: [8] Undefined variable: data D:\wamp\wamp\www\myphp\Application\Home\Model\UserModel.class.php 第 57 行.
NOTIC: [8] Undefined variable: data D:\wamp\wamp\www\myphp\Application\Home\Model\UserModel.class.php 第 56 行.
SQL: SELECT * FROM `think_user` WHERE ( user="" ) LIMIT 1   [ RunTime:0.000353s ]
NOTIC: [8] Undefined variable: data D:\wamp\wamp\www\myphp\Application\Home\Model\UserModel.class.php 第 57 行.

[ 2015-09-17T14:08:09+08:00 ] ::1 /myphp/User/login.html
INFO: [ app_begin ] --START--
INFO: Run Behavior\ReadHtmlCacheBehavior [ RunTime:0.001223s ]
INFO: [ app_begin ] --END-- [ RunTime:0.001970s ]
NOTIC: [2048] Declaration of Home\Model\UserModel::check() should be compatible with that of Think\Model::check() D:\wamp\wamp\www\myphp\Application\Home\Model\UserModel.class.php 第 5 行.
SQL: DESCRIBE think_user [ RunTime:0.023483s ]
NOTIC: [8] Undefined variable: data D:\wamp\wamp\www\myphp\Application\Home\Model\UserModel.class.php 第 56 行.
SQL: SELECT * FROM `think_user` WHERE ( user="" ) LIMIT 1   [ RunTime:0.000475s ]
NOTIC: [8] Undefined variable: data D:\wamp\wamp\www\myphp\Application\Home\Model\UserModel.class.php 第 57 行.
NOTIC: [8] Undefined variable: data D:\wamp\wamp\www\myphp\Application\Home\Model\UserModel.class.php 第 56 行.
SQL: SELECT * FROM `think_user` WHERE ( user="" ) LIMIT 1   [ RunTime:0.000351s ]
NOTIC: [8] Undefined variable: data D:\wamp\wamp\www\myphp\Application\Home\Model\UserModel.class.php 第 57 行.
NOTIC: [8] Undefined variable: data D:\wamp\wamp\www\myphp\Application\Home\Model\UserModel.class.php 第 56 行.
SQL: SELECT * FROM `think_user` WHERE ( user="" ) LIMIT 1   [ RunTime:0.000328s ]
NOTIC: [8] Undefined variable: data D:\wamp\wamp\www\myphp\Application\Home\Model\UserModel.class.php 第 57 行.

[ 2015-09-17T14:08:15+08:00 ] ::1 /myphp/User/login.html
INFO: [ app_begin ] --START--
INFO: Run Behavior\ReadHtmlCacheBehavior [ RunTime:0.001107s ]
INFO: [ app_begin ] --END-- [ RunTime:0.001791s ]
NOTIC: [2048] Declaration of Home\Model\UserModel::check() should be compatible with that of Think\Model::check() D:\wamp\wamp\www\myphp\Application\Home\Model\UserModel.class.php 第 5 行.
SQL: DESCRIBE think_user [ RunTime:0.023605s ]
NOTIC: [8] Undefined variable: data D:\wamp\wamp\www\myphp\Application\Home\Model\UserModel.class.php 第 56 行.
SQL: SELECT * FROM `think_user` WHERE ( user="" ) LIMIT 1   [ RunTime:0.000462s ]
NOTIC: [8] Undefined variable: data D:\wamp\wamp\www\myphp\Application\Home\Model\UserModel.class.php 第 57 行.
NOTIC: [8] Undefined variable: data D:\wamp\wamp\www\myphp\Application\Home\Model\UserModel.class.php 第 56 行.
SQL: SELECT * FROM `think_user` WHERE ( user="" ) LIMIT 1   [ RunTime:0.000343s ]
NOTIC: [8] Undefined variable: data D:\wamp\wamp\www\myphp\Application\Home\Model\UserModel.class.php 第 57 行.
NOTIC: [8] Undefined variable: data D:\wamp\wamp\www\myphp\Application\Home\Model\UserModel.class.php 第 56 行.
SQL: SELECT * FROM `think_user` WHERE ( user="" ) LIMIT 1   [ RunTime:0.000339s ]
NOTIC: [8] Undefined variable: data D:\wamp\wamp\www\myphp\Application\Home\Model\UserModel.class.php 第 57 行.

[ 2015-09-17T14:08:41+08:00 ] ::1 /myphp/User/login.html
INFO: [ app_begin ] --START--
INFO: Run Behavior\ReadHtmlCacheBehavior [ RunTime:0.001120s ]
INFO: [ app_begin ] --END-- [ RunTime:0.001808s ]
NOTIC: [2048] Declaration of Home\Model\UserModel::check() should be compatible with that of Think\Model::check() D:\wamp\wamp\www\myphp\Application\Home\Model\UserModel.class.php 第 5 行.
SQL: DESCRIBE think_user [ RunTime:0.022440s ]
NOTIC: [8] Undefined variable: data D:\wamp\wamp\www\myphp\Application\Home\Model\UserModel.class.php 第 56 行.
SQL: SELECT * FROM `think_user` WHERE ( user="" ) LIMIT 1   [ RunTime:0.000513s ]
NOTIC: [8] Undefined variable: data D:\wamp\wamp\www\myphp\Application\Home\Model\UserModel.class.php 第 57 行.
NOTIC: [8] Undefined variable: data D:\wamp\wamp\www\myphp\Application\Home\Model\UserModel.class.php 第 56 行.
SQL: SELECT * FROM `think_user` WHERE ( user="" ) LIMIT 1   [ RunTime:0.000390s ]
NOTIC: [8] Undefined variable: data D:\wamp\wamp\www\myphp\Application\Home\Model\UserModel.class.php 第 57 行.
NOTIC: [8] Undefined variable: data D:\wamp\wamp\www\myphp\Application\Home\Model\UserModel.class.php 第 56 行.
SQL: SELECT * FROM `think_user` WHERE ( user="" ) LIMIT 1   [ RunTime:0.000386s ]
NOTIC: [8] Undefined variable: data D:\wamp\wamp\www\myphp\Application\Home\Model\UserModel.class.php 第 57 行.

[ 2015-09-17T14:08:42+08:00 ] ::1 /myphp/User/login.html
INFO: [ app_begin ] --START--
INFO: Run Behavior\ReadHtmlCacheBehavior [ RunTime:0.001092s ]
INFO: [ app_begin ] --END-- [ RunTime:0.001760s ]
NOTIC: [2048] Declaration of Home\Model\UserModel::check() should be compatible with that of Think\Model::check() D:\wamp\wamp\www\myphp\Application\Home\Model\UserModel.class.php 第 5 行.
SQL: DESCRIBE think_user [ RunTime:0.050968s ]
NOTIC: [8] Undefined variable: data D:\wamp\wamp\www\myphp\Application\Home\Model\UserModel.class.php 第 56 行.
SQL: SELECT * FROM `think_user` WHERE ( user="" ) LIMIT 1   [ RunTime:0.000496s ]
NOTIC: [8] Undefined variable: data D:\wamp\wamp\www\myphp\Application\Home\Model\UserModel.class.php 第 57 行.
NOTIC: [8] Undefined variable: data D:\wamp\wamp\www\myphp\Application\Home\Model\UserModel.class.php 第 56 行.
SQL: SELECT * FROM `think_user` WHERE ( user="" ) LIMIT 1   [ RunTime:0.000389s ]
NOTIC: [8] Undefined variable: data D:\wamp\wamp\www\myphp\Application\Home\Model\UserModel.class.php 第 57 行.
NOTIC: [8] Undefined variable: data D:\wamp\wamp\www\myphp\Application\Home\Model\UserModel.class.php 第 56 行.
SQL: SELECT * FROM `think_user` WHERE ( user="" ) LIMIT 1   [ RunTime:0.000387s ]
NOTIC: [8] Undefined variable: data D:\wamp\wamp\www\myphp\Application\Home\Model\UserModel.class.php 第 57 行.

[ 2015-09-17T14:10:18+08:00 ] ::1 /myphp/User/login.html
INFO: [ app_begin ] --START--
INFO: Run Behavior\ReadHtmlCacheBehavior [ RunTime:0.001135s ]
INFO: [ app_begin ] --END-- [ RunTime:0.001854s ]
NOTIC: [2048] Declaration of Home\Model\UserModel::check() should be compatible with that of Think\Model::check() D:\wamp\wamp\www\myphp\Application\Home\Model\UserModel.class.php 第 5 行.
SQL: DESCRIBE think_user [ RunTime:0.056815s ]
NOTIC: [8] Uninitialized string offset: 0 D:\wamp\wamp\www\myphp\Application\Home\Model\UserModel.class.php 第 56 行.
SQL: SELECT * FROM `think_user` WHERE ( user="" ) LIMIT 1   [ RunTime:0.000493s ]
NOTIC: [8] Uninitialized string offset: 0 D:\wamp\wamp\www\myphp\Application\Home\Model\UserModel.class.php 第 57 行.
NOTIC: [8] Uninitialized string offset: 0 D:\wamp\wamp\www\myphp\Application\Home\Model\UserModel.class.php 第 56 行.
SQL: SELECT * FROM `think_user` WHERE ( user="" ) LIMIT 1   [ RunTime:0.000428s ]
NOTIC: [8] Uninitialized string offset: 0 D:\wamp\wamp\www\myphp\Application\Home\Model\UserModel.class.php 第 57 行.
SQL: SELECT * FROM `think_user` WHERE ( user="" ) LIMIT 1   [ RunTime:0.000399s ]

[ 2015-09-17T14:12:18+08:00 ] ::1 /myphp/User/login.html
INFO: [ app_begin ] --START--
INFO: Run Behavior\ReadHtmlCacheBehavior [ RunTime:0.001128s ]
INFO: [ app_begin ] --END-- [ RunTime:0.001890s ]

[ 2015-09-17T14:12:21+08:00 ] ::1 /myphp/User/login.html
INFO: [ app_begin ] --START--
INFO: Run Behavior\ReadHtmlCacheBehavior [ RunTime:0.001240s ]
INFO: [ app_begin ] --END-- [ RunTime:0.001998s ]

[ 2015-09-17T14:12:51+08:00 ] ::1 /myphp/User/login.html
INFO: [ app_begin ] --START--
INFO: Run Behavior\ReadHtmlCacheBehavior [ RunTime:0.001320s ]
INFO: [ app_begin ] --END-- [ RunTime:0.002188s ]

[ 2015-09-17T14:12:54+08:00 ] ::1 /myphp/User/login.html
INFO: [ app_begin ] --START--
INFO: Run Behavior\ReadHtmlCacheBehavior [ RunTime:0.001116s ]
INFO: [ app_begin ] --END-- [ RunTime:0.001814s ]

[ 2015-09-17T14:13:08+08:00 ] ::1 /myphp/User/login.html
INFO: [ app_begin ] --START--
INFO: Run Behavior\ReadHtmlCacheBehavior [ RunTime:0.001227s ]
INFO: [ app_begin ] --END-- [ RunTime:0.001996s ]
NOTIC: [2048] Declaration of Home\Model\UserModel::check() should be compatible with that of Think\Model::check() D:\wamp\wamp\www\myphp\Application\Home\Model\UserModel.class.php 第 5 行.
SQL: DESCRIBE think_user [ RunTime:0.024407s ]
NOTIC: [8] Uninitialized string offset: 0 D:\wamp\wamp\www\myphp\Application\Home\Model\UserModel.class.php 第 56 行.
SQL: SELECT * FROM `think_user` WHERE ( user="" ) LIMIT 1   [ RunTime:0.000637s ]
NOTIC: [8] Uninitialized string offset: 0 D:\wamp\wamp\www\myphp\Application\Home\Model\UserModel.class.php 第 57 行.
NOTIC: [8] Uninitialized string offset: 0 D:\wamp\wamp\www\myphp\Application\Home\Model\UserModel.class.php 第 56 行.
SQL: SELECT * FROM `think_user` WHERE ( user="" ) LIMIT 1   [ RunTime:0.000505s ]
NOTIC: [8] Uninitialized string offset: 0 D:\wamp\wamp\www\myphp\Application\Home\Model\UserModel.class.php 第 57 行.
SQL: SELECT * FROM `think_user` WHERE ( user="" ) LIMIT 1   [ RunTime:0.000510s ]

[ 2015-09-17T14:13:12+08:00 ] ::1 /myphp/User/login.html
INFO: [ app_begin ] --START--
INFO: Run Behavior\ReadHtmlCacheBehavior [ RunTime:0.001201s ]
INFO: [ app_begin ] --END-- [ RunTime:0.001950s ]
NOTIC: [2048] Declaration of Home\Model\UserModel::check() should be compatible with that of Think\Model::check() D:\wamp\wamp\www\myphp\Application\Home\Model\UserModel.class.php 第 5 行.
SQL: DESCRIBE think_user [ RunTime:0.023251s ]
NOTIC: [8] Uninitialized string offset: 0 D:\wamp\wamp\www\myphp\Application\Home\Model\UserModel.class.php 第 56 行.
SQL: SELECT * FROM `think_user` WHERE ( user="" ) LIMIT 1   [ RunTime:0.000500s ]
NOTIC: [8] Uninitialized string offset: 0 D:\wamp\wamp\www\myphp\Application\Home\Model\UserModel.class.php 第 57 行.
NOTIC: [8] Uninitialized string offset: 0 D:\wamp\wamp\www\myphp\Application\Home\Model\UserModel.class.php 第 56 行.
SQL: SELECT * FROM `think_user` WHERE ( user="" ) LIMIT 1   [ RunTime:0.000406s ]
NOTIC: [8] Uninitialized string offset: 0 D:\wamp\wamp\www\myphp\Application\Home\Model\UserModel.class.php 第 57 行.
SQL: SELECT * FROM `think_user` WHERE ( user="" ) LIMIT 1   [ RunTime:0.000383s ]

[ 2015-09-17T14:13:16+08:00 ] ::1 /myphp/User/login.html
INFO: [ app_begin ] --START--
INFO: Run Behavior\ReadHtmlCacheBehavior [ RunTime:0.001138s ]
INFO: [ app_begin ] --END-- [ RunTime:0.001892s ]
NOTIC: [2048] Declaration of Home\Model\UserModel::check() should be compatible with that of Think\Model::check() D:\wamp\wamp\www\myphp\Application\Home\Model\UserModel.class.php 第 5 行.
SQL: DESCRIBE think_user [ RunTime:0.023927s ]
NOTIC: [8] Uninitialized string offset: 0 D:\wamp\wamp\www\myphp\Application\Home\Model\UserModel.class.php 第 56 行.
SQL: SELECT * FROM `think_user` WHERE ( user="" ) LIMIT 1   [ RunTime:0.000466s ]
NOTIC: [8] Uninitialized string offset: 0 D:\wamp\wamp\www\myphp\Application\Home\Model\UserModel.class.php 第 57 行.
NOTIC: [8] Uninitialized string offset: 0 D:\wamp\wamp\www\myphp\Application\Home\Model\UserModel.class.php 第 56 行.
SQL: SELECT * FROM `think_user` WHERE ( user="" ) LIMIT 1   [ RunTime:0.000348s ]
NOTIC: [8] Uninitialized string offset: 0 D:\wamp\wamp\www\myphp\Application\Home\Model\UserModel.class.php 第 57 行.
SQL: SELECT * FROM `think_user` WHERE ( user="" ) LIMIT 1   [ RunTime:0.000339s ]

[ 2015-09-17T14:15:42+08:00 ] ::1 /myphp/User/login.html
INFO: [ app_begin ] --START--
INFO: Run Behavior\ReadHtmlCacheBehavior [ RunTime:0.001233s ]
INFO: [ app_begin ] --END-- [ RunTime:0.001984s ]
NOTIC: [2048] Declaration of Home\Model\UserModel::check() should be compatible with that of Think\Model::check() D:\wamp\wamp\www\myphp\Application\Home\Model\UserModel.class.php 第 5 行.
SQL: DESCRIBE think_user [ RunTime:0.024203s ]
NOTIC: [8] Uninitialized string offset: 0 D:\wamp\wamp\www\myphp\Application\Home\Model\UserModel.class.php 第 56 行.
SQL: SELECT * FROM `think_user` WHERE ( user="" ) LIMIT 1   [ RunTime:0.000499s ]
NOTIC: [8] Uninitialized string offset: 0 D:\wamp\wamp\www\myphp\Application\Home\Model\UserModel.class.php 第 57 行.
NOTIC: [8] Uninitialized string offset: 0 D:\wamp\wamp\www\myphp\Application\Home\Model\UserModel.class.php 第 56 行.
SQL: SELECT * FROM `think_user` WHERE ( user="" ) LIMIT 1   [ RunTime:0.000350s ]
NOTIC: [8] Uninitialized string offset: 0 D:\wamp\wamp\www\myphp\Application\Home\Model\UserModel.class.php 第 57 行.
SQL: INSERT INTO `think_user` (`user`,`email`) VALUES ('','') [ RunTime:0.176611s ]

[ 2015-09-17T14:15:50+08:00 ] ::1 /myphp/User/login.html
INFO: [ app_begin ] --START--
INFO: Run Behavior\ReadHtmlCacheBehavior [ RunTime:0.001128s ]
INFO: [ app_begin ] --END-- [ RunTime:0.001841s ]
NOTIC: [2048] Declaration of Home\Model\UserModel::check() should be compatible with that of Think\Model::check() D:\wamp\wamp\www\myphp\Application\Home\Model\UserModel.class.php 第 5 行.
SQL: DESCRIBE think_user [ RunTime:0.024374s ]
NOTIC: [8] Uninitialized string offset: 0 D:\wamp\wamp\www\myphp\Application\Home\Model\UserModel.class.php 第 56 行.
SQL: SELECT * FROM `think_user` WHERE ( user="" ) LIMIT 1   [ RunTime:0.000494s ]
NOTIC: [8] Uninitialized string offset: 0 D:\wamp\wamp\www\myphp\Application\Home\Model\UserModel.class.php 第 57 行.
NOTIC: [8] Uninitialized string offset: 0 D:\wamp\wamp\www\myphp\Application\Home\Model\UserModel.class.php 第 56 行.
SQL: SELECT * FROM `think_user` WHERE ( user="" ) LIMIT 1   [ RunTime:0.000344s ]
NOTIC: [8] Uninitialized string offset: 0 D:\wamp\wamp\www\myphp\Application\Home\Model\UserModel.class.php 第 57 行.
SQL: INSERT INTO `think_user` (`user`,`email`) VALUES ('','') [ RunTime:0.087936s ]

[ 2015-09-17T14:20:04+08:00 ] ::1 /myphp/User/login.html
INFO: [ app_begin ] --START--
INFO: Run Behavior\ReadHtmlCacheBehavior [ RunTime:0.001269s ]
INFO: [ app_begin ] --END-- [ RunTime:0.002041s ]
NOTIC: [2048] Declaration of Home\Model\UserModel::check() should be compatible with that of Think\Model::check() D:\wamp\wamp\www\myphp\Application\Home\Model\UserModel.class.php 第 5 行.
SQL: DESCRIBE think_user [ RunTime:0.026092s ]
NOTIC: [8] Uninitialized string offset: 0 D:\wamp\wamp\www\myphp\Application\Home\Model\UserModel.class.php 第 56 行.
SQL: SELECT * FROM `think_user` WHERE ( user="" ) LIMIT 1   [ RunTime:0.000449s ]
NOTIC: [8] Uninitialized string offset: 0 D:\wamp\wamp\www\myphp\Application\Home\Model\UserModel.class.php 第 57 行.
NOTIC: [8] Uninitialized string offset: 0 D:\wamp\wamp\www\myphp\Application\Home\Model\UserModel.class.php 第 56 行.
SQL: SELECT * FROM `think_user` WHERE ( user="" ) LIMIT 1   [ RunTime:0.000348s ]
NOTIC: [8] Uninitialized string offset: 0 D:\wamp\wamp\www\myphp\Application\Home\Model\UserModel.class.php 第 57 行.
SQL: INSERT INTO `think_user` (`user`,`email`,`date_denglu`) VALUES ('','','2015-09-17 14:20:04') [ RunTime:0.098117s ]

[ 2015-09-17T14:24:55+08:00 ] ::1 /myphp/User/ceater
ERR: 非法操作:ceater

[ 2015-09-17T14:25:06+08:00 ] ::1 /myphp/User/creater
ERR: 非法操作:creater

[ 2015-09-17T14:25:16+08:00 ] ::1 /myphp/User/create.html
INFO: [ app_begin ] --START--
INFO: Run Behavior\ReadHtmlCacheBehavior [ RunTime:0.000995s ]
INFO: [ app_begin ] --END-- [ RunTime:0.001747s ]
NOTIC: [2048] Declaration of Home\Model\UserModel::check() should be compatible with that of Think\Model::check() D:\wamp\wamp\www\myphp\Application\Home\Model\UserModel.class.php 第 5 行.
SQL: DESCRIBE think_user [ RunTime:0.023465s ]
NOTIC: [8] Uninitialized string offset: 0 D:\wamp\wamp\www\myphp\Application\Home\Model\UserModel.class.php 第 56 行.
SQL: SELECT * FROM `think_user` WHERE ( user="" ) LIMIT 1   [ RunTime:0.000479s ]
NOTIC: [8] Uninitialized string offset: 0 D:\wamp\wamp\www\myphp\Application\Home\Model\UserModel.class.php 第 57 行.
NOTIC: [8] Uninitialized string offset: 0 D:\wamp\wamp\www\myphp\Application\Home\Model\UserModel.class.php 第 56 行.
SQL: SELECT * FROM `think_user` WHERE ( user="" ) LIMIT 1   [ RunTime:0.000357s ]
NOTIC: [8] Uninitialized string offset: 0 D:\wamp\wamp\www\myphp\Application\Home\Model\UserModel.class.php 第 57 行.
SQL: SELECT * FROM `think_user` WHERE ( user="" ) LIMIT 1   [ RunTime:0.000350s ]

[ 2015-09-17T14:25:30+08:00 ] ::1 /myphp/User/create.html
INFO: [ app_begin ] --START--
INFO: Run Behavior\ReadHtmlCacheBehavior [ RunTime:0.001065s ]
INFO: [ app_begin ] --END-- [ RunTime:0.001812s ]
NOTIC: [2048] Declaration of Home\Model\UserModel::check() should be compatible with that of Think\Model::check() D:\wamp\wamp\www\myphp\Application\Home\Model\UserModel.class.php 第 5 行.
SQL: DESCRIBE think_user [ RunTime:0.023369s ]
NOTIC: [8] Uninitialized string offset: 0 D:\wamp\wamp\www\myphp\Application\Home\Model\UserModel.class.php 第 56 行.
SQL: SELECT * FROM `think_user` WHERE ( user="" ) LIMIT 1   [ RunTime:0.000544s ]
NOTIC: [8] Uninitialized string offset: 0 D:\wamp\wamp\www\myphp\Application\Home\Model\UserModel.class.php 第 57 行.
NOTIC: [8] Uninitialized string offset: 0 D:\wamp\wamp\www\myphp\Application\Home\Model\UserModel.class.php 第 56 行.
SQL: SELECT * FROM `think_user` WHERE ( user="" ) LIMIT 1   [ RunTime:0.000312s ]
NOTIC: [8] Uninitialized string offset: 0 D:\wamp\wamp\www\myphp\Application\Home\Model\UserModel.class.php 第 57 行.
SQL: SELECT * FROM `think_user` WHERE ( user="" ) LIMIT 1   [ RunTime:0.000328s ]

[ 2015-09-17T14:26:46+08:00 ] ::1 /myphp/User/create.html
INFO: [ app_begin ] --START--
INFO: Run Behavior\ReadHtmlCacheBehavior [ RunTime:0.001151s ]
INFO: [ app_begin ] --END-- [ RunTime:0.001942s ]
NOTIC: [2048] Declaration of Home\Model\UserModel::check() should be compatible with that of Think\Model::check() D:\wamp\wamp\www\myphp\Application\Home\Model\UserModel.class.php 第 5 行.
SQL: DESCRIBE think_user [ RunTime:0.022936s ]
NOTIC: [8] Uninitialized string offset: 0 D:\wamp\wamp\www\myphp\Application\Home\Model\UserModel.class.php 第 56 行.
SQL: SELECT * FROM `think_user` WHERE ( user="" ) LIMIT 1   [ RunTime:0.000497s ]
NOTIC: [8] Uninitialized string offset: 0 D:\wamp\wamp\www\myphp\Application\Home\Model\UserModel.class.php 第 57 行.
NOTIC: [8] Uninitialized string offset: 0 D:\wamp\wamp\www\myphp\Application\Home\Model\UserModel.class.php 第 56 行.
SQL: SELECT * FROM `think_user` WHERE ( user="" ) LIMIT 1   [ RunTime:0.000437s ]
NOTIC: [8] Uninitialized string offset: 0 D:\wamp\wamp\www\myphp\Application\Home\Model\UserModel.class.php 第 57 行.
SQL: SELECT * FROM `think_user` WHERE ( user="" ) LIMIT 1   [ RunTime:0.000408s ]
SQL: INSERT INTO `think_user` (`user`,`email`,`date_zhuce`) VALUES ('','','2015-09-17 14:26:46') [ RunTime:0.067345s ]

[ 2015-09-17T14:28:46+08:00 ] ::1 /myphp/User/create.html
INFO: [ app_begin ] --START--
INFO: Run Behavior\ReadHtmlCacheBehavior [ RunTime:0.001110s ]
INFO: [ app_begin ] --END-- [ RunTime:0.001803s ]
NOTIC: [2048] Declaration of Home\Model\UserModel::check() should be compatible with that of Think\Model::check() D:\wamp\wamp\www\myphp\Application\Home\Model\UserModel.class.php 第 5 行.
SQL: DESCRIBE think_user [ RunTime:0.052943s ]
NOTIC: [8] Uninitialized string offset: 0 D:\wamp\wamp\www\myphp\Application\Home\Model\UserModel.class.php 第 56 行.
SQL: SELECT * FROM `think_user` WHERE ( user="" ) LIMIT 1   [ RunTime:0.000513s ]
NOTIC: [8] Uninitialized string offset: 0 D:\wamp\wamp\www\myphp\Application\Home\Model\UserModel.class.php 第 57 行.
NOTIC: [8] Uninitialized string offset: 0 D:\wamp\wamp\www\myphp\Application\Home\Model\UserModel.class.php 第 56 行.
SQL: SELECT * FROM `think_user` WHERE ( user="" ) LIMIT 1   [ RunTime:0.000386s ]
NOTIC: [8] Uninitialized string offset: 0 D:\wamp\wamp\www\myphp\Application\Home\Model\UserModel.class.php 第 57 行.
SQL: SELECT * FROM `think_user` WHERE ( user="" ) LIMIT 1   [ RunTime:0.000391s ]

[ 2015-09-17T14:29:36+08:00 ] ::1 /myphp/User/create.html
INFO: [ app_begin ] --START--
INFO: Run Behavior\ReadHtmlCacheBehavior [ RunTime:0.001099s ]
INFO: [ app_begin ] --END-- [ RunTime:0.001781s ]
SQL: DESCRIBE think_user [ RunTime:0.023639s ]

[ 2015-09-17T14:29:44+08:00 ] ::1 /myphp/User/create.html
INFO: [ app_begin ] --START--
INFO: Run Behavior\ReadHtmlCacheBehavior [ RunTime:0.001284s ]
INFO: [ app_begin ] --END-- [ RunTime:0.001964s ]
SQL: DESCRIBE think_user [ RunTime:0.054586s ]

[ 2015-09-17T14:29:47+08:00 ] ::1 /myphp/User/create.html
INFO: [ app_begin ] --START--
INFO: Run Behavior\ReadHtmlCacheBehavior [ RunTime:0.001219s ]
INFO: [ app_begin ] --END-- [ RunTime:0.001988s ]
SQL: DESCRIBE think_user [ RunTime:0.022768s ]
SQL: SELECT * FROM `think_user` WHERE ( user="他他t" ) LIMIT 1   [ RunTime:0.000465s ]
SQL: INSERT INTO `think_user` (`user`,`email`,`date_zhuce`) VALUES ('他他t','人 t','2015-09-17 14:29:47') [ RunTime:0.097500s ]

[ 2015-09-17T14:30:08+08:00 ] ::1 /myphp/User/create.html
INFO: [ app_begin ] --START--
INFO: Run Behavior\ReadHtmlCacheBehavior [ RunTime:0.001266s ]
INFO: [ app_begin ] --END-- [ RunTime:0.002160s ]
SQL: DESCRIBE think_user [ RunTime:0.023108s ]
SQL: SELECT * FROM `think_user` WHERE ( user="是" ) LIMIT 1   [ RunTime:0.000515s ]

[ 2015-09-17T14:32:38+08:00 ] ::1 /myphp/User/create.html
INFO: [ app_begin ] --START--
INFO: Run Behavior\ReadHtmlCacheBehavior [ RunTime:0.001123s ]
INFO: [ app_begin ] --END-- [ RunTime:0.001887s ]
NOTIC: [2048] Declaration of Home\Model\UserModel::check() should be compatible with that of Think\Model::check() D:\wamp\wamp\www\myphp\Application\Home\Model\UserModel.class.php 第 5 行.
SQL: DESCRIBE think_user [ RunTime:0.039346s ]
ERR: Think\Model:register方法不存在！

[ 2015-09-17T14:32:44+08:00 ] ::1 /myphp/User/create.html
INFO: [ app_begin ] --START--
INFO: Run Behavior\ReadHtmlCacheBehavior [ RunTime:0.001188s ]
INFO: [ app_begin ] --END-- [ RunTime:0.001929s ]
NOTIC: [2048] Declaration of Home\Model\UserModel::check() should be compatible with that of Think\Model::check() D:\wamp\wamp\www\myphp\Application\Home\Model\UserModel.class.php 第 5 行.
SQL: DESCRIBE think_user [ RunTime:0.065987s ]
ERR: Think\Model:register方法不存在！

[ 2015-09-17T14:32:57+08:00 ] ::1 /myphp/User/login.html
INFO: [ app_begin ] --START--
INFO: Run Behavior\ReadHtmlCacheBehavior [ RunTime:0.001319s ]
INFO: [ app_begin ] --END-- [ RunTime:0.002160s ]
NOTIC: [2048] Declaration of Home\Model\UserModel::check() should be compatible with that of Think\Model::check() D:\wamp\wamp\www\myphp\Application\Home\Model\UserModel.class.php 第 5 行.
SQL: DESCRIBE think_user [ RunTime:0.022859s ]
NOTIC: [8] Uninitialized string offset: 0 D:\wamp\wamp\www\myphp\Application\Home\Model\UserModel.class.php 第 56 行.
SQL: SELECT * FROM `think_user` WHERE ( user="" ) LIMIT 1   [ RunTime:0.000514s ]
NOTIC: [8] Uninitialized string offset: 0 D:\wamp\wamp\www\myphp\Application\Home\Model\UserModel.class.php 第 57 行.
NOTIC: [8] Uninitialized string offset: 0 D:\wamp\wamp\www\myphp\Application\Home\Model\UserModel.class.php 第 56 行.
SQL: SELECT * FROM `think_user` WHERE ( user="" ) LIMIT 1   [ RunTime:0.000394s ]
NOTIC: [8] Uninitialized string offset: 0 D:\wamp\wamp\www\myphp\Application\Home\Model\UserModel.class.php 第 57 行.
SQL: INSERT INTO `think_user` (`user`,`email`,`date_denglu`) VALUES ('','','2015-09-17 14:32:57') [ RunTime:0.096039s ]

[ 2015-09-17T15:08:17+08:00 ] ::1 /myphp/User/login.html
INFO: [ app_begin ] --START--
INFO: Run Behavior\ReadHtmlCacheBehavior [ RunTime:0.001129s ]
INFO: [ app_begin ] --END-- [ RunTime:0.001840s ]
NOTIC: [2048] Declaration of Home\Model\UserModel::check() should be compatible with that of Think\Model::check() D:\wamp\wamp\www\myphp\Application\Home\Model\UserModel.class.php 第 5 行.
SQL: DESCRIBE think_user [ RunTime:0.022799s ]
NOTIC: [8] Uninitialized string offset: 0 D:\wamp\wamp\www\myphp\Application\Home\Model\UserModel.class.php 第 56 行.
SQL: SELECT * FROM `think_user` WHERE ( user="" ) LIMIT 1   [ RunTime:0.000470s ]
NOTIC: [8] Uninitialized string offset: 0 D:\wamp\wamp\www\myphp\Application\Home\Model\UserModel.class.php 第 57 行.
NOTIC: [8] Uninitialized string offset: 0 D:\wamp\wamp\www\myphp\Application\Home\Model\UserModel.class.php 第 56 行.
SQL: SELECT * FROM `think_user` WHERE ( user="" ) LIMIT 1   [ RunTime:0.000355s ]
NOTIC: [8] Uninitialized string offset: 0 D:\wamp\wamp\www\myphp\Application\Home\Model\UserModel.class.php 第 57 行.
SQL: SELECT * FROM `think_user` WHERE ( user="" ) LIMIT 1   [ RunTime:0.000374s ]

[ 2015-09-17T15:16:52+08:00 ] ::1 /myphp/User/login.html
INFO: [ app_begin ] --START--
INFO: Run Behavior\ReadHtmlCacheBehavior [ RunTime:0.001245s ]
INFO: [ app_begin ] --END-- [ RunTime:0.002126s ]
NOTIC: [2048] Declaration of Home\Model\UserModel::check() should be compatible with that of Think\Model::check() D:\wamp\wamp\www\myphp\Application\Home\Model\UserModel.class.php 第 5 行.
SQL: DESCRIBE think_user [ RunTime:0.023424s ]
NOTIC: [8] Uninitialized string offset: 0 D:\wamp\wamp\www\myphp\Application\Home\Model\UserModel.class.php 第 57 行.
SQL: SELECT * FROM `think_user` WHERE ( user="" ) LIMIT 1   [ RunTime:0.000523s ]
NOTIC: [8] Uninitialized string offset: 0 D:\wamp\wamp\www\myphp\Application\Home\Model\UserModel.class.php 第 58 行.
NOTIC: [8] Uninitialized string offset: 0 D:\wamp\wamp\www\myphp\Application\Home\Model\UserModel.class.php 第 57 行.
SQL: SELECT * FROM `think_user` WHERE ( user="" ) LIMIT 1   [ RunTime:0.000418s ]
NOTIC: [8] Uninitialized string offset: 0 D:\wamp\wamp\www\myphp\Application\Home\Model\UserModel.class.php 第 58 行.

[ 2015-09-17T15:17:25+08:00 ] ::1 /myphp/User/login.html
INFO: [ app_begin ] --START--
INFO: Run Behavior\ReadHtmlCacheBehavior [ RunTime:0.001108s ]
INFO: [ app_begin ] --END-- [ RunTime:0.001808s ]
NOTIC: [2048] Declaration of Home\Model\UserModel::check() should be compatible with that of Think\Model::check() D:\wamp\wamp\www\myphp\Application\Home\Model\UserModel.class.php 第 5 行.
SQL: DESCRIBE think_user [ RunTime:0.023453s ]
NOTIC: [8] Uninitialized string offset: 0 D:\wamp\wamp\www\myphp\Application\Home\Model\UserModel.class.php 第 11 行.
SQL: SELECT * FROM `think_user` WHERE ( user="" ) LIMIT 1   [ RunTime:0.000454s ]
NOTIC: [8] Uninitialized string offset: 0 D:\wamp\wamp\www\myphp\Application\Home\Model\UserModel.class.php 第 12 行.
NOTIC: [8] Uninitialized string offset: 0 D:\wamp\wamp\www\myphp\Application\Home\Model\UserModel.class.php 第 11 行.
SQL: SELECT * FROM `think_user` WHERE ( user="" ) LIMIT 1   [ RunTime:0.000335s ]
NOTIC: [8] Uninitialized string offset: 0 D:\wamp\wamp\www\myphp\Application\Home\Model\UserModel.class.php 第 12 行.

[ 2015-09-17T15:19:15+08:00 ] ::1 /myphp/User/login.html
INFO: [ app_begin ] --START--
INFO: Run Behavior\ReadHtmlCacheBehavior [ RunTime:0.001245s ]
INFO: [ app_begin ] --END-- [ RunTime:0.002020s ]
NOTIC: [2048] Declaration of Home\Model\UserModel::check() should be compatible with that of Think\Model::check() D:\wamp\wamp\www\myphp\Application\Home\Model\UserModel.class.php 第 5 行.
SQL: DESCRIBE think_user [ RunTime:0.028191s ]
NOTIC: [8] Uninitialized string offset: 0 D:\wamp\wamp\www\myphp\Application\Home\Model\UserModel.class.php 第 11 行.
SQL: SELECT * FROM `think_user` WHERE ( user="" ) LIMIT 1   [ RunTime:0.000513s ]
NOTIC: [8] Uninitialized string offset: 0 D:\wamp\wamp\www\myphp\Application\Home\Model\UserModel.class.php 第 12 行.
NOTIC: [8] Uninitialized string offset: 0 D:\wamp\wamp\www\myphp\Application\Home\Model\UserModel.class.php 第 11 行.
SQL: SELECT * FROM `think_user` WHERE ( user="" ) LIMIT 1   [ RunTime:0.000436s ]
NOTIC: [8] Uninitialized string offset: 0 D:\wamp\wamp\www\myphp\Application\Home\Model\UserModel.class.php 第 12 行.
SQL: SELECT * FROM `think_user` WHERE ( user="" ) LIMIT 1   [ RunTime:0.000441s ]

[ 2015-09-17T15:25:22+08:00 ] ::1 /myphp/User/login.html
INFO: [ app_begin ] --START--
INFO: Run Behavior\ReadHtmlCacheBehavior [ RunTime:0.001086s ]
INFO: [ app_begin ] --END-- [ RunTime:0.001883s ]
NOTIC: [2048] Declaration of Home\Model\UserModel::check() should be compatible with that of Think\Model::check() D:\wamp\wamp\www\myphp\Application\Home\Model\UserModel.class.php 第 5 行.
SQL: DESCRIBE think_user [ RunTime:0.024067s ]
NOTIC: [8] Uninitialized string offset: 0 D:\wamp\wamp\www\myphp\Application\Home\Model\UserModel.class.php 第 17 行.
SQL: SELECT * FROM `think_user` WHERE ( user="" ) LIMIT 1   [ RunTime:0.000458s ]
NOTIC: [8] Uninitialized string offset: 0 D:\wamp\wamp\www\myphp\Application\Home\Model\UserModel.class.php 第 18 行.
NOTIC: [8] Uninitialized string offset: 0 D:\wamp\wamp\www\myphp\Application\Home\Model\UserModel.class.php 第 17 行.
SQL: SELECT * FROM `think_user` WHERE ( user="" ) LIMIT 1   [ RunTime:0.000348s ]
NOTIC: [8] Uninitialized string offset: 0 D:\wamp\wamp\www\myphp\Application\Home\Model\UserModel.class.php 第 18 行.
SQL: SELECT * FROM `think_user` WHERE ( user="" ) LIMIT 1   [ RunTime:0.000342s ]

[ 2015-09-17T15:26:07+08:00 ] ::1 /myphp/User/login.html
INFO: [ app_begin ] --START--
INFO: Run Behavior\ReadHtmlCacheBehavior [ RunTime:0.001011s ]
INFO: [ app_begin ] --END-- [ RunTime:0.001738s ]
NOTIC: [2048] Declaration of Home\Model\UserModel::check() should be compatible with that of Think\Model::check() D:\wamp\wamp\www\myphp\Application\Home\Model\UserModel.class.php 第 5 行.
SQL: DESCRIBE think_user [ RunTime:0.023740s ]
NOTIC: [8] Uninitialized string offset: 0 D:\wamp\wamp\www\myphp\Application\Home\Model\UserModel.class.php 第 17 行.
SQL: SELECT * FROM `think_user` WHERE ( user="" ) LIMIT 1   [ RunTime:0.000485s ]
NOTIC: [8] Uninitialized string offset: 0 D:\wamp\wamp\www\myphp\Application\Home\Model\UserModel.class.php 第 18 行.
NOTIC: [8] Uninitialized string offset: 0 D:\wamp\wamp\www\myphp\Application\Home\Model\UserModel.class.php 第 17 行.
SQL: SELECT * FROM `think_user` WHERE ( user="" ) LIMIT 1   [ RunTime:0.000350s ]
NOTIC: [8] Uninitialized string offset: 0 D:\wamp\wamp\www\myphp\Application\Home\Model\UserModel.class.php 第 18 行.
SQL: SELECT * FROM `think_user` WHERE ( user="" ) LIMIT 1   [ RunTime:0.000340s ]

[ 2015-09-17T15:27:06+08:00 ] ::1 /myphp/User/login.html
INFO: [ app_begin ] --START--
INFO: Run Behavior\ReadHtmlCacheBehavior [ RunTime:0.001281s ]
INFO: [ app_begin ] --END-- [ RunTime:0.002289s ]
NOTIC: [2048] Declaration of Home\Model\UserModel::check() should be compatible with that of Think\Model::check() D:\wamp\wamp\www\myphp\Application\Home\Model\UserModel.class.php 第 5 行.
SQL: DESCRIBE think_user [ RunTime:0.023479s ]
NOTIC: [8] Uninitialized string offset: 0 D:\wamp\wamp\www\myphp\Application\Home\Model\UserModel.class.php 第 12 行.
SQL: SELECT * FROM `think_user` WHERE ( user="" ) LIMIT 1   [ RunTime:0.000465s ]
NOTIC: [8] Uninitialized string offset: 0 D:\wamp\wamp\www\myphp\Application\Home\Model\UserModel.class.php 第 13 行.
NOTIC: [8] Uninitialized string offset: 0 D:\wamp\wamp\www\myphp\Application\Home\Model\UserModel.class.php 第 12 行.
SQL: SELECT * FROM `think_user` WHERE ( user="" ) LIMIT 1   [ RunTime:0.000345s ]
NOTIC: [8] Uninitialized string offset: 0 D:\wamp\wamp\www\myphp\Application\Home\Model\UserModel.class.php 第 13 行.

[ 2015-09-17T15:30:33+08:00 ] ::1 /myphp/User/login.html
INFO: [ app_begin ] --START--
INFO: Run Behavior\ReadHtmlCacheBehavior [ RunTime:0.001269s ]
INFO: [ app_begin ] --END-- [ RunTime:0.002069s ]
NOTIC: [2048] Declaration of Home\Model\UserModel::check() should be compatible with that of Think\Model::check() D:\wamp\wamp\www\myphp\Application\Home\Model\UserModel.class.php 第 5 行.
SQL: DESCRIBE think_user [ RunTime:0.023420s ]
NOTIC: [8] Uninitialized string offset: 0 D:\wamp\wamp\www\myphp\Application\Home\Model\UserModel.class.php 第 12 行.
SQL: SELECT * FROM `think_user` WHERE ( user="" ) LIMIT 1   [ RunTime:0.000560s ]
NOTIC: [8] Uninitialized string offset: 0 D:\wamp\wamp\www\myphp\Application\Home\Model\UserModel.class.php 第 13 行.
NOTIC: [8] Uninitialized string offset: 0 D:\wamp\wamp\www\myphp\Application\Home\Model\UserModel.class.php 第 12 行.
SQL: SELECT * FROM `think_user` WHERE ( user="" ) LIMIT 1   [ RunTime:0.000390s ]
NOTIC: [8] Uninitialized string offset: 0 D:\wamp\wamp\www\myphp\Application\Home\Model\UserModel.class.php 第 13 行.
SQL: SELECT * FROM `think_user` WHERE ( user="" ) LIMIT 1   [ RunTime:0.000413s ]
SQL: INSERT INTO `think_user` (`user`,`email`,`date_denglu`) VALUES ('','','2015-09-17 15:30:33') [ RunTime:0.061672s ]

[ 2015-09-17T15:31:23+08:00 ] ::1 /myphp/User/login.html
INFO: [ app_begin ] --START--
INFO: Run Behavior\ReadHtmlCacheBehavior [ RunTime:0.001476s ]
INFO: [ app_begin ] --END-- [ RunTime:0.002317s ]
NOTIC: [2048] Declaration of Home\Model\UserModel::check() should be compatible with that of Think\Model::check() D:\wamp\wamp\www\myphp\Application\Home\Model\UserModel.class.php 第 5 行.
SQL: DESCRIBE think_user [ RunTime:0.023278s ]
NOTIC: [8] Uninitialized string offset: 0 D:\wamp\wamp\www\myphp\Application\Home\Model\UserModel.class.php 第 12 行.
SQL: SELECT * FROM `think_user` WHERE ( user="" ) LIMIT 1   [ RunTime:0.000498s ]
NOTIC: [8] Uninitialized string offset: 0 D:\wamp\wamp\www\myphp\Application\Home\Model\UserModel.class.php 第 13 行.
NOTIC: [8] Uninitialized string offset: 0 D:\wamp\wamp\www\myphp\Application\Home\Model\UserModel.class.php 第 12 行.
SQL: SELECT * FROM `think_user` WHERE ( user="" ) LIMIT 1   [ RunTime:0.000394s ]
NOTIC: [8] Uninitialized string offset: 0 D:\wamp\wamp\www\myphp\Application\Home\Model\UserModel.class.php 第 13 行.
SQL: SELECT * FROM `think_user` WHERE ( user="" ) LIMIT 1   [ RunTime:0.000383s ]
SQL: INSERT INTO `think_user` (`user`,`email`,`date_denglu`) VALUES ('','','2015-09-17 15:31:22') [ RunTime:0.152513s ]

[ 2015-09-17T15:33:11+08:00 ] ::1 /myphp/User/create.html
INFO: [ app_begin ] --START--
INFO: Run Behavior\ReadHtmlCacheBehavior [ RunTime:0.001040s ]
INFO: [ app_begin ] --END-- [ RunTime:0.001749s ]
NOTIC: [2048] Declaration of Home\Model\UserModel::check() should be compatible with that of Think\Model::check() D:\wamp\wamp\www\myphp\Application\Home\Model\UserModel.class.php 第 5 行.
SQL: DESCRIBE think_user [ RunTime:0.024309s ]
NOTIC: [8] Uninitialized string offset: 0 D:\wamp\wamp\www\myphp\Application\Home\Model\UserModel.class.php 第 12 行.
SQL: SELECT * FROM `think_user` WHERE ( user="" ) LIMIT 1   [ RunTime:0.000479s ]
NOTIC: [8] Uninitialized string offset: 0 D:\wamp\wamp\www\myphp\Application\Home\Model\UserModel.class.php 第 13 行.
NOTIC: [8] Uninitialized string offset: 0 D:\wamp\wamp\www\myphp\Application\Home\Model\UserModel.class.php 第 12 行.
SQL: SELECT * FROM `think_user` WHERE ( user="" ) LIMIT 1   [ RunTime:0.000315s ]
NOTIC: [8] Uninitialized string offset: 0 D:\wamp\wamp\www\myphp\Application\Home\Model\UserModel.class.php 第 13 行.
SQL: SELECT * FROM `think_user` WHERE ( user="" ) LIMIT 1   [ RunTime:0.000294s ]
SQL: INSERT INTO `think_user` (`user`,`email`,`date_zhuce`) VALUES ('','','2015-09-17 15:33:10') [ RunTime:0.137517s ]

[ 2015-09-17T15:34:13+08:00 ] ::1 /myphp/User/create.html
INFO: [ app_begin ] --START--
INFO: Run Behavior\ReadHtmlCacheBehavior [ RunTime:0.001123s ]
INFO: [ app_begin ] --END-- [ RunTime:0.001834s ]
SQL: DESCRIBE think_user [ RunTime:0.024529s ]

[ 2015-09-17T15:34:33+08:00 ] ::1 /myphp/User/login.html
INFO: [ app_begin ] --START--
INFO: Run Behavior\ReadHtmlCacheBehavior [ RunTime:0.001190s ]
INFO: [ app_begin ] --END-- [ RunTime:0.002050s ]
SQL: DESCRIBE think_user [ RunTime:0.028223s ]
ERR: Think\Model:log方法不存在！

[ 2015-09-17T15:34:33+08:00 ] ::1 /myphp/User/login.html
INFO: [ app_begin ] --START--
INFO: Run Behavior\ReadHtmlCacheBehavior [ RunTime:0.001147s ]
INFO: [ app_begin ] --END-- [ RunTime:0.001887s ]
SQL: DESCRIBE think_user [ RunTime:0.018525s ]
ERR: Think\Model:log方法不存在！

[ 2015-09-17T15:34:52+08:00 ] ::1 /myphp/User/login.html
INFO: [ app_begin ] --START--
INFO: Run Behavior\ReadHtmlCacheBehavior [ RunTime:0.001187s ]
INFO: [ app_begin ] --END-- [ RunTime:0.001931s ]
SQL: DESCRIBE think_user [ RunTime:0.023332s ]

[ 2015-09-17T15:34:55+08:00 ] ::1 /myphp/User/login.html
INFO: [ app_begin ] --START--
INFO: Run Behavior\ReadHtmlCacheBehavior [ RunTime:0.001127s ]
INFO: [ app_begin ] --END-- [ RunTime:0.001891s ]
SQL: DESCRIBE think_user [ RunTime:0.024214s ]

[ 2015-09-17T15:34:57+08:00 ] ::1 /myphp/User/login.html
INFO: [ app_begin ] --START--
INFO: Run Behavior\ReadHtmlCacheBehavior [ RunTime:0.001135s ]
INFO: [ app_begin ] --END-- [ RunTime:0.001843s ]
SQL: DESCRIBE think_user [ RunTime:0.026459s ]

[ 2015-09-17T15:34:59+08:00 ] ::1 /myphp/User/login.html
INFO: [ app_begin ] --START--
INFO: Run Behavior\ReadHtmlCacheBehavior [ RunTime:0.001128s ]
INFO: [ app_begin ] --END-- [ RunTime:0.001863s ]
SQL: DESCRIBE think_user [ RunTime:0.023676s ]
SQL: SELECT * FROM `think_user` WHERE ( user="df " ) LIMIT 1   [ RunTime:0.000515s ]
SQL: INSERT INTO `think_user` (`user`,`email`,`date_denglu`) VALUES ('df ','f  f ','2015-09-17 15:34:59') [ RunTime:0.078087s ]

[ 2015-09-17T15:39:58+08:00 ] ::1 /myphp/User/login.html
INFO: [ app_begin ] --START--
INFO: Run Behavior\ReadHtmlCacheBehavior [ RunTime:0.001120s ]
INFO: [ app_begin ] --END-- [ RunTime:0.001815s ]

[ 2015-09-17T15:41:24+08:00 ] ::1 /myphp/User/login.html
INFO: [ app_begin ] --START--
INFO: Run Behavior\ReadHtmlCacheBehavior [ RunTime:0.001257s ]
INFO: [ app_begin ] --END-- [ RunTime:0.002083s ]
SQL: DESCRIBE think_user [ RunTime:0.024055s ]

[ 2015-09-17T15:41:35+08:00 ] ::1 /myphp/User/login.html
INFO: [ app_begin ] --START--
INFO: Run Behavior\ReadHtmlCacheBehavior [ RunTime:0.001127s ]
INFO: [ app_begin ] --END-- [ RunTime:0.001853s ]
SQL: DESCRIBE think_user [ RunTime:0.023896s ]

[ 2015-09-17T15:41:38+08:00 ] ::1 /myphp/User/login.html
INFO: [ app_begin ] --START--
INFO: Run Behavior\ReadHtmlCacheBehavior [ RunTime:0.001284s ]
INFO: [ app_begin ] --END-- [ RunTime:0.002108s ]
SQL: DESCRIBE think_user [ RunTime:0.027276s ]

[ 2015-09-17T15:42:27+08:00 ] ::1 /myphp/User/login.html
INFO: [ app_begin ] --START--
INFO: Run Behavior\ReadHtmlCacheBehavior [ RunTime:0.001318s ]
INFO: [ app_begin ] --END-- [ RunTime:0.002342s ]
SQL: DESCRIBE think_user [ RunTime:0.023100s ]

[ 2015-09-17T15:42:28+08:00 ] ::1 /myphp/User/login.html
INFO: [ app_begin ] --START--
INFO: Run Behavior\ReadHtmlCacheBehavior [ RunTime:0.001190s ]
INFO: [ app_begin ] --END-- [ RunTime:0.002047s ]
SQL: DESCRIBE think_user [ RunTime:0.022964s ]

[ 2015-09-17T15:42:28+08:00 ] ::1 /myphp/User/login.html
INFO: [ app_begin ] --START--
INFO: Run Behavior\ReadHtmlCacheBehavior [ RunTime:0.001206s ]
INFO: [ app_begin ] --END-- [ RunTime:0.002011s ]
SQL: DESCRIBE think_user [ RunTime:0.018953s ]

[ 2015-09-17T15:44:50+08:00 ] ::1 /myphp/User/login.html
INFO: [ app_begin ] --START--
INFO: Run Behavior\ReadHtmlCacheBehavior [ RunTime:0.001171s ]
INFO: [ app_begin ] --END-- [ RunTime:0.002026s ]
SQL: DESCRIBE think_user [ RunTime:0.064575s ]

[ 2015-09-17T15:45:13+08:00 ] ::1 /myphp/User/login.html
INFO: [ app_begin ] --START--
INFO: Run Behavior\ReadHtmlCacheBehavior [ RunTime:0.001259s ]
INFO: [ app_begin ] --END-- [ RunTime:0.002109s ]
SQL: DESCRIBE think_user [ RunTime:0.022647s ]

[ 2015-09-17T15:45:17+08:00 ] ::1 /myphp/User/login.html
INFO: [ app_begin ] --START--
INFO: Run Behavior\ReadHtmlCacheBehavior [ RunTime:0.001183s ]
INFO: [ app_begin ] --END-- [ RunTime:0.001950s ]
SQL: DESCRIBE think_user [ RunTime:0.024018s ]

[ 2015-09-17T15:49:13+08:00 ] ::1 /myphp/User/login.html
INFO: [ app_begin ] --START--
INFO: Run Behavior\ReadHtmlCacheBehavior [ RunTime:0.001277s ]
INFO: [ app_begin ] --END-- [ RunTime:0.002162s ]
SQL: DESCRIBE think_user [ RunTime:0.023697s ]

[ 2015-09-17T15:49:20+08:00 ] ::1 /myphp/User/login.html
INFO: [ app_begin ] --START--
INFO: Run Behavior\ReadHtmlCacheBehavior [ RunTime:0.001129s ]
INFO: [ app_begin ] --END-- [ RunTime:0.001856s ]
SQL: DESCRIBE think_user [ RunTime:0.023846s ]

[ 2015-09-17T15:50:40+08:00 ] ::1 /myphp/User/login.html
INFO: [ app_begin ] --START--
INFO: Run Behavior\ReadHtmlCacheBehavior [ RunTime:0.001114s ]
INFO: [ app_begin ] --END-- [ RunTime:0.001881s ]
SQL: DESCRIBE think_user [ RunTime:0.038770s ]

[ 2015-09-17T15:50:43+08:00 ] ::1 /myphp/User/login.html
INFO: [ app_begin ] --START--
INFO: Run Behavior\ReadHtmlCacheBehavior [ RunTime:0.001122s ]
INFO: [ app_begin ] --END-- [ RunTime:0.001862s ]
SQL: DESCRIBE think_user [ RunTime:0.023306s ]

[ 2015-09-17T15:51:02+08:00 ] ::1 /myphp/User/create.html
INFO: [ app_begin ] --START--
INFO: Run Behavior\ReadHtmlCacheBehavior [ RunTime:0.001110s ]
INFO: [ app_begin ] --END-- [ RunTime:0.001853s ]
SQL: DESCRIBE think_user [ RunTime:0.025092s ]
SQL: SELECT * FROM `think_user` WHERE ( user="q" ) LIMIT 1   [ RunTime:0.000426s ]
SQL: INSERT INTO `think_user` (`user`,`email`,`date_zhuce`) VALUES ('q','q','2015-09-17 15:51:02') [ RunTime:0.073639s ]

[ 2015-09-17T15:51:10+08:00 ] ::1 /myphp/User/login.html
INFO: [ app_begin ] --START--
INFO: Run Behavior\ReadHtmlCacheBehavior [ RunTime:0.001107s ]
INFO: [ app_begin ] --END-- [ RunTime:0.001838s ]
SQL: DESCRIBE think_user [ RunTime:0.023458s ]

[ 2015-09-17T15:51:54+08:00 ] ::1 /myphp/User/login.html
INFO: [ app_begin ] --START--
INFO: Run Behavior\ReadHtmlCacheBehavior [ RunTime:0.001253s ]
INFO: [ app_begin ] --END-- [ RunTime:0.002039s ]
SQL: DESCRIBE think_user [ RunTime:0.025141s ]

[ 2015-09-17T15:52:07+08:00 ] ::1 /myphp/User/login.html
INFO: [ app_begin ] --START--
INFO: Run Behavior\ReadHtmlCacheBehavior [ RunTime:0.001300s ]
INFO: [ app_begin ] --END-- [ RunTime:0.002248s ]
SQL: DESCRIBE think_user [ RunTime:0.029361s ]

[ 2015-09-17T15:52:10+08:00 ] ::1 /myphp/User/login.html
INFO: [ app_begin ] --START--
INFO: Run Behavior\ReadHtmlCacheBehavior [ RunTime:0.001211s ]
INFO: [ app_begin ] --END-- [ RunTime:0.002078s ]
SQL: DESCRIBE think_user [ RunTime:0.025723s ]

[ 2015-09-17T15:53:23+08:00 ] ::1 /myphp/User/login.html
INFO: [ app_begin ] --START--
INFO: Run Behavior\ReadHtmlCacheBehavior [ RunTime:0.001162s ]
INFO: [ app_begin ] --END-- [ RunTime:0.001917s ]
SQL: DESCRIBE think_user [ RunTime:0.023530s ]

[ 2015-09-17T15:55:28+08:00 ] ::1 /myphp/User/login.html
INFO: [ app_begin ] --START--
INFO: Run Behavior\ReadHtmlCacheBehavior [ RunTime:0.001600s ]
INFO: [ app_begin ] --END-- [ RunTime:0.002730s ]
SQL: DESCRIBE think_user [ RunTime:0.025047s ]

[ 2015-09-17T15:55:38+08:00 ] ::1 /myphp/User/login.html
INFO: [ app_begin ] --START--
INFO: Run Behavior\ReadHtmlCacheBehavior [ RunTime:0.001122s ]
INFO: [ app_begin ] --END-- [ RunTime:0.001854s ]
SQL: DESCRIBE think_user [ RunTime:0.023947s ]

[ 2015-09-17T16:18:27+08:00 ] ::1 /myphp/User/login.html
INFO: [ app_begin ] --START--
INFO: Run Behavior\ReadHtmlCacheBehavior [ RunTime:0.000810s ]
INFO: [ app_begin ] --END-- [ RunTime:0.001500s ]
SQL: DESCRIBE think_user [ RunTime:0.025493s ]
SQL: SELECT * FROM `think_user` WHERE ( user="q" AND email="q" ) LIMIT 1   [ RunTime:0.042600s ]
SQL: INSERT INTO `think_user` (`user`,`email`,`date_denglu`) VALUES ('q','q','2015-09-17 16:18:27') [ RunTime:0.077467s ]

[ 2015-09-17T16:20:24+08:00 ] ::1 /myphp/User/login.html
INFO: [ app_begin ] --START--
INFO: Run Behavior\ReadHtmlCacheBehavior [ RunTime:0.001112s ]
INFO: [ app_begin ] --END-- [ RunTime:0.001883s ]
SQL: DESCRIBE think_user [ RunTime:0.023935s ]
SQL: SELECT * FROM `think_user` WHERE ( user="qq" AND email="qq" ) LIMIT 1   [ RunTime:0.000473s ]

[ 2015-09-17T16:20:30+08:00 ] ::1 /myphp/User/login.html
INFO: [ app_begin ] --START--
INFO: Run Behavior\ReadHtmlCacheBehavior [ RunTime:0.001232s ]
INFO: [ app_begin ] --END-- [ RunTime:0.002094s ]
SQL: DESCRIBE think_user [ RunTime:0.023626s ]
SQL: SELECT * FROM `think_user` WHERE ( user="q" AND email="q" ) LIMIT 1   [ RunTime:0.000518s ]
SQL: INSERT INTO `think_user` (`user`,`email`,`date_denglu`) VALUES ('q','q','2015-09-17 16:20:30') [ RunTime:0.096527s ]

[ 2015-09-17T16:21:39+08:00 ] ::1 /myphp/User/login.html
INFO: [ app_begin ] --START--
INFO: Run Behavior\ReadHtmlCacheBehavior [ RunTime:0.001321s ]
INFO: [ app_begin ] --END-- [ RunTime:0.002112s ]
SQL: DESCRIBE think_user [ RunTime:0.023444s ]
SQL: SELECT * FROM `think_user` WHERE ( user="q" AND email="q" ) LIMIT 1   [ RunTime:0.000554s ]
SQL: INSERT INTO `think_user` (`user`,`email`,`date_denglu`) VALUES ('q','q','2015-09-17 16:21:39') [ RunTime:0.094317s ]

[ 2015-09-17T16:22:34+08:00 ] ::1 /myphp/User/login.html
INFO: [ app_begin ] --START--
INFO: Run Behavior\ReadHtmlCacheBehavior [ RunTime:0.001080s ]
INFO: [ app_begin ] --END-- [ RunTime:0.001842s ]
SQL: DESCRIBE think_user [ RunTime:0.038045s ]
SQL: SELECT * FROM `think_user` WHERE ( user="q" AND email="q" ) LIMIT 1   [ RunTime:0.000461s ]
SQL: UPDATE `think_user` SET `user`='q',`email`='q',`date_denglu`='2015-09-17 16:22:33' WHERE ( user="q" ) [ RunTime:0.099732s ]

[ 2015-09-17T16:25:01+08:00 ] ::1 /myphp/User/login.html
INFO: [ app_begin ] --START--
INFO: Run Behavior\ReadHtmlCacheBehavior [ RunTime:0.001194s ]
INFO: [ app_begin ] --END-- [ RunTime:0.001983s ]
NOTIC: [2048] Declaration of Home\Model\UserModel::check() should be compatible with that of Think\Model::check() D:\wamp\wamp\www\myphp\Application\Home\Model\UserModel.class.php 第 5 行.
SQL: DESCRIBE think_user [ RunTime:0.022693s ]
SQL: SELECT * FROM `think_user` WHERE ( user="q" AND email="q" ) LIMIT 1   [ RunTime:0.000471s ]
SQL: SELECT * FROM `think_user` WHERE ( user="q" AND email="q" ) LIMIT 1   [ RunTime:0.000378s ]

[ 2015-09-17T16:25:03+08:00 ] ::1 /myphp/User/login.html
INFO: [ app_begin ] --START--
INFO: Run Behavior\ReadHtmlCacheBehavior [ RunTime:0.001256s ]
INFO: [ app_begin ] --END-- [ RunTime:0.002095s ]
NOTIC: [2048] Declaration of Home\Model\UserModel::check() should be compatible with that of Think\Model::check() D:\wamp\wamp\www\myphp\Application\Home\Model\UserModel.class.php 第 5 行.
SQL: DESCRIBE think_user [ RunTime:0.023557s ]
SQL: SELECT * FROM `think_user` WHERE ( user="q" AND email="q" ) LIMIT 1   [ RunTime:0.000461s ]
SQL: SELECT * FROM `think_user` WHERE ( user="q" AND email="q" ) LIMIT 1   [ RunTime:0.000336s ]

[ 2015-09-17T16:25:32+08:00 ] ::1 /myphp/User/login.html
INFO: [ app_begin ] --START--
INFO: Run Behavior\ReadHtmlCacheBehavior [ RunTime:0.001186s ]
INFO: [ app_begin ] --END-- [ RunTime:0.001963s ]
NOTIC: [2048] Declaration of Home\Model\UserModel::check() should be compatible with that of Think\Model::check() D:\wamp\wamp\www\myphp\Application\Home\Model\UserModel.class.php 第 5 行.
SQL: DESCRIBE think_user [ RunTime:0.025788s ]
SQL: SELECT * FROM `think_user` WHERE ( user="q" AND email="q" ) LIMIT 1   [ RunTime:0.000497s ]
SQL: SELECT * FROM `think_user` WHERE ( user="q" AND email="q" ) LIMIT 1   [ RunTime:0.000344s ]
SQL: SELECT * FROM `think_user` WHERE ( user="q" AND email="q" ) LIMIT 1   [ RunTime:0.000363s ]
SQL: UPDATE `think_user` SET `user`='q',`email`='q',`date_denglu`='2015-09-17 16:25:32' WHERE ( user="q" ) [ RunTime:0.071284s ]

[ 2015-09-17T16:27:55+08:00 ] ::1 /myphp/User/login.html
INFO: [ app_begin ] --START--
INFO: Run Behavior\ReadHtmlCacheBehavior [ RunTime:0.001218s ]
INFO: [ app_begin ] --END-- [ RunTime:0.002068s ]

[ 2015-09-17T16:28:05+08:00 ] ::1 /myphp/User/login.html
INFO: [ app_begin ] --START--
INFO: Run Behavior\ReadHtmlCacheBehavior [ RunTime:0.001212s ]
INFO: [ app_begin ] --END-- [ RunTime:0.001969s ]

[ 2015-09-17T16:29:10+08:00 ] ::1 /myphp/User/login.html
INFO: [ app_begin ] --START--
INFO: Run Behavior\ReadHtmlCacheBehavior [ RunTime:0.001121s ]
INFO: [ app_begin ] --END-- [ RunTime:0.001857s ]
NOTIC: [2048] Declaration of Home\Model\UserModel::check() should be compatible with that of Think\Model::check() D:\wamp\wamp\www\myphp\Application\Home\Model\UserModel.class.php 第 5 行.
SQL: DESCRIBE think_user [ RunTime:0.041479s ]
SQL: SELECT * FROM `think_user` WHERE ( user="q" AND email="q" ) LIMIT 1   [ RunTime:0.000503s ]
SQL: SELECT * FROM `think_user` WHERE ( user="q" AND email="q" ) LIMIT 1   [ RunTime:0.000384s ]
SQL: SELECT * FROM `think_user` WHERE ( user="q" AND email="q" ) LIMIT 1   [ RunTime:0.000366s ]
SQL: UPDATE `think_user` SET `user`='q',`email`='q',`date_denglu`='2015-09-17 16:29:10' WHERE ( user="q" ) [ RunTime:0.076237s ]

[ 2015-09-17T16:30:41+08:00 ] ::1 /myphp/User/login.html
INFO: [ app_begin ] --START--
INFO: Run Behavior\ReadHtmlCacheBehavior [ RunTime:0.001285s ]
INFO: [ app_begin ] --END-- [ RunTime:0.002104s ]
SQL: DESCRIBE think_user [ RunTime:0.023150s ]
SQL: SELECT * FROM `think_user` WHERE ( user="q" AND email="q" ) LIMIT 1   [ RunTime:0.000531s ]
SQL: UPDATE `think_user` SET `user`='q',`email`='q',`date_denglu`='2015-09-17 16:30:41' WHERE ( user="q" ) [ RunTime:0.095537s ]

