[ 2016-08-08T09:00:46+08:00 ] ::1 /myphp/Home/Manager/upd/id/1
INFO: [ app_begin ] --START--
INFO: Run Behavior\ReadHtmlCacheBehavior [ RunTime:0.001212s ]
INFO: Run Behavior\CheckLangBehavior [ RunTime:0.002177s ]
INFO: [ app_begin ] --END-- [ RunTime:0.004243s ]
SQL: DESCRIBE think_manager [ RunTime:0.007482s ]
SQL: SELECT * FROM `think_manager` WHERE ( username="008@qq.com" ) LIMIT 1   [ RunTime:0.000716s ]
SQL: UPDATE `think_manager` SET `username`='008@qq.com',`password`='xue',`name`='薛理想',`sex`='男',`age`='24',`tell`='18553224863',`qq`='524376211',`update_time`='2016-08-08 09:00:46' WHERE ( id=1 ) [ RunTime:0.000993s ]

[ 2016-08-08T09:00:48+08:00 ] ::1 /myphp/Home/Manager/upd/id/1
INFO: [ app_begin ] --START--
INFO: Run Behavior\ReadHtmlCacheBehavior [ RunTime:0.001111s ]
INFO: Run Behavior\CheckLangBehavior [ RunTime:0.001643s ]
INFO: [ app_begin ] --END-- [ RunTime:0.003736s ]
SQL: DESCRIBE think_manager [ RunTime:0.006372s ]
SQL: SELECT * FROM `think_manager` WHERE ( username="008@qq.com" ) LIMIT 1   [ RunTime:0.000648s ]

[ 2016-08-08T09:01:08+08:00 ] ::1 /myphp/Home/Manager/add
ERR: 非法操作:add

[ 2016-08-08T09:01:28+08:00 ] ::1 /myphp/Manager/register.html
INFO: [ app_begin ] --START--
INFO: Run Behavior\ReadHtmlCacheBehavior [ RunTime:0.000981s ]
INFO: Run Behavior\CheckLangBehavior [ RunTime:0.001641s ]
INFO: [ app_begin ] --END-- [ RunTime:0.003554s ]
SQL: DESCRIBE think_manager [ RunTime:0.004625s ]

[ 2016-08-08T09:01:36+08:00 ] ::1 /myphp/Home/Manager/login
INFO: [ app_begin ] --START--
INFO: Run Behavior\ReadHtmlCacheBehavior [ RunTime:0.001633s ]
INFO: Run Behavior\CheckLangBehavior [ RunTime:0.002551s ]
INFO: [ app_begin ] --END-- [ RunTime:0.005641s ]
SQL: DESCRIBE think_manager [ RunTime:0.004944s ]
NOTIC: [8] Use of undefined constant verify - assumed 'verify' D:\wamp\wamp\www\myphp\Application\Home\Model\ManagerModel.class.php 第 38 行.

[ 2016-08-08T09:01:38+08:00 ] ::1 /myphp/Home/Manager/login
INFO: [ app_begin ] --START--
INFO: Run Behavior\ReadHtmlCacheBehavior [ RunTime:0.001039s ]
INFO: Run Behavior\CheckLangBehavior [ RunTime:0.001879s ]
INFO: [ app_begin ] --END-- [ RunTime:0.003728s ]
SQL: DESCRIBE think_manager [ RunTime:0.006381s ]
NOTIC: [8] Use of undefined constant verify - assumed 'verify' D:\wamp\wamp\www\myphp\Application\Home\Model\ManagerModel.class.php 第 38 行.

[ 2016-08-08T09:01:38+08:00 ] ::1 /myphp/Home/Manager/login
INFO: [ app_begin ] --START--
INFO: Run Behavior\ReadHtmlCacheBehavior [ RunTime:0.001118s ]
INFO: Run Behavior\CheckLangBehavior [ RunTime:0.001950s ]
INFO: [ app_begin ] --END-- [ RunTime:0.003953s ]
SQL: DESCRIBE think_manager [ RunTime:0.004829s ]
NOTIC: [8] Use of undefined constant verify - assumed 'verify' D:\wamp\wamp\www\myphp\Application\Home\Model\ManagerModel.class.php 第 38 行.

[ 2016-08-08T09:01:40+08:00 ] ::1 /myphp/Home/Manager/login
INFO: [ app_begin ] --START--
INFO: Run Behavior\ReadHtmlCacheBehavior [ RunTime:0.001029s ]
INFO: Run Behavior\CheckLangBehavior [ RunTime:0.001644s ]
INFO: [ app_begin ] --END-- [ RunTime:0.003492s ]
SQL: DESCRIBE think_manager [ RunTime:0.005067s ]
NOTIC: [8] Use of undefined constant verify - assumed 'verify' D:\wamp\wamp\www\myphp\Application\Home\Model\ManagerModel.class.php 第 38 行.

[ 2016-08-08T09:01:40+08:00 ] ::1 /myphp/Home/Manager/login
INFO: [ app_begin ] --START--
INFO: Run Behavior\ReadHtmlCacheBehavior [ RunTime:0.000978s ]
INFO: Run Behavior\CheckLangBehavior [ RunTime:0.001644s ]
INFO: [ app_begin ] --END-- [ RunTime:0.003418s ]
SQL: DESCRIBE think_manager [ RunTime:0.009274s ]
NOTIC: [8] Use of undefined constant verify - assumed 'verify' D:\wamp\wamp\www\myphp\Application\Home\Model\ManagerModel.class.php 第 38 行.

[ 2016-08-08T09:08:06+08:00 ] ::1 /myphp/Home/Manager/upd
INFO: [ app_begin ] --START--
INFO: Run Behavior\ReadHtmlCacheBehavior [ RunTime:0.001287s ]
INFO: Run Behavior\CheckLangBehavior [ RunTime:0.002088s ]
INFO: [ app_begin ] --END-- [ RunTime:0.004238s ]
SQL: DESCRIBE think_manager [ RunTime:0.006220s ]

[ 2016-08-08T09:27:21+08:00 ] ::1 /myphp/Manager/register.html
INFO: [ app_begin ] --START--
INFO: Run Behavior\ReadHtmlCacheBehavior [ RunTime:0.001089s ]
INFO: Run Behavior\CheckLangBehavior [ RunTime:0.001798s ]
INFO: [ app_begin ] --END-- [ RunTime:0.003792s ]
SQL: DESCRIBE think_manager [ RunTime:0.005417s ]
SQL: SELECT * FROM `think_manager` WHERE ( username="524376211@qq.com" ) LIMIT 1   [ RunTime:0.000463s ]
SQL: INSERT INTO `think_manager` (`username`,`password`,`name`,`sex`,`age`,`tell`,`qq`,`register_time`) VALUES ('524376211@qq.com','1','22','22','24','18553224863','524376211','2016-08-08 09:27:21') [ RunTime:0.000397s ]

[ 2016-08-08T09:27:24+08:00 ] ::1 /myphp/Manager/register.html
INFO: [ app_begin ] --START--
INFO: Run Behavior\ReadHtmlCacheBehavior [ RunTime:0.001233s ]
INFO: Run Behavior\CheckLangBehavior [ RunTime:0.001888s ]
INFO: [ app_begin ] --END-- [ RunTime:0.003892s ]
SQL: DESCRIBE think_manager [ RunTime:0.005792s ]
SQL: SELECT * FROM `think_manager` WHERE ( username="6211@qq.com" ) LIMIT 1   [ RunTime:0.000530s ]
SQL: INSERT INTO `think_manager` (`username`,`password`,`name`,`sex`,`age`,`tell`,`qq`,`register_time`) VALUES ('6211@qq.com','1','22','22','24','18553224863','524376211','2016-08-08 09:27:24') [ RunTime:0.000386s ]

[ 2016-08-08T09:27:27+08:00 ] ::1 /myphp/Manager/register.html
INFO: [ app_begin ] --START--
INFO: Run Behavior\ReadHtmlCacheBehavior [ RunTime:0.001050s ]
INFO: Run Behavior\CheckLangBehavior [ RunTime:0.001891s ]
INFO: [ app_begin ] --END-- [ RunTime:0.003800s ]
SQL: DESCRIBE think_manager [ RunTime:0.006340s ]
SQL: SELECT * FROM `think_manager` WHERE ( username="11@qq.com" ) LIMIT 1   [ RunTime:0.000522s ]
SQL: INSERT INTO `think_manager` (`username`,`password`,`name`,`sex`,`age`,`tell`,`qq`,`register_time`) VALUES ('11@qq.com','1','22','22','24','18553224863','524376211','2016-08-08 09:27:27') [ RunTime:0.000337s ]

[ 2016-08-08T09:27:29+08:00 ] ::1 /myphp/Manager/register.html
INFO: [ app_begin ] --START--
INFO: Run Behavior\ReadHtmlCacheBehavior [ RunTime:0.001113s ]
INFO: Run Behavior\CheckLangBehavior [ RunTime:0.001783s ]
INFO: [ app_begin ] --END-- [ RunTime:0.003836s ]
SQL: DESCRIBE think_manager [ RunTime:0.005997s ]
SQL: SELECT * FROM `think_manager` WHERE ( username="331@qq.com" ) LIMIT 1   [ RunTime:0.000554s ]
SQL: INSERT INTO `think_manager` (`username`,`password`,`name`,`sex`,`age`,`tell`,`qq`,`register_time`) VALUES ('331@qq.com','1','22','22','24','18553224863','524376211','2016-08-08 09:27:29') [ RunTime:0.000366s ]

[ 2016-08-08T09:27:32+08:00 ] ::1 /myphp/Manager/register.html
INFO: [ app_begin ] --START--
INFO: Run Behavior\ReadHtmlCacheBehavior [ RunTime:0.001013s ]
INFO: Run Behavior\CheckLangBehavior [ RunTime:0.001808s ]
INFO: [ app_begin ] --END-- [ RunTime:0.003613s ]
SQL: DESCRIBE think_manager [ RunTime:0.005865s ]
SQL: SELECT * FROM `think_manager` WHERE ( username="441@qq.com" ) LIMIT 1   [ RunTime:0.000614s ]
SQL: INSERT INTO `think_manager` (`username`,`password`,`name`,`sex`,`age`,`tell`,`qq`,`register_time`) VALUES ('441@qq.com','1','22','22','24','18553224863','524376211','2016-08-08 09:27:32') [ RunTime:0.000406s ]

[ 2016-08-08T09:28:15+08:00 ] ::1 /myphp/Manager/register.html
INFO: [ app_begin ] --START--
INFO: Run Behavior\ReadHtmlCacheBehavior [ RunTime:0.001277s ]
INFO: Run Behavior\CheckLangBehavior [ RunTime:0.002265s ]
INFO: [ app_begin ] --END-- [ RunTime:0.004404s ]
SQL: DESCRIBE think_manager [ RunTime:0.005967s ]
SQL: SELECT * FROM `think_manager` WHERE ( username="441@qq.com" ) LIMIT 1   [ RunTime:0.000528s ]
SQL: INSERT INTO `think_manager` (`username`,`password`,`name`,`sex`,`age`,`tell`,`qq`,`register_time`) VALUES ('441@qq.com','1','22','22','24','18553224863','524376211','2016-08-08 09:28:15') [ RunTime:0.000344s ]

[ 2016-08-08T09:28:17+08:00 ] ::1 /myphp/Manager/register.html
INFO: [ app_begin ] --START--
INFO: Run Behavior\ReadHtmlCacheBehavior [ RunTime:0.001140s ]
INFO: Run Behavior\CheckLangBehavior [ RunTime:0.001929s ]
INFO: [ app_begin ] --END-- [ RunTime:0.003889s ]
SQL: DESCRIBE think_manager [ RunTime:0.034033s ]
SQL: SELECT * FROM `think_manager` WHERE ( username="q1@qq.com" ) LIMIT 1   [ RunTime:0.000613s ]
SQL: INSERT INTO `think_manager` (`username`,`password`,`name`,`sex`,`age`,`tell`,`qq`,`register_time`) VALUES ('q1@qq.com','1','22','22','24','18553224863','524376211','2016-08-08 09:28:17') [ RunTime:0.000412s ]

[ 2016-08-08T09:28:19+08:00 ] ::1 /myphp/Manager/register.html
INFO: [ app_begin ] --START--
INFO: Run Behavior\ReadHtmlCacheBehavior [ RunTime:0.001329s ]
INFO: Run Behavior\CheckLangBehavior [ RunTime:0.002249s ]
INFO: [ app_begin ] --END-- [ RunTime:0.004637s ]
SQL: DESCRIBE think_manager [ RunTime:0.005926s ]
SQL: SELECT * FROM `think_manager` WHERE ( username="441@qq.com" ) LIMIT 1   [ RunTime:0.000521s ]

[ 2016-08-08T09:28:21+08:00 ] ::1 /myphp/Manager/register.html
INFO: [ app_begin ] --START--
INFO: Run Behavior\ReadHtmlCacheBehavior [ RunTime:0.001182s ]
INFO: Run Behavior\CheckLangBehavior [ RunTime:0.001887s ]
INFO: [ app_begin ] --END-- [ RunTime:0.003851s ]
SQL: DESCRIBE think_manager [ RunTime:0.006217s ]
SQL: SELECT * FROM `think_manager` WHERE ( username="s41@qq.com" ) LIMIT 1   [ RunTime:0.000513s ]
SQL: INSERT INTO `think_manager` (`username`,`password`,`name`,`sex`,`age`,`tell`,`qq`,`register_time`) VALUES ('s41@qq.com','1','22','22','24','18553224863','524376211','2016-08-08 09:28:21') [ RunTime:0.000457s ]

[ 2016-08-08T09:28:24+08:00 ] ::1 /myphp/Manager/register.html
INFO: [ app_begin ] --START--
INFO: Run Behavior\ReadHtmlCacheBehavior [ RunTime:0.001450s ]
INFO: Run Behavior\CheckLangBehavior [ RunTime:0.002176s ]
INFO: [ app_begin ] --END-- [ RunTime:0.004504s ]
SQL: DESCRIBE think_manager [ RunTime:0.005778s ]
SQL: SELECT * FROM `think_manager` WHERE ( username="sf1@qq.com" ) LIMIT 1   [ RunTime:0.000523s ]
SQL: INSERT INTO `think_manager` (`username`,`password`,`name`,`sex`,`age`,`tell`,`qq`,`register_time`) VALUES ('sf1@qq.com','1','22','22','24','18553224863','524376211','2016-08-08 09:28:24') [ RunTime:0.000376s ]

[ 2016-08-08T09:28:27+08:00 ] ::1 /myphp/Manager/register.html
INFO: [ app_begin ] --START--
INFO: Run Behavior\ReadHtmlCacheBehavior [ RunTime:0.001207s ]
INFO: Run Behavior\CheckLangBehavior [ RunTime:0.002025s ]
INFO: [ app_begin ] --END-- [ RunTime:0.004083s ]
SQL: DESCRIBE think_manager [ RunTime:0.006259s ]
SQL: SELECT * FROM `think_manager` WHERE ( username="vc1@qq.com" ) LIMIT 1   [ RunTime:0.000569s ]
SQL: INSERT INTO `think_manager` (`username`,`password`,`name`,`sex`,`age`,`tell`,`qq`,`register_time`) VALUES ('vc1@qq.com','1','22','22','24','18553224863','524376211','2016-08-08 09:28:27') [ RunTime:0.000377s ]

[ 2016-08-08T09:28:29+08:00 ] ::1 /myphp/Manager/register.html
INFO: [ app_begin ] --START--
INFO: Run Behavior\ReadHtmlCacheBehavior [ RunTime:0.001308s ]
INFO: Run Behavior\CheckLangBehavior [ RunTime:0.002154s ]
INFO: [ app_begin ] --END-- [ RunTime:0.004422s ]
SQL: DESCRIBE think_manager [ RunTime:0.005959s ]
SQL: SELECT * FROM `think_manager` WHERE ( username="cbcbc1@qq.com" ) LIMIT 1   [ RunTime:0.000559s ]
SQL: INSERT INTO `think_manager` (`username`,`password`,`name`,`sex`,`age`,`tell`,`qq`,`register_time`) VALUES ('cbcbc1@qq.com','1','22','22','24','18553224863','524376211','2016-08-08 09:28:29') [ RunTime:0.000493s ]

[ 2016-08-08T09:28:32+08:00 ] ::1 /myphp/Manager/register.html
INFO: [ app_begin ] --START--
INFO: Run Behavior\ReadHtmlCacheBehavior [ RunTime:0.001272s ]
INFO: Run Behavior\CheckLangBehavior [ RunTime:0.002022s ]
INFO: [ app_begin ] --END-- [ RunTime:0.004182s ]
SQL: DESCRIBE think_manager [ RunTime:0.006440s ]
SQL: SELECT * FROM `think_manager` WHERE ( username="dbdbc1@qq.com" ) LIMIT 1   [ RunTime:0.000546s ]
SQL: INSERT INTO `think_manager` (`username`,`password`,`name`,`sex`,`age`,`tell`,`qq`,`register_time`) VALUES ('dbdbc1@qq.com','1','22','22','24','18553224863','524376211','2016-08-08 09:28:32') [ RunTime:0.000404s ]

[ 2016-08-08T09:28:34+08:00 ] ::1 /myphp/Manager/register.html
INFO: [ app_begin ] --START--
INFO: Run Behavior\ReadHtmlCacheBehavior [ RunTime:0.001132s ]
INFO: Run Behavior\CheckLangBehavior [ RunTime:0.002186s ]
INFO: [ app_begin ] --END-- [ RunTime:0.004157s ]
SQL: DESCRIBE think_manager [ RunTime:0.005821s ]
SQL: SELECT * FROM `think_manager` WHERE ( username="ddbdbc1@qq.com" ) LIMIT 1   [ RunTime:0.000524s ]
SQL: INSERT INTO `think_manager` (`username`,`password`,`name`,`sex`,`age`,`tell`,`qq`,`register_time`) VALUES ('ddbdbc1@qq.com','1','22','22','24','18553224863','524376211','2016-08-08 09:28:34') [ RunTime:0.000387s ]

[ 2016-08-08T09:28:34+08:00 ] ::1 /myphp/Manager/register.html
INFO: [ app_begin ] --START--
INFO: Run Behavior\ReadHtmlCacheBehavior [ RunTime:0.001171s ]
INFO: Run Behavior\CheckLangBehavior [ RunTime:0.002109s ]
INFO: [ app_begin ] --END-- [ RunTime:0.004087s ]
SQL: DESCRIBE think_manager [ RunTime:0.005565s ]
SQL: SELECT * FROM `think_manager` WHERE ( username="ddbdbc1@qq.com" ) LIMIT 1   [ RunTime:0.000535s ]

[ 2016-08-08T09:28:38+08:00 ] ::1 /myphp/Manager/register.html
INFO: [ app_begin ] --START--
INFO: Run Behavior\ReadHtmlCacheBehavior [ RunTime:0.001279s ]
INFO: Run Behavior\CheckLangBehavior [ RunTime:0.002145s ]
INFO: [ app_begin ] --END-- [ RunTime:0.004406s ]
SQL: DESCRIBE think_manager [ RunTime:0.006184s ]
SQL: SELECT * FROM `think_manager` WHERE ( username="7dbc1@qq.com" ) LIMIT 1   [ RunTime:0.000541s ]
SQL: INSERT INTO `think_manager` (`username`,`password`,`name`,`sex`,`age`,`tell`,`qq`,`register_time`) VALUES ('7dbc1@qq.com','1','22','22','24','18553224863','524376211','2016-08-08 09:28:38') [ RunTime:0.000415s ]

[ 2016-08-08T09:40:25+08:00 ] ::1 /myphp/Manager/register.html
INFO: [ app_begin ] --START--
INFO: Run Behavior\ReadHtmlCacheBehavior [ RunTime:0.001046s ]
INFO: Run Behavior\CheckLangBehavior [ RunTime:0.001684s ]
INFO: [ app_begin ] --END-- [ RunTime:0.003517s ]
SQL: DESCRIBE think_manager [ RunTime:0.087996s ]
SQL: SELECT * FROM `think_manager` WHERE ( username="7dbc1@qq.com" ) LIMIT 1   [ RunTime:0.001405s ]
SQL: INSERT INTO `think_manager` (`username`,`password`,`name`,`sex`,`age`,`tell`,`qq`,`register_time`) VALUES ('7dbc1@qq.com','1','22','22','24','18553224863','524376211','2016-08-08 09:40:25') [ RunTime:0.001165s ]

[ 2016-08-08T09:40:26+08:00 ] ::1 /myphp/Manager/register.html
INFO: [ app_begin ] --START--
INFO: Run Behavior\ReadHtmlCacheBehavior [ RunTime:0.000983s ]
INFO: Run Behavior\CheckLangBehavior [ RunTime:0.001670s ]
INFO: [ app_begin ] --END-- [ RunTime:0.003477s ]
SQL: DESCRIBE think_manager [ RunTime:0.005482s ]
SQL: SELECT * FROM `think_manager` WHERE ( username="7dbc1@qq.com" ) LIMIT 1   [ RunTime:0.000485s ]

[ 2016-08-08T10:07:45+08:00 ] ::1 /myphp/Manager/login
INFO: [ app_begin ] --START--
INFO: Run Behavior\ReadHtmlCacheBehavior [ RunTime:0.001095s ]
INFO: Run Behavior\CheckLangBehavior [ RunTime:0.002362s ]
INFO: [ app_begin ] --END-- [ RunTime:0.004269s ]
SQL: DESCRIBE think_manager [ RunTime:0.005473s ]
NOTIC: [8] Use of undefined constant verify - assumed 'verify' D:\wamp\wamp\www\myphp\Application\Home\Model\ManagerModel.class.php 第 38 行.
SQL: SELECT * FROM `think_manager` WHERE ( username="441@qq.com" ) LIMIT 1   [ RunTime:0.000576s ]
NOTIC: [8] Use of undefined constant password - assumed 'password' D:\wamp\wamp\www\myphp\Application\Home\Model\ManagerModel.class.php 第 46 行.
NOTIC: [8] Use of undefined constant password - assumed 'password' D:\wamp\wamp\www\myphp\Application\Home\Model\ManagerModel.class.php 第 46 行.
SQL: UPDATE `think_manager` SET `username`='441@qq.com',`password`='1',`login_time`='2016-08-08 10:07:45' WHERE ( id="31" ) [ RunTime:0.000445s ]
NOTIC: [8] Undefined index: id D:\wamp\wamp\www\myphp\Application\Home\Model\ManagerModel.class.php 第 52 行.
ERR: Think\Model:redirect方法不存在！

[ 2016-08-08T10:07:47+08:00 ] ::1 /myphp/Manager/login
INFO: [ app_begin ] --START--
INFO: Run Behavior\ReadHtmlCacheBehavior [ RunTime:0.001244s ]
INFO: Run Behavior\CheckLangBehavior [ RunTime:0.002098s ]
INFO: [ app_begin ] --END-- [ RunTime:0.004216s ]
SQL: DESCRIBE think_manager [ RunTime:0.005949s ]
NOTIC: [8] Use of undefined constant verify - assumed 'verify' D:\wamp\wamp\www\myphp\Application\Home\Model\ManagerModel.class.php 第 38 行.

[ 2016-08-08T10:07:47+08:00 ] ::1 /myphp/Manager/login
INFO: [ app_begin ] --START--
INFO: Run Behavior\ReadHtmlCacheBehavior [ RunTime:0.001251s ]
INFO: Run Behavior\CheckLangBehavior [ RunTime:0.002091s ]
INFO: [ app_begin ] --END-- [ RunTime:0.004259s ]
SQL: DESCRIBE think_manager [ RunTime:0.006192s ]
NOTIC: [8] Use of undefined constant verify - assumed 'verify' D:\wamp\wamp\www\myphp\Application\Home\Model\ManagerModel.class.php 第 38 行.

[ 2016-08-08T10:07:55+08:00 ] ::1 /myphp/Manager/login
INFO: [ app_begin ] --START--
INFO: Run Behavior\ReadHtmlCacheBehavior [ RunTime:0.001302s ]
INFO: Run Behavior\CheckLangBehavior [ RunTime:0.001866s ]
INFO: [ app_begin ] --END-- [ RunTime:0.004614s ]
SQL: DESCRIBE think_manager [ RunTime:0.005615s ]
NOTIC: [8] Use of undefined constant verify - assumed 'verify' D:\wamp\wamp\www\myphp\Application\Home\Model\ManagerModel.class.php 第 38 行.
SQL: SELECT * FROM `think_manager` WHERE ( username="441@qq.com" ) LIMIT 1   [ RunTime:0.000652s ]
NOTIC: [8] Use of undefined constant password - assumed 'password' D:\wamp\wamp\www\myphp\Application\Home\Model\ManagerModel.class.php 第 46 行.
NOTIC: [8] Use of undefined constant password - assumed 'password' D:\wamp\wamp\www\myphp\Application\Home\Model\ManagerModel.class.php 第 46 行.
SQL: UPDATE `think_manager` SET `username`='441@qq.com',`password`='1',`login_time`='2016-08-08 10:07:55' WHERE ( id="31" ) [ RunTime:0.000466s ]
NOTIC: [8] Undefined index: id D:\wamp\wamp\www\myphp\Application\Home\Model\ManagerModel.class.php 第 52 行.
ERR: Think\Model:redirect方法不存在！

[ 2016-08-08T10:07:56+08:00 ] ::1 /myphp/Manager/login
INFO: [ app_begin ] --START--
INFO: Run Behavior\ReadHtmlCacheBehavior [ RunTime:0.001246s ]
INFO: Run Behavior\CheckLangBehavior [ RunTime:0.002106s ]
INFO: [ app_begin ] --END-- [ RunTime:0.004220s ]
SQL: DESCRIBE think_manager [ RunTime:0.006418s ]
NOTIC: [8] Use of undefined constant verify - assumed 'verify' D:\wamp\wamp\www\myphp\Application\Home\Model\ManagerModel.class.php 第 38 行.

[ 2016-08-08T10:08:29+08:00 ] ::1 /myphp/Manager/login
INFO: [ app_begin ] --START--
INFO: Run Behavior\ReadHtmlCacheBehavior [ RunTime:0.001177s ]
INFO: Run Behavior\CheckLangBehavior [ RunTime:0.001911s ]
INFO: [ app_begin ] --END-- [ RunTime:0.004024s ]
SQL: DESCRIBE think_manager [ RunTime:0.006732s ]
NOTIC: [8] Use of undefined constant verify - assumed 'verify' D:\wamp\wamp\www\myphp\Application\Home\Model\ManagerModel.class.php 第 38 行.
SQL: SELECT * FROM `think_manager` WHERE ( username="441@qq.com" ) LIMIT 1   [ RunTime:0.000590s ]
NOTIC: [8] Use of undefined constant password - assumed 'password' D:\wamp\wamp\www\myphp\Application\Home\Model\ManagerModel.class.php 第 46 行.
NOTIC: [8] Use of undefined constant password - assumed 'password' D:\wamp\wamp\www\myphp\Application\Home\Model\ManagerModel.class.php 第 46 行.
SQL: UPDATE `think_manager` SET `username`='441@qq.com',`password`='1',`login_time`='2016-08-08 10:08:29' WHERE ( id="31" ) [ RunTime:0.000454s ]
NOTIC: [8] Undefined index: id D:\wamp\wamp\www\myphp\Application\Home\Model\ManagerModel.class.php 第 52 行.

[ 2016-08-08T10:09:37+08:00 ] ::1 /myphp/Manager/login
INFO: [ app_begin ] --START--
INFO: Run Behavior\ReadHtmlCacheBehavior [ RunTime:0.001266s ]
INFO: Run Behavior\CheckLangBehavior [ RunTime:0.002145s ]
INFO: [ app_begin ] --END-- [ RunTime:0.004331s ]
SQL: DESCRIBE think_manager [ RunTime:0.006296s ]
NOTIC: [8] Use of undefined constant verify - assumed 'verify' D:\wamp\wamp\www\myphp\Application\Home\Model\ManagerModel.class.php 第 38 行.
SQL: SELECT * FROM `think_manager` WHERE ( username="441@qq.com" ) LIMIT 1   [ RunTime:0.000736s ]
NOTIC: [8] Use of undefined constant password - assumed 'password' D:\wamp\wamp\www\myphp\Application\Home\Model\ManagerModel.class.php 第 46 行.
NOTIC: [8] Use of undefined constant password - assumed 'password' D:\wamp\wamp\www\myphp\Application\Home\Model\ManagerModel.class.php 第 46 行.
SQL: UPDATE `think_manager` SET `username`='441@qq.com',`password`='1',`login_time`='2016-08-08 10:09:37' WHERE ( id="31" ) [ RunTime:0.000452s ]
NOTIC: [8] Undefined index: id D:\wamp\wamp\www\myphp\Application\Home\Model\ManagerModel.class.php 第 52 行.
ERR: Think\Model:redirect方法不存在！

[ 2016-08-08T10:09:38+08:00 ] ::1 /myphp/Manager/login
INFO: [ app_begin ] --START--
INFO: Run Behavior\ReadHtmlCacheBehavior [ RunTime:0.001221s ]
INFO: Run Behavior\CheckLangBehavior [ RunTime:0.002268s ]
INFO: [ app_begin ] --END-- [ RunTime:0.004416s ]
SQL: DESCRIBE think_manager [ RunTime:0.006753s ]
NOTIC: [8] Use of undefined constant verify - assumed 'verify' D:\wamp\wamp\www\myphp\Application\Home\Model\ManagerModel.class.php 第 38 行.

[ 2016-08-08T10:09:47+08:00 ] ::1 /myphp/Manager/login
INFO: [ app_begin ] --START--
INFO: Run Behavior\ReadHtmlCacheBehavior [ RunTime:0.001219s ]
INFO: Run Behavior\CheckLangBehavior [ RunTime:0.002263s ]
INFO: [ app_begin ] --END-- [ RunTime:0.004306s ]
SQL: DESCRIBE think_manager [ RunTime:0.005594s ]
NOTIC: [8] Use of undefined constant verify - assumed 'verify' D:\wamp\wamp\www\myphp\Application\Home\Model\ManagerModel.class.php 第 38 行.
SQL: SELECT * FROM `think_manager` WHERE ( username="441@qq.com" ) LIMIT 1   [ RunTime:0.000576s ]
NOTIC: [8] Use of undefined constant password - assumed 'password' D:\wamp\wamp\www\myphp\Application\Home\Model\ManagerModel.class.php 第 46 行.
NOTIC: [8] Use of undefined constant password - assumed 'password' D:\wamp\wamp\www\myphp\Application\Home\Model\ManagerModel.class.php 第 46 行.
SQL: UPDATE `think_manager` SET `username`='441@qq.com',`password`='1',`login_time`='2016-08-08 10:09:47' WHERE ( id="31" ) [ RunTime:0.000433s ]
NOTIC: [8] Undefined index: id D:\wamp\wamp\www\myphp\Application\Home\Model\ManagerModel.class.php 第 52 行.
ERR: Think\Model:redirect方法不存在！

[ 2016-08-08T10:09:48+08:00 ] ::1 /myphp/Manager/login
INFO: [ app_begin ] --START--
INFO: Run Behavior\ReadHtmlCacheBehavior [ RunTime:0.001331s ]
INFO: Run Behavior\CheckLangBehavior [ RunTime:0.002165s ]
INFO: [ app_begin ] --END-- [ RunTime:0.004393s ]
SQL: DESCRIBE think_manager [ RunTime:0.005412s ]
NOTIC: [8] Use of undefined constant verify - assumed 'verify' D:\wamp\wamp\www\myphp\Application\Home\Model\ManagerModel.class.php 第 38 行.

[ 2016-08-08T10:09:48+08:00 ] ::1 /myphp/Manager/login
INFO: [ app_begin ] --START--
INFO: Run Behavior\ReadHtmlCacheBehavior [ RunTime:0.001253s ]
INFO: Run Behavior\CheckLangBehavior [ RunTime:0.002032s ]
INFO: [ app_begin ] --END-- [ RunTime:0.004189s ]
SQL: DESCRIBE think_manager [ RunTime:0.006547s ]
NOTIC: [8] Use of undefined constant verify - assumed 'verify' D:\wamp\wamp\www\myphp\Application\Home\Model\ManagerModel.class.php 第 38 行.

[ 2016-08-08T10:13:07+08:00 ] ::1 /myphp/Manager/login
INFO: [ app_begin ] --START--
INFO: Run Behavior\ReadHtmlCacheBehavior [ RunTime:0.001322s ]
INFO: Run Behavior\CheckLangBehavior [ RunTime:0.002583s ]
INFO: [ app_begin ] --END-- [ RunTime:0.004799s ]
SQL: DESCRIBE think_manager [ RunTime:0.007011s ]
NOTIC: [8] Use of undefined constant verify - assumed 'verify' D:\wamp\wamp\www\myphp\Application\Home\Model\ManagerModel.class.php 第 38 行.
SQL: SELECT * FROM `think_manager` WHERE ( username="441@qq.com" ) LIMIT 1   [ RunTime:0.000598s ]
NOTIC: [8] Use of undefined constant password - assumed 'password' D:\wamp\wamp\www\myphp\Application\Home\Model\ManagerModel.class.php 第 46 行.
NOTIC: [8] Use of undefined constant password - assumed 'password' D:\wamp\wamp\www\myphp\Application\Home\Model\ManagerModel.class.php 第 46 行.
SQL: UPDATE `think_manager` SET `username`='441@qq.com',`password`='1',`login_time`='2016-08-08 10:13:07' WHERE ( id="31" ) [ RunTime:0.000512s ]
NOTIC: [8] Undefined index: id D:\wamp\wamp\www\myphp\Application\Home\Model\ManagerModel.class.php 第 52 行.
ERR: Think\Controller:redirect方法不存在！

[ 2016-08-08T10:13:08+08:00 ] ::1 /myphp/Manager/login
INFO: [ app_begin ] --START--
INFO: Run Behavior\ReadHtmlCacheBehavior [ RunTime:0.001270s ]
INFO: Run Behavior\CheckLangBehavior [ RunTime:0.002203s ]
INFO: [ app_begin ] --END-- [ RunTime:0.004433s ]
SQL: DESCRIBE think_manager [ RunTime:0.005552s ]
NOTIC: [8] Use of undefined constant verify - assumed 'verify' D:\wamp\wamp\www\myphp\Application\Home\Model\ManagerModel.class.php 第 38 行.

[ 2016-08-08T10:13:08+08:00 ] ::1 /myphp/Manager/login
INFO: [ app_begin ] --START--
INFO: Run Behavior\ReadHtmlCacheBehavior [ RunTime:0.001133s ]
INFO: Run Behavior\CheckLangBehavior [ RunTime:0.001891s ]
INFO: [ app_begin ] --END-- [ RunTime:0.003965s ]
SQL: DESCRIBE think_manager [ RunTime:0.005192s ]
NOTIC: [8] Use of undefined constant verify - assumed 'verify' D:\wamp\wamp\www\myphp\Application\Home\Model\ManagerModel.class.php 第 38 行.

[ 2016-08-08T10:13:08+08:00 ] ::1 /myphp/Manager/login
INFO: [ app_begin ] --START--
INFO: Run Behavior\ReadHtmlCacheBehavior [ RunTime:0.001246s ]
INFO: Run Behavior\CheckLangBehavior [ RunTime:0.002148s ]
INFO: [ app_begin ] --END-- [ RunTime:0.004289s ]
SQL: DESCRIBE think_manager [ RunTime:0.005541s ]
NOTIC: [8] Use of undefined constant verify - assumed 'verify' D:\wamp\wamp\www\myphp\Application\Home\Model\ManagerModel.class.php 第 38 行.

[ 2016-08-08T10:13:09+08:00 ] ::1 /myphp/Manager/login
INFO: [ app_begin ] --START--
INFO: Run Behavior\ReadHtmlCacheBehavior [ RunTime:0.001237s ]
INFO: Run Behavior\CheckLangBehavior [ RunTime:0.002209s ]
INFO: [ app_begin ] --END-- [ RunTime:0.004392s ]
SQL: DESCRIBE think_manager [ RunTime:0.006245s ]
NOTIC: [8] Use of undefined constant verify - assumed 'verify' D:\wamp\wamp\www\myphp\Application\Home\Model\ManagerModel.class.php 第 38 行.

[ 2016-08-08T10:13:09+08:00 ] ::1 /myphp/Manager/login
INFO: [ app_begin ] --START--
INFO: Run Behavior\ReadHtmlCacheBehavior [ RunTime:0.001097s ]
INFO: Run Behavior\CheckLangBehavior [ RunTime:0.001869s ]
INFO: [ app_begin ] --END-- [ RunTime:0.003777s ]
SQL: DESCRIBE think_manager [ RunTime:0.006421s ]
NOTIC: [8] Use of undefined constant verify - assumed 'verify' D:\wamp\wamp\www\myphp\Application\Home\Model\ManagerModel.class.php 第 38 行.

[ 2016-08-08T10:13:09+08:00 ] ::1 /myphp/Manager/login
INFO: [ app_begin ] --START--
INFO: Run Behavior\ReadHtmlCacheBehavior [ RunTime:0.001258s ]
INFO: Run Behavior\CheckLangBehavior [ RunTime:0.001967s ]
INFO: [ app_begin ] --END-- [ RunTime:0.004129s ]
SQL: DESCRIBE think_manager [ RunTime:0.005185s ]
NOTIC: [8] Use of undefined constant verify - assumed 'verify' D:\wamp\wamp\www\myphp\Application\Home\Model\ManagerModel.class.php 第 38 行.

[ 2016-08-08T10:28:10+08:00 ] ::1 /myphp/Manager/login
INFO: [ app_begin ] --START--
INFO: Run Behavior\ReadHtmlCacheBehavior [ RunTime:0.001044s ]
INFO: Run Behavior\CheckLangBehavior [ RunTime:0.001867s ]
INFO: [ app_begin ] --END-- [ RunTime:0.003722s ]
SQL: DESCRIBE think_manager [ RunTime:0.006803s ]
NOTIC: [8] Use of undefined constant verify - assumed 'verify' D:\wamp\wamp\www\myphp\Application\Home\Model\ManagerModel.class.php 第 38 行.
SQL: SELECT * FROM `think_manager` WHERE ( username="441@qq.com" ) LIMIT 1   [ RunTime:0.000664s ]
NOTIC: [8] Use of undefined constant password - assumed 'password' D:\wamp\wamp\www\myphp\Application\Home\Model\ManagerModel.class.php 第 46 行.
NOTIC: [8] Use of undefined constant password - assumed 'password' D:\wamp\wamp\www\myphp\Application\Home\Model\ManagerModel.class.php 第 46 行.
SQL: UPDATE `think_manager` SET `username`='441@qq.com',`password`='1',`login_time`='2016-08-08 10:28:10' WHERE ( id="31" ) [ RunTime:0.000541s ]
NOTIC: [8] Undefined index: id D:\wamp\wamp\www\myphp\Application\Home\Model\ManagerModel.class.php 第 52 行.

[ 2016-08-08T10:31:51+08:00 ] ::1 /myphp/Manager/login
INFO: [ app_begin ] --START--
INFO: Run Behavior\ReadHtmlCacheBehavior [ RunTime:0.001110s ]
INFO: Run Behavior\CheckLangBehavior [ RunTime:0.001751s ]
INFO: [ app_begin ] --END-- [ RunTime:0.003728s ]
SQL: DESCRIBE think_manager [ RunTime:0.006436s ]
NOTIC: [8] Use of undefined constant verify - assumed 'verify' D:\wamp\wamp\www\myphp\Application\Home\Model\ManagerModel.class.php 第 38 行.
SQL: SELECT * FROM `think_manager` WHERE ( username="441@qq.com" ) LIMIT 1   [ RunTime:0.000578s ]
NOTIC: [8] Use of undefined constant password - assumed 'password' D:\wamp\wamp\www\myphp\Application\Home\Model\ManagerModel.class.php 第 46 行.
NOTIC: [8] Use of undefined constant password - assumed 'password' D:\wamp\wamp\www\myphp\Application\Home\Model\ManagerModel.class.php 第 46 行.
SQL: UPDATE `think_manager` SET `username`='441@qq.com',`password`='1',`login_time`='2016-08-08 10:31:51' WHERE ( id="31" ) [ RunTime:0.000389s ]
NOTIC: [8] Undefined index: id D:\wamp\wamp\www\myphp\Application\Home\Model\ManagerModel.class.php 第 52 行.

[ 2016-08-08T10:31:58+08:00 ] ::1 /myphp/Manager/login
INFO: [ app_begin ] --START--
INFO: Run Behavior\ReadHtmlCacheBehavior [ RunTime:0.000802s ]
INFO: Run Behavior\CheckLangBehavior [ RunTime:0.001468s ]
INFO: [ app_begin ] --END-- [ RunTime:0.003053s ]
SQL: DESCRIBE think_manager [ RunTime:0.006192s ]
NOTIC: [8] Use of undefined constant verify - assumed 'verify' D:\wamp\wamp\www\myphp\Application\Home\Model\ManagerModel.class.php 第 38 行.
SQL: SELECT * FROM `think_manager` WHERE ( username="441@qq.com" ) LIMIT 1   [ RunTime:0.000624s ]
NOTIC: [8] Use of undefined constant password - assumed 'password' D:\wamp\wamp\www\myphp\Application\Home\Model\ManagerModel.class.php 第 46 行.
NOTIC: [8] Use of undefined constant password - assumed 'password' D:\wamp\wamp\www\myphp\Application\Home\Model\ManagerModel.class.php 第 46 行.
SQL: UPDATE `think_manager` SET `username`='441@qq.com',`password`='1',`login_time`='2016-08-08 10:31:58' WHERE ( id="31" ) [ RunTime:0.000396s ]
NOTIC: [8] Undefined index: id D:\wamp\wamp\www\myphp\Application\Home\Model\ManagerModel.class.php 第 52 行.

[ 2016-08-08T10:33:48+08:00 ] ::1 /myphp/Manager/login
INFO: [ app_begin ] --START--
INFO: Run Behavior\ReadHtmlCacheBehavior [ RunTime:0.001435s ]
INFO: Run Behavior\CheckLangBehavior [ RunTime:0.001679s ]
INFO: [ app_begin ] --END-- [ RunTime:0.003970s ]
SQL: DESCRIBE think_manager [ RunTime:0.007551s ]
NOTIC: [8] Use of undefined constant verify - assumed 'verify' D:\wamp\wamp\www\myphp\Application\Home\Model\ManagerModel.class.php 第 38 行.
SQL: SELECT * FROM `think_manager` WHERE ( username="441@qq.com" ) LIMIT 1   [ RunTime:0.000603s ]
NOTIC: [8] Use of undefined constant password - assumed 'password' D:\wamp\wamp\www\myphp\Application\Home\Model\ManagerModel.class.php 第 46 行.
NOTIC: [8] Use of undefined constant password - assumed 'password' D:\wamp\wamp\www\myphp\Application\Home\Model\ManagerModel.class.php 第 46 行.
SQL: UPDATE `think_manager` SET `username`='441@qq.com',`password`='1',`login_time`='2016-08-08 10:33:48' WHERE ( id="31" ) [ RunTime:0.000512s ]
NOTIC: [8] Undefined index: id D:\wamp\wamp\www\myphp\Application\Home\Model\ManagerModel.class.php 第 52 行.

[ 2016-08-08T10:35:14+08:00 ] ::1 /myphp/Manager/login
INFO: [ app_begin ] --START--
INFO: Run Behavior\ReadHtmlCacheBehavior [ RunTime:0.000994s ]
INFO: Run Behavior\CheckLangBehavior [ RunTime:0.001698s ]
INFO: [ app_begin ] --END-- [ RunTime:0.003564s ]
SQL: DESCRIBE think_manager [ RunTime:0.006827s ]
NOTIC: [8] Use of undefined constant verify - assumed 'verify' D:\wamp\wamp\www\myphp\Application\Home\Model\ManagerModel.class.php 第 38 行.

[ 2016-08-08T10:35:21+08:00 ] ::1 /myphp/Manager/login
INFO: [ app_begin ] --START--
INFO: Run Behavior\ReadHtmlCacheBehavior [ RunTime:0.001088s ]
INFO: Run Behavior\CheckLangBehavior [ RunTime:0.001971s ]
INFO: [ app_begin ] --END-- [ RunTime:0.003899s ]
SQL: DESCRIBE think_manager [ RunTime:0.006227s ]
NOTIC: [8] Use of undefined constant verify - assumed 'verify' D:\wamp\wamp\www\myphp\Application\Home\Model\ManagerModel.class.php 第 38 行.
SQL: SELECT * FROM `think_manager` WHERE ( username="441@qq.com" ) LIMIT 1   [ RunTime:0.000638s ]
NOTIC: [8] Use of undefined constant password - assumed 'password' D:\wamp\wamp\www\myphp\Application\Home\Model\ManagerModel.class.php 第 46 行.
NOTIC: [8] Use of undefined constant password - assumed 'password' D:\wamp\wamp\www\myphp\Application\Home\Model\ManagerModel.class.php 第 46 行.
SQL: UPDATE `think_manager` SET `username`='441@qq.com',`password`='1',`login_time`='2016-08-08 10:35:21' WHERE ( id="31" ) [ RunTime:0.000454s ]
NOTIC: [8] Undefined index: id D:\wamp\wamp\www\myphp\Application\Home\Model\ManagerModel.class.php 第 52 行.

[ 2016-08-08T10:40:37+08:00 ] ::1 /myphp/Manager/login
INFO: [ app_begin ] --START--
INFO: Run Behavior\ReadHtmlCacheBehavior [ RunTime:0.001286s ]
INFO: Run Behavior\CheckLangBehavior [ RunTime:0.001944s ]
INFO: [ app_begin ] --END-- [ RunTime:0.004121s ]
SQL: DESCRIBE think_manager [ RunTime:0.006266s ]
NOTIC: [8] Use of undefined constant verify - assumed 'verify' D:\wamp\wamp\www\myphp\Application\Home\Model\ManagerModel.class.php 第 38 行.
SQL: SELECT * FROM `think_manager` WHERE ( username="441@qq.com" ) LIMIT 1   [ RunTime:0.000558s ]
NOTIC: [8] Use of undefined constant password - assumed 'password' D:\wamp\wamp\www\myphp\Application\Home\Model\ManagerModel.class.php 第 46 行.
NOTIC: [8] Use of undefined constant password - assumed 'password' D:\wamp\wamp\www\myphp\Application\Home\Model\ManagerModel.class.php 第 46 行.
SQL: UPDATE `think_manager` SET `username`='441@qq.com',`password`='1',`login_time`='2016-08-08 10:40:37' WHERE ( id="31" ) [ RunTime:0.000424s ]
NOTIC: [8] Undefined index: id D:\wamp\wamp\www\myphp\Application\Home\Model\ManagerModel.class.php 第 52 行.

[ 2016-08-08T10:43:07+08:00 ] ::1 /myphp/Manager/login
INFO: [ app_begin ] --START--
INFO: Run Behavior\ReadHtmlCacheBehavior [ RunTime:0.001028s ]
INFO: Run Behavior\CheckLangBehavior [ RunTime:0.002233s ]
INFO: [ app_begin ] --END-- [ RunTime:0.004051s ]
SQL: DESCRIBE think_manager [ RunTime:0.006645s ]
NOTIC: [8] Use of undefined constant verify - assumed 'verify' D:\wamp\wamp\www\myphp\Application\Home\Model\ManagerModel.class.php 第 38 行.

[ 2016-08-08T10:43:15+08:00 ] ::1 /myphp/Manager/login
INFO: [ app_begin ] --START--
INFO: Run Behavior\ReadHtmlCacheBehavior [ RunTime:0.001124s ]
INFO: Run Behavior\CheckLangBehavior [ RunTime:0.002088s ]
INFO: [ app_begin ] --END-- [ RunTime:0.004102s ]
SQL: DESCRIBE think_manager [ RunTime:0.006535s ]
NOTIC: [8] Use of undefined constant verify - assumed 'verify' D:\wamp\wamp\www\myphp\Application\Home\Model\ManagerModel.class.php 第 38 行.
SQL: SELECT * FROM `think_manager` WHERE ( username="441@qq.com" ) LIMIT 1   [ RunTime:0.000593s ]
NOTIC: [8] Use of undefined constant password - assumed 'password' D:\wamp\wamp\www\myphp\Application\Home\Model\ManagerModel.class.php 第 46 行.
NOTIC: [8] Use of undefined constant password - assumed 'password' D:\wamp\wamp\www\myphp\Application\Home\Model\ManagerModel.class.php 第 46 行.
SQL: UPDATE `think_manager` SET `username`='441@qq.com',`password`='1',`login_time`='2016-08-08 10:43:15' WHERE ( id="31" ) [ RunTime:0.000536s ]

[ 2016-08-08T10:45:06+08:00 ] ::1 /myphp/Manager/login
INFO: [ app_begin ] --START--
INFO: Run Behavior\ReadHtmlCacheBehavior [ RunTime:0.001213s ]
INFO: Run Behavior\CheckLangBehavior [ RunTime:0.002116s ]
INFO: [ app_begin ] --END-- [ RunTime:0.004194s ]
SQL: DESCRIBE think_manager [ RunTime:0.040254s ]
NOTIC: [8] Use of undefined constant verify - assumed 'verify' D:\wamp\wamp\www\myphp\Application\Home\Model\ManagerModel.class.php 第 38 行.
SQL: SELECT * FROM `think_manager` WHERE ( username="441@qq.com" ) LIMIT 1   [ RunTime:0.000607s ]
NOTIC: [8] Use of undefined constant password - assumed 'password' D:\wamp\wamp\www\myphp\Application\Home\Model\ManagerModel.class.php 第 46 行.
NOTIC: [8] Use of undefined constant password - assumed 'password' D:\wamp\wamp\www\myphp\Application\Home\Model\ManagerModel.class.php 第 46 行.
SQL: UPDATE `think_manager` SET `username`='441@qq.com',`password`='1',`login_time`='2016-08-08 10:45:06' WHERE ( id="31" ) [ RunTime:0.000449s ]

[ 2016-08-08T10:48:02+08:00 ] ::1 /myphp/Manager/login
INFO: [ app_begin ] --START--
INFO: Run Behavior\ReadHtmlCacheBehavior [ RunTime:0.001297s ]
INFO: Run Behavior\CheckLangBehavior [ RunTime:0.001985s ]
INFO: [ app_begin ] --END-- [ RunTime:0.004067s ]
SQL: DESCRIBE think_manager [ RunTime:0.006039s ]
NOTIC: [8] Use of undefined constant verify - assumed 'verify' D:\wamp\wamp\www\myphp\Application\Home\Model\ManagerModel.class.php 第 38 行.

[ 2016-08-08T10:48:10+08:00 ] ::1 /myphp/Manager/login
INFO: [ app_begin ] --START--
INFO: Run Behavior\ReadHtmlCacheBehavior [ RunTime:0.001124s ]
INFO: Run Behavior\CheckLangBehavior [ RunTime:0.001856s ]
INFO: [ app_begin ] --END-- [ RunTime:0.003839s ]
SQL: DESCRIBE think_manager [ RunTime:0.005443s ]
NOTIC: [8] Use of undefined constant verify - assumed 'verify' D:\wamp\wamp\www\myphp\Application\Home\Model\ManagerModel.class.php 第 38 行.

[ 2016-08-08T10:48:17+08:00 ] ::1 /myphp/Manager/login
INFO: [ app_begin ] --START--
INFO: Run Behavior\ReadHtmlCacheBehavior [ RunTime:0.001362s ]
INFO: Run Behavior\CheckLangBehavior [ RunTime:0.002465s ]
INFO: [ app_begin ] --END-- [ RunTime:0.004644s ]
SQL: DESCRIBE think_manager [ RunTime:0.005671s ]
NOTIC: [8] Use of undefined constant verify - assumed 'verify' D:\wamp\wamp\www\myphp\Application\Home\Model\ManagerModel.class.php 第 38 行.
SQL: SELECT * FROM `think_manager` WHERE ( username="441@qq.com" ) LIMIT 1   [ RunTime:0.000602s ]
NOTIC: [8] Use of undefined constant password - assumed 'password' D:\wamp\wamp\www\myphp\Application\Home\Model\ManagerModel.class.php 第 46 行.
NOTIC: [8] Use of undefined constant password - assumed 'password' D:\wamp\wamp\www\myphp\Application\Home\Model\ManagerModel.class.php 第 46 行.
SQL: UPDATE `think_manager` SET `username`='441@qq.com',`password`='1',`login_time`='2016-08-08 10:48:17' WHERE ( id="31" ) [ RunTime:0.000515s ]

[ 2016-08-08T10:49:09+08:00 ] ::1 /myphp/Manager/login
INFO: [ app_begin ] --START--
INFO: Run Behavior\ReadHtmlCacheBehavior [ RunTime:0.001251s ]
INFO: Run Behavior\CheckLangBehavior [ RunTime:0.002368s ]
INFO: [ app_begin ] --END-- [ RunTime:0.004528s ]
SQL: DESCRIBE think_manager [ RunTime:0.004833s ]
NOTIC: [8] Use of undefined constant verify - assumed 'verify' D:\wamp\wamp\www\myphp\Application\Home\Model\ManagerModel.class.php 第 38 行.

[ 2016-08-08T10:49:18+08:00 ] ::1 /myphp/Manager/login
INFO: [ app_begin ] --START--
INFO: Run Behavior\ReadHtmlCacheBehavior [ RunTime:0.000995s ]
INFO: Run Behavior\CheckLangBehavior [ RunTime:0.001633s ]
INFO: [ app_begin ] --END-- [ RunTime:0.003438s ]
SQL: DESCRIBE think_manager [ RunTime:0.005749s ]
NOTIC: [8] Use of undefined constant verify - assumed 'verify' D:\wamp\wamp\www\myphp\Application\Home\Model\ManagerModel.class.php 第 38 行.
SQL: SELECT * FROM `think_manager` WHERE ( username="441@qq.com" ) LIMIT 1   [ RunTime:0.000517s ]
NOTIC: [8] Use of undefined constant password - assumed 'password' D:\wamp\wamp\www\myphp\Application\Home\Model\ManagerModel.class.php 第 46 行.
NOTIC: [8] Use of undefined constant password - assumed 'password' D:\wamp\wamp\www\myphp\Application\Home\Model\ManagerModel.class.php 第 46 行.
SQL: UPDATE `think_manager` SET `username`='441@qq.com',`password`='1',`login_time`='2016-08-08 10:49:18' WHERE ( id="31" ) [ RunTime:0.000449s ]

[ 2016-08-08T10:52:25+08:00 ] ::1 /myphp/Manager/login
INFO: [ app_begin ] --START--
INFO: Run Behavior\ReadHtmlCacheBehavior [ RunTime:0.001220s ]
INFO: Run Behavior\CheckLangBehavior [ RunTime:0.001877s ]
INFO: [ app_begin ] --END-- [ RunTime:0.003933s ]
SQL: DESCRIBE think_manager [ RunTime:0.005408s ]
NOTIC: [8] Use of undefined constant verify - assumed 'verify' D:\wamp\wamp\www\myphp\Application\Home\Model\ManagerModel.class.php 第 38 行.
SQL: SELECT * FROM `think_manager` WHERE ( username="441@qq.com" ) LIMIT 1   [ RunTime:0.000555s ]
NOTIC: [8] Use of undefined constant password - assumed 'password' D:\wamp\wamp\www\myphp\Application\Home\Model\ManagerModel.class.php 第 46 行.
NOTIC: [8] Use of undefined constant password - assumed 'password' D:\wamp\wamp\www\myphp\Application\Home\Model\ManagerModel.class.php 第 46 行.
SQL: UPDATE `think_manager` SET `username`='441@qq.com',`password`='1',`login_time`='2016-08-08 10:52:25' WHERE ( id="31" ) [ RunTime:0.000421s ]

[ 2016-08-08T10:58:00+08:00 ] ::1 /myphp/Manager/login
INFO: [ app_begin ] --START--
INFO: Run Behavior\ReadHtmlCacheBehavior [ RunTime:0.000987s ]
INFO: Run Behavior\CheckLangBehavior [ RunTime:0.001868s ]
INFO: [ app_begin ] --END-- [ RunTime:0.003671s ]
SQL: DESCRIBE think_manager [ RunTime:0.027670s ]
NOTIC: [8] Use of undefined constant verify - assumed 'verify' D:\wamp\wamp\www\myphp\Application\Home\Model\ManagerModel.class.php 第 38 行.

[ 2016-08-08T10:58:10+08:00 ] ::1 /myphp/Manager/login
INFO: [ app_begin ] --START--
INFO: Run Behavior\ReadHtmlCacheBehavior [ RunTime:0.001129s ]
INFO: Run Behavior\CheckLangBehavior [ RunTime:0.002110s ]
INFO: [ app_begin ] --END-- [ RunTime:0.004292s ]
SQL: DESCRIBE think_manager [ RunTime:0.005835s ]
NOTIC: [8] Use of undefined constant verify - assumed 'verify' D:\wamp\wamp\www\myphp\Application\Home\Model\ManagerModel.class.php 第 38 行.
SQL: SELECT * FROM `think_manager` WHERE ( username="441@qq.com" ) LIMIT 1   [ RunTime:0.000537s ]
NOTIC: [8] Use of undefined constant password - assumed 'password' D:\wamp\wamp\www\myphp\Application\Home\Model\ManagerModel.class.php 第 46 行.
NOTIC: [8] Use of undefined constant password - assumed 'password' D:\wamp\wamp\www\myphp\Application\Home\Model\ManagerModel.class.php 第 46 行.
SQL: UPDATE `think_manager` SET `username`='441@qq.com',`password`='1',`login_time`='2016-08-08 10:58:10' WHERE ( id="31" ) [ RunTime:0.000388s ]

[ 2016-08-08T10:58:11+08:00 ] ::1 /myphp/Manager/login
INFO: [ app_begin ] --START--
INFO: Run Behavior\ReadHtmlCacheBehavior [ RunTime:0.000965s ]
INFO: Run Behavior\CheckLangBehavior [ RunTime:0.001784s ]
INFO: [ app_begin ] --END-- [ RunTime:0.003506s ]
SQL: DESCRIBE think_manager [ RunTime:0.005450s ]
NOTIC: [8] Use of undefined constant verify - assumed 'verify' D:\wamp\wamp\www\myphp\Application\Home\Model\ManagerModel.class.php 第 38 行.

[ 2016-08-08T12:13:19+08:00 ] ::1 /myphp/Manager/login.html
INFO: [ app_begin ] --START--
INFO: Run Behavior\ReadHtmlCacheBehavior [ RunTime:0.001204s ]
INFO: Run Behavior\CheckLangBehavior [ RunTime:0.001888s ]
INFO: [ app_begin ] --END-- [ RunTime:0.003892s ]
SQL: DESCRIBE think_manager [ RunTime:0.006550s ]
NOTIC: [8] Use of undefined constant verify - assumed 'verify' D:\wamp\wamp\www\myphp\Application\Home\Model\ManagerModel.class.php 第 38 行.
SQL: SELECT * FROM `think_manager` WHERE ( username="6211@qq.com" ) LIMIT 1   [ RunTime:0.000527s ]
NOTIC: [8] Use of undefined constant password - assumed 'password' D:\wamp\wamp\www\myphp\Application\Home\Model\ManagerModel.class.php 第 46 行.
NOTIC: [8] Use of undefined constant password - assumed 'password' D:\wamp\wamp\www\myphp\Application\Home\Model\ManagerModel.class.php 第 46 行.
SQL: UPDATE `think_manager` SET `username`='6211@qq.com',`password`='1',`login_time`='2016-08-08 12:13:19' WHERE ( id="27" ) [ RunTime:0.000414s ]

[ 2016-08-08T12:23:43+08:00 ] ::1 /myphp/Manager/login.html
INFO: [ app_begin ] --START--
INFO: Run Behavior\ReadHtmlCacheBehavior [ RunTime:0.001147s ]
INFO: Run Behavior\CheckLangBehavior [ RunTime:0.001815s ]
INFO: [ app_begin ] --END-- [ RunTime:0.003753s ]
SQL: DESCRIBE think_manager [ RunTime:0.007014s ]
NOTIC: [8] Use of undefined constant verify - assumed 'verify' D:\wamp\wamp\www\myphp\Application\Home\Model\ManagerModel.class.php 第 38 行.

[ 2016-08-08T12:23:51+08:00 ] ::1 /myphp/Manager/login.html
INFO: [ app_begin ] --START--
INFO: Run Behavior\ReadHtmlCacheBehavior [ RunTime:0.001086s ]
INFO: Run Behavior\CheckLangBehavior [ RunTime:0.001773s ]
INFO: [ app_begin ] --END-- [ RunTime:0.003617s ]
SQL: DESCRIBE think_manager [ RunTime:0.007045s ]
NOTIC: [8] Use of undefined constant verify - assumed 'verify' D:\wamp\wamp\www\myphp\Application\Home\Model\ManagerModel.class.php 第 38 行.
SQL: SELECT * FROM `think_manager` WHERE ( username="441@qq.com" ) LIMIT 1   [ RunTime:0.000553s ]
NOTIC: [8] Use of undefined constant password - assumed 'password' D:\wamp\wamp\www\myphp\Application\Home\Model\ManagerModel.class.php 第 46 行.
NOTIC: [8] Use of undefined constant password - assumed 'password' D:\wamp\wamp\www\myphp\Application\Home\Model\ManagerModel.class.php 第 46 行.
SQL: UPDATE `think_manager` SET `username`='441@qq.com',`password`='1',`login_time`='2016-08-08 12:23:51' WHERE ( id="31" ) [ RunTime:0.000504s ]

[ 2016-08-08T12:25:14+08:00 ] ::1 /myphp/Manager/login.html
INFO: [ app_begin ] --START--
INFO: Run Behavior\ReadHtmlCacheBehavior [ RunTime:0.001236s ]
INFO: Run Behavior\CheckLangBehavior [ RunTime:0.002153s ]
INFO: [ app_begin ] --END-- [ RunTime:0.004210s ]
SQL: DESCRIBE think_manager [ RunTime:0.007042s ]
NOTIC: [8] Use of undefined constant verify - assumed 'verify' D:\wamp\wamp\www\myphp\Application\Home\Model\ManagerModel.class.php 第 38 行.
SQL: SELECT * FROM `think_manager` WHERE ( username="441@qq.com" ) LIMIT 1   [ RunTime:0.000519s ]
NOTIC: [8] Use of undefined constant password - assumed 'password' D:\wamp\wamp\www\myphp\Application\Home\Model\ManagerModel.class.php 第 46 行.
NOTIC: [8] Use of undefined constant password - assumed 'password' D:\wamp\wamp\www\myphp\Application\Home\Model\ManagerModel.class.php 第 46 行.
SQL: UPDATE `think_manager` SET `username`='441@qq.com',`password`='1',`login_time`='2016-08-08 12:25:14' WHERE ( id="31" ) [ RunTime:0.000381s ]

[ 2016-08-08T12:29:37+08:00 ] ::1 /myphp/Home/Manager/upd/id/31
INFO: [ app_begin ] --START--
INFO: Run Behavior\ReadHtmlCacheBehavior [ RunTime:0.001405s ]
INFO: Run Behavior\CheckLangBehavior [ RunTime:0.002343s ]
INFO: [ app_begin ] --END-- [ RunTime:0.004849s ]
SQL: DESCRIBE think_manager [ RunTime:0.007667s ]
SQL: SELECT * FROM `think_manager` WHERE ( username="441@qq.com" ) LIMIT 1   [ RunTime:0.000536s ]

[ 2016-08-08T12:29:42+08:00 ] ::1 /myphp/Home/Manager/upd/id/31
INFO: [ app_begin ] --START--
INFO: Run Behavior\ReadHtmlCacheBehavior [ RunTime:0.000981s ]
INFO: Run Behavior\CheckLangBehavior [ RunTime:0.001874s ]
INFO: [ app_begin ] --END-- [ RunTime:0.003661s ]
SQL: DESCRIBE think_manager [ RunTime:0.007692s ]
SQL: SELECT * FROM `think_manager` WHERE ( username="1@qq.com" ) LIMIT 1   [ RunTime:0.000541s ]
SQL: UPDATE `think_manager` SET `username`='1@qq.com',`password`='1',`name`='22',`sex`='22',`age`='24',`tell`='18553224863',`qq`='524376211',`update_time`='2016-08-08 12:29:42' WHERE ( id=31 ) [ RunTime:0.000506s ]

[ 2016-08-08T12:29:43+08:00 ] ::1 /myphp/Home/Manager/upd/id/31
INFO: [ app_begin ] --START--
INFO: Run Behavior\ReadHtmlCacheBehavior [ RunTime:0.000968s ]
INFO: Run Behavior\CheckLangBehavior [ RunTime:0.001821s ]
INFO: [ app_begin ] --END-- [ RunTime:0.003563s ]
SQL: DESCRIBE think_manager [ RunTime:0.006462s ]
SQL: SELECT * FROM `think_manager` WHERE ( username="1@qq.com" ) LIMIT 1   [ RunTime:0.000525s ]

[ 2016-08-08T12:30:38+08:00 ] ::1 /myphp/Manager/login.html
INFO: [ app_begin ] --START--
INFO: Run Behavior\ReadHtmlCacheBehavior [ RunTime:0.000953s ]
INFO: Run Behavior\CheckLangBehavior [ RunTime:0.001627s ]
INFO: [ app_begin ] --END-- [ RunTime:0.003328s ]
SQL: DESCRIBE think_manager [ RunTime:0.006790s ]
NOTIC: [8] Use of undefined constant verify - assumed 'verify' D:\wamp\wamp\www\myphp\Application\Home\Model\ManagerModel.class.php 第 38 行.
SQL: SELECT * FROM `think_manager` WHERE ( username="1@qq.com" ) LIMIT 1   [ RunTime:0.000539s ]
NOTIC: [8] Use of undefined constant password - assumed 'password' D:\wamp\wamp\www\myphp\Application\Home\Model\ManagerModel.class.php 第 46 行.
NOTIC: [8] Use of undefined constant password - assumed 'password' D:\wamp\wamp\www\myphp\Application\Home\Model\ManagerModel.class.php 第 46 行.
SQL: UPDATE `think_manager` SET `username`='1@qq.com',`password`='1',`login_time`='2016-08-08 12:30:38' WHERE ( id="31" ) [ RunTime:0.000379s ]

[ 2016-08-08T12:30:41+08:00 ] ::1 /myphp/Manager/login.html
INFO: [ app_begin ] --START--
INFO: Run Behavior\ReadHtmlCacheBehavior [ RunTime:0.000954s ]
INFO: Run Behavior\CheckLangBehavior [ RunTime:0.001634s ]
INFO: [ app_begin ] --END-- [ RunTime:0.003342s ]
SQL: DESCRIBE think_manager [ RunTime:0.007065s ]
NOTIC: [8] Use of undefined constant verify - assumed 'verify' D:\wamp\wamp\www\myphp\Application\Home\Model\ManagerModel.class.php 第 38 行.

[ 2016-08-08T12:30:42+08:00 ] ::1 /myphp/Manager/login.html
INFO: [ app_begin ] --START--
INFO: Run Behavior\ReadHtmlCacheBehavior [ RunTime:0.000974s ]
INFO: Run Behavior\CheckLangBehavior [ RunTime:0.001659s ]
INFO: [ app_begin ] --END-- [ RunTime:0.003483s ]
SQL: DESCRIBE think_manager [ RunTime:0.006694s ]
NOTIC: [8] Use of undefined constant verify - assumed 'verify' D:\wamp\wamp\www\myphp\Application\Home\Model\ManagerModel.class.php 第 38 行.

[ 2016-08-08T12:34:27+08:00 ] ::1 /myphp/Manager/loginl
ERR: 非法操作:loginl

[ 2016-08-08T12:34:39+08:00 ] ::1 /myphp/Manager/login.html
INFO: [ app_begin ] --START--
INFO: Run Behavior\ReadHtmlCacheBehavior [ RunTime:0.000966s ]
INFO: Run Behavior\CheckLangBehavior [ RunTime:0.001685s ]
INFO: [ app_begin ] --END-- [ RunTime:0.003451s ]

[ 2016-08-08T12:34:39+08:00 ] ::1 /myphp/Manager/mine.html
INFO: [ app_begin ] --START--
INFO: Run Behavior\ReadHtmlCacheBehavior [ RunTime:0.000969s ]
INFO: Run Behavior\CheckLangBehavior [ RunTime:0.001627s ]
INFO: [ app_begin ] --END-- [ RunTime:0.003357s ]

[ 2016-08-08T12:34:39+08:00 ] ::1 /myphp/Manager/login.html
INFO: [ app_begin ] --START--
INFO: Run Behavior\ReadHtmlCacheBehavior [ RunTime:0.001031s ]
INFO: Run Behavior\CheckLangBehavior [ RunTime:0.001660s ]
INFO: [ app_begin ] --END-- [ RunTime:0.003585s ]
INFO: [ view_parse ] --START--
INFO: [ template_filter ] --START--
INFO: Run Behavior\ContentReplaceBehavior [ RunTime:0.000116s ]
INFO: [ template_filter ] --END-- [ RunTime:0.000251s ]
INFO: Run Behavior\ParseTemplateBehavior [ RunTime:0.009888s ]
INFO: [ view_parse ] --END-- [ RunTime:0.010027s ]
INFO: [ view_filter ] --START--
INFO: Run Behavior\WriteHtmlCacheBehavior [ RunTime:0.000778s ]
INFO: [ view_filter ] --END-- [ RunTime:0.000896s ]
INFO: [ app_end ] --START--
INFO: Run Behavior\ShowPageTraceBehavior [ RunTime:0.001159s ]
INFO: [ app_end ] --END-- [ RunTime:0.001292s ]

[ 2016-08-08T12:37:37+08:00 ] ::1 /myphp/Manager/login.html
INFO: [ app_begin ] --START--
INFO: Run Behavior\ReadHtmlCacheBehavior [ RunTime:0.001451s ]
INFO: Run Behavior\CheckLangBehavior [ RunTime:0.001859s ]
INFO: [ app_begin ] --END-- [ RunTime:0.004752s ]
SQL: DESCRIBE think_manager [ RunTime:0.009416s ]
NOTIC: [8] Use of undefined constant verify - assumed 'verify' D:\wamp\wamp\www\myphp\Application\Home\Model\ManagerModel.class.php 第 38 行.
SQL: SELECT * FROM `think_manager` WHERE ( username="1@qq.com" ) LIMIT 1   [ RunTime:0.000653s ]
NOTIC: [8] Use of undefined constant password - assumed 'password' D:\wamp\wamp\www\myphp\Application\Home\Model\ManagerModel.class.php 第 46 行.
NOTIC: [8] Use of undefined constant password - assumed 'password' D:\wamp\wamp\www\myphp\Application\Home\Model\ManagerModel.class.php 第 46 行.
SQL: UPDATE `think_manager` SET `username`='1@qq.com',`password`='1',`login_time`='2016-08-08 12:37:37' WHERE ( id="31" ) [ RunTime:0.000598s ]

[ 2016-08-08T12:37:57+08:00 ] ::1 /myphp/Manager/login.html
INFO: [ app_begin ] --START--
INFO: Run Behavior\ReadHtmlCacheBehavior [ RunTime:0.000981s ]
INFO: Run Behavior\CheckLangBehavior [ RunTime:0.001684s ]
INFO: [ app_begin ] --END-- [ RunTime:0.003440s ]
SQL: DESCRIBE think_manager [ RunTime:0.006892s ]
NOTIC: [8] Use of undefined constant verify - assumed 'verify' D:\wamp\wamp\www\myphp\Application\Home\Model\ManagerModel.class.php 第 38 行.
SQL: SELECT * FROM `think_manager` WHERE ( username="1@qq.com" ) LIMIT 1   [ RunTime:0.000525s ]
NOTIC: [8] Use of undefined constant password - assumed 'password' D:\wamp\wamp\www\myphp\Application\Home\Model\ManagerModel.class.php 第 46 行.
NOTIC: [8] Use of undefined constant password - assumed 'password' D:\wamp\wamp\www\myphp\Application\Home\Model\ManagerModel.class.php 第 46 行.
SQL: UPDATE `think_manager` SET `username`='1@qq.com',`password`='1',`login_time`='2016-08-08 12:37:57' WHERE ( id="31" ) [ RunTime:0.000358s ]

[ 2016-08-08T12:40:28+08:00 ] ::1 /myphp/Manager/register.html
INFO: [ app_begin ] --START--
INFO: Run Behavior\ReadHtmlCacheBehavior [ RunTime:0.001135s ]
INFO: Run Behavior\CheckLangBehavior [ RunTime:0.001760s ]
INFO: [ app_begin ] --END-- [ RunTime:0.003727s ]
SQL: DESCRIBE think_manager [ RunTime:0.006839s ]
SQL: SELECT * FROM `think_manager` WHERE ( username="xue@qq.com" ) LIMIT 1   [ RunTime:0.000529s ]
SQL: INSERT INTO `think_manager` (`username`,`password`,`name`,`sex`,`age`,`tell`,`qq`,`register_time`) VALUES ('xue@qq.com','1','1','1331','1','18553224863','524376211','2016-08-08 12:40:28') [ RunTime:0.000441s ]

[ 2016-08-08T12:40:29+08:00 ] ::1 /myphp/Manager/register.html
INFO: [ app_begin ] --START--
INFO: Run Behavior\ReadHtmlCacheBehavior [ RunTime:0.000948s ]
INFO: Run Behavior\CheckLangBehavior [ RunTime:0.001784s ]
INFO: [ app_begin ] --END-- [ RunTime:0.003500s ]
SQL: DESCRIBE think_manager [ RunTime:0.006614s ]
SQL: SELECT * FROM `think_manager` WHERE ( username="xue@qq.com" ) LIMIT 1   [ RunTime:0.000491s ]

[ 2016-08-08T12:40:33+08:00 ] ::1 /myphp/Manager/register.html
INFO: [ app_begin ] --START--
INFO: Run Behavior\ReadHtmlCacheBehavior [ RunTime:0.001210s ]
INFO: Run Behavior\CheckLangBehavior [ RunTime:0.001682s ]
INFO: [ app_begin ] --END-- [ RunTime:0.003764s ]
SQL: DESCRIBE think_manager [ RunTime:0.006965s ]
SQL: SELECT * FROM `think_manager` WHERE ( username="13ue@qq.com" ) LIMIT 1   [ RunTime:0.000503s ]
SQL: INSERT INTO `think_manager` (`username`,`password`,`name`,`sex`,`age`,`tell`,`qq`,`register_time`) VALUES ('13ue@qq.com','1','1','1331','1','18553224863','524376211','2016-08-08 12:40:33') [ RunTime:0.000344s ]

[ 2016-08-08T12:40:35+08:00 ] ::1 /myphp/Manager/register.html
INFO: [ app_begin ] --START--
INFO: Run Behavior\ReadHtmlCacheBehavior [ RunTime:0.001013s ]
INFO: Run Behavior\CheckLangBehavior [ RunTime:0.001695s ]
INFO: [ app_begin ] --END-- [ RunTime:0.003494s ]
SQL: DESCRIBE think_manager [ RunTime:0.006793s ]
SQL: SELECT * FROM `think_manager` WHERE ( username="1353535ue@qq.com" ) LIMIT 1   [ RunTime:0.000560s ]
SQL: INSERT INTO `think_manager` (`username`,`password`,`name`,`sex`,`age`,`tell`,`qq`,`register_time`) VALUES ('1353535ue@qq.com','1','1','1331','1','18553224863','524376211','2016-08-08 12:40:35') [ RunTime:0.000366s ]

[ 2016-08-08T12:40:39+08:00 ] ::1 /myphp/Manager/register.html
INFO: [ app_begin ] --START--
INFO: Run Behavior\ReadHtmlCacheBehavior [ RunTime:0.000952s ]
INFO: Run Behavior\CheckLangBehavior [ RunTime:0.001676s ]
INFO: [ app_begin ] --END-- [ RunTime:0.003374s ]
SQL: DESCRIBE think_manager [ RunTime:0.006743s ]
SQL: SELECT * FROM `think_manager` WHERE ( username="1f5ue@qq.com" ) LIMIT 1   [ RunTime:0.000499s ]
SQL: INSERT INTO `think_manager` (`username`,`password`,`name`,`sex`,`age`,`tell`,`qq`,`register_time`) VALUES ('1f5ue@qq.com','1','1','1331','1','18553224863','524376211','2016-08-08 12:40:39') [ RunTime:0.000349s ]

[ 2016-08-08T12:45:44+08:00 ] ::1 /myphp/Manager/login.html
INFO: [ app_begin ] --START--
INFO: Run Behavior\ReadHtmlCacheBehavior [ RunTime:0.000946s ]
INFO: Run Behavior\CheckLangBehavior [ RunTime:0.001682s ]
INFO: [ app_begin ] --END-- [ RunTime:0.003407s ]
SQL: DESCRIBE think_manager [ RunTime:0.006891s ]
NOTIC: [8] Use of undefined constant verify - assumed 'verify' D:\wamp\wamp\www\myphp\Application\Home\Model\ManagerModel.class.php 第 38 行.
SQL: SELECT * FROM `think_manager` WHERE ( username="xue@qq.com" ) LIMIT 1   [ RunTime:0.000523s ]
NOTIC: [8] Use of undefined constant password - assumed 'password' D:\wamp\wamp\www\myphp\Application\Home\Model\ManagerModel.class.php 第 46 行.
NOTIC: [8] Use of undefined constant password - assumed 'password' D:\wamp\wamp\www\myphp\Application\Home\Model\ManagerModel.class.php 第 46 行.
SQL: UPDATE `think_manager` SET `username`='xue@qq.com',`password`='1',`login_time`='2016-08-08 12:45:44' WHERE ( id="41" ) [ RunTime:0.000383s ]

[ 2016-08-08T12:45:45+08:00 ] ::1 /myphp/Manager/login.html
INFO: [ app_begin ] --START--
INFO: Run Behavior\ReadHtmlCacheBehavior [ RunTime:0.000982s ]
INFO: Run Behavior\CheckLangBehavior [ RunTime:0.001848s ]
INFO: [ app_begin ] --END-- [ RunTime:0.003654s ]
SQL: DESCRIBE think_manager [ RunTime:0.006819s ]
NOTIC: [8] Use of undefined constant verify - assumed 'verify' D:\wamp\wamp\www\myphp\Application\Home\Model\ManagerModel.class.php 第 38 行.

[ 2016-08-08T12:45:49+08:00 ] ::1 /myphp/Manager/login.html
INFO: [ app_begin ] --START--
INFO: Run Behavior\ReadHtmlCacheBehavior [ RunTime:0.000993s ]
INFO: Run Behavior\CheckLangBehavior [ RunTime:0.001661s ]
INFO: [ app_begin ] --END-- [ RunTime:0.003501s ]
SQL: DESCRIBE think_manager [ RunTime:0.006559s ]
NOTIC: [8] Use of undefined constant verify - assumed 'verify' D:\wamp\wamp\www\myphp\Application\Home\Model\ManagerModel.class.php 第 38 行.

[ 2016-08-08T12:48:02+08:00 ] ::1 /myphp/Home/Manager/upd/id/41
INFO: [ app_begin ] --START--
INFO: Run Behavior\ReadHtmlCacheBehavior [ RunTime:0.001052s ]
INFO: Run Behavior\CheckLangBehavior [ RunTime:0.001843s ]
INFO: [ app_begin ] --END-- [ RunTime:0.003866s ]
SQL: DESCRIBE think_manager [ RunTime:0.006671s ]
SQL: SELECT * FROM `think_manager` WHERE ( username="xue@qq.com" ) LIMIT 1   [ RunTime:0.000514s ]

[ 2016-08-08T12:55:19+08:00 ] ::1 /myphp/Manager/upd
INFO: [ app_begin ] --START--
INFO: Run Behavior\ReadHtmlCacheBehavior [ RunTime:0.001024s ]
INFO: Run Behavior\CheckLangBehavior [ RunTime:0.001743s ]
INFO: [ app_begin ] --END-- [ RunTime:0.003550s ]
SQL: DESCRIBE think_manager [ RunTime:0.006606s ]

[ 2016-08-08T12:55:20+08:00 ] ::1 /myphp/Manager/upd
INFO: [ app_begin ] --START--
INFO: Run Behavior\ReadHtmlCacheBehavior [ RunTime:0.001332s ]
INFO: Run Behavior\CheckLangBehavior [ RunTime:0.001732s ]
INFO: [ app_begin ] --END-- [ RunTime:0.004221s ]
SQL: DESCRIBE think_manager [ RunTime:0.007800s ]

[ 2016-08-08T12:55:20+08:00 ] ::1 /myphp/Manager/upd
INFO: [ app_begin ] --START--
INFO: Run Behavior\ReadHtmlCacheBehavior [ RunTime:0.001078s ]
INFO: Run Behavior\CheckLangBehavior [ RunTime:0.001665s ]
INFO: [ app_begin ] --END-- [ RunTime:0.003550s ]
SQL: DESCRIBE think_manager [ RunTime:0.006378s ]

[ 2016-08-08T12:55:20+08:00 ] ::1 /myphp/Manager/upd
INFO: [ app_begin ] --START--
INFO: Run Behavior\ReadHtmlCacheBehavior [ RunTime:0.000965s ]
INFO: Run Behavior\CheckLangBehavior [ RunTime:0.001680s ]
INFO: [ app_begin ] --END-- [ RunTime:0.003392s ]
SQL: DESCRIBE think_manager [ RunTime:0.006332s ]

[ 2016-08-08T12:56:07+08:00 ] ::1 /myphp/Manager/register.html
INFO: [ app_begin ] --START--
INFO: Run Behavior\ReadHtmlCacheBehavior [ RunTime:0.001047s ]
INFO: Run Behavior\CheckLangBehavior [ RunTime:0.001732s ]
INFO: [ app_begin ] --END-- [ RunTime:0.003641s ]
SQL: DESCRIBE think_manager [ RunTime:0.007549s ]
SQL: SELECT * FROM `think_manager` WHERE ( username="1f5ue@qq.com" ) LIMIT 1   [ RunTime:0.000639s ]

[ 2016-08-08T12:56:11+08:00 ] ::1 /myphp/Manager/register.html
INFO: [ app_begin ] --START--
INFO: Run Behavior\ReadHtmlCacheBehavior [ RunTime:0.000931s ]
INFO: Run Behavior\CheckLangBehavior [ RunTime:0.001670s ]
INFO: [ app_begin ] --END-- [ RunTime:0.003362s ]
SQL: DESCRIBE think_manager [ RunTime:0.006645s ]
SQL: SELECT * FROM `think_manager` WHERE ( username="5e@qq.com" ) LIMIT 1   [ RunTime:0.000487s ]
SQL: INSERT INTO `think_manager` (`username`,`password`,`name`,`sex`,`age`,`tell`,`qq`,`register_time`) VALUES ('5e@qq.com','1','1','1331','1','18553224863','524376211','2016-08-08 12:56:11') [ RunTime:0.000484s ]

[ 2016-08-08T12:56:13+08:00 ] ::1 /myphp/Manager/register.html
INFO: [ app_begin ] --START--
INFO: Run Behavior\ReadHtmlCacheBehavior [ RunTime:0.000952s ]
INFO: Run Behavior\CheckLangBehavior [ RunTime:0.001636s ]
INFO: [ app_begin ] --END-- [ RunTime:0.003355s ]
SQL: DESCRIBE think_manager [ RunTime:0.006458s ]
SQL: SELECT * FROM `think_manager` WHERE ( username="5@qq.com" ) LIMIT 1   [ RunTime:0.000470s ]
SQL: INSERT INTO `think_manager` (`username`,`password`,`name`,`sex`,`age`,`tell`,`qq`,`register_time`) VALUES ('5@qq.com','1','1','1331','1','18553224863','524376211','2016-08-08 12:56:13') [ RunTime:0.000328s ]

[ 2016-08-08T12:56:14+08:00 ] ::1 /myphp/Manager/register.html
INFO: [ app_begin ] --START--
INFO: Run Behavior\ReadHtmlCacheBehavior [ RunTime:0.000981s ]
INFO: Run Behavior\CheckLangBehavior [ RunTime:0.001642s ]
INFO: [ app_begin ] --END-- [ RunTime:0.003384s ]
SQL: DESCRIBE think_manager [ RunTime:0.006616s ]
SQL: SELECT * FROM `think_manager` WHERE ( username="5@qq.com" ) LIMIT 1   [ RunTime:0.000690s ]

[ 2016-08-08T12:56:17+08:00 ] ::1 /myphp/Manager/register.html
INFO: [ app_begin ] --START--
INFO: Run Behavior\ReadHtmlCacheBehavior [ RunTime:0.001021s ]
INFO: Run Behavior\CheckLangBehavior [ RunTime:0.001764s ]
INFO: [ app_begin ] --END-- [ RunTime:0.003617s ]
SQL: DESCRIBE think_manager [ RunTime:0.006548s ]
SQL: SELECT * FROM `think_manager` WHERE ( username="9095@qq.com" ) LIMIT 1   [ RunTime:0.000569s ]
SQL: INSERT INTO `think_manager` (`username`,`password`,`name`,`sex`,`age`,`tell`,`qq`,`register_time`) VALUES ('9095@qq.com','1','1','1331','1','18553224863','524376211','2016-08-08 12:56:17') [ RunTime:0.000373s ]

[ 2016-08-08T12:56:19+08:00 ] ::1 /myphp/Manager/register.html
INFO: [ app_begin ] --START--
INFO: Run Behavior\ReadHtmlCacheBehavior [ RunTime:0.000985s ]
INFO: Run Behavior\CheckLangBehavior [ RunTime:0.001665s ]
INFO: [ app_begin ] --END-- [ RunTime:0.003512s ]
SQL: DESCRIBE think_manager [ RunTime:0.006568s ]
SQL: SELECT * FROM `think_manager` WHERE ( username="768t95@qq.com" ) LIMIT 1   [ RunTime:0.000535s ]
SQL: INSERT INTO `think_manager` (`username`,`password`,`name`,`sex`,`age`,`tell`,`qq`,`register_time`) VALUES ('768t95@qq.com','1','1','1331','1','18553224863','524376211','2016-08-08 12:56:19') [ RunTime:0.000339s ]

[ 2016-08-08T12:56:23+08:00 ] ::1 /myphp/Manager/register.html
INFO: [ app_begin ] --START--
INFO: Run Behavior\ReadHtmlCacheBehavior [ RunTime:0.000992s ]
INFO: Run Behavior\CheckLangBehavior [ RunTime:0.001667s ]
INFO: [ app_begin ] --END-- [ RunTime:0.003468s ]
SQL: DESCRIBE think_manager [ RunTime:0.006323s ]
SQL: SELECT * FROM `think_manager` WHERE ( username="95@qq.com" ) LIMIT 1   [ RunTime:0.000547s ]
SQL: INSERT INTO `think_manager` (`username`,`password`,`name`,`sex`,`age`,`tell`,`qq`,`register_time`) VALUES ('95@qq.com','1','1','1331','1','18553224863','524376211','2016-08-08 12:56:23') [ RunTime:0.000349s ]

[ 2016-08-08T12:56:23+08:00 ] ::1 /myphp/Manager/register.html
INFO: [ app_begin ] --START--
INFO: Run Behavior\ReadHtmlCacheBehavior [ RunTime:0.001020s ]
INFO: Run Behavior\CheckLangBehavior [ RunTime:0.001745s ]
INFO: [ app_begin ] --END-- [ RunTime:0.003561s ]
SQL: DESCRIBE think_manager [ RunTime:0.006722s ]
SQL: SELECT * FROM `think_manager` WHERE ( username="95@qq.com" ) LIMIT 1   [ RunTime:0.000515s ]

[ 2016-08-08T13:14:32+08:00 ] ::1 /myphp/Manager/login.html
INFO: [ app_begin ] --START--
INFO: Run Behavior\ReadHtmlCacheBehavior [ RunTime:0.000987s ]
INFO: Run Behavior\CheckLangBehavior [ RunTime:0.001705s ]
INFO: [ app_begin ] --END-- [ RunTime:0.003455s ]
SQL: DESCRIBE think_manager [ RunTime:0.019202s ]
NOTIC: [8] Use of undefined constant verify - assumed 'verify' D:\wamp\wamp\www\myphp\Application\Home\Model\ManagerModel.class.php 第 38 行.
SQL: SELECT * FROM `think_manager` WHERE ( username="xue@qq.com" ) LIMIT 1   [ RunTime:0.001388s ]
NOTIC: [8] Use of undefined constant password - assumed 'password' D:\wamp\wamp\www\myphp\Application\Home\Model\ManagerModel.class.php 第 46 行.
NOTIC: [8] Use of undefined constant password - assumed 'password' D:\wamp\wamp\www\myphp\Application\Home\Model\ManagerModel.class.php 第 46 行.
SQL: UPDATE `think_manager` SET `username`='xue@qq.com',`password`='1',`login_time`='2016-08-08 13:14:32' WHERE ( id="41" ) [ RunTime:0.001273s ]

[ 2016-08-08T13:14:32+08:00 ] ::1 /myphp/Manager/mine.html
INFO: [ app_begin ] --START--
INFO: Run Behavior\ReadHtmlCacheBehavior [ RunTime:0.000991s ]
INFO: Run Behavior\CheckLangBehavior [ RunTime:0.001665s ]
INFO: [ app_begin ] --END-- [ RunTime:0.003443s ]
SQL: DESCRIBE think_manager [ RunTime:0.005804s ]
SQL: SELECT * FROM `think_manager` WHERE ( `id` = 41 ) LIMIT 1   [ RunTime:0.000466s ]
INFO: [ view_parse ] --START--
INFO: [ template_filter ] --START--
INFO: Run Behavior\ContentReplaceBehavior [ RunTime:0.000123s ]
INFO: [ template_filter ] --END-- [ RunTime:0.000266s ]
INFO: Run Behavior\ParseTemplateBehavior [ RunTime:0.011212s ]
INFO: [ view_parse ] --END-- [ RunTime:0.011353s ]
INFO: [ view_filter ] --START--
INFO: Run Behavior\WriteHtmlCacheBehavior [ RunTime:0.000693s ]
INFO: [ view_filter ] --END-- [ RunTime:0.000819s ]
INFO: [ app_end ] --START--
INFO: Run Behavior\ShowPageTraceBehavior [ RunTime:0.001023s ]
INFO: [ app_end ] --END-- [ RunTime:0.001147s ]

[ 2016-08-08T13:15:29+08:00 ] ::1 /myphp/Manager/login.html
INFO: [ app_begin ] --START--
INFO: Run Behavior\ReadHtmlCacheBehavior [ RunTime:0.000991s ]
INFO: Run Behavior\CheckLangBehavior [ RunTime:0.002017s ]
INFO: [ app_begin ] --END-- [ RunTime:0.003810s ]
SQL: DESCRIBE think_manager [ RunTime:0.006596s ]
NOTIC: [8] Use of undefined constant verify - assumed 'verify' D:\wamp\wamp\www\myphp\Application\Home\Model\ManagerModel.class.php 第 38 行.
SQL: SELECT * FROM `think_manager` WHERE ( username="xue@qq.com" ) LIMIT 1   [ RunTime:0.000532s ]
NOTIC: [8] Use of undefined constant password - assumed 'password' D:\wamp\wamp\www\myphp\Application\Home\Model\ManagerModel.class.php 第 46 行.
NOTIC: [8] Use of undefined constant password - assumed 'password' D:\wamp\wamp\www\myphp\Application\Home\Model\ManagerModel.class.php 第 46 行.
SQL: UPDATE `think_manager` SET `username`='xue@qq.com',`password`='1',`login_time`='2016-08-08 13:15:29' WHERE ( id="41" ) [ RunTime:0.000379s ]
INFO: [ app_end ] --START--
INFO: Run Behavior\ShowPageTraceBehavior [ RunTime:0.001182s ]
INFO: [ app_end ] --END-- [ RunTime:0.001306s ]

[ 2016-08-08T13:17:20+08:00 ] ::1 /myphp/Manager/login.html
INFO: [ app_begin ] --START--
INFO: Run Behavior\ReadHtmlCacheBehavior [ RunTime:0.001018s ]
INFO: Run Behavior\CheckLangBehavior [ RunTime:0.001649s ]
INFO: [ app_begin ] --END-- [ RunTime:0.003456s ]
SQL: DESCRIBE think_manager [ RunTime:0.006769s ]
NOTIC: [8] Use of undefined constant verify - assumed 'verify' D:\wamp\wamp\www\myphp\Application\Home\Model\ManagerModel.class.php 第 38 行.
INFO: [ app_end ] --START--
INFO: Run Behavior\ShowPageTraceBehavior [ RunTime:0.001037s ]
INFO: [ app_end ] --END-- [ RunTime:0.001163s ]

[ 2016-08-08T13:17:45+08:00 ] ::1 /myphp/Manager/login.html
INFO: [ app_begin ] --START--
INFO: Run Behavior\ReadHtmlCacheBehavior [ RunTime:0.001050s ]
INFO: Run Behavior\CheckLangBehavior [ RunTime:0.001643s ]
INFO: [ app_begin ] --END-- [ RunTime:0.003750s ]
SQL: DESCRIBE think_manager [ RunTime:0.006704s ]
NOTIC: [8] Use of undefined constant verify - assumed 'verify' D:\wamp\wamp\www\myphp\Application\Home\Model\ManagerModel.class.php 第 38 行.
SQL: SELECT * FROM `think_manager` WHERE ( username="xue@qq.com" ) LIMIT 1   [ RunTime:0.000539s ]
NOTIC: [8] Use of undefined constant password - assumed 'password' D:\wamp\wamp\www\myphp\Application\Home\Model\ManagerModel.class.php 第 46 行.
NOTIC: [8] Use of undefined constant password - assumed 'password' D:\wamp\wamp\www\myphp\Application\Home\Model\ManagerModel.class.php 第 46 行.
SQL: UPDATE `think_manager` SET `username`='xue@qq.com',`password`='1',`login_time`='2016-08-08 13:17:45' WHERE ( id="41" ) [ RunTime:0.000413s ]

[ 2016-08-08T13:17:46+08:00 ] ::1 /myphp/Manager/login.html
INFO: [ app_begin ] --START--
INFO: Run Behavior\ReadHtmlCacheBehavior [ RunTime:0.001067s ]
INFO: Run Behavior\CheckLangBehavior [ RunTime:0.001694s ]
INFO: [ app_begin ] --END-- [ RunTime:0.003541s ]
SQL: DESCRIBE think_manager [ RunTime:0.006486s ]
NOTIC: [8] Use of undefined constant verify - assumed 'verify' D:\wamp\wamp\www\myphp\Application\Home\Model\ManagerModel.class.php 第 38 行.

[ 2016-08-08T13:17:47+08:00 ] ::1 /myphp/Manager/login.html
INFO: [ app_begin ] --START--
INFO: Run Behavior\ReadHtmlCacheBehavior [ RunTime:0.000961s ]
INFO: Run Behavior\CheckLangBehavior [ RunTime:0.001743s ]
INFO: [ app_begin ] --END-- [ RunTime:0.003473s ]
SQL: DESCRIBE think_manager [ RunTime:0.006515s ]
NOTIC: [8] Use of undefined constant verify - assumed 'verify' D:\wamp\wamp\www\myphp\Application\Home\Model\ManagerModel.class.php 第 38 行.

[ 2016-08-08T13:17:47+08:00 ] ::1 /myphp/Manager/login.html
INFO: [ app_begin ] --START--
INFO: Run Behavior\ReadHtmlCacheBehavior [ RunTime:0.000993s ]
INFO: Run Behavior\CheckLangBehavior [ RunTime:0.001682s ]
INFO: [ app_begin ] --END-- [ RunTime:0.003493s ]
SQL: DESCRIBE think_manager [ RunTime:0.006012s ]
NOTIC: [8] Use of undefined constant verify - assumed 'verify' D:\wamp\wamp\www\myphp\Application\Home\Model\ManagerModel.class.php 第 38 行.

[ 2016-08-08T13:17:47+08:00 ] ::1 /myphp/Manager/login.html
INFO: [ app_begin ] --START--
INFO: Run Behavior\ReadHtmlCacheBehavior [ RunTime:0.000978s ]
INFO: Run Behavior\CheckLangBehavior [ RunTime:0.001637s ]
INFO: [ app_begin ] --END-- [ RunTime:0.003426s ]
SQL: DESCRIBE think_manager [ RunTime:0.006501s ]
NOTIC: [8] Use of undefined constant verify - assumed 'verify' D:\wamp\wamp\www\myphp\Application\Home\Model\ManagerModel.class.php 第 38 行.

[ 2016-08-08T13:17:48+08:00 ] ::1 /myphp/Manager/login.html
INFO: [ app_begin ] --START--
INFO: Run Behavior\ReadHtmlCacheBehavior [ RunTime:0.001131s ]
INFO: Run Behavior\CheckLangBehavior [ RunTime:0.001741s ]
INFO: [ app_begin ] --END-- [ RunTime:0.003681s ]
SQL: DESCRIBE think_manager [ RunTime:0.006783s ]
NOTIC: [8] Use of undefined constant verify - assumed 'verify' D:\wamp\wamp\www\myphp\Application\Home\Model\ManagerModel.class.php 第 38 行.

[ 2016-08-08T13:17:48+08:00 ] ::1 /myphp/Manager/login.html
INFO: [ app_begin ] --START--
INFO: Run Behavior\ReadHtmlCacheBehavior [ RunTime:0.001013s ]
INFO: Run Behavior\CheckLangBehavior [ RunTime:0.001676s ]
INFO: [ app_begin ] --END-- [ RunTime:0.003518s ]
SQL: DESCRIBE think_manager [ RunTime:0.006397s ]
NOTIC: [8] Use of undefined constant verify - assumed 'verify' D:\wamp\wamp\www\myphp\Application\Home\Model\ManagerModel.class.php 第 38 行.

[ 2016-08-08T13:18:00+08:00 ] ::1 /myphp/Manager/login.html
INFO: [ app_begin ] --START--
INFO: Run Behavior\ReadHtmlCacheBehavior [ RunTime:0.000963s ]
INFO: Run Behavior\CheckLangBehavior [ RunTime:0.001695s ]
INFO: [ app_begin ] --END-- [ RunTime:0.003437s ]
SQL: DESCRIBE think_manager [ RunTime:0.006775s ]
NOTIC: [8] Use of undefined constant verify - assumed 'verify' D:\wamp\wamp\www\myphp\Application\Home\Model\ManagerModel.class.php 第 38 行.

[ 2016-08-08T13:18:08+08:00 ] ::1 /myphp/Manager/login.html
INFO: [ app_begin ] --START--
INFO: Run Behavior\ReadHtmlCacheBehavior [ RunTime:0.000970s ]
INFO: Run Behavior\CheckLangBehavior [ RunTime:0.001681s ]
INFO: [ app_begin ] --END-- [ RunTime:0.003399s ]
SQL: DESCRIBE think_manager [ RunTime:0.006167s ]
NOTIC: [8] Use of undefined constant verify - assumed 'verify' D:\wamp\wamp\www\myphp\Application\Home\Model\ManagerModel.class.php 第 38 行.
SQL: SELECT * FROM `think_manager` WHERE ( username="xue@qq.com" ) LIMIT 1   [ RunTime:0.000551s ]
NOTIC: [8] Use of undefined constant password - assumed 'password' D:\wamp\wamp\www\myphp\Application\Home\Model\ManagerModel.class.php 第 46 行.
NOTIC: [8] Use of undefined constant password - assumed 'password' D:\wamp\wamp\www\myphp\Application\Home\Model\ManagerModel.class.php 第 46 行.
SQL: UPDATE `think_manager` SET `username`='xue@qq.com',`password`='1',`login_time`='2016-08-08 13:18:08' WHERE ( id="41" ) [ RunTime:0.000374s ]

[ 2016-08-08T13:18:09+08:00 ] ::1 /myphp/Manager/login.html
INFO: [ app_begin ] --START--
INFO: Run Behavior\ReadHtmlCacheBehavior [ RunTime:0.000953s ]
INFO: Run Behavior\CheckLangBehavior [ RunTime:0.001631s ]
INFO: [ app_begin ] --END-- [ RunTime:0.003350s ]
SQL: DESCRIBE think_manager [ RunTime:0.006131s ]
NOTIC: [8] Use of undefined constant verify - assumed 'verify' D:\wamp\wamp\www\myphp\Application\Home\Model\ManagerModel.class.php 第 38 行.

[ 2016-08-08T13:19:36+08:00 ] ::1 /myphp/Manager/login.html
INFO: [ app_begin ] --START--
INFO: Run Behavior\ReadHtmlCacheBehavior [ RunTime:0.000992s ]
INFO: Run Behavior\CheckLangBehavior [ RunTime:0.001675s ]
INFO: [ app_begin ] --END-- [ RunTime:0.003481s ]
SQL: DESCRIBE think_manager [ RunTime:0.006771s ]
NOTIC: [8] Use of undefined constant verify - assumed 'verify' D:\wamp\wamp\www\myphp\Application\Home\Model\ManagerModel.class.php 第 38 行.
SQL: SELECT * FROM `think_manager` WHERE ( username="xue@qq.com" ) LIMIT 1   [ RunTime:0.000545s ]
NOTIC: [8] Use of undefined constant password - assumed 'password' D:\wamp\wamp\www\myphp\Application\Home\Model\ManagerModel.class.php 第 46 行.
NOTIC: [8] Use of undefined constant password - assumed 'password' D:\wamp\wamp\www\myphp\Application\Home\Model\ManagerModel.class.php 第 46 行.
SQL: UPDATE `think_manager` SET `username`='xue@qq.com',`password`='1',`login_time`='2016-08-08 13:19:36' WHERE ( id="41" ) [ RunTime:0.000374s ]

[ 2016-08-08T13:19:36+08:00 ] ::1 /myphp/Manager/mine.html
INFO: [ app_begin ] --START--
INFO: Run Behavior\ReadHtmlCacheBehavior [ RunTime:0.000987s ]
INFO: Run Behavior\CheckLangBehavior [ RunTime:0.001965s ]
INFO: [ app_begin ] --END-- [ RunTime:0.003733s ]
SQL: DESCRIBE think_manager [ RunTime:0.005785s ]
SQL: SELECT * FROM `think_manager` WHERE ( `id` = 41 ) LIMIT 1   [ RunTime:0.000462s ]
INFO: [ view_parse ] --START--
INFO: [ template_filter ] --START--
INFO: Run Behavior\ContentReplaceBehavior [ RunTime:0.000118s ]
INFO: [ template_filter ] --END-- [ RunTime:0.000260s ]
INFO: Run Behavior\ParseTemplateBehavior [ RunTime:0.011088s ]
INFO: [ view_parse ] --END-- [ RunTime:0.011223s ]
INFO: [ view_filter ] --START--
INFO: Run Behavior\WriteHtmlCacheBehavior [ RunTime:0.000684s ]
INFO: [ view_filter ] --END-- [ RunTime:0.000796s ]
INFO: [ app_end ] --START--
INFO: Run Behavior\ShowPageTraceBehavior [ RunTime:0.000976s ]
INFO: [ app_end ] --END-- [ RunTime:0.001098s ]

[ 2016-08-08T13:20:11+08:00 ] ::1 /myphp/Manager/login.html
INFO: [ app_begin ] --START--
INFO: Run Behavior\ReadHtmlCacheBehavior [ RunTime:0.000985s ]
INFO: Run Behavior\CheckLangBehavior [ RunTime:0.001652s ]
INFO: [ app_begin ] --END-- [ RunTime:0.003427s ]
SQL: DESCRIBE think_manager [ RunTime:0.006876s ]
NOTIC: [8] Use of undefined constant verify - assumed 'verify' D:\wamp\wamp\www\myphp\Application\Home\Model\ManagerModel.class.php 第 38 行.
SQL: SELECT * FROM `think_manager` WHERE ( username="xue@qq.com" ) LIMIT 1   [ RunTime:0.000580s ]
NOTIC: [8] Use of undefined constant password - assumed 'password' D:\wamp\wamp\www\myphp\Application\Home\Model\ManagerModel.class.php 第 46 行.
NOTIC: [8] Use of undefined constant password - assumed 'password' D:\wamp\wamp\www\myphp\Application\Home\Model\ManagerModel.class.php 第 46 行.
SQL: UPDATE `think_manager` SET `username`='xue@qq.com',`password`='1',`login_time`='2016-08-08 13:20:11' WHERE ( id="41" ) [ RunTime:0.000643s ]
NOTIC: [8] Use of undefined constant yes - assumed 'yes' D:\wamp\wamp\www\myphp\Application\Home\Controller\ManagerController.class.php 第 29 行.

[ 2016-08-08T13:20:11+08:00 ] ::1 /myphp/Manager/mine.html
INFO: [ app_begin ] --START--
INFO: Run Behavior\ReadHtmlCacheBehavior [ RunTime:0.001299s ]
INFO: Run Behavior\CheckLangBehavior [ RunTime:0.001798s ]
INFO: [ app_begin ] --END-- [ RunTime:0.003900s ]
SQL: DESCRIBE think_manager [ RunTime:0.005955s ]
SQL: SELECT * FROM `think_manager` WHERE ( `id` = 41 ) LIMIT 1   [ RunTime:0.000475s ]
INFO: [ view_parse ] --START--
INFO: [ template_filter ] --START--
INFO: Run Behavior\ContentReplaceBehavior [ RunTime:0.000117s ]
INFO: [ template_filter ] --END-- [ RunTime:0.000258s ]
INFO: Run Behavior\ParseTemplateBehavior [ RunTime:0.010804s ]
INFO: [ view_parse ] --END-- [ RunTime:0.010944s ]
INFO: [ view_filter ] --START--
INFO: Run Behavior\WriteHtmlCacheBehavior [ RunTime:0.000698s ]
INFO: [ view_filter ] --END-- [ RunTime:0.000810s ]
INFO: [ app_end ] --START--
INFO: Run Behavior\ShowPageTraceBehavior [ RunTime:0.001009s ]
INFO: [ app_end ] --END-- [ RunTime:0.001132s ]

[ 2016-08-08T13:20:48+08:00 ] ::1 /myphp/Manager/login.html
INFO: [ app_begin ] --START--
INFO: Run Behavior\ReadHtmlCacheBehavior [ RunTime:0.000972s ]
INFO: Run Behavior\CheckLangBehavior [ RunTime:0.001639s ]
INFO: [ app_begin ] --END-- [ RunTime:0.003382s ]
SQL: DESCRIBE think_manager [ RunTime:0.006368s ]
NOTIC: [8] Use of undefined constant verify - assumed 'verify' D:\wamp\wamp\www\myphp\Application\Home\Model\ManagerModel.class.php 第 38 行.
SQL: SELECT * FROM `think_manager` WHERE ( username="xue@qq.com" ) LIMIT 1   [ RunTime:0.000512s ]
NOTIC: [8] Use of undefined constant password - assumed 'password' D:\wamp\wamp\www\myphp\Application\Home\Model\ManagerModel.class.php 第 46 行.
NOTIC: [8] Use of undefined constant password - assumed 'password' D:\wamp\wamp\www\myphp\Application\Home\Model\ManagerModel.class.php 第 46 行.
SQL: UPDATE `think_manager` SET `username`='xue@qq.com',`password`='1',`login_time`='2016-08-08 13:20:48' WHERE ( id="41" ) [ RunTime:0.000424s ]

