[ 2016-08-02T14:44:08+08:00 ] ::1 /myphp/User/input
ERR: 模板不存在:./Application/Home/View/User/input.html

[ 2016-08-02T14:47:33+08:00 ] ::1 /myphp/Cp/input
ERR: 无法加载控制器:Cp

[ 2016-08-02T14:47:34+08:00 ] ::1 /myphp/Cp/input
ERR: 无法加载控制器:Cp

[ 2016-08-02T14:47:34+08:00 ] ::1 /myphp/Cp/input
ERR: 无法加载控制器:Cp

[ 2016-08-02T14:47:34+08:00 ] ::1 /myphp/Cp/input
ERR: 无法加载控制器:Cp

[ 2016-08-02T14:47:50+08:00 ] ::1 /myphp/Cp/input
ERR: 无法加载控制器:Cp

[ 2016-08-02T14:47:51+08:00 ] ::1 /myphp/Cp/input
ERR: 无法加载控制器:Cp

[ 2016-08-02T14:47:51+08:00 ] ::1 /myphp/Cp/input
ERR: 无法加载控制器:Cp

[ 2016-08-02T14:47:52+08:00 ] ::1 /myphp/Cp/input
ERR: 无法加载控制器:Cp

[ 2016-08-02T14:47:52+08:00 ] ::1 /myphp/Cp/input
ERR: 无法加载控制器:Cp

[ 2016-08-02T14:47:52+08:00 ] ::1 /myphp/Cp/input
ERR: 无法加载控制器:Cp

[ 2016-08-02T14:47:52+08:00 ] ::1 /myphp/Cp/input
ERR: 无法加载控制器:Cp

[ 2016-08-02T14:47:52+08:00 ] ::1 /myphp/Cp/input
ERR: 无法加载控制器:Cp

[ 2016-08-02T14:47:52+08:00 ] ::1 /myphp/Cp/input
ERR: 无法加载控制器:Cp

[ 2016-08-02T14:47:54+08:00 ] ::1 /myphp/Cp/input
ERR: 无法加载控制器:Cp

[ 2016-08-02T14:47:54+08:00 ] ::1 /myphp/Cp/input
ERR: 无法加载控制器:Cp

[ 2016-08-02T15:41:38+08:00 ] ::1 /myphp/User/create.html
INFO: [ app_begin ] --START--
INFO: Run Behavior\ReadHtmlCacheBehavior [ RunTime:0.001434s ]
INFO: [ app_begin ] --END-- [ RunTime:0.002544s ]
SQL: DESCRIBE think_user [ RunTime:0.019990s ]

