[ 2016-08-01T17:17:53+08:00 ] ::1 /myphp/User/create.html
INFO: [ app_begin ] --START--
INFO: Run Behavior\ReadHtmlCacheBehavior [ RunTime:0.001017s ]
INFO: [ app_begin ] --END-- [ RunTime:0.001720s ]
SQL: DESCRIBE think_user [ RunTime:0.314543s ]

[ 2016-08-01T17:17:53+08:00 ] ::1 /myphp/User/create.html
INFO: [ app_begin ] --START--
INFO: Run Behavior\ReadHtmlCacheBehavior [ RunTime:0.000779s ]
INFO: [ app_begin ] --END-- [ RunTime:0.001446s ]
SQL: DESCRIBE think_user [ RunTime:0.006022s ]

[ 2016-08-01T17:23:04+08:00 ] ::1 /myphp/User/create.html
INFO: [ app_begin ] --START--
INFO: Run Behavior\ReadHtmlCacheBehavior [ RunTime:0.000943s ]
INFO: [ app_begin ] --END-- [ RunTime:0.001673s ]
SQL: DESCRIBE think_user [ RunTime:0.006680s ]
SQL: SELECT * FROM `think_user` WHERE ( user="123" ) LIMIT 1   [ RunTime:0.101672s ]
SQL: INSERT INTO `think_user` (`user`,`email`,`date_zhuce`) VALUES ('123','123','2016-08-01 17:23:04') [ RunTime:0.154329s ]

[ 2016-08-01T17:23:05+08:00 ] ::1 /myphp/User/create.html
INFO: [ app_begin ] --START--
INFO: Run Behavior\ReadHtmlCacheBehavior [ RunTime:0.000757s ]
INFO: [ app_begin ] --END-- [ RunTime:0.001500s ]
SQL: DESCRIBE think_user [ RunTime:0.020661s ]
SQL: SELECT * FROM `think_user` WHERE ( user="123" ) LIMIT 1   [ RunTime:0.000477s ]

[ 2016-08-01T17:23:07+08:00 ] ::1 /myphp/User/create.html
INFO: [ app_begin ] --START--
INFO: Run Behavior\ReadHtmlCacheBehavior [ RunTime:0.000886s ]
INFO: [ app_begin ] --END-- [ RunTime:0.001726s ]
SQL: DESCRIBE think_user [ RunTime:0.006787s ]
SQL: SELECT * FROM `think_user` WHERE ( user="123" ) LIMIT 1   [ RunTime:0.000514s ]

[ 2016-08-01T17:23:08+08:00 ] ::1 /myphp/User/create.html
INFO: [ app_begin ] --START--
INFO: Run Behavior\ReadHtmlCacheBehavior [ RunTime:0.001062s ]
INFO: [ app_begin ] --END-- [ RunTime:0.002118s ]
SQL: DESCRIBE think_user [ RunTime:0.007559s ]
SQL: SELECT * FROM `think_user` WHERE ( user="123" ) LIMIT 1   [ RunTime:0.000587s ]

[ 2016-08-01T17:23:08+08:00 ] ::1 /myphp/User/create.html
INFO: [ app_begin ] --START--
INFO: Run Behavior\ReadHtmlCacheBehavior [ RunTime:0.000794s ]
INFO: [ app_begin ] --END-- [ RunTime:0.001525s ]
SQL: DESCRIBE think_user [ RunTime:0.006528s ]
SQL: SELECT * FROM `think_user` WHERE ( user="123" ) LIMIT 1   [ RunTime:0.000569s ]

[ 2016-08-01T17:23:08+08:00 ] ::1 /myphp/User/create.html
INFO: [ app_begin ] --START--
INFO: Run Behavior\ReadHtmlCacheBehavior [ RunTime:0.000787s ]
INFO: [ app_begin ] --END-- [ RunTime:0.001511s ]
SQL: DESCRIBE think_user [ RunTime:0.006666s ]
SQL: SELECT * FROM `think_user` WHERE ( user="123" ) LIMIT 1   [ RunTime:0.000560s ]

[ 2016-08-01T17:23:09+08:00 ] ::1 /myphp/User/create.html
INFO: [ app_begin ] --START--
INFO: Run Behavior\ReadHtmlCacheBehavior [ RunTime:0.000865s ]
INFO: [ app_begin ] --END-- [ RunTime:0.001743s ]
SQL: DESCRIBE think_user [ RunTime:0.006173s ]
SQL: SELECT * FROM `think_user` WHERE ( user="123" ) LIMIT 1   [ RunTime:0.000484s ]

[ 2016-08-01T17:23:09+08:00 ] ::1 /myphp/User/create.html
INFO: [ app_begin ] --START--
INFO: Run Behavior\ReadHtmlCacheBehavior [ RunTime:0.000922s ]
INFO: [ app_begin ] --END-- [ RunTime:0.001747s ]
SQL: DESCRIBE think_user [ RunTime:0.006334s ]
SQL: SELECT * FROM `think_user` WHERE ( user="123" ) LIMIT 1   [ RunTime:0.000606s ]

[ 2016-08-01T17:23:09+08:00 ] ::1 /myphp/User/create.html
INFO: [ app_begin ] --START--
INFO: Run Behavior\ReadHtmlCacheBehavior [ RunTime:0.000847s ]
INFO: [ app_begin ] --END-- [ RunTime:0.001672s ]
SQL: DESCRIBE think_user [ RunTime:0.005799s ]
SQL: SELECT * FROM `think_user` WHERE ( user="123" ) LIMIT 1   [ RunTime:0.000493s ]

[ 2016-08-01T17:23:21+08:00 ] ::1 /myphp/User/login.html
INFO: [ app_begin ] --START--
INFO: Run Behavior\ReadHtmlCacheBehavior [ RunTime:0.000790s ]
INFO: [ app_begin ] --END-- [ RunTime:0.001640s ]
SQL: DESCRIBE think_user [ RunTime:0.005946s ]
SQL: SELECT * FROM `think_user` WHERE ( user="123" AND email="123" ) LIMIT 1   [ RunTime:0.000517s ]
SQL: UPDATE `think_user` SET `user`='123',`email`='123',`date_denglu`='2016-08-01 17:23:20' WHERE ( user="123" ) [ RunTime:0.170918s ]

