[ 2016-08-09T09:49:40+08:00 ] ::1 /myphp/Manager/register.html
INFO: [ app_begin ] --START--
INFO: Run Behavior\ReadHtmlCacheBehavior [ RunTime:0.001240s ]
INFO: Run Behavior\CheckLangBehavior [ RunTime:0.001971s ]
INFO: [ app_begin ] --END-- [ RunTime:0.004012s ]
SQL: DESCRIBE think_manager [ RunTime:0.004783s ]
SQL: SELECT * FROM `think_manager` WHERE ( username="1@qq.com" ) LIMIT 1   [ RunTime:0.000572s ]

[ 2016-08-09T09:49:44+08:00 ] ::1 /myphp/Manager/register.html
INFO: [ app_begin ] --START--
INFO: Run Behavior\ReadHtmlCacheBehavior [ RunTime:0.001009s ]
INFO: Run Behavior\CheckLangBehavior [ RunTime:0.001859s ]
INFO: [ app_begin ] --END-- [ RunTime:0.003742s ]
SQL: DESCRIBE think_manager [ RunTime:0.005709s ]
SQL: SELECT * FROM `think_manager` WHERE ( username="23@qq.com" ) LIMIT 1   [ RunTime:0.000562s ]
SQL: INSERT INTO `think_manager` (`username`,`password`,`name`,`sex`,`age`,`tell`,`qq`,`register_time`) VALUES ('23@qq.com','1','1','1','1','18553224863','524376211','2016-08-09 09:49:44') [ RunTime:0.032259s ]

[ 2016-08-09T09:49:46+08:00 ] ::1 /myphp/Manager/register.html
INFO: [ app_begin ] --START--
INFO: Run Behavior\ReadHtmlCacheBehavior [ RunTime:0.000960s ]
INFO: Run Behavior\CheckLangBehavior [ RunTime:0.001624s ]
INFO: [ app_begin ] --END-- [ RunTime:0.003361s ]
SQL: DESCRIBE think_manager [ RunTime:0.005202s ]
SQL: SELECT * FROM `think_manager` WHERE ( username="ds3@qq.com" ) LIMIT 1   [ RunTime:0.000482s ]
SQL: INSERT INTO `think_manager` (`username`,`password`,`name`,`sex`,`age`,`tell`,`qq`,`register_time`) VALUES ('ds3@qq.com','1','1','1','1','18553224863','524376211','2016-08-09 09:49:46') [ RunTime:0.000414s ]

[ 2016-08-09T09:49:49+08:00 ] ::1 /myphp/Manager/register.html
INFO: [ app_begin ] --START--
INFO: Run Behavior\ReadHtmlCacheBehavior [ RunTime:0.001053s ]
INFO: Run Behavior\CheckLangBehavior [ RunTime:0.001963s ]
INFO: [ app_begin ] --END-- [ RunTime:0.003985s ]
SQL: DESCRIBE think_manager [ RunTime:0.005742s ]
SQL: SELECT * FROM `think_manager` WHERE ( username="sd@qq.com" ) LIMIT 1   [ RunTime:0.000483s ]
SQL: INSERT INTO `think_manager` (`username`,`password`,`name`,`sex`,`age`,`tell`,`qq`,`register_time`) VALUES ('sd@qq.com','1','1','1','1','18553224863','524376211','2016-08-09 09:49:49') [ RunTime:0.000359s ]

[ 2016-08-09T09:49:51+08:00 ] ::1 /myphp/Manager/register.html
INFO: [ app_begin ] --START--
INFO: Run Behavior\ReadHtmlCacheBehavior [ RunTime:0.000971s ]
INFO: Run Behavior\CheckLangBehavior [ RunTime:0.001891s ]
INFO: [ app_begin ] --END-- [ RunTime:0.003649s ]
SQL: DESCRIBE think_manager [ RunTime:0.005522s ]
SQL: SELECT * FROM `think_manager` WHERE ( username="dgfgd@qq.com" ) LIMIT 1   [ RunTime:0.000505s ]
SQL: INSERT INTO `think_manager` (`username`,`password`,`name`,`sex`,`age`,`tell`,`qq`,`register_time`) VALUES ('dgfgd@qq.com','1','1','1','1','18553224863','524376211','2016-08-09 09:49:51') [ RunTime:0.000325s ]

[ 2016-08-09T09:49:51+08:00 ] ::1 /myphp/Manager/register.html
INFO: [ app_begin ] --START--
INFO: Run Behavior\ReadHtmlCacheBehavior [ RunTime:0.001266s ]
INFO: Run Behavior\CheckLangBehavior [ RunTime:0.002069s ]
INFO: [ app_begin ] --END-- [ RunTime:0.004216s ]
SQL: DESCRIBE think_manager [ RunTime:0.004787s ]
SQL: SELECT * FROM `think_manager` WHERE ( username="dgfgd@qq.com" ) LIMIT 1   [ RunTime:0.000546s ]

[ 2016-08-09T09:49:53+08:00 ] ::1 /myphp/Manager/register.html
INFO: [ app_begin ] --START--
INFO: Run Behavior\ReadHtmlCacheBehavior [ RunTime:0.000986s ]
INFO: Run Behavior\CheckLangBehavior [ RunTime:0.001685s ]
INFO: [ app_begin ] --END-- [ RunTime:0.003485s ]
SQL: DESCRIBE think_manager [ RunTime:0.005798s ]
SQL: SELECT * FROM `think_manager` WHERE ( username="dgd@qq.com" ) LIMIT 1   [ RunTime:0.000525s ]
SQL: INSERT INTO `think_manager` (`username`,`password`,`name`,`sex`,`age`,`tell`,`qq`,`register_time`) VALUES ('dgd@qq.com','1','1','1','1','18553224863','524376211','2016-08-09 09:49:53') [ RunTime:0.000356s ]

[ 2016-08-09T09:49:56+08:00 ] ::1 /myphp/Manager/register.html
INFO: [ app_begin ] --START--
INFO: Run Behavior\ReadHtmlCacheBehavior [ RunTime:0.000968s ]
INFO: Run Behavior\CheckLangBehavior [ RunTime:0.001619s ]
INFO: [ app_begin ] --END-- [ RunTime:0.003369s ]
SQL: DESCRIBE think_manager [ RunTime:0.005709s ]
SQL: SELECT * FROM `think_manager` WHERE ( username="sj@qq.com" ) LIMIT 1   [ RunTime:0.000525s ]
SQL: INSERT INTO `think_manager` (`username`,`password`,`name`,`sex`,`age`,`tell`,`qq`,`register_time`) VALUES ('sj@qq.com','1','1','1','1','18553224863','524376211','2016-08-09 09:49:56') [ RunTime:0.000322s ]

[ 2016-08-09T09:49:58+08:00 ] ::1 /myphp/Manager/register.html
INFO: [ app_begin ] --START--
INFO: Run Behavior\ReadHtmlCacheBehavior [ RunTime:0.001168s ]
INFO: Run Behavior\CheckLangBehavior [ RunTime:0.001761s ]
INFO: [ app_begin ] --END-- [ RunTime:0.003778s ]
SQL: DESCRIBE think_manager [ RunTime:0.005623s ]
SQL: SELECT * FROM `think_manager` WHERE ( username="jhtkj@qq.com" ) LIMIT 1   [ RunTime:0.000535s ]
SQL: INSERT INTO `think_manager` (`username`,`password`,`name`,`sex`,`age`,`tell`,`qq`,`register_time`) VALUES ('jhtkj@qq.com','1','1','1','1','18553224863','524376211','2016-08-09 09:49:58') [ RunTime:0.000384s ]

[ 2016-08-09T09:50:02+08:00 ] ::1 /myphp/Manager/register.html
INFO: [ app_begin ] --START--
INFO: Run Behavior\ReadHtmlCacheBehavior [ RunTime:0.000961s ]
INFO: Run Behavior\CheckLangBehavior [ RunTime:0.001663s ]
INFO: [ app_begin ] --END-- [ RunTime:0.003375s ]
SQL: DESCRIBE think_manager [ RunTime:0.005563s ]

[ 2016-08-09T09:50:04+08:00 ] ::1 /myphp/Manager/register.html
INFO: [ app_begin ] --START--
INFO: Run Behavior\ReadHtmlCacheBehavior [ RunTime:0.001120s ]
INFO: Run Behavior\CheckLangBehavior [ RunTime:0.001721s ]
INFO: [ app_begin ] --END-- [ RunTime:0.003834s ]
SQL: DESCRIBE think_manager [ RunTime:0.005776s ]
SQL: SELECT * FROM `think_manager` WHERE ( username="ghk@qq.com" ) LIMIT 1   [ RunTime:0.000540s ]
SQL: INSERT INTO `think_manager` (`username`,`password`,`name`,`sex`,`age`,`tell`,`qq`,`register_time`) VALUES ('ghk@qq.com','12','1','1','1','18553224863','524376211','2016-08-09 09:50:04') [ RunTime:0.000420s ]

[ 2016-08-09T09:50:07+08:00 ] ::1 /myphp/Manager/register.html
INFO: [ app_begin ] --START--
INFO: Run Behavior\ReadHtmlCacheBehavior [ RunTime:0.000965s ]
INFO: Run Behavior\CheckLangBehavior [ RunTime:0.001962s ]
INFO: [ app_begin ] --END-- [ RunTime:0.003706s ]
SQL: DESCRIBE think_manager [ RunTime:0.005427s ]
SQL: SELECT * FROM `think_manager` WHERE ( username="jk@qq.com" ) LIMIT 1   [ RunTime:0.000546s ]
SQL: INSERT INTO `think_manager` (`username`,`password`,`name`,`sex`,`age`,`tell`,`qq`,`register_time`) VALUES ('jk@qq.com','12','1','1','1','18553224863','524376211','2016-08-09 09:50:07') [ RunTime:0.000326s ]

[ 2016-08-09T09:50:09+08:00 ] ::1 /myphp/Manager/register.html
INFO: [ app_begin ] --START--
INFO: Run Behavior\ReadHtmlCacheBehavior [ RunTime:0.001015s ]
INFO: Run Behavior\CheckLangBehavior [ RunTime:0.001639s ]
INFO: [ app_begin ] --END-- [ RunTime:0.003410s ]
SQL: DESCRIBE think_manager [ RunTime:0.005807s ]
SQL: SELECT * FROM `think_manager` WHERE ( username="jlk@qq.com" ) LIMIT 1   [ RunTime:0.000502s ]
SQL: INSERT INTO `think_manager` (`username`,`password`,`name`,`sex`,`age`,`tell`,`qq`,`register_time`) VALUES ('jlk@qq.com','12','1','1','1','18553224863','524376211','2016-08-09 09:50:09') [ RunTime:0.000315s ]

[ 2016-08-09T09:50:10+08:00 ] ::1 /myphp/Manager/register.html
INFO: [ app_begin ] --START--
INFO: Run Behavior\ReadHtmlCacheBehavior [ RunTime:0.001111s ]
INFO: Run Behavior\CheckLangBehavior [ RunTime:0.001815s ]
INFO: [ app_begin ] --END-- [ RunTime:0.003821s ]
SQL: DESCRIBE think_manager [ RunTime:0.006302s ]
SQL: SELECT * FROM `think_manager` WHERE ( username="jlk@qq.com" ) LIMIT 1   [ RunTime:0.000568s ]

[ 2016-08-09T09:50:12+08:00 ] ::1 /myphp/Manager/register.html
INFO: [ app_begin ] --START--
INFO: Run Behavior\ReadHtmlCacheBehavior [ RunTime:0.000971s ]
INFO: Run Behavior\CheckLangBehavior [ RunTime:0.001626s ]
INFO: [ app_begin ] --END-- [ RunTime:0.003365s ]
SQL: DESCRIBE think_manager [ RunTime:0.004672s ]
SQL: SELECT * FROM `think_manager` WHERE ( username="jjklk@qq.com" ) LIMIT 1   [ RunTime:0.000484s ]
SQL: INSERT INTO `think_manager` (`username`,`password`,`name`,`sex`,`age`,`tell`,`qq`,`register_time`) VALUES ('jjklk@qq.com','12','1','1','1','18553224863','524376211','2016-08-09 09:50:12') [ RunTime:0.000317s ]

[ 2016-08-09T09:50:18+08:00 ] ::1 /myphp/Manager/register.html
INFO: [ app_begin ] --START--
INFO: Run Behavior\ReadHtmlCacheBehavior [ RunTime:0.001035s ]
INFO: Run Behavior\CheckLangBehavior [ RunTime:0.001777s ]
INFO: [ app_begin ] --END-- [ RunTime:0.003697s ]
SQL: DESCRIBE think_manager [ RunTime:0.005868s ]
SQL: SELECT * FROM `think_manager` WHERE ( username="fds@qq.com" ) LIMIT 1   [ RunTime:0.000615s ]
SQL: INSERT INTO `think_manager` (`username`,`password`,`name`,`sex`,`age`,`tell`,`qq`,`register_time`) VALUES ('fds@qq.com','12','1','1','1','18553224863','524376211','2016-08-09 09:50:18') [ RunTime:0.000380s ]

[ 2016-08-09T09:50:20+08:00 ] ::1 /myphp/Manager/register.html
INFO: [ app_begin ] --START--
INFO: Run Behavior\ReadHtmlCacheBehavior [ RunTime:0.000994s ]
INFO: Run Behavior\CheckLangBehavior [ RunTime:0.001868s ]
INFO: [ app_begin ] --END-- [ RunTime:0.003712s ]
SQL: DESCRIBE think_manager [ RunTime:0.006247s ]
SQL: SELECT * FROM `think_manager` WHERE ( username="fshgs@qq.com" ) LIMIT 1   [ RunTime:0.000565s ]
SQL: INSERT INTO `think_manager` (`username`,`password`,`name`,`sex`,`age`,`tell`,`qq`,`register_time`) VALUES ('fshgs@qq.com','12','1','1','1','18553224863','524376211','2016-08-09 09:50:20') [ RunTime:0.000408s ]

[ 2016-08-09T09:50:22+08:00 ] ::1 /myphp/Manager/register.html
INFO: [ app_begin ] --START--
INFO: Run Behavior\ReadHtmlCacheBehavior [ RunTime:0.001125s ]
INFO: Run Behavior\CheckLangBehavior [ RunTime:0.002371s ]
INFO: [ app_begin ] --END-- [ RunTime:0.004401s ]
SQL: DESCRIBE think_manager [ RunTime:0.005306s ]
SQL: SELECT * FROM `think_manager` WHERE ( username="kgs@qq.com" ) LIMIT 1   [ RunTime:0.000567s ]
SQL: INSERT INTO `think_manager` (`username`,`password`,`name`,`sex`,`age`,`tell`,`qq`,`register_time`) VALUES ('kgs@qq.com','12','1','1','1','18553224863','524376211','2016-08-09 09:50:22') [ RunTime:0.000362s ]

[ 2016-08-09T09:50:24+08:00 ] ::1 /myphp/Manager/register.html
INFO: [ app_begin ] --START--
INFO: Run Behavior\ReadHtmlCacheBehavior [ RunTime:0.001136s ]
INFO: Run Behavior\CheckLangBehavior [ RunTime:0.001919s ]
INFO: [ app_begin ] --END-- [ RunTime:0.004011s ]
SQL: DESCRIBE think_manager [ RunTime:0.006449s ]
SQL: SELECT * FROM `think_manager` WHERE ( username="lkhs@qq.com" ) LIMIT 1   [ RunTime:0.000563s ]
SQL: INSERT INTO `think_manager` (`username`,`password`,`name`,`sex`,`age`,`tell`,`qq`,`register_time`) VALUES ('lkhs@qq.com','12','1','1','1','18553224863','524376211','2016-08-09 09:50:24') [ RunTime:0.000423s ]

[ 2016-08-09T09:50:26+08:00 ] ::1 /myphp/Manager/register.html
INFO: [ app_begin ] --START--
INFO: Run Behavior\ReadHtmlCacheBehavior [ RunTime:0.000987s ]
INFO: Run Behavior\CheckLangBehavior [ RunTime:0.001717s ]
INFO: [ app_begin ] --END-- [ RunTime:0.003498s ]
SQL: DESCRIBE think_manager [ RunTime:0.006265s ]

[ 2016-08-09T09:50:30+08:00 ] ::1 /myphp/Manager/register.html
INFO: [ app_begin ] --START--
INFO: Run Behavior\ReadHtmlCacheBehavior [ RunTime:0.001112s ]
INFO: Run Behavior\CheckLangBehavior [ RunTime:0.002059s ]
INFO: [ app_begin ] --END-- [ RunTime:0.004081s ]
SQL: DESCRIBE think_manager [ RunTime:0.006441s ]
SQL: SELECT * FROM `think_manager` WHERE ( username="js@qq.com" ) LIMIT 1   [ RunTime:0.000668s ]
SQL: INSERT INTO `think_manager` (`username`,`password`,`name`,`sex`,`age`,`tell`,`qq`,`register_time`) VALUES ('js@qq.com','12','1','1','1','18553224863','524376211','2016-08-09 09:50:30') [ RunTime:0.000435s ]

[ 2016-08-09T09:50:32+08:00 ] ::1 /myphp/Manager/register.html
INFO: [ app_begin ] --START--
INFO: Run Behavior\ReadHtmlCacheBehavior [ RunTime:0.001027s ]
INFO: Run Behavior\CheckLangBehavior [ RunTime:0.001834s ]
INFO: [ app_begin ] --END-- [ RunTime:0.003738s ]
SQL: DESCRIBE think_manager [ RunTime:0.005412s ]
SQL: SELECT * FROM `think_manager` WHERE ( username="hgks@qq.com" ) LIMIT 1   [ RunTime:0.000555s ]
SQL: INSERT INTO `think_manager` (`username`,`password`,`name`,`sex`,`age`,`tell`,`qq`,`register_time`) VALUES ('hgks@qq.com','12','1','1','1','18553224863','524376211','2016-08-09 09:50:32') [ RunTime:0.000353s ]

[ 2016-08-09T15:04:23+08:00 ] ::1 /myphp/Manager/register.html
INFO: [ app_begin ] --START--
INFO: Run Behavior\ReadHtmlCacheBehavior [ RunTime:0.000970s ]
INFO: Run Behavior\CheckLangBehavior [ RunTime:0.001638s ]
INFO: [ app_begin ] --END-- [ RunTime:0.003392s ]
SQL: DESCRIBE think_manager [ RunTime:0.033417s ]

[ 2016-08-09T15:04:26+08:00 ] ::1 /myphp/Manager/register.html
INFO: [ app_begin ] --START--
INFO: Run Behavior\ReadHtmlCacheBehavior [ RunTime:0.001327s ]
INFO: Run Behavior\CheckLangBehavior [ RunTime:0.001799s ]
INFO: [ app_begin ] --END-- [ RunTime:0.004257s ]
SQL: DESCRIBE think_manager [ RunTime:0.006625s ]

[ 2016-08-09T15:04:28+08:00 ] ::1 /myphp/Manager/register.html
INFO: [ app_begin ] --START--
INFO: Run Behavior\ReadHtmlCacheBehavior [ RunTime:0.000988s ]
INFO: Run Behavior\CheckLangBehavior [ RunTime:0.001688s ]
INFO: [ app_begin ] --END-- [ RunTime:0.003433s ]
SQL: DESCRIBE think_manager [ RunTime:0.005674s ]

[ 2016-08-09T15:04:32+08:00 ] ::1 /myphp/Manager/register.html
INFO: [ app_begin ] --START--
INFO: Run Behavior\ReadHtmlCacheBehavior [ RunTime:0.001144s ]
INFO: Run Behavior\CheckLangBehavior [ RunTime:0.002181s ]
INFO: [ app_begin ] --END-- [ RunTime:0.004345s ]
SQL: DESCRIBE think_manager [ RunTime:0.006521s ]

[ 2016-08-09T15:04:43+08:00 ] ::1 /myphp/Manager/register.html
INFO: [ app_begin ] --START--
INFO: Run Behavior\ReadHtmlCacheBehavior [ RunTime:0.000998s ]
INFO: Run Behavior\CheckLangBehavior [ RunTime:0.001995s ]
INFO: [ app_begin ] --END-- [ RunTime:0.003804s ]
SQL: DESCRIBE think_manager [ RunTime:0.006704s ]

[ 2016-08-09T15:04:45+08:00 ] ::1 /myphp/Manager/register.html
INFO: [ app_begin ] --START--
INFO: Run Behavior\ReadHtmlCacheBehavior [ RunTime:0.000965s ]
INFO: Run Behavior\CheckLangBehavior [ RunTime:0.001614s ]
INFO: [ app_begin ] --END-- [ RunTime:0.003393s ]
SQL: DESCRIBE think_manager [ RunTime:0.006380s ]

[ 2016-08-09T15:04:47+08:00 ] ::1 /myphp/Manager/register.html
INFO: [ app_begin ] --START--
INFO: Run Behavior\ReadHtmlCacheBehavior [ RunTime:0.000965s ]
INFO: Run Behavior\CheckLangBehavior [ RunTime:0.001690s ]
INFO: [ app_begin ] --END-- [ RunTime:0.003431s ]
SQL: DESCRIBE think_manager [ RunTime:0.006777s ]

[ 2016-08-09T15:04:49+08:00 ] ::1 /myphp/Manager/register.html
INFO: [ app_begin ] --START--
INFO: Run Behavior\ReadHtmlCacheBehavior [ RunTime:0.001325s ]
INFO: Run Behavior\CheckLangBehavior [ RunTime:0.001745s ]
INFO: [ app_begin ] --END-- [ RunTime:0.004294s ]
SQL: DESCRIBE think_manager [ RunTime:0.018476s ]

[ 2016-08-09T15:05:31+08:00 ] ::1 /myphp/Manager/register.html
INFO: [ app_begin ] --START--
INFO: Run Behavior\ReadHtmlCacheBehavior [ RunTime:0.001065s ]
INFO: Run Behavior\CheckLangBehavior [ RunTime:0.002230s ]
INFO: [ app_begin ] --END-- [ RunTime:0.004153s ]
INFO: [ app_end ] --START--
INFO: Run Behavior\ShowPageTraceBehavior [ RunTime:0.001044s ]
INFO: [ app_end ] --END-- [ RunTime:0.001182s ]

[ 2016-08-09T15:05:33+08:00 ] ::1 /myphp/Manager/register.html
INFO: [ app_begin ] --START--
INFO: Run Behavior\ReadHtmlCacheBehavior [ RunTime:0.000965s ]
INFO: Run Behavior\CheckLangBehavior [ RunTime:0.001684s ]
INFO: [ app_begin ] --END-- [ RunTime:0.003430s ]
INFO: [ app_end ] --START--
INFO: Run Behavior\ShowPageTraceBehavior [ RunTime:0.001154s ]
INFO: [ app_end ] --END-- [ RunTime:0.001346s ]

[ 2016-08-09T15:05:34+08:00 ] ::1 /myphp/Manager/register.html
INFO: [ app_begin ] --START--
INFO: Run Behavior\ReadHtmlCacheBehavior [ RunTime:0.000989s ]
INFO: Run Behavior\CheckLangBehavior [ RunTime:0.001668s ]
INFO: [ app_begin ] --END-- [ RunTime:0.003435s ]
INFO: [ app_end ] --START--
INFO: Run Behavior\ShowPageTraceBehavior [ RunTime:0.001004s ]
INFO: [ app_end ] --END-- [ RunTime:0.001139s ]

[ 2016-08-09T15:05:35+08:00 ] ::1 /myphp/Manager/register.html
INFO: [ app_begin ] --START--
INFO: Run Behavior\ReadHtmlCacheBehavior [ RunTime:0.000973s ]
INFO: Run Behavior\CheckLangBehavior [ RunTime:0.001780s ]
INFO: [ app_begin ] --END-- [ RunTime:0.003553s ]
INFO: [ app_end ] --START--
INFO: Run Behavior\ShowPageTraceBehavior [ RunTime:0.001134s ]
INFO: [ app_end ] --END-- [ RunTime:0.001274s ]

[ 2016-08-09T15:05:36+08:00 ] ::1 /myphp/Manager/register.html
INFO: [ app_begin ] --START--
INFO: Run Behavior\ReadHtmlCacheBehavior [ RunTime:0.000953s ]
INFO: Run Behavior\CheckLangBehavior [ RunTime:0.001649s ]
INFO: [ app_begin ] --END-- [ RunTime:0.003376s ]
INFO: [ app_end ] --START--
INFO: Run Behavior\ShowPageTraceBehavior [ RunTime:0.001043s ]
INFO: [ app_end ] --END-- [ RunTime:0.001174s ]

[ 2016-08-09T15:09:20+08:00 ] ::1 /myphp/Manager/register.html
INFO: [ app_begin ] --START--
INFO: Run Behavior\ReadHtmlCacheBehavior [ RunTime:0.000820s ]
INFO: Run Behavior\CheckLangBehavior [ RunTime:0.001429s ]
INFO: [ app_begin ] --END-- [ RunTime:0.002941s ]
INFO: [ app_end ] --START--
INFO: Run Behavior\ShowPageTraceBehavior [ RunTime:0.001094s ]
INFO: [ app_end ] --END-- [ RunTime:0.001272s ]

[ 2016-08-09T15:09:26+08:00 ] ::1 /myphp/Manager/register.html
INFO: [ app_begin ] --START--
INFO: Run Behavior\ReadHtmlCacheBehavior [ RunTime:0.001355s ]
INFO: Run Behavior\CheckLangBehavior [ RunTime:0.001669s ]
INFO: [ app_begin ] --END-- [ RunTime:0.004157s ]
INFO: [ app_end ] --START--
INFO: Run Behavior\ShowPageTraceBehavior [ RunTime:0.000817s ]
INFO: [ app_end ] --END-- [ RunTime:0.000956s ]

[ 2016-08-09T15:09:28+08:00 ] ::1 /myphp/Manager/register.html
INFO: [ app_begin ] --START--
INFO: Run Behavior\ReadHtmlCacheBehavior [ RunTime:0.000994s ]
INFO: Run Behavior\CheckLangBehavior [ RunTime:0.001568s ]
INFO: [ app_begin ] --END-- [ RunTime:0.003428s ]
INFO: [ app_end ] --START--
INFO: Run Behavior\ShowPageTraceBehavior [ RunTime:0.001108s ]
INFO: [ app_end ] --END-- [ RunTime:0.001312s ]

[ 2016-08-09T15:09:39+08:00 ] ::1 /myphp/Manager/register.html
INFO: [ app_begin ] --START--
INFO: Run Behavior\ReadHtmlCacheBehavior [ RunTime:0.000856s ]
INFO: Run Behavior\CheckLangBehavior [ RunTime:0.001440s ]
INFO: [ app_begin ] --END-- [ RunTime:0.003006s ]
INFO: [ app_end ] --START--
INFO: Run Behavior\ShowPageTraceBehavior [ RunTime:0.001326s ]
INFO: [ app_end ] --END-- [ RunTime:0.001547s ]

[ 2016-08-09T15:10:30+08:00 ] ::1 /myphp/Manager/register.html
INFO: [ app_begin ] --START--
INFO: Run Behavior\ReadHtmlCacheBehavior [ RunTime:0.001105s ]
INFO: Run Behavior\CheckLangBehavior [ RunTime:0.001974s ]
INFO: [ app_begin ] --END-- [ RunTime:0.003869s ]

[ 2016-08-09T15:10:32+08:00 ] ::1 /myphp/Manager/register.html
INFO: [ app_begin ] --START--
INFO: Run Behavior\ReadHtmlCacheBehavior [ RunTime:0.001212s ]
INFO: Run Behavior\CheckLangBehavior [ RunTime:0.001952s ]
INFO: [ app_begin ] --END-- [ RunTime:0.004180s ]

[ 2016-08-09T15:10:33+08:00 ] ::1 /myphp/Manager/register.html
INFO: [ app_begin ] --START--
INFO: Run Behavior\ReadHtmlCacheBehavior [ RunTime:0.001123s ]
INFO: Run Behavior\CheckLangBehavior [ RunTime:0.002382s ]
INFO: [ app_begin ] --END-- [ RunTime:0.004379s ]

[ 2016-08-09T15:11:16+08:00 ] ::1 /myphp/Manager/register.html
INFO: [ app_begin ] --START--
INFO: Run Behavior\ReadHtmlCacheBehavior [ RunTime:0.001115s ]
INFO: Run Behavior\CheckLangBehavior [ RunTime:0.002056s ]
INFO: [ app_begin ] --END-- [ RunTime:0.004107s ]

[ 2016-08-09T15:11:26+08:00 ] ::1 /myphp/Manager/register.html
INFO: [ app_begin ] --START--
INFO: Run Behavior\ReadHtmlCacheBehavior [ RunTime:0.000967s ]
INFO: Run Behavior\CheckLangBehavior [ RunTime:0.001685s ]
INFO: [ app_begin ] --END-- [ RunTime:0.003411s ]
INFO: [ app_end ] --START--
INFO: Run Behavior\ShowPageTraceBehavior [ RunTime:0.001068s ]
INFO: [ app_end ] --END-- [ RunTime:0.001232s ]

[ 2016-08-09T15:12:02+08:00 ] ::1 /myphp/Manager/register.html
INFO: [ app_begin ] --START--
INFO: Run Behavior\ReadHtmlCacheBehavior [ RunTime:0.000974s ]
INFO: Run Behavior\CheckLangBehavior [ RunTime:0.001691s ]
INFO: [ app_begin ] --END-- [ RunTime:0.003435s ]

[ 2016-08-09T15:12:03+08:00 ] ::1 /myphp/Manager/register.html
INFO: [ app_begin ] --START--
INFO: Run Behavior\ReadHtmlCacheBehavior [ RunTime:0.000963s ]
INFO: Run Behavior\CheckLangBehavior [ RunTime:0.001716s ]
INFO: [ app_begin ] --END-- [ RunTime:0.003453s ]

[ 2016-08-09T15:12:04+08:00 ] ::1 /myphp/Manager/register.html
INFO: [ app_begin ] --START--
INFO: Run Behavior\ReadHtmlCacheBehavior [ RunTime:0.000995s ]
INFO: Run Behavior\CheckLangBehavior [ RunTime:0.001664s ]
INFO: [ app_begin ] --END-- [ RunTime:0.003489s ]

[ 2016-08-09T15:13:52+08:00 ] ::1 /myphp/Manager/register.html
INFO: [ app_begin ] --START--
INFO: Run Behavior\ReadHtmlCacheBehavior [ RunTime:0.001071s ]
INFO: Run Behavior\CheckLangBehavior [ RunTime:0.001658s ]
INFO: [ app_begin ] --END-- [ RunTime:0.003518s ]

[ 2016-08-09T15:13:58+08:00 ] ::1 /myphp/Manager/register.html
INFO: [ app_begin ] --START--
INFO: Run Behavior\ReadHtmlCacheBehavior [ RunTime:0.001159s ]
INFO: Run Behavior\CheckLangBehavior [ RunTime:0.001949s ]
INFO: [ app_begin ] --END-- [ RunTime:0.004049s ]

[ 2016-08-09T15:13:59+08:00 ] ::1 /myphp/Manager/register.html
INFO: [ app_begin ] --START--
INFO: Run Behavior\ReadHtmlCacheBehavior [ RunTime:0.000965s ]
INFO: Run Behavior\CheckLangBehavior [ RunTime:0.001648s ]
INFO: [ app_begin ] --END-- [ RunTime:0.003397s ]

[ 2016-08-09T15:13:59+08:00 ] ::1 /myphp/Manager/register.html
INFO: [ app_begin ] --START--
INFO: Run Behavior\ReadHtmlCacheBehavior [ RunTime:0.001412s ]
INFO: Run Behavior\CheckLangBehavior [ RunTime:0.002047s ]
INFO: [ app_begin ] --END-- [ RunTime:0.004324s ]

[ 2016-08-09T15:14:00+08:00 ] ::1 /myphp/Manager/register.html
INFO: [ app_begin ] --START--
INFO: Run Behavior\ReadHtmlCacheBehavior [ RunTime:0.000966s ]
INFO: Run Behavior\CheckLangBehavior [ RunTime:0.002034s ]
INFO: [ app_begin ] --END-- [ RunTime:0.003801s ]

[ 2016-08-09T15:14:04+08:00 ] ::1 /myphp/Manager/register.html
INFO: [ app_begin ] --START--
INFO: Run Behavior\ReadHtmlCacheBehavior [ RunTime:0.001116s ]
INFO: Run Behavior\CheckLangBehavior [ RunTime:0.001888s ]
INFO: [ app_begin ] --END-- [ RunTime:0.003836s ]

[ 2016-08-09T15:20:49+08:00 ] ::1 /myphp/Manager/register.html
INFO: [ app_begin ] --START--
INFO: Run Behavior\ReadHtmlCacheBehavior [ RunTime:0.001023s ]
INFO: Run Behavior\CheckLangBehavior [ RunTime:0.001649s ]
INFO: [ app_begin ] --END-- [ RunTime:0.003445s ]

[ 2016-08-09T15:20:50+08:00 ] ::1 /myphp/Manager/register.html
INFO: [ app_begin ] --START--
INFO: Run Behavior\ReadHtmlCacheBehavior [ RunTime:0.001445s ]
INFO: Run Behavior\CheckLangBehavior [ RunTime:0.002616s ]
INFO: [ app_begin ] --END-- [ RunTime:0.004943s ]

[ 2016-08-09T15:20:50+08:00 ] ::1 /myphp/Manager/register.html
INFO: [ app_begin ] --START--
INFO: Run Behavior\ReadHtmlCacheBehavior [ RunTime:0.000986s ]
INFO: Run Behavior\CheckLangBehavior [ RunTime:0.001772s ]
INFO: [ app_begin ] --END-- [ RunTime:0.003588s ]

[ 2016-08-09T15:20:50+08:00 ] ::1 /myphp/Manager/register.html
INFO: [ app_begin ] --START--
INFO: Run Behavior\ReadHtmlCacheBehavior [ RunTime:0.000998s ]
INFO: Run Behavior\CheckLangBehavior [ RunTime:0.001703s ]
INFO: [ app_begin ] --END-- [ RunTime:0.003526s ]

[ 2016-08-09T15:20:50+08:00 ] ::1 /myphp/Manager/register.html
INFO: [ app_begin ] --START--
INFO: Run Behavior\ReadHtmlCacheBehavior [ RunTime:0.000958s ]
INFO: Run Behavior\CheckLangBehavior [ RunTime:0.001637s ]
INFO: [ app_begin ] --END-- [ RunTime:0.003377s ]

[ 2016-08-09T15:20:51+08:00 ] ::1 /myphp/Manager/register.html
INFO: [ app_begin ] --START--
INFO: Run Behavior\ReadHtmlCacheBehavior [ RunTime:0.001080s ]
INFO: Run Behavior\CheckLangBehavior [ RunTime:0.002287s ]
INFO: [ app_begin ] --END-- [ RunTime:0.004687s ]

[ 2016-08-09T15:20:51+08:00 ] ::1 /myphp/Manager/register.html
INFO: [ app_begin ] --START--
INFO: Run Behavior\ReadHtmlCacheBehavior [ RunTime:0.000971s ]
INFO: Run Behavior\CheckLangBehavior [ RunTime:0.001622s ]
INFO: [ app_begin ] --END-- [ RunTime:0.003385s ]

[ 2016-08-09T15:20:51+08:00 ] ::1 /myphp/Manager/register.html
INFO: [ app_begin ] --START--
INFO: Run Behavior\ReadHtmlCacheBehavior [ RunTime:0.001011s ]
INFO: Run Behavior\CheckLangBehavior [ RunTime:0.002401s ]
INFO: [ app_begin ] --END-- [ RunTime:0.004224s ]

[ 2016-08-09T15:20:59+08:00 ] ::1 /myphp/Manager/register.html
INFO: [ app_begin ] --START--
INFO: Run Behavior\ReadHtmlCacheBehavior [ RunTime:0.000960s ]
INFO: Run Behavior\CheckLangBehavior [ RunTime:0.001716s ]
INFO: [ app_begin ] --END-- [ RunTime:0.003450s ]

[ 2016-08-09T15:21:00+08:00 ] ::1 /myphp/Manager/register.html
INFO: [ app_begin ] --START--
INFO: Run Behavior\ReadHtmlCacheBehavior [ RunTime:0.001162s ]
INFO: Run Behavior\CheckLangBehavior [ RunTime:0.001946s ]
INFO: [ app_begin ] --END-- [ RunTime:0.004232s ]

[ 2016-08-09T15:21:00+08:00 ] ::1 /myphp/Manager/register.html
INFO: [ app_begin ] --START--
INFO: Run Behavior\ReadHtmlCacheBehavior [ RunTime:0.000994s ]
INFO: Run Behavior\CheckLangBehavior [ RunTime:0.001801s ]
INFO: [ app_begin ] --END-- [ RunTime:0.003598s ]

[ 2016-08-09T15:21:00+08:00 ] ::1 /myphp/Manager/register.html
INFO: [ app_begin ] --START--
INFO: Run Behavior\ReadHtmlCacheBehavior [ RunTime:0.000963s ]
INFO: Run Behavior\CheckLangBehavior [ RunTime:0.001753s ]
INFO: [ app_begin ] --END-- [ RunTime:0.003518s ]

[ 2016-08-09T15:21:00+08:00 ] ::1 /myphp/Manager/register.html
INFO: [ app_begin ] --START--
INFO: Run Behavior\ReadHtmlCacheBehavior [ RunTime:0.001007s ]
INFO: Run Behavior\CheckLangBehavior [ RunTime:0.001784s ]
INFO: [ app_begin ] --END-- [ RunTime:0.003681s ]

[ 2016-08-09T15:21:01+08:00 ] ::1 /myphp/Manager/register.html
INFO: [ app_begin ] --START--
INFO: Run Behavior\ReadHtmlCacheBehavior [ RunTime:0.000932s ]
INFO: Run Behavior\CheckLangBehavior [ RunTime:0.001631s ]
INFO: [ app_begin ] --END-- [ RunTime:0.003331s ]

[ 2016-08-09T15:21:01+08:00 ] ::1 /myphp/Manager/register.html
INFO: [ app_begin ] --START--
INFO: Run Behavior\ReadHtmlCacheBehavior [ RunTime:0.000953s ]
INFO: Run Behavior\CheckLangBehavior [ RunTime:0.001611s ]
INFO: [ app_begin ] --END-- [ RunTime:0.003357s ]

[ 2016-08-09T15:32:39+08:00 ] ::1 /myphp/Manager/register.html
INFO: [ app_begin ] --START--
INFO: Run Behavior\ReadHtmlCacheBehavior [ RunTime:0.001049s ]
INFO: Run Behavior\CheckLangBehavior [ RunTime:0.002152s ]
INFO: [ app_begin ] --END-- [ RunTime:0.004102s ]

[ 2016-08-09T15:32:39+08:00 ] ::1 /myphp/Manager/register.html
INFO: [ app_begin ] --START--
INFO: Run Behavior\ReadHtmlCacheBehavior [ RunTime:0.001069s ]
INFO: Run Behavior\CheckLangBehavior [ RunTime:0.001714s ]
INFO: [ app_begin ] --END-- [ RunTime:0.003696s ]

[ 2016-08-09T15:32:40+08:00 ] ::1 /myphp/Manager/register.html
INFO: [ app_begin ] --START--
INFO: Run Behavior\ReadHtmlCacheBehavior [ RunTime:0.000990s ]
INFO: Run Behavior\CheckLangBehavior [ RunTime:0.001671s ]
INFO: [ app_begin ] --END-- [ RunTime:0.003441s ]

[ 2016-08-09T15:32:41+08:00 ] ::1 /myphp/Manager/register.html
INFO: [ app_begin ] --START--
INFO: Run Behavior\ReadHtmlCacheBehavior [ RunTime:0.000998s ]
INFO: Run Behavior\CheckLangBehavior [ RunTime:0.001677s ]
INFO: [ app_begin ] --END-- [ RunTime:0.003467s ]

[ 2016-08-09T15:32:41+08:00 ] ::1 /myphp/Manager/register.html
INFO: [ app_begin ] --START--
INFO: Run Behavior\ReadHtmlCacheBehavior [ RunTime:0.001176s ]
INFO: Run Behavior\CheckLangBehavior [ RunTime:0.002433s ]
INFO: [ app_begin ] --END-- [ RunTime:0.004535s ]

[ 2016-08-09T15:32:41+08:00 ] ::1 /myphp/Manager/register.html
INFO: [ app_begin ] --START--
INFO: Run Behavior\ReadHtmlCacheBehavior [ RunTime:0.000969s ]
INFO: Run Behavior\CheckLangBehavior [ RunTime:0.002393s ]
INFO: [ app_begin ] --END-- [ RunTime:0.004200s ]

[ 2016-08-09T15:32:41+08:00 ] ::1 /myphp/Manager/register.html
INFO: [ app_begin ] --START--
INFO: Run Behavior\ReadHtmlCacheBehavior [ RunTime:0.000994s ]
INFO: Run Behavior\CheckLangBehavior [ RunTime:0.001658s ]
INFO: [ app_begin ] --END-- [ RunTime:0.003458s ]

[ 2016-08-09T15:56:48+08:00 ] ::1 /myphp/Manager/register.html
INFO: [ app_begin ] --START--
INFO: Run Behavior\ReadHtmlCacheBehavior [ RunTime:0.001167s ]
INFO: Run Behavior\CheckLangBehavior [ RunTime:0.001691s ]
INFO: [ app_begin ] --END-- [ RunTime:0.003644s ]

[ 2016-08-09T15:56:49+08:00 ] ::1 /myphp/Manager/register.html
INFO: [ app_begin ] --START--
INFO: Run Behavior\ReadHtmlCacheBehavior [ RunTime:0.001003s ]
INFO: Run Behavior\CheckLangBehavior [ RunTime:0.001701s ]
INFO: [ app_begin ] --END-- [ RunTime:0.003504s ]

[ 2016-08-09T15:56:50+08:00 ] ::1 /myphp/Manager/register.html
INFO: [ app_begin ] --START--
INFO: Run Behavior\ReadHtmlCacheBehavior [ RunTime:0.001027s ]
INFO: Run Behavior\CheckLangBehavior [ RunTime:0.001855s ]
INFO: [ app_begin ] --END-- [ RunTime:0.003857s ]

[ 2016-08-09T15:56:50+08:00 ] ::1 /myphp/Manager/register.html
INFO: [ app_begin ] --START--
INFO: Run Behavior\ReadHtmlCacheBehavior [ RunTime:0.001584s ]
INFO: Run Behavior\CheckLangBehavior [ RunTime:0.002178s ]
INFO: [ app_begin ] --END-- [ RunTime:0.004960s ]

[ 2016-08-09T16:24:53+08:00 ] ::1 /myphp/Manager/register.html
INFO: [ app_begin ] --START--
INFO: Run Behavior\ReadHtmlCacheBehavior [ RunTime:0.000976s ]
INFO: Run Behavior\CheckLangBehavior [ RunTime:0.002215s ]
INFO: [ app_begin ] --END-- [ RunTime:0.004058s ]

[ 2016-08-09T16:59:26+08:00 ] ::1 /myphp/Manager/register.html
INFO: [ app_begin ] --START--
INFO: Run Behavior\ReadHtmlCacheBehavior [ RunTime:0.000993s ]
INFO: Run Behavior\CheckLangBehavior [ RunTime:0.001663s ]
INFO: [ app_begin ] --END-- [ RunTime:0.003474s ]

[ 2016-08-09T16:59:29+08:00 ] ::1 /myphp/Manager/register.html
INFO: [ app_begin ] --START--
INFO: Run Behavior\ReadHtmlCacheBehavior [ RunTime:0.000989s ]
INFO: Run Behavior\CheckLangBehavior [ RunTime:0.001709s ]
INFO: [ app_begin ] --END-- [ RunTime:0.003534s ]

[ 2016-08-09T16:59:29+08:00 ] ::1 /myphp/Manager/register.html
INFO: [ app_begin ] --START--
INFO: Run Behavior\ReadHtmlCacheBehavior [ RunTime:0.001046s ]
INFO: Run Behavior\CheckLangBehavior [ RunTime:0.001735s ]
INFO: [ app_begin ] --END-- [ RunTime:0.003759s ]

[ 2016-08-09T17:40:12+08:00 ] ::1 /myphp/Manager/register.html
INFO: [ app_begin ] --START--
INFO: Run Behavior\ReadHtmlCacheBehavior [ RunTime:0.000832s ]
INFO: Run Behavior\CheckLangBehavior [ RunTime:0.001553s ]
INFO: [ app_begin ] --END-- [ RunTime:0.003107s ]

[ 2016-08-09T17:40:13+08:00 ] ::1 /myphp/Manager/register.html
INFO: [ app_begin ] --START--
INFO: Run Behavior\ReadHtmlCacheBehavior [ RunTime:0.001142s ]
INFO: Run Behavior\CheckLangBehavior [ RunTime:0.002134s ]
INFO: [ app_begin ] --END-- [ RunTime:0.004163s ]

[ 2016-08-09T17:40:13+08:00 ] ::1 /myphp/Manager/register.html
INFO: [ app_begin ] --START--
INFO: Run Behavior\ReadHtmlCacheBehavior [ RunTime:0.000905s ]
INFO: Run Behavior\CheckLangBehavior [ RunTime:0.001507s ]
INFO: [ app_begin ] --END-- [ RunTime:0.003346s ]

