[ 2016-03-24T09:24:18+08:00 ] ::1 /myphp/User/login.html
INFO: [ app_begin ] --START--
INFO: Run Behavior\ReadHtmlCacheBehavior [ RunTime:0.002134s ]
INFO: [ app_begin ] --END-- [ RunTime:0.003843s ]
SQL: DESCRIBE think_user [ RunTime:0.657633s ]

[ 2016-03-24T09:24:18+08:00 ] ::1 /myphp/User/login.html
INFO: [ app_begin ] --START--
INFO: Run Behavior\ReadHtmlCacheBehavior [ RunTime:0.000950s ]
INFO: [ app_begin ] --END-- [ RunTime:0.001692s ]
SQL: DESCRIBE think_user [ RunTime:0.004880s ]

[ 2016-03-24T09:24:18+08:00 ] ::1 /myphp/User/login.html
INFO: [ app_begin ] --START--
INFO: Run Behavior\ReadHtmlCacheBehavior [ RunTime:0.001027s ]
INFO: [ app_begin ] --END-- [ RunTime:0.001840s ]
SQL: DESCRIBE think_user [ RunTime:0.004682s ]

[ 2016-03-24T09:24:18+08:00 ] ::1 /myphp/User/login.html
INFO: [ app_begin ] --START--
INFO: Run Behavior\ReadHtmlCacheBehavior [ RunTime:0.000835s ]
INFO: [ app_begin ] --END-- [ RunTime:0.001465s ]
SQL: DESCRIBE think_user [ RunTime:0.004341s ]

[ 2016-03-24T09:26:23+08:00 ] ::1 /myphp/User/login.html
INFO: [ app_begin ] --START--
INFO: Run Behavior\ReadHtmlCacheBehavior [ RunTime:0.000873s ]
INFO: [ app_begin ] --END-- [ RunTime:0.001539s ]
SQL: DESCRIBE think_user [ RunTime:0.005316s ]

[ 2016-03-24T09:26:23+08:00 ] ::1 /myphp/User/login.html
INFO: [ app_begin ] --START--
INFO: Run Behavior\ReadHtmlCacheBehavior [ RunTime:0.000797s ]
INFO: [ app_begin ] --END-- [ RunTime:0.001465s ]
SQL: DESCRIBE think_user [ RunTime:0.006265s ]

[ 2016-03-24T09:34:55+08:00 ] ::1 /myphp/User/login.html
INFO: [ app_begin ] --START--
INFO: Run Behavior\ReadHtmlCacheBehavior [ RunTime:0.001020s ]
INFO: [ app_begin ] --END-- [ RunTime:0.001782s ]
SQL: DESCRIBE think_user [ RunTime:0.005614s ]

[ 2016-03-24T09:34:59+08:00 ] ::1 /myphp/User/login.html
INFO: [ app_begin ] --START--
INFO: Run Behavior\ReadHtmlCacheBehavior [ RunTime:0.000732s ]
INFO: [ app_begin ] --END-- [ RunTime:0.001351s ]
SQL: DESCRIBE think_user [ RunTime:0.004994s ]

[ 2016-03-24T09:34:59+08:00 ] ::1 /myphp/User/login.html
INFO: [ app_begin ] --START--
INFO: Run Behavior\ReadHtmlCacheBehavior [ RunTime:0.000733s ]
INFO: [ app_begin ] --END-- [ RunTime:0.001342s ]
SQL: DESCRIBE think_user [ RunTime:0.004683s ]

[ 2016-03-24T09:35:00+08:00 ] ::1 /myphp/User/login.html
INFO: [ app_begin ] --START--
INFO: Run Behavior\ReadHtmlCacheBehavior [ RunTime:0.000803s ]
INFO: [ app_begin ] --END-- [ RunTime:0.001454s ]
SQL: DESCRIBE think_user [ RunTime:0.005139s ]
SQL: SELECT * FROM `think_user` WHERE ( user="gg" AND email="g" ) LIMIT 1   [ RunTime:0.094135s ]

[ 2016-03-24T09:54:22+08:00 ] ::1 /myphp/User/login.html
INFO: [ app_begin ] --START--
INFO: Run Behavior\ReadHtmlCacheBehavior [ RunTime:0.000859s ]
INFO: [ app_begin ] --END-- [ RunTime:0.001563s ]
SQL: DESCRIBE think_user [ RunTime:0.005255s ]
SQL: SELECT * FROM `think_user` WHERE ( user="gg" AND email="g" ) LIMIT 1   [ RunTime:0.000468s ]

[ 2016-03-24T09:54:22+08:00 ] ::1 /myphp/User/login.html
INFO: [ app_begin ] --START--
INFO: Run Behavior\ReadHtmlCacheBehavior [ RunTime:0.000866s ]
INFO: [ app_begin ] --END-- [ RunTime:0.001605s ]
SQL: DESCRIBE think_user [ RunTime:0.005363s ]
SQL: SELECT * FROM `think_user` WHERE ( user="gg" AND email="g" ) LIMIT 1   [ RunTime:0.000468s ]

[ 2016-03-24T09:54:46+08:00 ] ::1 /myphp/User/create.html
INFO: [ app_begin ] --START--
INFO: Run Behavior\ReadHtmlCacheBehavior [ RunTime:0.000834s ]
INFO: [ app_begin ] --END-- [ RunTime:0.001563s ]
SQL: DESCRIBE think_user [ RunTime:0.005665s ]

[ 2016-03-24T09:54:49+08:00 ] ::1 /myphp/User/create.html
INFO: [ app_begin ] --START--
INFO: Run Behavior\ReadHtmlCacheBehavior [ RunTime:0.000742s ]
INFO: [ app_begin ] --END-- [ RunTime:0.001395s ]
SQL: DESCRIBE think_user [ RunTime:0.005089s ]
SQL: SELECT * FROM `think_user` WHERE ( user="rtev w" ) LIMIT 1   [ RunTime:0.000471s ]
SQL: INSERT INTO `think_user` (`user`,`email`,`date_zhuce`) VALUES ('rtev w','rt ','2016-03-24 09:54:48') [ RunTime:0.194590s ]

[ 2016-03-24T09:55:35+08:00 ] ::1 /myphp/User/create.html
INFO: [ app_begin ] --START--
INFO: Run Behavior\ReadHtmlCacheBehavior [ RunTime:0.001626s ]
INFO: [ app_begin ] --END-- [ RunTime:0.002488s ]
SQL: DESCRIBE think_user [ RunTime:0.004902s ]
SQL: SELECT * FROM `think_user` WHERE ( user="qwer" ) LIMIT 1   [ RunTime:0.000417s ]
SQL: INSERT INTO `think_user` (`user`,`email`,`date_zhuce`) VALUES ('qwer','qwer','2016-03-24 09:55:35') [ RunTime:0.126565s ]

[ 2016-03-24T09:55:58+08:00 ] ::1 /myphp/User/login.html
INFO: [ app_begin ] --START--
INFO: Run Behavior\ReadHtmlCacheBehavior [ RunTime:0.001718s ]
INFO: [ app_begin ] --END-- [ RunTime:0.002666s ]
SQL: DESCRIBE think_user [ RunTime:0.005206s ]
SQL: SELECT * FROM `think_user` WHERE ( user="qwer" AND email="qwer" ) LIMIT 1   [ RunTime:0.000479s ]
SQL: UPDATE `think_user` SET `user`='qwer',`email`='qwer',`date_denglu`='2016-03-24 09:55:58' WHERE ( user="qwer" ) [ RunTime:0.167434s ]

[ 2016-03-24T10:07:59+08:00 ] ::1 /myphp/User/jianli.pdf
ERR: 非法操作:jianli.pdf

