[ 2016-08-05T16:29:07+08:00 ] ::1 /myphp/Goods/verify
ERR: 模板不存在:./Application/Home/View/Goods/verify.html

[ 2016-08-05T16:29:10+08:00 ] ::1 /myphp/Goods/Goods/verify
ERR: 非法操作:Goods

[ 2016-08-05T16:29:48+08:00 ] ::1 /myphp/Goods/Goods/verify
ERR: 非法操作:Goods

[ 2016-08-05T16:29:49+08:00 ] ::1 /myphp/Goods/Goods/verify
ERR: 非法操作:Goods

[ 2016-08-05T16:29:50+08:00 ] ::1 /myphp/Goods/Goods/verify
ERR: 非法操作:Goods

[ 2016-08-05T16:29:50+08:00 ] ::1 /myphp/Goods/Goods/verify
ERR: 非法操作:Goods

[ 2016-08-05T16:29:51+08:00 ] ::1 /myphp/Goods/Goods/verify
ERR: 非法操作:Goods

[ 2016-08-05T16:29:51+08:00 ] ::1 /myphp/Goods/Goods/verify
ERR: 非法操作:Goods

[ 2016-08-05T16:29:51+08:00 ] ::1 /myphp/Goods/Goods/verify
ERR: 非法操作:Goods

[ 2016-08-05T16:29:56+08:00 ] ::1 /myphp/Goods/Goods/verify
ERR: 非法操作:Goods

[ 2016-08-05T16:30:50+08:00 ] ::1 /myphp/Home/Goods/verify
ERR: 模板不存在:./Application/Home/View/Goods/verify.html

[ 2016-08-05T16:30:51+08:00 ] ::1 /myphp/Home/Goods/verify
ERR: 模板不存在:./Application/Home/View/Goods/verify.html

[ 2016-08-05T16:30:52+08:00 ] ::1 /myphp/Home/Goods/verify
ERR: 模板不存在:./Application/Home/View/Goods/verify.html

[ 2016-08-05T16:30:52+08:00 ] ::1 /myphp/Home/Goods/verify
ERR: 模板不存在:./Application/Home/View/Goods/verify.html

[ 2016-08-05T16:30:53+08:00 ] ::1 /myphp/Home/Goods/verify
ERR: 模板不存在:./Application/Home/View/Goods/verify.html

[ 2016-08-05T16:30:54+08:00 ] ::1 /myphp/Home/Goods/verify
ERR: 模板不存在:./Application/Home/View/Goods/verify.html

[ 2016-08-05T16:32:45+08:00 ] ::1 /myphp/Home/Goods/verify
ERR: 模板不存在:./Application/Home/View/Goods/verify.html

[ 2016-08-05T16:32:47+08:00 ] ::1 /myphp/Home/Goods/verify
ERR: 模板不存在:./Application/Home/View/Goods/verify.html

[ 2016-08-05T16:32:48+08:00 ] ::1 /myphp/Home/Goods/verify
ERR: 模板不存在:./Application/Home/View/Goods/verify.html

[ 2016-08-05T16:33:04+08:00 ] ::1 /myphp/Home/Goods/verify
ERR: 模板不存在:./Application/Home/View/Goods/verify.html

[ 2016-08-05T16:33:23+08:00 ] ::1 /myphp/Home/Goods/verify
ERR: 模板不存在:./Application/Home/View/Goods/verify.html

[ 2016-08-05T16:33:24+08:00 ] ::1 /myphp/Home/Goods/verify
ERR: 模板不存在:./Application/Home/View/Goods/verify.html

[ 2016-08-05T16:33:24+08:00 ] ::1 /myphp/Home/Goods/verify
ERR: 模板不存在:./Application/Home/View/Goods/verify.html

[ 2016-08-05T16:33:25+08:00 ] ::1 /myphp/Home/Goods/verify
ERR: 模板不存在:./Application/Home/View/Goods/verify.html

[ 2016-08-05T16:33:26+08:00 ] ::1 /myphp/Home/Goods/verify
ERR: 模板不存在:./Application/Home/View/Goods/verify.html

[ 2016-08-05T16:34:40+08:00 ] ::1 /myphp/Goods/verify.html
ERR: 模板不存在:./Application/Home/View/Goods/verify.html

[ 2016-08-05T16:34:41+08:00 ] ::1 /myphp/Goods/verify.html
ERR: 模板不存在:./Application/Home/View/Goods/verify.html

[ 2016-08-05T16:34:41+08:00 ] ::1 /myphp/Goods/verify.html
ERR: 模板不存在:./Application/Home/View/Goods/verify.html

[ 2016-08-05T16:34:41+08:00 ] ::1 /myphp/Goods/verify.html
ERR: 模板不存在:./Application/Home/View/Goods/verify.html

[ 2016-08-05T16:34:54+08:00 ] ::1 /myphp/Goods/verify.html
ERR: 模板不存在:./Application/Home/View/Goods/verify.html

[ 2016-08-05T16:34:54+08:00 ] ::1 /myphp/Goods/verify.html
ERR: 模板不存在:./Application/Home/View/Goods/verify.html

[ 2016-08-05T16:34:55+08:00 ] ::1 /myphp/Goods/verify.html
ERR: 模板不存在:./Application/Home/View/Goods/verify.html

[ 2016-08-05T16:38:52+08:00 ] ::1 /myphp/Home/Goods/verify.html
ERR: 模板不存在:./Application/Home/View/Goods/verify.html

[ 2016-08-05T16:38:53+08:00 ] ::1 /myphp/Home/Goods/verify.html
ERR: 模板不存在:./Application/Home/View/Goods/verify.html

[ 2016-08-05T16:38:53+08:00 ] ::1 /myphp/Home/Goods/verify.html
ERR: 模板不存在:./Application/Home/View/Goods/verify.html

[ 2016-08-05T16:39:10+08:00 ] ::1 /myphp/Goods/verify.html
ERR: 模板不存在:./Application/Home/View/Goods/verify.html

[ 2016-08-05T16:39:11+08:00 ] ::1 /myphp/Goods/verify.html
ERR: 模板不存在:./Application/Home/View/Goods/verify.html

[ 2016-08-05T16:39:11+08:00 ] ::1 /myphp/Goods/verify.html
ERR: 模板不存在:./Application/Home/View/Goods/verify.html

[ 2016-08-05T16:39:50+08:00 ] ::1 /myphp/Goods/verify.html
ERR: 模板不存在:./Application/Home/View/Goods/verify.html

[ 2016-08-05T16:39:51+08:00 ] ::1 /myphp/Goods/verify.html
ERR: 模板不存在:./Application/Home/View/Goods/verify.html

[ 2016-08-05T16:39:56+08:00 ] ::1 /myphp/Goods/verify.html
ERR: 模板不存在:./Application/Home/View/Goods/verify.html

[ 2016-08-05T16:39:56+08:00 ] ::1 /myphp/Goods/verify.html
ERR: 模板不存在:./Application/Home/View/Goods/verify.html

[ 2016-08-05T16:40:49+08:00 ] ::1 /myphp/Goods/verify.html
ERR: 模板不存在:./Application/Home/View/Goods/verify.html

[ 2016-08-05T16:40:50+08:00 ] ::1 /myphp/Goods/verify.html
ERR: 模板不存在:./Application/Home/View/Goods/verify.html

[ 2016-08-05T16:40:51+08:00 ] ::1 /myphp/Goods/verify.html
ERR: 模板不存在:./Application/Home/View/Goods/verify.html

[ 2016-08-05T16:40:52+08:00 ] ::1 /myphp/Goods/verify.html
ERR: 模板不存在:./Application/Home/View/Goods/verify.html

[ 2016-08-05T16:40:52+08:00 ] ::1 /myphp/Goods/verify.html
ERR: 模板不存在:./Application/Home/View/Goods/verify.html

[ 2016-08-05T16:40:54+08:00 ] ::1 /myphp/Goods/verify.html
ERR: 模板不存在:./Application/Home/View/Goods/verify.html

[ 2016-08-05T16:40:55+08:00 ] ::1 /myphp/Goods/verify.html
ERR: 模板不存在:./Application/Home/View/Goods/verify.html

[ 2016-08-05T16:41:01+08:00 ] ::1 /myphp/Goods/verify.html
ERR: 模板不存在:./Application/Home/View/Goods/verify.html

[ 2016-08-05T16:41:02+08:00 ] ::1 /myphp/Goods/verify.html
ERR: 模板不存在:./Application/Home/View/Goods/verify.html

[ 2016-08-05T16:41:02+08:00 ] ::1 /myphp/Goods/verify.html
ERR: 模板不存在:./Application/Home/View/Goods/verify.html

[ 2016-08-05T16:41:03+08:00 ] ::1 /myphp/Goods/verify.html
ERR: 模板不存在:./Application/Home/View/Goods/verify.html

[ 2016-08-05T16:43:08+08:00 ] ::1 /myphp/Goods/verify.html
ERR: 模板不存在:./Application/Home/View/Goods/verify.html

[ 2016-08-05T16:44:48+08:00 ] ::1 /myphp/Goods/verify.html
ERR: 模板不存在:./Application/Home/View/Goods/verify.html

[ 2016-08-05T16:45:26+08:00 ] ::1 /myphp/Goods/verify.html
ERR: 模板不存在:./Application/Home/View/Goods/verify.html

[ 2016-08-05T16:45:27+08:00 ] ::1 /myphp/Goods/verify.html
ERR: 模板不存在:./Application/Home/View/Goods/verify.html

[ 2016-08-05T16:45:28+08:00 ] ::1 /myphp/Goods/verify.html
ERR: 模板不存在:./Application/Home/View/Goods/verify.html

[ 2016-08-05T16:46:37+08:00 ] ::1 /myphp/Goods/verify.html
ERR: 模板不存在:./Application/Home/View/Goods/verify.html

[ 2016-08-05T16:46:37+08:00 ] ::1 /myphp/Goods/verify.html
ERR: 模板不存在:./Application/Home/View/Goods/verify.html

[ 2016-08-05T16:46:59+08:00 ] ::1 /myphp/Goods/verify.html
ERR: 模板不存在:./Application/Home/View/Goods/verify.html

[ 2016-08-05T16:49:01+08:00 ] ::1 /myphp/Goods/verify.html
ERR: 模板不存在:./Application/Home/View/Goods/verify.html

[ 2016-08-05T16:49:02+08:00 ] ::1 /myphp/Goods/verify.html
ERR: 模板不存在:./Application/Home/View/Goods/verify.html

[ 2016-08-05T16:51:50+08:00 ] ::1 /myphp/Goods/verify.html
ERR: 模板不存在:./Application/Home/View/Goods/verify.html

[ 2016-08-05T16:51:51+08:00 ] ::1 /myphp/Goods/verify.html
ERR: 模板不存在:./Application/Home/View/Goods/verify.html

[ 2016-08-05T16:51:51+08:00 ] ::1 /myphp/Goods/verify.html
ERR: 模板不存在:./Application/Home/View/Goods/verify.html

[ 2016-08-05T16:51:53+08:00 ] ::1 /myphp/Goods/verify.html
ERR: 模板不存在:./Application/Home/View/Goods/verify.html

[ 2016-08-05T16:51:54+08:00 ] ::1 /myphp/Goods/verify.html
ERR: 模板不存在:./Application/Home/View/Goods/verify.html

[ 2016-08-05T16:52:11+08:00 ] ::1 /myphp/Goods/verify.html
ERR: 模板不存在:./Application/Home/View/Goods/verify.html

[ 2016-08-05T16:52:12+08:00 ] ::1 /myphp/Goods/verify.html
ERR: 模板不存在:./Application/Home/View/Goods/verify.html

[ 2016-08-05T16:52:17+08:00 ] ::1 /myphp/Goods/verify.html
ERR: 模板不存在:./Application/Home/View/Goods/verify.html

[ 2016-08-05T16:52:18+08:00 ] ::1 /myphp/Goods/verify.html
ERR: 模板不存在:./Application/Home/View/Goods/verify.html

[ 2016-08-05T16:52:19+08:00 ] ::1 /myphp/Goods/verify.html
ERR: 模板不存在:./Application/Home/View/Goods/verify.html

[ 2016-08-05T16:52:19+08:00 ] ::1 /myphp/Goods/verify.html
ERR: 模板不存在:./Application/Home/View/Goods/verify.html

[ 2016-08-05T16:52:30+08:00 ] ::1 /myphp/Goods/verify.html
ERR: 模板不存在:./Application/Home/View/Goods/verify.html

[ 2016-08-05T16:52:31+08:00 ] ::1 /myphp/Goods/verify.html
ERR: 模板不存在:./Application/Home/View/Goods/verify.html

[ 2016-08-05T16:52:32+08:00 ] ::1 /myphp/Goods/verify.html
ERR: 模板不存在:./Application/Home/View/Goods/verify.html

[ 2016-08-05T16:53:25+08:00 ] ::1 /myphp/Goods/verify.html
ERR: 模板不存在:./Application/Home/View/Goods/verify.html

[ 2016-08-05T16:53:26+08:00 ] ::1 /myphp/Goods/verify.html
ERR: 模板不存在:./Application/Home/View/Goods/verify.html

[ 2016-08-05T16:57:48+08:00 ] ::1 /myphp/Goods/verify.html
ERR: 模板不存在:./Application/Home/View/Goods/verify.html

[ 2016-08-05T16:57:49+08:00 ] ::1 /myphp/Goods/verify.html
ERR: 模板不存在:./Application/Home/View/Goods/verify.html

[ 2016-08-05T16:58:17+08:00 ] ::1 /myphp/Goods/verify.html
ERR: 模板不存在:./Application/Home/View/Goods/verify.html

[ 2016-08-05T16:58:19+08:00 ] ::1 /myphp/Goods/verify.html
ERR: 模板不存在:./Application/Home/View/Goods/verify.html

[ 2016-08-05T16:58:25+08:00 ] ::1 /myphp/Goods/verify.html
ERR: 模板不存在:./Application/Home/View/Goods/verify.html

[ 2016-08-05T16:58:33+08:00 ] ::1 /myphp/Goods/verify.html
ERR: 模板不存在:./Application/Home/View/Goods/verify.html

[ 2016-08-05T16:58:44+08:00 ] ::1 /myphp/Goods/verify.html
ERR: 模板不存在:./Application/Home/View/Goods/verify.html

[ 2016-08-05T16:59:14+08:00 ] ::1 /myphp/Goods/verify.html
ERR: 模板不存在:./Application/Home/View/Goods/verify.html

[ 2016-08-05T16:59:14+08:00 ] ::1 /myphp/Goods/verify.html
ERR: 模板不存在:./Application/Home/View/Goods/verify.html

[ 2016-08-05T16:59:17+08:00 ] ::1 /myphp/Goods/verify.html
ERR: 模板不存在:./Application/Home/View/Goods/verify.html

[ 2016-08-05T16:59:23+08:00 ] ::1 /myphp/Goods/verify.html
ERR: 模板不存在:./Application/Home/View/Goods/verify.html

[ 2016-08-05T16:59:33+08:00 ] ::1 /myphp/Goods/verify.html
ERR: 模板不存在:./Application/Home/View/Goods/verify.html

[ 2016-08-05T16:59:40+08:00 ] ::1 /myphp/Goods/verify.html
ERR: 模板不存在:./Application/Home/View/Goods/verify.html

[ 2016-08-05T17:02:13+08:00 ] ::1 /myphp/Goods/verify.html
ERR: 模板不存在:./Application/Home/View/Goods/verify.html

[ 2016-08-05T17:02:21+08:00 ] ::1 /myphp/Goods/verify.html
ERR: 模板不存在:./Application/Home/View/Goods/verify.html

[ 2016-08-05T17:02:34+08:00 ] ::1 /myphp/Goods/verify.html
ERR: 模板不存在:./Application/Home/View/Goods/verify.html

[ 2016-08-05T20:56:06+08:00 ] ::1 /myphp/Goods/verify.html
ERR: 模板不存在:./Application/Home/View/Goods/verify.html

[ 2016-08-05T20:56:13+08:00 ] ::1 /myphp/Goods/verify.html
ERR: 模板不存在:./Application/Home/View/Goods/verify.html

[ 2016-08-05T20:57:30+08:00 ] ::1 /myphp/Goods/verify.html
ERR: 模板不存在:./Application/Home/View/Goods/verify.html

[ 2016-08-05T20:57:34+08:00 ] ::1 /myphp/Goods/verify.html
ERR: 模板不存在:./Application/Home/View/Goods/verify.html

[ 2016-08-05T20:58:17+08:00 ] ::1 /myphp/Goods/verify.html
ERR: 模板不存在:./Application/Home/View/Goods/verify.html

[ 2016-08-05T20:59:34+08:00 ] ::1 /myphp/Goods/verify.html
ERR: 模板不存在:./Application/Home/View/Goods/verify.html

[ 2016-08-05T20:59:34+08:00 ] ::1 /myphp/Goods/verify.html?0.24092059620634532
ERR: 模板不存在:./Application/Home/View/Goods/verify.html

[ 2016-08-05T20:59:35+08:00 ] ::1 /myphp/Goods/verify.html?0.7249142750794543
ERR: 模板不存在:./Application/Home/View/Goods/verify.html

[ 2016-08-05T20:59:36+08:00 ] ::1 /myphp/Goods/verify.html?0.9722088330874737
ERR: 模板不存在:./Application/Home/View/Goods/verify.html

[ 2016-08-05T20:59:36+08:00 ] ::1 /myphp/Goods/verify.html?0.5641552263870375
ERR: 模板不存在:./Application/Home/View/Goods/verify.html

[ 2016-08-05T20:59:37+08:00 ] ::1 /myphp/Goods/verify.html?0.3088925662399481
ERR: 模板不存在:./Application/Home/View/Goods/verify.html

[ 2016-08-05T20:59:37+08:00 ] ::1 /myphp/Goods/verify.html?0.7289984611587312
ERR: 模板不存在:./Application/Home/View/Goods/verify.html

[ 2016-08-05T20:59:37+08:00 ] ::1 /myphp/Goods/verify.html?0.7867616262491897
ERR: 模板不存在:./Application/Home/View/Goods/verify.html

[ 2016-08-05T20:59:38+08:00 ] ::1 /myphp/Goods/verify.html?0.125863118508465
ERR: 模板不存在:./Application/Home/View/Goods/verify.html

[ 2016-08-05T20:59:38+08:00 ] ::1 /myphp/Goods/verify.html?0.2127240372186675
ERR: 模板不存在:./Application/Home/View/Goods/verify.html

[ 2016-08-05T20:59:38+08:00 ] ::1 /myphp/Goods/verify.html?0.21107524439805625
ERR: 模板不存在:./Application/Home/View/Goods/verify.html

